[2022-10-24T07:36:17.144Z] Log level: Info
[2022-10-24T07:36:17.159Z] [info] Validating found git in: git
[2022-10-24T07:36:17.215Z] [info] Using git 2.38.1 from git
[2022-10-24T07:36:17.241Z] > git rev-parse --show-toplevel [9ms]
[2022-10-24T07:36:17.266Z] > git rev-parse --git-dir --git-common-dir [14ms]
[2022-10-24T07:36:17.273Z] [info] Open repository: /home/michail/work/Quanti/drmax-qa-tests
[2022-10-24T07:36:17.313Z] > git status -z -uall [20ms]
[2022-10-24T07:36:17.333Z] > git rev-parse --show-toplevel [29ms]
[2022-10-24T07:36:17.351Z] > git rev-parse --show-toplevel [3ms]
[2022-10-24T07:36:17.365Z] > git symbolic-ref --short HEAD [40ms]
[2022-10-24T07:36:17.380Z] > git rev-parse --show-toplevel [16ms]
[2022-10-24T07:36:17.414Z] > git for-each-ref --format=%(refname)%00%(upstream:short)%00%(objectname)%00%(upstream:track)%00%(upstream:remotename)%00%(upstream:remoteref) refs/heads/master refs/remotes/master [36ms]
[2022-10-24T07:36:17.958Z] > git rev-parse --show-toplevel [562ms]
[2022-10-24T07:36:18.186Z] > git check-ignore -v -z --stdin [202ms]
[2022-10-24T07:36:18.188Z] > git rev-parse --show-toplevel [220ms]
[2022-10-24T07:36:18.200Z] > git for-each-ref --sort -committerdate --format %(refname) %(objectname) %(*objectname) [773ms]
[2022-10-24T07:36:18.203Z] > git remote --verbose [752ms]
[2022-10-24T07:36:18.233Z] > git rev-parse --show-toplevel [33ms]
[2022-10-24T07:36:18.271Z] > git rev-parse --show-toplevel [27ms]
[2022-10-24T07:36:18.287Z] > git config --get commit.template [57ms]
[2022-10-24T07:36:18.308Z] > git status -z -uall [8ms]
[2022-10-24T07:36:18.321Z] > git rev-parse --show-toplevel [34ms]
[2022-10-24T07:36:18.342Z] > git rev-parse --show-toplevel [8ms]
[2022-10-24T07:36:18.354Z] > git symbolic-ref --short HEAD [34ms]
[2022-10-24T07:36:18.371Z] > git rev-parse --show-toplevel [17ms]
[2022-10-24T07:36:18.375Z] > git for-each-ref --format=%(refname)%00%(upstream:short)%00%(objectname)%00%(upstream:track)%00%(upstream:remotename)%00%(upstream:remoteref) refs/heads/master refs/remotes/master [5ms]
[2022-10-24T07:36:18.479Z] > git show --textconv :cypress/helpers/elastic_search/megamenu_es_request_bulder.ts [25ms]
[2022-10-24T07:36:18.479Z] > git for-each-ref --sort -committerdate --format %(refname) %(objectname) %(*objectname) [91ms]
[2022-10-24T07:36:18.554Z] > git ls-files --stage -- /home/michail/work/Quanti/drmax-qa-tests/cypress/helpers/elastic_search/megamenu_es_request_bulder.ts [79ms]
[2022-10-24T07:36:18.568Z] > git remote --verbose [167ms]
[2022-10-24T07:36:18.598Z] > git cat-file -s f90481b72d9157d511d44fade098f4d237fcbbc9 [31ms]
[2022-10-24T07:36:18.600Z] > git fetch [1317ms]
[2022-10-24T07:36:18.600Z] From ssh.dev.azure.com:v3/drmaxglobal/qaa-team/drmax-qa-tests
   7469a6f..4015b0f  master     -> origin/master
 * [new branch]      fix/15168  -> origin/fix/15168
[2022-10-24T07:36:18.601Z] > git config --get commit.template [17ms]
[2022-10-24T07:36:18.665Z] > git status -z -uall [50ms]
[2022-10-24T07:36:18.693Z] > git symbolic-ref --short HEAD [16ms]
[2022-10-24T07:36:18.706Z] > git ls-files --stage -- /home/michail/work/Quanti/drmax-qa-tests/cypress/helpers/elastic_search/megamenu_es_request_bulder.ts [60ms]
[2022-10-24T07:36:18.757Z] > git for-each-ref --format=%(refname)%00%(upstream:short)%00%(objectname)%00%(upstream:track)%00%(upstream:remotename)%00%(upstream:remoteref) refs/heads/master refs/remotes/master [51ms]
[2022-10-24T07:36:18.789Z] > git remote --verbose [15ms]
[2022-10-24T07:36:18.790Z] > git for-each-ref --sort -committerdate --format %(refname) %(objectname) %(*objectname) [26ms]
[2022-10-24T07:36:18.810Z] > git cat-file -s f90481b72d9157d511d44fade098f4d237fcbbc9 [92ms]
[2022-10-24T07:36:18.878Z] > git config --get commit.template [50ms]
[2022-10-24T07:36:19.869Z] > git ls-files --stage -- /home/michail/work/Quanti/drmax-qa-tests/cypress/helpers/elastic_search/megamenu_es_request_bulder.ts [3ms]
[2022-10-24T07:36:19.884Z] > git cat-file -s f90481b72d9157d511d44fade098f4d237fcbbc9 [2ms]
[2022-10-24T07:36:19.932Z] > git show --textconv :cypress/helpers/elastic_search/megamenu_es_request_bulder.ts [2ms]
[2022-10-24T07:54:00.654Z] > git fetch [1374ms]
[2022-10-24T07:54:00.664Z] > git status -z -uall [2ms]
[2022-10-24T07:54:00.671Z] > git symbolic-ref --short HEAD [1ms]
[2022-10-24T07:54:00.680Z] > git for-each-ref --format=%(refname)%00%(upstream:short)%00%(objectname)%00%(upstream:track)%00%(upstream:remotename)%00%(upstream:remoteref) refs/heads/master refs/remotes/master [2ms]
[2022-10-24T07:54:00.694Z] > git for-each-ref --sort -committerdate --format %(refname) %(objectname) %(*objectname) [7ms]
[2022-10-24T07:54:00.696Z] > git remote --verbose [3ms]
[2022-10-24T07:54:00.708Z] > git config --get commit.template [1ms]
[2022-10-24T08:14:01.771Z] > git ls-files --stage -- /home/michail/work/Quanti/drmax-qa-tests/cypress/helpers/elastic_search/megamenu_es_request_bulder.ts [2ms]
[2022-10-24T08:14:01.784Z] > git cat-file -s f90481b72d9157d511d44fade098f4d237fcbbc9 [2ms]
[2022-10-24T08:14:01.824Z] > git show --textconv :cypress/helpers/elastic_search/megamenu_es_request_bulder.ts [1ms]
[2022-10-24T08:14:02.743Z] > git fetch [1019ms]
[2022-10-24T08:14:02.756Z] > git status -z -uall [4ms]
[2022-10-24T08:14:02.768Z] > git symbolic-ref --short HEAD [2ms]
[2022-10-24T08:14:02.780Z] > git for-each-ref --format=%(refname)%00%(upstream:short)%00%(objectname)%00%(upstream:track)%00%(upstream:remotename)%00%(upstream:remoteref) refs/heads/master refs/remotes/master [2ms]
[2022-10-24T08:14:02.797Z] > git for-each-ref --sort -committerdate --format %(refname) %(objectname) %(*objectname) [9ms]
[2022-10-24T08:14:02.798Z] > git remote --verbose [2ms]
[2022-10-24T08:14:02.809Z] > git config --get commit.template [2ms]
[2022-10-24T08:14:03.143Z] > git check-ignore -v -z --stdin [2ms]
[2022-10-24T08:14:03.817Z] > git ls-files --stage -- /home/michail/work/Quanti/drmax-qa-tests/cypress/helpers/elastic_search/megamenu_es_request_bulder.ts [2ms]
[2022-10-24T08:14:03.829Z] > git cat-file -s f90481b72d9157d511d44fade098f4d237fcbbc9 [2ms]
[2022-10-24T08:14:03.847Z] > git show --textconv :cypress/helpers/elastic_search/megamenu_es_request_bulder.ts [3ms]
[2022-10-24T08:14:04.454Z] > git show --textconv :configs/it_stage.config.ts [19ms]
[2022-10-24T08:14:04.454Z] > git ls-files --stage -- /home/michail/work/Quanti/drmax-qa-tests/configs/it_stage.config.ts [7ms]
[2022-10-24T08:14:04.467Z] > git cat-file -s 1bb08520b26db6ca5ec1dde85360bbedb2027698 [1ms]
[2022-10-24T09:08:54.148Z] > git fetch [1141ms]
[2022-10-24T09:08:54.163Z] > git status -z -uall [4ms]
[2022-10-24T09:08:54.175Z] > git symbolic-ref --short HEAD [2ms]
[2022-10-24T09:08:54.188Z] > git for-each-ref --format=%(refname)%00%(upstream:short)%00%(objectname)%00%(upstream:track)%00%(upstream:remotename)%00%(upstream:remoteref) refs/heads/master refs/remotes/master [3ms]
[2022-10-24T09:08:54.211Z] > git for-each-ref --sort -committerdate --format %(refname) %(objectname) %(*objectname) [12ms]
[2022-10-24T09:08:54.214Z] > git remote --verbose [5ms]
[2022-10-24T09:08:54.225Z] > git config --get commit.template [1ms]
[2022-10-24T09:08:55.213Z] > git ls-files --stage -- /home/michail/work/Quanti/drmax-qa-tests/configs/it_stage.config.ts [3ms]
[2022-10-24T09:08:55.227Z] > git cat-file -s 1bb08520b26db6ca5ec1dde85360bbedb2027698 [3ms]
[2022-10-24T09:08:55.246Z] > git show --textconv :configs/it_stage.config.ts [3ms]
[2022-10-24T09:12:11.251Z] > git show --textconv :configs/pl_prod.config.ts [19ms]
[2022-10-24T09:12:11.251Z] > git ls-files --stage -- /home/michail/work/Quanti/drmax-qa-tests/configs/pl_prod.config.ts [4ms]
[2022-10-24T09:12:11.262Z] > git cat-file -s 3d152aa2ba93423ba65067079b78545135327f8e [3ms]
[2022-10-24T09:12:11.506Z] > git fetch [783ms]
[2022-10-24T09:12:11.522Z] > git status -z -uall [3ms]
[2022-10-24T09:12:11.536Z] > git symbolic-ref --short HEAD [4ms]
[2022-10-24T09:12:11.546Z] > git for-each-ref --format=%(refname)%00%(upstream:short)%00%(objectname)%00%(upstream:track)%00%(upstream:remotename)%00%(upstream:remoteref) refs/heads/master refs/remotes/master [2ms]
[2022-10-24T09:12:11.566Z] > git for-each-ref --sort -committerdate --format %(refname) %(objectname) %(*objectname) [10ms]
[2022-10-24T09:12:11.566Z] > git remote --verbose [3ms]
[2022-10-24T09:12:11.579Z] > git config --get commit.template [2ms]
[2022-10-24T09:12:11.689Z] > git show --textconv :configs/it_stage.config.ts [17ms]
[2022-10-24T09:12:11.689Z] > git ls-files --stage -- /home/michail/work/Quanti/drmax-qa-tests/configs/it_stage.config.ts [5ms]
[2022-10-24T09:12:11.704Z] > git cat-file -s 1bb08520b26db6ca5ec1dde85360bbedb2027698 [6ms]
[2022-10-24T09:12:12.684Z] > git ls-files --stage -- /home/michail/work/Quanti/drmax-qa-tests/configs/it_stage.config.ts [2ms]
[2022-10-24T09:12:12.699Z] > git cat-file -s 1bb08520b26db6ca5ec1dde85360bbedb2027698 [3ms]
[2022-10-24T09:12:12.718Z] > git show --textconv :configs/it_stage.config.ts [3ms]
[2022-10-24T09:12:16.153Z] > git show --textconv :configs/it_prod.config.ts [10ms]
[2022-10-24T09:12:16.154Z] > git ls-files --stage -- /home/michail/work/Quanti/drmax-qa-tests/configs/it_prod.config.ts [2ms]
[2022-10-24T09:12:16.163Z] > git cat-file -s 72b4d121b7b9c28312df8fdd62d45765aac87215 [1ms]
[2022-10-24T09:14:15.166Z] > git show --textconv :configs/pl_prod.config.ts [18ms]
[2022-10-24T09:14:15.166Z] > git ls-files --stage -- /home/michail/work/Quanti/drmax-qa-tests/configs/pl_prod.config.ts [8ms]
[2022-10-24T09:14:15.176Z] > git cat-file -s 3d152aa2ba93423ba65067079b78545135327f8e [1ms]
[2022-10-24T09:14:15.617Z] > git show --textconv :configs/it_stage.config.ts [12ms]
[2022-10-24T09:14:15.617Z] > git ls-files --stage -- /home/michail/work/Quanti/drmax-qa-tests/configs/it_stage.config.ts [5ms]
[2022-10-24T09:14:15.630Z] > git cat-file -s 1bb08520b26db6ca5ec1dde85360bbedb2027698 [3ms]
[2022-10-24T09:14:32.831Z] > git show --textconv :configs/ed_stage.config.ts [12ms]
[2022-10-24T09:14:32.831Z] > git ls-files --stage -- /home/michail/work/Quanti/drmax-qa-tests/configs/ed_stage.config.ts [2ms]
[2022-10-24T09:14:32.842Z] > git cat-file -s 84b4bfe6621e10598a3ac92fcac677effba5c731 [2ms]
[2022-10-24T09:14:41.750Z] > git show --textconv :configs/ed_prod.config.ts [7ms]
[2022-10-24T09:14:41.751Z] > git ls-files --stage -- /home/michail/work/Quanti/drmax-qa-tests/configs/ed_prod.config.ts [1ms]
[2022-10-24T09:14:41.761Z] > git cat-file -s 4df627e206d94b8363a86d4fca2011919de889d5 [2ms]
[2022-10-24T09:14:46.937Z] > git show --textconv :configs/it_prod.config.ts [9ms]
[2022-10-24T09:14:46.937Z] > git ls-files --stage -- /home/michail/work/Quanti/drmax-qa-tests/configs/it_prod.config.ts [1ms]
[2022-10-24T09:14:46.947Z] > git cat-file -s 72b4d121b7b9c28312df8fdd62d45765aac87215 [2ms]
[2022-10-24T09:14:48.114Z] > git show --textconv :configs/it_stage.config.ts [9ms]
[2022-10-24T09:14:48.115Z] > git ls-files --stage -- /home/michail/work/Quanti/drmax-qa-tests/configs/it_stage.config.ts [2ms]
[2022-10-24T09:14:48.123Z] > git cat-file -s 1bb08520b26db6ca5ec1dde85360bbedb2027698 [2ms]
[2022-10-24T09:14:49.438Z] > git show --textconv :configs/pl_stage.config.ts [13ms]
[2022-10-24T09:14:49.438Z] > git ls-files --stage -- /home/michail/work/Quanti/drmax-qa-tests/configs/pl_stage.config.ts [1ms]
[2022-10-24T09:14:49.449Z] > git cat-file -s b8c47189a96d84dda2afa21fdcddf7f09f90d38c [2ms]
[2022-10-24T09:14:51.717Z] > git show --textconv :configs/pl_prod.config.ts [9ms]
[2022-10-24T09:14:51.718Z] > git ls-files --stage -- /home/michail/work/Quanti/drmax-qa-tests/configs/pl_prod.config.ts [2ms]
[2022-10-24T09:14:51.728Z] > git cat-file -s 3d152aa2ba93423ba65067079b78545135327f8e [2ms]
[2022-10-24T09:17:41.101Z] > git show --textconv :specs/content/legal.ts [9ms]
[2022-10-24T09:17:41.102Z] > git ls-files --stage -- /home/michail/work/Quanti/drmax-qa-tests/specs/content/legal.ts [2ms]
[2022-10-24T09:17:41.114Z] > git cat-file -s 83332d6046eeedd7bb8af17e41801486bcbd4e0e [2ms]
[2022-10-24T09:17:41.510Z] > git fetch [908ms]
[2022-10-24T09:17:41.526Z] > git status -z -uall [4ms]
[2022-10-24T09:17:41.542Z] > git symbolic-ref --short HEAD [3ms]
[2022-10-24T09:17:41.558Z] > git for-each-ref --format=%(refname)%00%(upstream:short)%00%(objectname)%00%(upstream:track)%00%(upstream:remotename)%00%(upstream:remoteref) refs/heads/master refs/remotes/master [4ms]
[2022-10-24T09:17:41.592Z] > git remote --verbose [13ms]
[2022-10-24T09:17:41.593Z] > git for-each-ref --sort -committerdate --format %(refname) %(objectname) %(*objectname) [25ms]
[2022-10-24T09:17:41.607Z] > git config --get commit.template [6ms]
[2022-10-24T09:17:42.599Z] > git ls-files --stage -- /home/michail/work/Quanti/drmax-qa-tests/specs/content/legal.ts [2ms]
[2022-10-24T09:17:42.613Z] > git cat-file -s 83332d6046eeedd7bb8af17e41801486bcbd4e0e [2ms]
[2022-10-24T09:17:42.630Z] > git show --textconv :specs/content/legal.ts [2ms]
[2022-10-24T09:17:52.900Z] > git show --textconv :node_modules/cypress/types/cypress.d.ts [281ms]
[2022-10-24T09:17:52.901Z] > git ls-files --stage -- /home/michail/work/Quanti/drmax-qa-tests/node_modules/cypress/types/cypress.d.ts [275ms]
[2022-10-24T09:17:52.935Z] > git check-ignore -v -z --stdin [290ms]
[2022-10-24T09:17:53.418Z] > git check-ignore -v -z --stdin [2ms]
[2022-10-24T09:18:01.743Z] > git check-ignore -v -z --stdin [2ms]
[2022-10-24T09:18:04.800Z] > git check-ignore -v -z --stdin [2ms]
[2022-10-24T09:18:12.565Z] > git check-ignore -v -z --stdin [1ms]
[2022-10-24T09:18:14.351Z] > git check-ignore -v -z --stdin [3ms]
[2022-10-24T09:18:20.346Z] > git check-ignore -v -z --stdin [2ms]
[2022-10-24T09:18:20.831Z] > git show --textconv :cypress/support/e2e.ts [16ms]
[2022-10-24T09:18:20.831Z] > git ls-files --stage -- /home/michail/work/Quanti/drmax-qa-tests/cypress/support/e2e.ts [3ms]
[2022-10-24T09:18:20.841Z] > git cat-file -s 405d46aa18c166cbc0a6475cb572ec11f44984f5 [3ms]
[2022-10-24T09:18:22.883Z] > git show --textconv :cypress/support/commands.ts [13ms]
[2022-10-24T09:18:22.884Z] > git ls-files --stage -- /home/michail/work/Quanti/drmax-qa-tests/cypress/support/commands.ts [1ms]
[2022-10-24T09:18:22.898Z] > git cat-file -s 21697d813a74771bb3c68ec29206620ae3f10a6b [1ms]
[2022-10-24T09:18:46.918Z] > git show --textconv :specs/content/legal.ts [19ms]
[2022-10-24T09:18:46.921Z] > git ls-files --stage -- /home/michail/work/Quanti/drmax-qa-tests/specs/content/legal.ts [7ms]
[2022-10-24T09:18:46.935Z] > git cat-file -s 83332d6046eeedd7bb8af17e41801486bcbd4e0e [2ms]
[2022-10-24T09:19:27.459Z] > git status -z -uall [3ms]
[2022-10-24T09:19:27.478Z] > git symbolic-ref --short HEAD [10ms]
[2022-10-24T09:19:27.487Z] > git for-each-ref --format=%(refname)%00%(upstream:short)%00%(objectname)%00%(upstream:track)%00%(upstream:remotename)%00%(upstream:remoteref) refs/heads/master refs/remotes/master [2ms]
[2022-10-24T09:19:27.503Z] > git remote --verbose [2ms]
[2022-10-24T09:19:27.503Z] > git for-each-ref --sort -committerdate --format %(refname) %(objectname) %(*objectname) [9ms]
[2022-10-24T09:19:27.517Z] > git config --get commit.template [2ms]
[2022-10-24T09:20:49.451Z] > git status -z -uall [5ms]
[2022-10-24T09:20:49.468Z] > git symbolic-ref --short HEAD [2ms]
[2022-10-24T09:20:49.484Z] > git for-each-ref --format=%(refname)%00%(upstream:short)%00%(objectname)%00%(upstream:track)%00%(upstream:remotename)%00%(upstream:remoteref) refs/heads/master refs/remotes/master [2ms]
[2022-10-24T09:20:49.501Z] > git for-each-ref --sort -committerdate --format %(refname) %(objectname) %(*objectname) [11ms]
[2022-10-24T09:20:49.502Z] > git remote --verbose [2ms]
[2022-10-24T09:20:49.510Z] > git config --get commit.template [1ms]
[2022-10-24T09:20:50.312Z] > git fetch [880ms]
[2022-10-24T09:20:50.327Z] > git status -z -uall [4ms]
[2022-10-24T09:20:50.340Z] > git symbolic-ref --short HEAD [2ms]
[2022-10-24T09:20:50.355Z] > git for-each-ref --format=%(refname)%00%(upstream:short)%00%(objectname)%00%(upstream:track)%00%(upstream:remotename)%00%(upstream:remoteref) refs/heads/master refs/remotes/master [3ms]
[2022-10-24T09:20:50.382Z] > git for-each-ref --sort -committerdate --format %(refname) %(objectname) %(*objectname) [16ms]
[2022-10-24T09:20:50.384Z] > git remote --verbose [3ms]
[2022-10-24T09:20:50.398Z] > git config --get commit.template [2ms]
[2022-10-24T09:20:51.391Z] > git ls-files --stage -- /home/michail/work/Quanti/drmax-qa-tests/specs/content/legal.ts [1ms]
[2022-10-24T09:20:51.401Z] > git cat-file -s 83332d6046eeedd7bb8af17e41801486bcbd4e0e [1ms]
[2022-10-24T09:20:51.412Z] > git show --textconv :specs/content/legal.ts [1ms]
[2022-10-24T09:20:54.528Z] > git status -z -uall [4ms]
[2022-10-24T09:20:54.541Z] > git symbolic-ref --short HEAD [2ms]
[2022-10-24T09:20:54.555Z] > git for-each-ref --format=%(refname)%00%(upstream:short)%00%(objectname)%00%(upstream:track)%00%(upstream:remotename)%00%(upstream:remoteref) refs/heads/master refs/remotes/master [3ms]
[2022-10-24T09:20:54.577Z] > git for-each-ref --sort -committerdate --format %(refname) %(objectname) %(*objectname) [12ms]
[2022-10-24T09:20:54.578Z] > git remote --verbose [2ms]
[2022-10-24T09:20:54.593Z] > git config --get commit.template [2ms]
[2022-10-24T09:22:40.414Z] > git status -z -uall [9ms]
[2022-10-24T09:22:40.438Z] > git symbolic-ref --short HEAD [3ms]
[2022-10-24T09:22:40.459Z] > git for-each-ref --format=%(refname)%00%(upstream:short)%00%(objectname)%00%(upstream:track)%00%(upstream:remotename)%00%(upstream:remoteref) refs/heads/master refs/remotes/master [3ms]
[2022-10-24T09:22:40.485Z] > git for-each-ref --sort -committerdate --format %(refname) %(objectname) %(*objectname) [8ms]
[2022-10-24T09:22:40.485Z] > git remote --verbose [1ms]
[2022-10-24T09:22:40.501Z] > git config --get commit.template [2ms]
[2022-10-24T09:24:38.148Z] > git fetch [687ms]
[2022-10-24T09:24:38.158Z] > git status -z -uall [2ms]
[2022-10-24T09:24:38.165Z] > git symbolic-ref --short HEAD [1ms]
[2022-10-24T09:24:38.174Z] > git for-each-ref --format=%(refname)%00%(upstream:short)%00%(objectname)%00%(upstream:track)%00%(upstream:remotename)%00%(upstream:remoteref) refs/heads/master refs/remotes/master [2ms]
[2022-10-24T09:24:38.188Z] > git for-each-ref --sort -committerdate --format %(refname) %(objectname) %(*objectname) [8ms]
[2022-10-24T09:24:38.189Z] > git remote --verbose [2ms]
[2022-10-24T09:24:38.197Z] > git config --get commit.template [1ms]
[2022-10-24T09:24:39.255Z] > git ls-files --stage -- /home/michail/work/Quanti/drmax-qa-tests/specs/content/legal.ts [1ms]
[2022-10-24T09:24:39.263Z] > git cat-file -s 83332d6046eeedd7bb8af17e41801486bcbd4e0e [1ms]
[2022-10-24T09:24:39.276Z] > git show --textconv :specs/content/legal.ts [2ms]
[2022-10-24T09:24:43.595Z] > git show --textconv :cypress/locators/nsf/general-locators.ts [11ms]
[2022-10-24T09:24:43.596Z] > git ls-files --stage -- /home/michail/work/Quanti/drmax-qa-tests/cypress/locators/nsf/general-locators.ts [2ms]
[2022-10-24T09:24:43.644Z] > git cat-file -s 5e6228e22a10b731df4b51789047f5f4af73a1fc [39ms]
[2022-10-24T09:24:43.789Z] > git check-ignore -v -z --stdin [1ms]
[2022-10-24T09:25:27.867Z] > git show --textconv :cypress/handlers/api/elasticsearch-api-handler.ts [32ms]
[2022-10-24T09:25:27.870Z] > git ls-files --stage -- /home/michail/work/Quanti/drmax-qa-tests/cypress/handlers/api/elasticsearch-api-handler.ts [20ms]
[2022-10-24T09:25:27.892Z] > git cat-file -s 39f91a93943b5d444357e8447ca810ed2a7f8a91 [6ms]
[2022-10-24T09:25:36.598Z] > git show --textconv HEAD:cypress/helpers/elastic_search/megamenu_es_request_bulder.ts [19ms]
[2022-10-24T09:25:36.599Z] > git ls-tree -l HEAD -- /home/michail/work/Quanti/drmax-qa-tests/cypress/helpers/elastic_search/megamenu_es_request_bulder.ts [5ms]
[2022-10-24T09:25:37.553Z] > git show --textconv HEAD:specs/content/visuals/megamenu.ts [14ms]
[2022-10-24T09:25:37.553Z] > git ls-tree -l HEAD -- /home/michail/work/Quanti/drmax-qa-tests/specs/content/visuals/megamenu.ts [5ms]
[2022-10-24T09:25:38.973Z] > git show --textconv HEAD:specs/content/legal.ts [10ms]
[2022-10-24T09:25:38.973Z] > git ls-tree -l HEAD -- /home/michail/work/Quanti/drmax-qa-tests/specs/content/legal.ts [2ms]
[2022-10-24T09:25:47.440Z] > git status -z -uall [6ms]
[2022-10-24T09:25:47.455Z] > git symbolic-ref --short HEAD [1ms]
[2022-10-24T09:25:47.468Z] > git for-each-ref --format=%(refname)%00%(upstream:short)%00%(objectname)%00%(upstream:track)%00%(upstream:remotename)%00%(upstream:remoteref) refs/heads/master refs/remotes/master [2ms]
[2022-10-24T09:25:47.488Z] > git for-each-ref --sort -committerdate --format %(refname) %(objectname) %(*objectname) [12ms]
[2022-10-24T09:25:47.489Z] > git remote --verbose [2ms]
[2022-10-24T09:25:47.503Z] > git config --get commit.template [2ms]
[2022-10-24T09:25:47.543Z] > git ls-tree -l HEAD -- /home/michail/work/Quanti/drmax-qa-tests/specs/content/legal.ts [2ms]
[2022-10-24T09:25:47.569Z] > git show --textconv HEAD:specs/content/legal.ts [4ms]
[2022-10-24T09:25:52.520Z] > git status -z -uall [5ms]
[2022-10-24T09:25:52.537Z] > git symbolic-ref --short HEAD [2ms]
[2022-10-24T09:25:52.552Z] > git for-each-ref --format=%(refname)%00%(upstream:short)%00%(objectname)%00%(upstream:track)%00%(upstream:remotename)%00%(upstream:remoteref) refs/heads/master refs/remotes/master [3ms]
[2022-10-24T09:25:52.581Z] > git for-each-ref --sort -committerdate --format %(refname) %(objectname) %(*objectname) [15ms]
[2022-10-24T09:25:52.584Z] > git remote --verbose [5ms]
[2022-10-24T09:25:52.606Z] > git config --get commit.template [1ms]
[2022-10-24T09:25:52.665Z] > git ls-tree -l HEAD -- /home/michail/work/Quanti/drmax-qa-tests/specs/content/legal.ts [2ms]
[2022-10-24T09:25:52.681Z] > git show --textconv HEAD:specs/content/legal.ts [2ms]
[2022-10-24T09:25:57.622Z] > git status -z -uall [3ms]
[2022-10-24T09:25:57.630Z] > git symbolic-ref --short HEAD [1ms]
[2022-10-24T09:25:57.643Z] > git for-each-ref --format=%(refname)%00%(upstream:short)%00%(objectname)%00%(upstream:track)%00%(upstream:remotename)%00%(upstream:remoteref) refs/heads/master refs/remotes/master [2ms]
[2022-10-24T09:25:57.659Z] > git remote --verbose [2ms]
[2022-10-24T09:25:57.659Z] > git for-each-ref --sort -committerdate --format %(refname) %(objectname) %(*objectname) [10ms]
[2022-10-24T09:25:57.669Z] > git config --get commit.template [1ms]
[2022-10-24T09:26:11.365Z] > git ls-tree -l HEAD -- /home/michail/work/Quanti/drmax-qa-tests/specs/content/legal.ts [5ms]
[2022-10-24T09:26:22.756Z] > git ls-tree -l HEAD -- /home/michail/work/Quanti/drmax-qa-tests/specs/content/legal.ts [2ms]
[2022-10-24T09:26:27.428Z] > git status -z -uall [3ms]
[2022-10-24T09:26:27.438Z] > git symbolic-ref --short HEAD [1ms]
[2022-10-24T09:26:27.449Z] > git for-each-ref --format=%(refname)%00%(upstream:short)%00%(objectname)%00%(upstream:track)%00%(upstream:remotename)%00%(upstream:remoteref) refs/heads/master refs/remotes/master [3ms]
[2022-10-24T09:26:27.464Z] > git for-each-ref --sort -committerdate --format %(refname) %(objectname) %(*objectname) [9ms]
[2022-10-24T09:26:27.465Z] > git remote --verbose [2ms]
[2022-10-24T09:26:27.481Z] > git config --get commit.template [3ms]
[2022-10-24T09:26:27.534Z] > git ls-tree -l HEAD -- /home/michail/work/Quanti/drmax-qa-tests/specs/content/legal.ts [2ms]
[2022-10-24T09:26:27.556Z] > git show --textconv HEAD:specs/content/legal.ts [2ms]
[2022-10-24T09:26:32.491Z] > git status -z -uall [2ms]
[2022-10-24T09:26:32.508Z] > git symbolic-ref --short HEAD [4ms]
[2022-10-24T09:26:32.523Z] > git for-each-ref --format=%(refname)%00%(upstream:short)%00%(objectname)%00%(upstream:track)%00%(upstream:remotename)%00%(upstream:remoteref) refs/heads/master refs/remotes/master [3ms]
[2022-10-24T09:26:32.555Z] > git for-each-ref --sort -committerdate --format %(refname) %(objectname) %(*objectname) [21ms]
[2022-10-24T09:26:32.555Z] > git remote --verbose [3ms]
[2022-10-24T09:26:32.576Z] > git config --get commit.template [7ms]
[2022-10-24T09:26:41.000Z] > git status -z -uall [5ms]
[2022-10-24T09:26:41.014Z] > git symbolic-ref --short HEAD [2ms]
[2022-10-24T09:26:41.030Z] > git for-each-ref --format=%(refname)%00%(upstream:short)%00%(objectname)%00%(upstream:track)%00%(upstream:remotename)%00%(upstream:remoteref) refs/heads/feature/15318 refs/remotes/feature/15318 [2ms]
[2022-10-24T09:26:41.059Z] > git for-each-ref --sort -committerdate --format %(refname) %(objectname) %(*objectname) [14ms]
[2022-10-24T09:26:41.060Z] > git remote --verbose [2ms]
[2022-10-24T09:26:41.072Z] > git config --get commit.template [1ms]
[2022-10-24T09:26:41.129Z] > git ls-tree -l HEAD -- /home/michail/work/Quanti/drmax-qa-tests/specs/content/legal.ts [1ms]
[2022-10-24T09:26:41.146Z] > git show --textconv HEAD:specs/content/legal.ts [2ms]
[2022-10-24T09:26:43.480Z] > git ls-tree -l HEAD -- /home/michail/work/Quanti/drmax-qa-tests/specs/content/legal.ts [2ms]
[2022-10-24T09:26:46.097Z] > git show --textconv HEAD:package-lock.json [21ms]
[2022-10-24T09:26:46.098Z] > git ls-tree -l HEAD -- /home/michail/work/Quanti/drmax-qa-tests/package-lock.json [13ms]
[2022-10-24T09:26:46.100Z] > git status -z -uall [3ms]
[2022-10-24T09:26:46.111Z] > git symbolic-ref --short HEAD [2ms]
[2022-10-24T09:26:46.120Z] > git for-each-ref --format=%(refname)%00%(upstream:short)%00%(objectname)%00%(upstream:track)%00%(upstream:remotename)%00%(upstream:remoteref) refs/heads/feature/15318 refs/remotes/feature/15318 [2ms]
[2022-10-24T09:26:46.136Z] > git for-each-ref --sort -committerdate --format %(refname) %(objectname) %(*objectname) [9ms]
[2022-10-24T09:26:46.137Z] > git remote --verbose [2ms]
[2022-10-24T09:26:46.164Z] > git config --get commit.template [1ms]
[2022-10-24T09:26:48.972Z] > git ls-tree -l HEAD -- /home/michail/work/Quanti/drmax-qa-tests/package-lock.json [33ms]
[2022-10-24T09:26:48.975Z] > git clean -f -q -- /home/michail/work/Quanti/drmax-qa-tests/package-lock.json [4ms]
[2022-10-24T09:26:48.991Z] > git checkout -q [3ms]
[2022-10-24T09:26:49.018Z] > git status -z -uall [5ms]
[2022-10-24T09:26:49.035Z] > git symbolic-ref --short HEAD [2ms]
[2022-10-24T09:26:49.049Z] > git for-each-ref --format=%(refname)%00%(upstream:short)%00%(objectname)%00%(upstream:track)%00%(upstream:remotename)%00%(upstream:remoteref) refs/heads/feature/15318 refs/remotes/feature/15318 [2ms]
[2022-10-24T09:26:49.074Z] > git for-each-ref --sort -committerdate --format %(refname) %(objectname) %(*objectname) [15ms]
[2022-10-24T09:26:49.074Z] > git remote --verbose [2ms]
[2022-10-24T09:26:49.089Z] > git config --get commit.template [0ms]
[2022-10-24T09:26:50.200Z] > git ls-tree -l HEAD -- /home/michail/work/Quanti/drmax-qa-tests/package-lock.json [4ms]
[2022-10-24T09:26:50.221Z] > git show --textconv HEAD:package-lock.json [2ms]
[2022-10-24T09:26:51.196Z] > git status -z -uall [2ms]
[2022-10-24T09:26:51.210Z] > git symbolic-ref --short HEAD [2ms]
[2022-10-24T09:26:51.222Z] > git for-each-ref --format=%(refname)%00%(upstream:short)%00%(objectname)%00%(upstream:track)%00%(upstream:remotename)%00%(upstream:remoteref) refs/heads/feature/15318 refs/remotes/feature/15318 [1ms]
[2022-10-24T09:26:51.245Z] > git for-each-ref --sort -committerdate --format %(refname) %(objectname) %(*objectname) [12ms]
[2022-10-24T09:26:51.246Z] > git remote --verbose [3ms]
[2022-10-24T09:26:51.260Z] > git config --get commit.template [1ms]
[2022-10-24T09:26:51.778Z] > git check-ignore -v -z --stdin [1ms]
[2022-10-24T09:26:53.587Z] > git push -u origin feature/15318 [690ms]
[2022-10-24T09:26:53.587Z] To ssh.dev.azure.com:v3/drmaxglobal/qaa-team/drmax-qa-tests
 * [new branch]      feature/15318 -> feature/15318
[2022-10-24T09:26:53.611Z] > git status -z -uall [6ms]
[2022-10-24T09:26:53.633Z] > git symbolic-ref --short HEAD [4ms]
[2022-10-24T09:26:53.658Z] > git for-each-ref --format=%(refname)%00%(upstream:short)%00%(objectname)%00%(upstream:track)%00%(upstream:remotename)%00%(upstream:remoteref) refs/heads/feature/15318 refs/remotes/feature/15318 [5ms]
[2022-10-24T09:26:53.681Z] > git for-each-ref --sort -committerdate --format %(refname) %(objectname) %(*objectname) [10ms]
[2022-10-24T09:26:53.681Z] > git remote --verbose [1ms]
[2022-10-24T09:26:53.696Z] > git config --get commit.template [1ms]
[2022-10-24T09:26:54.776Z] > git ls-tree -l HEAD -- /home/michail/work/Quanti/drmax-qa-tests/package-lock.json [2ms]
[2022-10-24T09:26:54.795Z] > git show --textconv HEAD:package-lock.json [2ms]
[2022-10-24T09:26:56.273Z] > git status -z -uall [2ms]
[2022-10-24T09:26:56.283Z] > git symbolic-ref --short HEAD [1ms]
[2022-10-24T09:26:56.296Z] > git for-each-ref --format=%(refname)%00%(upstream:short)%00%(objectname)%00%(upstream:track)%00%(upstream:remotename)%00%(upstream:remoteref) refs/heads/feature/15318 refs/remotes/feature/15318 [2ms]
[2022-10-24T09:26:56.320Z] > git for-each-ref --sort -committerdate --format %(refname) %(objectname) %(*objectname) [12ms]
[2022-10-24T09:26:56.324Z] > git remote --verbose [6ms]
[2022-10-24T09:26:56.344Z] > git config --get commit.template [1ms]
[2022-10-24T09:27:03.543Z] > git show --textconv :specs/content/legal.ts [14ms]
[2022-10-24T09:27:03.543Z] > git ls-files --stage -- /home/michail/work/Quanti/drmax-qa-tests/specs/content/legal.ts [5ms]
[2022-10-24T09:27:03.566Z] > git cat-file -s 83332d6046eeedd7bb8af17e41801486bcbd4e0e [13ms]
[2022-10-24T09:27:13.987Z] > git show --textconv :cypress/locators/nsf/general-locators.ts [12ms]
[2022-10-24T09:27:13.988Z] > git ls-files --stage -- /home/michail/work/Quanti/drmax-qa-tests/cypress/locators/nsf/general-locators.ts [2ms]
[2022-10-24T09:27:14.014Z] > git cat-file -s 5e6228e22a10b731df4b51789047f5f4af73a1fc [17ms]
[2022-10-24T09:27:14.452Z] > git check-ignore -v -z --stdin [2ms]
[2022-10-24T09:27:22.940Z] > git show --textconv :specs/content/legal.ts [9ms]
[2022-10-24T09:27:22.941Z] > git ls-files --stage -- /home/michail/work/Quanti/drmax-qa-tests/specs/content/legal.ts [3ms]
[2022-10-24T09:27:22.976Z] > git cat-file -s 83332d6046eeedd7bb8af17e41801486bcbd4e0e [18ms]
[2022-10-24T09:27:38.738Z] > git fetch [531ms]
[2022-10-24T09:27:38.758Z] > git status -z -uall [5ms]
[2022-10-24T09:27:38.775Z] > git symbolic-ref --short HEAD [2ms]
[2022-10-24T09:27:38.790Z] > git for-each-ref --format=%(refname)%00%(upstream:short)%00%(objectname)%00%(upstream:track)%00%(upstream:remotename)%00%(upstream:remoteref) refs/heads/feature/15318 refs/remotes/feature/15318 [3ms]
[2022-10-24T09:27:38.813Z] > git for-each-ref --sort -committerdate --format %(refname) %(objectname) %(*objectname) [11ms]
[2022-10-24T09:27:38.813Z] > git remote --verbose [2ms]
[2022-10-24T09:27:38.828Z] > git config --get commit.template [2ms]
[2022-10-24T09:27:39.822Z] > git ls-files --stage -- /home/michail/work/Quanti/drmax-qa-tests/specs/content/legal.ts [0ms]
[2022-10-24T09:27:39.829Z] > git cat-file -s 83332d6046eeedd7bb8af17e41801486bcbd4e0e [1ms]
[2022-10-24T09:27:39.842Z] > git show --textconv :specs/content/legal.ts [1ms]
[2022-10-24T09:27:40.824Z] > git status -z -uall [3ms]
[2022-10-24T09:27:40.831Z] > git symbolic-ref --short HEAD [1ms]
[2022-10-24T09:27:40.841Z] > git for-each-ref --format=%(refname)%00%(upstream:short)%00%(objectname)%00%(upstream:track)%00%(upstream:remotename)%00%(upstream:remoteref) refs/heads/feature/15318 refs/remotes/feature/15318 [2ms]
[2022-10-24T09:27:40.856Z] > git for-each-ref --sort -committerdate --format %(refname) %(objectname) %(*objectname) [8ms]
[2022-10-24T09:27:40.856Z] > git remote --verbose [1ms]
[2022-10-24T09:27:40.866Z] > git config --get commit.template [1ms]
