[2022-10-18T10:20:27.499Z] Log level: Info
[2022-10-18T10:20:27.505Z] [info] Validating found git in: git
[2022-10-18T10:20:27.543Z] [info] Using git 2.38.0 from git
[2022-10-18T10:20:27.559Z] > git rev-parse --show-toplevel [6ms]
[2022-10-18T10:20:27.566Z] > git rev-parse --git-dir --git-common-dir [1ms]
[2022-10-18T10:20:27.570Z] [info] Open repository: /home/michail/work/Quanti/drmax-qa-tests
[2022-10-18T10:20:27.586Z] > git status -z -uall [4ms]
[2022-10-18T10:20:27.592Z] > git symbolic-ref --short HEAD [1ms]
[2022-10-18T10:20:27.599Z] > git for-each-ref --format=%(refname)%00%(upstream:short)%00%(objectname)%00%(upstream:track)%00%(upstream:remotename)%00%(upstream:remoteref) refs/heads/feature/12480 refs/remotes/feature/12480 [3ms]
[2022-10-18T10:20:27.610Z] > git remote --verbose [1ms]
[2022-10-18T10:20:27.617Z] > git for-each-ref --sort -committerdate --format %(refname) %(objectname) %(*objectname) [13ms]
[2022-10-18T10:20:27.631Z] > git config --get commit.template [4ms]
[2022-10-18T10:20:27.643Z] > git status -z -uall [6ms]
[2022-10-18T10:20:27.650Z] > git symbolic-ref --short HEAD [2ms]
[2022-10-18T10:20:27.657Z] > git for-each-ref --format=%(refname)%00%(upstream:short)%00%(objectname)%00%(upstream:track)%00%(upstream:remotename)%00%(upstream:remoteref) refs/heads/feature/12480 refs/remotes/feature/12480 [2ms]
[2022-10-18T10:20:27.668Z] > git for-each-ref --sort -committerdate --format %(refname) %(objectname) %(*objectname) [7ms]
[2022-10-18T10:20:27.669Z] > git remote --verbose [3ms]
[2022-10-18T10:20:28.045Z] > git config --get commit.template [35ms]
[2022-10-18T10:20:28.277Z] > git check-ignore -v -z --stdin [54ms]
[2022-10-18T10:20:28.279Z] > git show --textconv :cypress/support/commands.ts [46ms]
[2022-10-18T10:20:28.367Z] > git ls-files --stage -- /home/michail/work/Quanti/drmax-qa-tests/cypress/support/commands.ts [122ms]
[2022-10-18T10:20:28.386Z] > git cat-file -s 9b7e0c8333ba4250a626f662a12ac2a7221dfc83 [10ms]
[2022-10-18T10:20:28.791Z] > git ls-files --stage -- /home/michail/work/Quanti/drmax-qa-tests/cypress/support/commands.ts [2ms]
[2022-10-18T10:20:28.798Z] > git cat-file -s 9b7e0c8333ba4250a626f662a12ac2a7221dfc83 [1ms]
[2022-10-18T10:20:28.812Z] > git show --textconv :cypress/support/commands.ts [2ms]
[2022-10-18T10:20:30.730Z] > git fetch [3154ms]
[2022-10-18T10:20:30.730Z] From ssh.dev.azure.com:v3/drmaxglobal/qaa-team/drmax-qa-tests
   cf0bea0..7469a6f  master     -> origin/master
[2022-10-18T10:20:30.741Z] > git status -z -uall [3ms]
[2022-10-18T10:20:30.752Z] > git symbolic-ref --short HEAD [2ms]
[2022-10-18T10:20:30.764Z] > git for-each-ref --format=%(refname)%00%(upstream:short)%00%(objectname)%00%(upstream:track)%00%(upstream:remotename)%00%(upstream:remoteref) refs/heads/feature/12480 refs/remotes/feature/12480 [2ms]
[2022-10-18T10:20:30.791Z] > git for-each-ref --sort -committerdate --format %(refname) %(objectname) %(*objectname) [16ms]
[2022-10-18T10:20:30.793Z] > git remote --verbose [7ms]
[2022-10-18T10:20:30.807Z] > git config --get commit.template [3ms]
[2022-10-18T10:21:07.356Z] > git ls-files --stage -- /home/michail/work/Quanti/drmax-qa-tests/cypress/support/commands.ts [1ms]
[2022-10-18T10:21:07.364Z] > git cat-file -s 9b7e0c8333ba4250a626f662a12ac2a7221dfc83 [2ms]
[2022-10-18T10:21:07.405Z] > git show --textconv :cypress/support/commands.ts [2ms]
[2022-10-18T10:21:14.422Z] > git checkout -q master [8ms]
[2022-10-18T10:21:14.432Z] > git status -z -uall [3ms]
[2022-10-18T10:21:14.440Z] > git symbolic-ref --short HEAD [2ms]
[2022-10-18T10:21:14.448Z] > git for-each-ref --format=%(refname)%00%(upstream:short)%00%(objectname)%00%(upstream:track)%00%(upstream:remotename)%00%(upstream:remoteref) refs/heads/master refs/remotes/master [2ms]
[2022-10-18T10:21:14.460Z] > git for-each-ref --sort -committerdate --format %(refname) %(objectname) %(*objectname) [6ms]
[2022-10-18T10:21:14.461Z] > git remote --verbose [2ms]
[2022-10-18T10:21:14.471Z] > git config --get commit.template [1ms]
[2022-10-18T10:21:15.491Z] > git status -z -uall [3ms]
[2022-10-18T10:21:15.500Z] > git symbolic-ref --short HEAD [2ms]
[2022-10-18T10:21:15.509Z] > git for-each-ref --format=%(refname)%00%(upstream:short)%00%(objectname)%00%(upstream:track)%00%(upstream:remotename)%00%(upstream:remoteref) refs/heads/master refs/remotes/master [3ms]
[2022-10-18T10:21:15.526Z] > git remote --verbose [2ms]
[2022-10-18T10:21:15.526Z] > git for-each-ref --sort -committerdate --format %(refname) %(objectname) %(*objectname) [9ms]
[2022-10-18T10:21:15.538Z] > git config --get commit.template [1ms]
[2022-10-18T10:21:15.593Z] > git ls-files --stage -- /home/michail/work/Quanti/drmax-qa-tests/cypress/support/commands.ts [2ms]
[2022-10-18T10:21:15.602Z] > git cat-file -s 21697d813a74771bb3c68ec29206620ae3f10a6b [1ms]
[2022-10-18T10:21:15.614Z] > git show --textconv :cypress/support/commands.ts [2ms]
[2022-10-18T10:21:20.553Z] > git status -z -uall [3ms]
[2022-10-18T10:21:20.561Z] > git symbolic-ref --short HEAD [2ms]
[2022-10-18T10:21:20.569Z] > git for-each-ref --format=%(refname)%00%(upstream:short)%00%(objectname)%00%(upstream:track)%00%(upstream:remotename)%00%(upstream:remoteref) refs/heads/master refs/remotes/master [2ms]
[2022-10-18T10:21:20.581Z] > git for-each-ref --sort -committerdate --format %(refname) %(objectname) %(*objectname) [7ms]
[2022-10-18T10:21:20.582Z] > git remote --verbose [2ms]
[2022-10-18T10:21:20.591Z] > git config --get commit.template [1ms]
[2022-10-18T10:21:20.600Z] > git ls-files --stage -- /home/michail/work/Quanti/drmax-qa-tests/cypress/support/commands.ts [2ms]
[2022-10-18T10:21:20.607Z] > git cat-file -s 21697d813a74771bb3c68ec29206620ae3f10a6b [1ms]
[2022-10-18T10:21:20.617Z] > git show --textconv :cypress/support/commands.ts [2ms]
[2022-10-18T10:26:03.087Z] > git ls-files --stage -- /home/michail/work/Quanti/drmax-qa-tests/cypress/support/commands.ts [1ms]
[2022-10-18T10:26:03.095Z] > git cat-file -s 21697d813a74771bb3c68ec29206620ae3f10a6b [2ms]
[2022-10-18T10:26:03.106Z] > git show --textconv :cypress/support/commands.ts [2ms]
[2022-10-18T10:26:03.586Z] > git fetch [1725ms]
[2022-10-18T10:26:03.596Z] > git status -z -uall [3ms]
[2022-10-18T10:26:03.603Z] > git symbolic-ref --short HEAD [0ms]
[2022-10-18T10:26:03.611Z] > git for-each-ref --format=%(refname)%00%(upstream:short)%00%(objectname)%00%(upstream:track)%00%(upstream:remotename)%00%(upstream:remoteref) refs/heads/master refs/remotes/master [2ms]
[2022-10-18T10:26:03.625Z] > git for-each-ref --sort -committerdate --format %(refname) %(objectname) %(*objectname) [8ms]
[2022-10-18T10:26:03.626Z] > git remote --verbose [2ms]
[2022-10-18T10:26:03.636Z] > git config --get commit.template [2ms]
[2022-10-18T10:26:04.622Z] > git ls-files --stage -- /home/michail/work/Quanti/drmax-qa-tests/cypress/support/commands.ts [1ms]
[2022-10-18T10:26:04.629Z] > git cat-file -s 21697d813a74771bb3c68ec29206620ae3f10a6b [1ms]
[2022-10-18T10:26:04.662Z] > git show --textconv :cypress/support/commands.ts [1ms]
[2022-10-18T10:27:00.988Z] > git status -z -uall [4ms]
[2022-10-18T10:27:01.009Z] > git symbolic-ref --short HEAD [11ms]
[2022-10-18T10:27:01.019Z] > git ls-files --stage -- /home/michail/work/Quanti/drmax-qa-tests/cypress/support/commands.ts [11ms]
[2022-10-18T10:27:01.028Z] > git for-each-ref --format=%(refname)%00%(upstream:short)%00%(objectname)%00%(upstream:track)%00%(upstream:remotename)%00%(upstream:remoteref) refs/heads/master refs/remotes/master [9ms]
[2022-10-18T10:27:01.048Z] > git for-each-ref --sort -committerdate --format %(refname) %(objectname) %(*objectname) [11ms]
[2022-10-18T10:27:01.049Z] > git cat-file -s 21697d813a74771bb3c68ec29206620ae3f10a6b [21ms]
[2022-10-18T10:27:01.050Z] > git remote --verbose [4ms]
[2022-10-18T10:27:01.072Z] > git config --get commit.template [12ms]
[2022-10-18T10:27:01.074Z] > git show --textconv :cypress/support/commands.ts [3ms]
[2022-10-18T10:27:02.959Z] > git show --textconv :cypress/support/e2e.ts [17ms]
[2022-10-18T10:27:02.964Z] > git ls-files --stage -- /home/michail/work/Quanti/drmax-qa-tests/cypress/support/e2e.ts [14ms]
[2022-10-18T10:27:02.975Z] > git cat-file -s 405d46aa18c166cbc0a6475cb572ec11f44984f5 [4ms]
[2022-10-18T10:30:22.317Z] > git fetch [1983ms]
[2022-10-18T10:30:22.329Z] > git status -z -uall [4ms]
[2022-10-18T10:30:22.339Z] > git symbolic-ref --short HEAD [3ms]
[2022-10-18T10:30:22.347Z] > git for-each-ref --format=%(refname)%00%(upstream:short)%00%(objectname)%00%(upstream:track)%00%(upstream:remotename)%00%(upstream:remoteref) refs/heads/master refs/remotes/master [2ms]
[2022-10-18T10:30:22.363Z] > git for-each-ref --sort -committerdate --format %(refname) %(objectname) %(*objectname) [8ms]
[2022-10-18T10:30:22.364Z] > git remote --verbose [2ms]
[2022-10-18T10:30:22.375Z] > git config --get commit.template [2ms]
[2022-10-18T10:30:29.542Z] > git ls-files --stage -- /home/michail/work/Quanti/drmax-qa-tests/cypress/support/e2e.ts [2ms]
[2022-10-18T10:30:29.550Z] > git cat-file -s 405d46aa18c166cbc0a6475cb572ec11f44984f5 [2ms]
[2022-10-18T10:30:29.579Z] > git show --textconv :cypress/support/e2e.ts [1ms]
[2022-10-18T10:30:35.460Z] > git check-ignore -v -z --stdin [2ms]
[2022-10-18T10:30:37.964Z] > git show --textconv :specs/content/search_suggestion.ts [8ms]
[2022-10-18T10:30:37.964Z] > git ls-files --stage -- /home/michail/work/Quanti/drmax-qa-tests/specs/content/search_suggestion.ts [2ms]
[2022-10-18T10:30:37.972Z] > git cat-file -s f378e12a36d48b99963e88365799c535869e0301 [3ms]
[2022-10-18T10:31:10.199Z] > git status -z -uall [3ms]
[2022-10-18T10:31:10.206Z] > git symbolic-ref --short HEAD [1ms]
[2022-10-18T10:31:10.220Z] > git for-each-ref --format=%(refname)%00%(upstream:short)%00%(objectname)%00%(upstream:track)%00%(upstream:remotename)%00%(upstream:remoteref) refs/heads/master refs/remotes/master [8ms]
[2022-10-18T10:31:10.234Z] > git for-each-ref --sort -committerdate --format %(refname) %(objectname) %(*objectname) [8ms]
[2022-10-18T10:31:10.236Z] > git remote --verbose [3ms]
[2022-10-18T10:31:10.246Z] > git config --get commit.template [1ms]
[2022-10-18T10:32:56.124Z] > git check-ignore -v -z --stdin [1ms]
[2022-10-18T10:32:57.549Z] > git show --textconv :configs/ssb_stage.config.ts [21ms]
[2022-10-18T10:32:57.549Z] > git ls-files --stage -- /home/michail/work/Quanti/drmax-qa-tests/configs/ssb_stage.config.ts [13ms]
[2022-10-18T10:32:57.566Z] > git cat-file -s 7d08a6ab6b5a7256f8ad0bb4dae68cb4491df320 [9ms]
[2022-10-18T10:33:05.965Z] > git show --textconv :configs/ssb_prod.config.ts [10ms]
[2022-10-18T10:33:05.966Z] > git ls-files --stage -- /home/michail/work/Quanti/drmax-qa-tests/configs/ssb_prod.config.ts [2ms]
[2022-10-18T10:33:05.976Z] > git cat-file -s 11851d816472e352c9d9963fca9450f2a29c92f3 [2ms]
[2022-10-18T10:33:09.339Z] > git show --textconv :configs/sk_stage.config.ts [8ms]
[2022-10-18T10:33:09.340Z] > git ls-files --stage -- /home/michail/work/Quanti/drmax-qa-tests/configs/sk_stage.config.ts [2ms]
[2022-10-18T10:33:09.360Z] > git cat-file -s 841c42f199eb47069a47a791053565fd1f3f6089 [12ms]
[2022-10-18T10:33:57.808Z] > git ls-files --stage -- /home/michail/work/Quanti/drmax-qa-tests/configs/sk_stage.config.ts [2ms]
[2022-10-18T10:33:57.817Z] > git cat-file -s 841c42f199eb47069a47a791053565fd1f3f6089 [1ms]
[2022-10-18T10:33:57.830Z] > git show --textconv :configs/sk_stage.config.ts [2ms]
[2022-10-18T10:33:58.633Z] > git fetch [2033ms]
[2022-10-18T10:33:58.643Z] > git status -z -uall [2ms]
[2022-10-18T10:33:58.651Z] > git symbolic-ref --short HEAD [1ms]
[2022-10-18T10:33:58.659Z] > git for-each-ref --format=%(refname)%00%(upstream:short)%00%(objectname)%00%(upstream:track)%00%(upstream:remotename)%00%(upstream:remoteref) refs/heads/master refs/remotes/master [2ms]
[2022-10-18T10:33:58.672Z] > git for-each-ref --sort -committerdate --format %(refname) %(objectname) %(*objectname) [6ms]
[2022-10-18T10:33:58.673Z] > git remote --verbose [1ms]
[2022-10-18T10:33:58.682Z] > git config --get commit.template [1ms]
[2022-10-18T10:33:59.510Z] > git ls-files --stage -- /home/michail/work/Quanti/drmax-qa-tests/configs/sk_stage.config.ts [1ms]
[2022-10-18T10:33:59.517Z] > git cat-file -s 841c42f199eb47069a47a791053565fd1f3f6089 [1ms]
[2022-10-18T10:33:59.530Z] > git show --textconv :configs/sk_stage.config.ts [2ms]
[2022-10-18T10:34:03.533Z] > git show --textconv :configs/it_prod.config.ts [8ms]
[2022-10-18T10:34:03.533Z] > git ls-files --stage -- /home/michail/work/Quanti/drmax-qa-tests/configs/it_prod.config.ts [1ms]
[2022-10-18T10:34:03.542Z] > git cat-file -s 72b4d121b7b9c28312df8fdd62d45765aac87215 [1ms]
[2022-10-18T10:34:04.325Z] > git show --textconv :configs/it_stage.config.ts [20ms]
[2022-10-18T10:34:04.327Z] > git ls-files --stage -- /home/michail/work/Quanti/drmax-qa-tests/configs/it_stage.config.ts [13ms]
[2022-10-18T10:34:04.342Z] > git cat-file -s 1bb08520b26db6ca5ec1dde85360bbedb2027698 [7ms]
[2022-10-18T10:35:27.299Z] > git show --textconv :specs/content/search_suggestion.ts [11ms]
[2022-10-18T10:35:27.300Z] > git ls-files --stage -- /home/michail/work/Quanti/drmax-qa-tests/specs/content/search_suggestion.ts [2ms]
[2022-10-18T10:35:27.310Z] > git cat-file -s f378e12a36d48b99963e88365799c535869e0301 [2ms]
[2022-10-18T10:35:33.381Z] > git check-ignore -v -z --stdin [1ms]
[2022-10-18T10:35:34.591Z] > git show --textconv :configs/cz_stage.config.ts [22ms]
[2022-10-18T10:35:34.591Z] > git ls-files --stage -- /home/michail/work/Quanti/drmax-qa-tests/configs/cz_stage.config.ts [13ms]
[2022-10-18T10:35:34.620Z] > git cat-file -s 04f0a18a943a1a6d6d48b7ec143fc2f8d24b825c [18ms]
[2022-10-18T10:36:33.697Z] > git show --textconv :specs/content/search_suggestion.ts [9ms]
[2022-10-18T10:36:33.698Z] > git ls-files --stage -- /home/michail/work/Quanti/drmax-qa-tests/specs/content/search_suggestion.ts [4ms]
[2022-10-18T10:36:33.706Z] > git cat-file -s f378e12a36d48b99963e88365799c535869e0301 [2ms]
[2022-10-18T10:38:23.478Z] > git ls-files --stage -- /home/michail/work/Quanti/drmax-qa-tests/specs/content/search_suggestion.ts [2ms]
[2022-10-18T10:38:23.486Z] > git cat-file -s f378e12a36d48b99963e88365799c535869e0301 [1ms]
[2022-10-18T10:38:23.499Z] > git show --textconv :specs/content/search_suggestion.ts [2ms]
[2022-10-18T10:38:23.846Z] > git fetch [1546ms]
[2022-10-18T10:38:23.855Z] > git status -z -uall [3ms]
[2022-10-18T10:38:23.863Z] > git symbolic-ref --short HEAD [1ms]
[2022-10-18T10:38:23.871Z] > git for-each-ref --format=%(refname)%00%(upstream:short)%00%(objectname)%00%(upstream:track)%00%(upstream:remotename)%00%(upstream:remoteref) refs/heads/master refs/remotes/master [1ms]
[2022-10-18T10:38:23.883Z] > git for-each-ref --sort -committerdate --format %(refname) %(objectname) %(*objectname) [6ms]
[2022-10-18T10:38:23.884Z] > git remote --verbose [2ms]
[2022-10-18T10:38:23.894Z] > git config --get commit.template [1ms]
[2022-10-18T10:38:24.895Z] > git ls-files --stage -- /home/michail/work/Quanti/drmax-qa-tests/specs/content/search_suggestion.ts [2ms]
[2022-10-18T10:38:24.903Z] > git cat-file -s f378e12a36d48b99963e88365799c535869e0301 [1ms]
[2022-10-18T10:38:24.915Z] > git show --textconv :specs/content/search_suggestion.ts [1ms]
[2022-10-18T10:39:13.990Z] > git show --textconv HEAD:specs/content/search_suggestion.ts [10ms]
[2022-10-18T10:39:13.990Z] > git ls-tree -l HEAD -- /home/michail/work/Quanti/drmax-qa-tests/specs/content/search_suggestion.ts [3ms]
[2022-10-18T10:39:20.831Z] > git ls-tree -l HEAD -- /home/michail/work/Quanti/drmax-qa-tests/specs/content/search_suggestion.ts [2ms]
[2022-10-18T10:39:47.232Z] > git ls-tree -l HEAD -- /home/michail/work/Quanti/drmax-qa-tests/specs/content/search_suggestion.ts [2ms]
[2022-10-18T10:39:54.168Z] > git ls-tree -l HEAD -- /home/michail/work/Quanti/drmax-qa-tests/specs/content/search_suggestion.ts [9ms]
[2022-10-18T10:39:54.170Z] > git checkout -q -- /home/michail/work/Quanti/drmax-qa-tests/specs/content/search_suggestion.ts [2ms]
[2022-10-18T10:39:54.181Z] > git status -z -uall [2ms]
[2022-10-18T10:39:54.189Z] > git symbolic-ref --short HEAD [1ms]
[2022-10-18T10:39:54.199Z] > git for-each-ref --format=%(refname)%00%(upstream:short)%00%(objectname)%00%(upstream:track)%00%(upstream:remotename)%00%(upstream:remoteref) refs/heads/master refs/remotes/master [1ms]
[2022-10-18T10:39:54.214Z] > git for-each-ref --sort -committerdate --format %(refname) %(objectname) %(*objectname) [9ms]
[2022-10-18T10:39:54.215Z] > git remote --verbose [2ms]
[2022-10-18T10:39:54.224Z] > git config --get commit.template [1ms]
[2022-10-18T10:39:56.428Z] > git ls-tree -l HEAD -- /home/michail/work/Quanti/drmax-qa-tests/specs/content/search_suggestion.ts [9ms]
[2022-10-18T10:39:56.438Z] > git status -z -uall [11ms]
[2022-10-18T10:39:56.458Z] > git ls-tree -l HEAD -- /home/michail/work/Quanti/drmax-qa-tests/specs/content/search_suggestion.ts [20ms]
[2022-10-18T10:39:56.459Z] > git symbolic-ref --short HEAD [12ms]
[2022-10-18T10:39:56.477Z] > git show --textconv HEAD:specs/content/search_suggestion.ts [20ms]
[2022-10-18T10:39:56.478Z] > git for-each-ref --format=%(refname)%00%(upstream:short)%00%(objectname)%00%(upstream:track)%00%(upstream:remotename)%00%(upstream:remoteref) refs/heads/master refs/remotes/master [11ms]
[2022-10-18T10:39:56.495Z] > git show --textconv HEAD:specs/content/search_suggestion.ts [18ms]
[2022-10-18T10:39:56.495Z] > git for-each-ref --sort -committerdate --format %(refname) %(objectname) %(*objectname) [9ms]
[2022-10-18T10:39:56.496Z] > git remote --verbose [2ms]
[2022-10-18T10:39:56.507Z] > git config --get commit.template [1ms]
[2022-10-18T10:40:45.958Z] > git ls-tree -l HEAD -- /home/michail/work/Quanti/drmax-qa-tests/specs/content/search_suggestion.ts [9ms]
[2022-10-18T10:40:45.960Z] > git status -z -uall [2ms]
[2022-10-18T10:40:45.984Z] > git ls-tree -l HEAD -- /home/michail/work/Quanti/drmax-qa-tests/specs/content/search_suggestion.ts [8ms]
[2022-10-18T10:40:45.984Z] > git symbolic-ref --short HEAD [16ms]
[2022-10-18T10:40:45.992Z] > git show --textconv HEAD:specs/content/search_suggestion.ts [9ms]
[2022-10-18T10:40:45.994Z] > git for-each-ref --format=%(refname)%00%(upstream:short)%00%(objectname)%00%(upstream:track)%00%(upstream:remotename)%00%(upstream:remoteref) refs/heads/master refs/remotes/master [2ms]
[2022-10-18T10:40:46.018Z] > git for-each-ref --sort -committerdate --format %(refname) %(objectname) %(*objectname) [17ms]
[2022-10-18T10:40:46.019Z] > git remote --verbose [11ms]
[2022-10-18T10:40:46.029Z] > git show --textconv HEAD:specs/content/search_suggestion.ts [12ms]
[2022-10-18T10:40:46.030Z] > git config --get commit.template [1ms]
[2022-10-18T10:42:11.014Z] > git ls-tree -l HEAD -- /home/michail/work/Quanti/drmax-qa-tests/specs/content/search_suggestion.ts [9ms]
[2022-10-18T10:42:12.190Z] > git ls-tree -l HEAD -- /home/michail/work/Quanti/drmax-qa-tests/specs/content/search_suggestion.ts [2ms]
[2022-10-18T10:42:12.202Z] > git show --textconv HEAD:specs/content/search_suggestion.ts [2ms]
[2022-10-18T10:42:12.574Z] > git fetch [1561ms]
[2022-10-18T10:42:12.587Z] > git status -z -uall [3ms]
[2022-10-18T10:42:12.597Z] > git symbolic-ref --short HEAD [2ms]
[2022-10-18T10:42:12.607Z] > git for-each-ref --format=%(refname)%00%(upstream:short)%00%(objectname)%00%(upstream:track)%00%(upstream:remotename)%00%(upstream:remoteref) refs/heads/master refs/remotes/master [2ms]
[2022-10-18T10:42:12.622Z] > git for-each-ref --sort -committerdate --format %(refname) %(objectname) %(*objectname) [9ms]
[2022-10-18T10:42:12.623Z] > git remote --verbose [1ms]
[2022-10-18T10:42:12.631Z] > git config --get commit.template [1ms]
[2022-10-18T10:42:13.081Z] > git check-ignore -v -z --stdin [1ms]
[2022-10-18T10:42:13.646Z] > git ls-tree -l HEAD -- /home/michail/work/Quanti/drmax-qa-tests/specs/content/search_suggestion.ts [2ms]
[2022-10-18T10:42:13.660Z] > git show --textconv HEAD:specs/content/search_suggestion.ts [1ms]
[2022-10-18T10:42:14.647Z] > git status -z -uall [2ms]
[2022-10-18T10:42:14.655Z] > git symbolic-ref --short HEAD [1ms]
[2022-10-18T10:42:14.662Z] > git for-each-ref --format=%(refname)%00%(upstream:short)%00%(objectname)%00%(upstream:track)%00%(upstream:remotename)%00%(upstream:remoteref) refs/heads/master refs/remotes/master [1ms]
[2022-10-18T10:42:14.675Z] > git for-each-ref --sort -committerdate --format %(refname) %(objectname) %(*objectname) [7ms]
[2022-10-18T10:42:14.675Z] > git remote --verbose [1ms]
[2022-10-18T10:42:14.683Z] > git config --get commit.template [1ms]
[2022-10-18T10:42:15.457Z] > git show --textconv :configs/it_stage.config.ts [11ms]
[2022-10-18T10:42:15.457Z] > git ls-files --stage -- /home/michail/work/Quanti/drmax-qa-tests/configs/it_stage.config.ts [4ms]
[2022-10-18T10:42:15.469Z] > git cat-file -s 1bb08520b26db6ca5ec1dde85360bbedb2027698 [4ms]
[2022-10-18T10:42:17.709Z] > git show --textconv :configs/pl_stage.config.ts [10ms]
[2022-10-18T10:42:17.710Z] > git ls-files --stage -- /home/michail/work/Quanti/drmax-qa-tests/configs/pl_stage.config.ts [2ms]
[2022-10-18T10:42:17.720Z] > git cat-file -s b8c47189a96d84dda2afa21fdcddf7f09f90d38c [1ms]
[2022-10-18T10:46:12.145Z] > git ls-files --stage -- /home/michail/work/Quanti/drmax-qa-tests/configs/pl_stage.config.ts [1ms]
[2022-10-18T10:46:12.154Z] > git cat-file -s b8c47189a96d84dda2afa21fdcddf7f09f90d38c [2ms]
[2022-10-18T10:46:12.165Z] > git show --textconv :configs/pl_stage.config.ts [1ms]
[2022-10-18T10:46:12.518Z] > git fetch [1543ms]
[2022-10-18T10:46:12.527Z] > git status -z -uall [2ms]
[2022-10-18T10:46:12.535Z] > git symbolic-ref --short HEAD [1ms]
[2022-10-18T10:46:12.543Z] > git for-each-ref --format=%(refname)%00%(upstream:short)%00%(objectname)%00%(upstream:track)%00%(upstream:remotename)%00%(upstream:remoteref) refs/heads/master refs/remotes/master [1ms]
[2022-10-18T10:46:12.559Z] > git for-each-ref --sort -committerdate --format %(refname) %(objectname) %(*objectname) [7ms]
[2022-10-18T10:46:12.559Z] > git remote --verbose [1ms]
[2022-10-18T10:46:12.568Z] > git config --get commit.template [1ms]
[2022-10-18T10:46:13.551Z] > git ls-files --stage -- /home/michail/work/Quanti/drmax-qa-tests/configs/pl_stage.config.ts [1ms]
[2022-10-18T10:46:13.559Z] > git cat-file -s b8c47189a96d84dda2afa21fdcddf7f09f90d38c [1ms]
[2022-10-18T10:46:13.571Z] > git show --textconv :configs/pl_stage.config.ts [2ms]
[2022-10-18T10:46:14.106Z] > git show --textconv :configs/ro_stage.config.ts [17ms]
[2022-10-18T10:46:14.107Z] > git ls-files --stage -- /home/michail/work/Quanti/drmax-qa-tests/configs/ro_stage.config.ts [10ms]
[2022-10-18T10:46:14.121Z] > git cat-file -s 9ce6165c6f6155aaf8580c659d732b9f0aede4e5 [7ms]
[2022-10-18T10:46:14.554Z] > git status -z -uall [2ms]
[2022-10-18T10:46:14.563Z] > git symbolic-ref --short HEAD [1ms]
[2022-10-18T10:46:14.572Z] > git for-each-ref --format=%(refname)%00%(upstream:short)%00%(objectname)%00%(upstream:track)%00%(upstream:remotename)%00%(upstream:remoteref) refs/heads/master refs/remotes/master [1ms]
[2022-10-18T10:46:14.588Z] > git for-each-ref --sort -committerdate --format %(refname) %(objectname) %(*objectname) [9ms]
[2022-10-18T10:46:14.588Z] > git remote --verbose [1ms]
[2022-10-18T10:46:14.598Z] > git config --get commit.template [1ms]
