[2022-10-18T10:47:07.293Z] Log level: Info
[2022-10-18T10:47:07.301Z] [info] Validating found git in: git
[2022-10-18T10:47:07.328Z] [info] Using git 2.38.0 from git
[2022-10-18T10:47:07.348Z] > git rev-parse --show-toplevel [2ms]
[2022-10-18T10:47:07.358Z] > git rev-parse --git-dir --git-common-dir [1ms]
[2022-10-18T10:47:07.362Z] [info] Open repository: /home/michail/work/Quanti/drmax-qa-tests
[2022-10-18T10:47:07.380Z] > git status -z -uall [3ms]
[2022-10-18T10:47:07.394Z] > git symbolic-ref --short HEAD [7ms]
[2022-10-18T10:47:07.403Z] > git for-each-ref --format=%(refname)%00%(upstream:short)%00%(objectname)%00%(upstream:track)%00%(upstream:remotename)%00%(upstream:remoteref) refs/heads/master refs/remotes/master [2ms]
[2022-10-18T10:47:07.823Z] > git remote --verbose [406ms]
[2022-10-18T10:47:07.824Z] > git for-each-ref --sort -committerdate --format %(refname) %(objectname) %(*objectname) [414ms]
[2022-10-18T10:47:08.079Z] > git check-ignore -v -z --stdin [21ms]
[2022-10-18T10:47:08.131Z] > git config --get commit.template [289ms]
[2022-10-18T10:47:08.172Z] > git status -z -uall [29ms]
[2022-10-18T10:47:08.193Z] > git symbolic-ref --short HEAD [4ms]
[2022-10-18T10:47:08.318Z] > git show --textconv :configs/ro_stage.config.ts [54ms]
[2022-10-18T10:47:08.319Z] > git for-each-ref --format=%(refname)%00%(upstream:short)%00%(objectname)%00%(upstream:track)%00%(upstream:remotename)%00%(upstream:remoteref) refs/heads/master refs/remotes/master [114ms]
[2022-10-18T10:47:08.385Z] > git remote --verbose [40ms]
[2022-10-18T10:47:08.387Z] > git for-each-ref --sort -committerdate --format %(refname) %(objectname) %(*objectname) [55ms]
[2022-10-18T10:47:08.389Z] > git ls-files --stage -- /home/michail/work/Quanti/drmax-qa-tests/configs/ro_stage.config.ts [112ms]
[2022-10-18T10:47:08.432Z] > git config --get commit.template [4ms]
[2022-10-18T10:47:08.434Z] > git cat-file -s 9ce6165c6f6155aaf8580c659d732b9f0aede4e5 [30ms]
[2022-10-18T10:47:08.962Z] > git ls-files --stage -- /home/michail/work/Quanti/drmax-qa-tests/configs/ro_stage.config.ts [1ms]
[2022-10-18T10:47:08.978Z] > git cat-file -s 9ce6165c6f6155aaf8580c659d732b9f0aede4e5 [4ms]
[2022-10-18T10:47:08.992Z] > git show --textconv :configs/ro_stage.config.ts [2ms]
[2022-10-18T10:47:09.319Z] > git fetch [1948ms]
[2022-10-18T10:47:09.338Z] > git status -z -uall [4ms]
[2022-10-18T10:47:09.348Z] > git symbolic-ref --short HEAD [1ms]
[2022-10-18T10:47:09.360Z] > git for-each-ref --format=%(refname)%00%(upstream:short)%00%(objectname)%00%(upstream:track)%00%(upstream:remotename)%00%(upstream:remoteref) refs/heads/master refs/remotes/master [1ms]
[2022-10-18T10:47:09.384Z] > git for-each-ref --sort -committerdate --format %(refname) %(objectname) %(*objectname) [13ms]
[2022-10-18T10:47:09.386Z] > git remote --verbose [4ms]
[2022-10-18T10:47:09.412Z] > git config --get commit.template [2ms]
[2022-10-18T10:47:10.377Z] > git ls-files --stage -- /home/michail/work/Quanti/drmax-qa-tests/configs/ro_stage.config.ts [1ms]
[2022-10-18T10:47:10.390Z] > git cat-file -s 9ce6165c6f6155aaf8580c659d732b9f0aede4e5 [3ms]
[2022-10-18T10:47:10.404Z] > git show --textconv :configs/ro_stage.config.ts [1ms]
[2022-10-18T10:48:53.270Z] > git show --textconv :specs/content/faq.ts [11ms]
[2022-10-18T10:48:53.271Z] > git ls-files --stage -- /home/michail/work/Quanti/drmax-qa-tests/specs/content/faq.ts [2ms]
[2022-10-18T10:48:53.297Z] > git cat-file -s e288f72830784e87834f8d9f50884d961da4ecd8 [16ms]
[2022-10-18T10:48:53.699Z] > git check-ignore -v -z --stdin [2ms]
[2022-10-18T11:00:17.194Z] > git ls-files --stage -- /home/michail/work/Quanti/drmax-qa-tests/specs/content/faq.ts [2ms]
[2022-10-18T11:00:17.202Z] > git cat-file -s e288f72830784e87834f8d9f50884d961da4ecd8 [2ms]
[2022-10-18T11:00:17.214Z] > git show --textconv :specs/content/faq.ts [2ms]
[2022-10-18T11:00:17.846Z] > git fetch [1848ms]
[2022-10-18T11:00:17.846Z] From ssh.dev.azure.com:v3/drmaxglobal/qaa-team/drmax-qa-tests
 + 085766e...c0e9ff0 feature/12349 -> origin/feature/12349  (forced update)
[2022-10-18T11:00:17.856Z] > git status -z -uall [2ms]
[2022-10-18T11:00:17.863Z] > git symbolic-ref --short HEAD [2ms]
[2022-10-18T11:00:17.870Z] > git for-each-ref --format=%(refname)%00%(upstream:short)%00%(objectname)%00%(upstream:track)%00%(upstream:remotename)%00%(upstream:remoteref) refs/heads/master refs/remotes/master [1ms]
[2022-10-18T11:00:17.882Z] > git for-each-ref --sort -committerdate --format %(refname) %(objectname) %(*objectname) [7ms]
[2022-10-18T11:00:17.883Z] > git remote --verbose [2ms]
[2022-10-18T11:00:17.893Z] > git config --get commit.template [1ms]
[2022-10-18T11:00:18.907Z] > git status -z -uall [3ms]
[2022-10-18T11:00:18.914Z] > git symbolic-ref --short HEAD [1ms]
[2022-10-18T11:00:18.923Z] > git for-each-ref --format=%(refname)%00%(upstream:short)%00%(objectname)%00%(upstream:track)%00%(upstream:remotename)%00%(upstream:remoteref) refs/heads/master refs/remotes/master [2ms]
[2022-10-18T11:00:18.934Z] > git for-each-ref --sort -committerdate --format %(refname) %(objectname) %(*objectname) [6ms]
[2022-10-18T11:00:18.935Z] > git remote --verbose [2ms]
[2022-10-18T11:00:18.943Z] > git config --get commit.template [1ms]
[2022-10-18T11:00:19.012Z] > git ls-files --stage -- /home/michail/work/Quanti/drmax-qa-tests/specs/content/faq.ts [1ms]
[2022-10-18T11:00:19.021Z] > git cat-file -s e288f72830784e87834f8d9f50884d961da4ecd8 [1ms]
[2022-10-18T11:00:19.032Z] > git show --textconv :specs/content/faq.ts [2ms]
[2022-10-18T11:02:31.669Z] > git show --textconv :specs/content/pharmacies.ts [22ms]
[2022-10-18T11:02:31.670Z] > git ls-files --stage -- /home/michail/work/Quanti/drmax-qa-tests/specs/content/pharmacies.ts [14ms]
[2022-10-18T11:02:31.679Z] > git cat-file -s 8605a5dd3dc14c2a890abd9282c99ba008069e01 [3ms]
[2022-10-18T11:02:34.167Z] > git check-ignore -v -z --stdin [2ms]
[2022-10-18T11:02:35.318Z] > git show --textconv :configs/sk_stage.config.ts [22ms]
[2022-10-18T11:02:35.318Z] > git ls-files --stage -- /home/michail/work/Quanti/drmax-qa-tests/configs/sk_stage.config.ts [12ms]
[2022-10-18T11:02:35.336Z] > git cat-file -s 841c42f199eb47069a47a791053565fd1f3f6089 [11ms]
[2022-10-18T11:03:10.313Z] > git status -z -uall [3ms]
[2022-10-18T11:03:10.322Z] > git symbolic-ref --short HEAD [2ms]
[2022-10-18T11:03:10.330Z] > git for-each-ref --format=%(refname)%00%(upstream:short)%00%(objectname)%00%(upstream:track)%00%(upstream:remotename)%00%(upstream:remoteref) refs/heads/master refs/remotes/master [1ms]
[2022-10-18T11:03:10.344Z] > git for-each-ref --sort -committerdate --format %(refname) %(objectname) %(*objectname) [7ms]
[2022-10-18T11:03:10.344Z] > git remote --verbose [1ms]
[2022-10-18T11:03:10.353Z] > git config --get commit.template [1ms]
[2022-10-18T11:03:19.068Z] > git ls-files --stage -- /home/michail/work/Quanti/drmax-qa-tests/configs/sk_stage.config.ts [1ms]
[2022-10-18T11:03:19.076Z] > git cat-file -s 841c42f199eb47069a47a791053565fd1f3f6089 [2ms]
[2022-10-18T11:03:19.086Z] > git show --textconv :configs/sk_stage.config.ts [1ms]
[2022-10-18T11:03:19.217Z] > git show --textconv HEAD:configs/sk_stage.config.ts [10ms]
[2022-10-18T11:03:19.217Z] > git ls-tree -l HEAD -- /home/michail/work/Quanti/drmax-qa-tests/configs/sk_stage.config.ts [4ms]
[2022-10-18T11:03:19.492Z] > git fetch [1591ms]
[2022-10-18T11:03:19.502Z] > git status -z -uall [3ms]
[2022-10-18T11:03:19.509Z] > git symbolic-ref --short HEAD [1ms]
[2022-10-18T11:03:19.519Z] > git for-each-ref --format=%(refname)%00%(upstream:short)%00%(objectname)%00%(upstream:track)%00%(upstream:remotename)%00%(upstream:remoteref) refs/heads/master refs/remotes/master [2ms]
[2022-10-18T11:03:19.534Z] > git for-each-ref --sort -committerdate --format %(refname) %(objectname) %(*objectname) [7ms]
[2022-10-18T11:03:19.536Z] > git remote --verbose [3ms]
[2022-10-18T11:03:19.543Z] > git config --get commit.template [0ms]
[2022-10-18T11:03:20.547Z] > git ls-tree -l HEAD -- /home/michail/work/Quanti/drmax-qa-tests/configs/sk_stage.config.ts [2ms]
[2022-10-18T11:03:20.557Z] > git show --textconv HEAD:configs/sk_stage.config.ts [2ms]
[2022-10-18T11:03:22.343Z] > git checkout -q -- /home/michail/work/Quanti/drmax-qa-tests/configs/sk_stage.config.ts [8ms]
[2022-10-18T11:03:22.343Z] > git ls-tree -l HEAD -- /home/michail/work/Quanti/drmax-qa-tests/configs/sk_stage.config.ts [16ms]
[2022-10-18T11:03:22.344Z] > git status -z -uall [2ms]
[2022-10-18T11:03:22.352Z] > git symbolic-ref --short HEAD [1ms]
[2022-10-18T11:03:22.361Z] > git for-each-ref --format=%(refname)%00%(upstream:short)%00%(objectname)%00%(upstream:track)%00%(upstream:remotename)%00%(upstream:remoteref) refs/heads/master refs/remotes/master [2ms]
[2022-10-18T11:03:22.375Z] > git for-each-ref --sort -committerdate --format %(refname) %(objectname) %(*objectname) [7ms]
[2022-10-18T11:03:22.376Z] > git remote --verbose [2ms]
[2022-10-18T11:03:22.386Z] > git config --get commit.template [1ms]
[2022-10-18T11:03:22.395Z] > git status -z -uall [2ms]
[2022-10-18T11:03:22.404Z] > git symbolic-ref --short HEAD [2ms]
[2022-10-18T11:03:22.413Z] > git for-each-ref --format=%(refname)%00%(upstream:short)%00%(objectname)%00%(upstream:track)%00%(upstream:remotename)%00%(upstream:remoteref) refs/heads/master refs/remotes/master [2ms]
[2022-10-18T11:03:22.427Z] > git for-each-ref --sort -committerdate --format %(refname) %(objectname) %(*objectname) [8ms]
[2022-10-18T11:03:22.427Z] > git remote --verbose [1ms]
[2022-10-18T11:03:22.437Z] > git config --get commit.template [2ms]
[2022-10-18T11:03:23.526Z] > git ls-tree -l HEAD -- /home/michail/work/Quanti/drmax-qa-tests/configs/sk_stage.config.ts [2ms]
[2022-10-18T11:03:23.540Z] > git show --textconv HEAD:configs/sk_stage.config.ts [2ms]
[2022-10-18T11:03:26.505Z] > git ls-tree -l HEAD -- /home/michail/work/Quanti/drmax-qa-tests/configs/sk_stage.config.ts [2ms]
[2022-10-18T11:03:27.403Z] > git status -z -uall [3ms]
[2022-10-18T11:03:27.413Z] > git symbolic-ref --short HEAD [1ms]
[2022-10-18T11:03:27.422Z] > git for-each-ref --format=%(refname)%00%(upstream:short)%00%(objectname)%00%(upstream:track)%00%(upstream:remotename)%00%(upstream:remoteref) refs/heads/master refs/remotes/master [2ms]
[2022-10-18T11:03:27.437Z] > git for-each-ref --sort -committerdate --format %(refname) %(objectname) %(*objectname) [7ms]
[2022-10-18T11:03:27.440Z] > git remote --verbose [4ms]
[2022-10-18T11:03:27.449Z] > git config --get commit.template [1ms]
[2022-10-18T11:03:30.057Z] > git ls-tree -l HEAD -- /home/michail/work/Quanti/drmax-qa-tests/configs/sk_stage.config.ts [2ms]
[2022-10-18T11:03:33.374Z] > git ls-tree -l HEAD -- /home/michail/work/Quanti/drmax-qa-tests/configs/sk_stage.config.ts [2ms]
[2022-10-18T11:03:35.195Z] > git ls-tree -l HEAD -- /home/michail/work/Quanti/drmax-qa-tests/configs/sk_stage.config.ts [1ms]
[2022-10-18T11:05:30.557Z] > git ls-tree -l HEAD -- /home/michail/work/Quanti/drmax-qa-tests/configs/sk_stage.config.ts [1ms]
[2022-10-18T11:05:44.118Z] > git ls-tree -l HEAD -- /home/michail/work/Quanti/drmax-qa-tests/configs/sk_stage.config.ts [2ms]
[2022-10-18T11:06:04.221Z] > git ls-tree -l HEAD -- /home/michail/work/Quanti/drmax-qa-tests/configs/sk_stage.config.ts [1ms]
[2022-10-18T11:06:14.801Z] > git ls-tree -l HEAD -- /home/michail/work/Quanti/drmax-qa-tests/configs/sk_stage.config.ts [1ms]
[2022-10-18T11:06:20.254Z] > git ls-tree -l HEAD -- /home/michail/work/Quanti/drmax-qa-tests/configs/sk_stage.config.ts [9ms]
[2022-10-18T11:06:21.185Z] > git fetch [932ms]
[2022-10-18T11:06:21.195Z] > git status -z -uall [3ms]
[2022-10-18T11:06:21.203Z] > git symbolic-ref --short HEAD [1ms]
[2022-10-18T11:06:21.211Z] > git for-each-ref --format=%(refname)%00%(upstream:short)%00%(objectname)%00%(upstream:track)%00%(upstream:remotename)%00%(upstream:remoteref) refs/heads/master refs/remotes/master [1ms]
[2022-10-18T11:06:21.226Z] > git for-each-ref --sort -committerdate --format %(refname) %(objectname) %(*objectname) [8ms]
[2022-10-18T11:06:21.226Z] > git remote --verbose [1ms]
[2022-10-18T11:06:21.236Z] > git config --get commit.template [1ms]
[2022-10-18T11:13:37.125Z] > git ls-tree -l HEAD -- /home/michail/work/Quanti/drmax-qa-tests/configs/sk_stage.config.ts [7ms]
[2022-10-18T11:13:37.142Z] > git ls-tree -l HEAD -- /home/michail/work/Quanti/drmax-qa-tests/configs/sk_stage.config.ts [7ms]
[2022-10-18T11:13:37.144Z] > git show --textconv HEAD:configs/sk_stage.config.ts [2ms]
[2022-10-18T11:13:37.155Z] > git show --textconv HEAD:configs/sk_stage.config.ts [2ms]
[2022-10-18T11:13:38.292Z] > git ls-tree -l HEAD -- /home/michail/work/Quanti/drmax-qa-tests/configs/sk_stage.config.ts [2ms]
[2022-10-18T11:13:38.305Z] > git show --textconv HEAD:configs/sk_stage.config.ts [1ms]
[2022-10-18T11:13:39.392Z] > git fetch [2268ms]
[2022-10-18T11:13:39.402Z] > git status -z -uall [3ms]
[2022-10-18T11:13:39.409Z] > git symbolic-ref --short HEAD [1ms]
[2022-10-18T11:13:39.416Z] > git for-each-ref --format=%(refname)%00%(upstream:short)%00%(objectname)%00%(upstream:track)%00%(upstream:remotename)%00%(upstream:remoteref) refs/heads/master refs/remotes/master [1ms]
[2022-10-18T11:13:39.430Z] > git for-each-ref --sort -committerdate --format %(refname) %(objectname) %(*objectname) [7ms]
[2022-10-18T11:13:39.430Z] > git remote --verbose [1ms]
[2022-10-18T11:13:39.438Z] > git config --get commit.template [1ms]
[2022-10-18T11:13:40.368Z] > git ls-tree -l HEAD -- /home/michail/work/Quanti/drmax-qa-tests/configs/sk_stage.config.ts [2ms]
[2022-10-18T11:13:40.383Z] > git show --textconv HEAD:configs/sk_stage.config.ts [3ms]
[2022-10-18T11:13:41.369Z] > git status -z -uall [3ms]
[2022-10-18T11:13:41.376Z] > git symbolic-ref --short HEAD [1ms]
[2022-10-18T11:13:41.384Z] > git for-each-ref --format=%(refname)%00%(upstream:short)%00%(objectname)%00%(upstream:track)%00%(upstream:remotename)%00%(upstream:remoteref) refs/heads/master refs/remotes/master [1ms]
[2022-10-18T11:13:41.397Z] > git for-each-ref --sort -committerdate --format %(refname) %(objectname) %(*objectname) [7ms]
[2022-10-18T11:13:41.397Z] > git remote --verbose [1ms]
[2022-10-18T11:13:41.406Z] > git config --get commit.template [1ms]
[2022-10-18T11:13:42.196Z] > git show --textconv :specs/content/faq.ts [9ms]
[2022-10-18T11:13:42.197Z] > git ls-files --stage -- /home/michail/work/Quanti/drmax-qa-tests/specs/content/faq.ts [3ms]
[2022-10-18T11:13:42.206Z] > git cat-file -s e288f72830784e87834f8d9f50884d961da4ecd8 [2ms]
[2022-10-18T11:13:59.219Z] > git show --textconv :bash_scripts/run_azdo_pipelines.sh [20ms]
[2022-10-18T11:13:59.219Z] > git ls-files --stage -- /home/michail/work/Quanti/drmax-qa-tests/bash_scripts/run_azdo_pipelines.sh [3ms]
[2022-10-18T11:13:59.230Z] > git cat-file -s 335dc5630fbf75ed066da68f107c94e5568188b4 [2ms]
[2022-10-18T11:14:06.340Z] > git status -z -uall [3ms]
[2022-10-18T11:14:06.349Z] > git symbolic-ref --short HEAD [1ms]
[2022-10-18T11:14:06.357Z] > git for-each-ref --format=%(refname)%00%(upstream:short)%00%(objectname)%00%(upstream:track)%00%(upstream:remotename)%00%(upstream:remoteref) refs/heads/master refs/remotes/master [1ms]
[2022-10-18T11:14:06.373Z] > git for-each-ref --sort -committerdate --format %(refname) %(objectname) %(*objectname) [8ms]
[2022-10-18T11:14:06.374Z] > git remote --verbose [2ms]
[2022-10-18T11:14:06.385Z] > git config --get commit.template [1ms]
[2022-10-18T11:14:06.441Z] > git ls-files --stage -- /home/michail/work/Quanti/drmax-qa-tests/bash_scripts/run_azdo_pipelines.sh [1ms]
[2022-10-18T11:14:06.451Z] > git cat-file -s 335dc5630fbf75ed066da68f107c94e5568188b4 [1ms]
[2022-10-18T11:14:06.465Z] > git show --textconv :bash_scripts/run_azdo_pipelines.sh [1ms]
[2022-10-18T11:14:11.400Z] > git status -z -uall [3ms]
[2022-10-18T11:14:11.408Z] > git symbolic-ref --short HEAD [1ms]
[2022-10-18T11:14:11.416Z] > git for-each-ref --format=%(refname)%00%(upstream:short)%00%(objectname)%00%(upstream:track)%00%(upstream:remotename)%00%(upstream:remoteref) refs/heads/master refs/remotes/master [1ms]
[2022-10-18T11:14:11.431Z] > git for-each-ref --sort -committerdate --format %(refname) %(objectname) %(*objectname) [8ms]
[2022-10-18T11:14:11.432Z] > git remote --verbose [3ms]
[2022-10-18T11:14:11.442Z] > git config --get commit.template [1ms]
[2022-10-18T11:14:59.480Z] > git status -z -uall [2ms]
[2022-10-18T11:14:59.496Z] > git symbolic-ref --short HEAD [9ms]
[2022-10-18T11:14:59.505Z] > git for-each-ref --format=%(refname)%00%(upstream:short)%00%(objectname)%00%(upstream:track)%00%(upstream:remotename)%00%(upstream:remoteref) refs/heads/master refs/remotes/master [2ms]
[2022-10-18T11:14:59.520Z] > git remote --verbose [2ms]
[2022-10-18T11:14:59.520Z] > git for-each-ref --sort -committerdate --format %(refname) %(objectname) %(*objectname) [9ms]
[2022-10-18T11:14:59.530Z] > git config --get commit.template [1ms]
[2022-10-18T11:15:08.403Z] > git status -z -uall [2ms]
[2022-10-18T11:15:08.436Z] > git symbolic-ref --short HEAD [26ms]
[2022-10-18T11:15:08.445Z] > git for-each-ref --format=%(refname)%00%(upstream:short)%00%(objectname)%00%(upstream:track)%00%(upstream:remotename)%00%(upstream:remoteref) refs/heads/master refs/remotes/master [3ms]
[2022-10-18T11:15:08.462Z] > git remote --verbose [3ms]
[2022-10-18T11:15:08.462Z] > git for-each-ref --sort -committerdate --format %(refname) %(objectname) %(*objectname) [9ms]
[2022-10-18T11:15:08.473Z] > git config --get commit.template [1ms]
[2022-10-18T11:15:14.693Z] > git status -z -uall [3ms]
[2022-10-18T11:15:14.702Z] > git symbolic-ref --short HEAD [2ms]
[2022-10-18T11:15:14.712Z] > git for-each-ref --format=%(refname)%00%(upstream:short)%00%(objectname)%00%(upstream:track)%00%(upstream:remotename)%00%(upstream:remoteref) refs/heads/master refs/remotes/master [2ms]
[2022-10-18T11:15:14.727Z] > git for-each-ref --sort -committerdate --format %(refname) %(objectname) %(*objectname) [8ms]
[2022-10-18T11:15:14.727Z] > git remote --verbose [1ms]
[2022-10-18T11:15:14.736Z] > git config --get commit.template [1ms]
[2022-10-18T11:17:27.282Z] > git ls-files --stage -- /home/michail/work/Quanti/drmax-qa-tests/bash_scripts/run_azdo_pipelines.sh [1ms]
[2022-10-18T11:17:27.290Z] > git cat-file -s 335dc5630fbf75ed066da68f107c94e5568188b4 [1ms]
[2022-10-18T11:17:27.302Z] > git show --textconv :bash_scripts/run_azdo_pipelines.sh [1ms]
[2022-10-18T11:17:29.938Z] > git fetch [3838ms]
[2022-10-18T11:17:29.948Z] > git status -z -uall [2ms]
[2022-10-18T11:17:29.961Z] > git symbolic-ref --short HEAD [1ms]
[2022-10-18T11:17:29.974Z] > git for-each-ref --format=%(refname)%00%(upstream:short)%00%(objectname)%00%(upstream:track)%00%(upstream:remotename)%00%(upstream:remoteref) refs/heads/master refs/remotes/master [2ms]
[2022-10-18T11:17:29.993Z] > git for-each-ref --sort -committerdate --format %(refname) %(objectname) %(*objectname) [12ms]
[2022-10-18T11:17:29.993Z] > git remote --verbose [1ms]
[2022-10-18T11:17:30.008Z] > git config --get commit.template [2ms]
[2022-10-18T11:18:55.872Z] > git ls-files --stage -- /home/michail/work/Quanti/drmax-qa-tests/bash_scripts/run_azdo_pipelines.sh [1ms]
[2022-10-18T11:18:55.888Z] > git cat-file -s 335dc5630fbf75ed066da68f107c94e5568188b4 [4ms]
[2022-10-18T11:18:55.918Z] > git show --textconv :bash_scripts/run_azdo_pipelines.sh [1ms]
[2022-10-18T11:18:56.869Z] > git status -z -uall [3ms]
[2022-10-18T11:18:56.879Z] > git symbolic-ref --short HEAD [1ms]
[2022-10-18T11:18:56.888Z] > git for-each-ref --format=%(refname)%00%(upstream:short)%00%(objectname)%00%(upstream:track)%00%(upstream:remotename)%00%(upstream:remoteref) refs/heads/master refs/remotes/master [2ms]
[2022-10-18T11:18:56.905Z] > git for-each-ref --sort -committerdate --format %(refname) %(objectname) %(*objectname) [9ms]
[2022-10-18T11:18:56.906Z] > git remote --verbose [3ms]
[2022-10-18T11:18:56.916Z] > git config --get commit.template [1ms]
[2022-10-18T11:22:28.626Z] > git ls-files --stage -- /home/michail/work/Quanti/drmax-qa-tests/bash_scripts/run_azdo_pipelines.sh [1ms]
[2022-10-18T11:22:28.637Z] > git cat-file -s 335dc5630fbf75ed066da68f107c94e5568188b4 [2ms]
[2022-10-18T11:22:28.649Z] > git show --textconv :bash_scripts/run_azdo_pipelines.sh [2ms]
[2022-10-18T11:22:31.479Z] > git fetch [4037ms]
[2022-10-18T11:22:31.489Z] > git status -z -uall [3ms]
[2022-10-18T11:22:31.496Z] > git symbolic-ref --short HEAD [1ms]
[2022-10-18T11:22:31.505Z] > git for-each-ref --format=%(refname)%00%(upstream:short)%00%(objectname)%00%(upstream:track)%00%(upstream:remotename)%00%(upstream:remoteref) refs/heads/master refs/remotes/master [2ms]
[2022-10-18T11:22:31.521Z] > git for-each-ref --sort -committerdate --format %(refname) %(objectname) %(*objectname) [9ms]
[2022-10-18T11:22:31.522Z] > git remote --verbose [2ms]
[2022-10-18T11:22:31.535Z] > git config --get commit.template [1ms]
[2022-10-18T11:22:32.376Z] > git ls-files --stage -- /home/michail/work/Quanti/drmax-qa-tests/bash_scripts/run_azdo_pipelines.sh [2ms]
[2022-10-18T11:22:32.385Z] > git cat-file -s 335dc5630fbf75ed066da68f107c94e5568188b4 [1ms]
[2022-10-18T11:22:32.397Z] > git show --textconv :bash_scripts/run_azdo_pipelines.sh [1ms]
[2022-10-18T11:22:33.373Z] > git status -z -uall [2ms]
[2022-10-18T11:22:33.382Z] > git symbolic-ref --short HEAD [1ms]
[2022-10-18T11:22:33.390Z] > git for-each-ref --format=%(refname)%00%(upstream:short)%00%(objectname)%00%(upstream:track)%00%(upstream:remotename)%00%(upstream:remoteref) refs/heads/master refs/remotes/master [1ms]
[2022-10-18T11:22:33.406Z] > git for-each-ref --sort -committerdate --format %(refname) %(objectname) %(*objectname) [8ms]
[2022-10-18T11:22:33.406Z] > git remote --verbose [1ms]
[2022-10-18T11:22:33.415Z] > git config --get commit.template [1ms]
[2022-10-18T11:34:56.527Z] > git ls-files --stage -- /home/michail/work/Quanti/drmax-qa-tests/bash_scripts/run_azdo_pipelines.sh [1ms]
[2022-10-18T11:34:56.537Z] > git cat-file -s 335dc5630fbf75ed066da68f107c94e5568188b4 [1ms]
[2022-10-18T11:34:56.549Z] > git show --textconv :bash_scripts/run_azdo_pipelines.sh [1ms]
[2022-10-18T11:35:01.576Z] > git fetch [6222ms]
[2022-10-18T11:35:01.587Z] > git status -z -uall [3ms]
[2022-10-18T11:35:01.597Z] > git symbolic-ref --short HEAD [1ms]
[2022-10-18T11:35:01.609Z] > git for-each-ref --format=%(refname)%00%(upstream:short)%00%(objectname)%00%(upstream:track)%00%(upstream:remotename)%00%(upstream:remoteref) refs/heads/master refs/remotes/master [2ms]
[2022-10-18T11:35:01.626Z] > git for-each-ref --sort -committerdate --format %(refname) %(objectname) %(*objectname) [10ms]
[2022-10-18T11:35:01.626Z] > git remote --verbose [1ms]
[2022-10-18T11:35:01.638Z] > git config --get commit.template [1ms]
[2022-10-18T11:35:17.795Z] > git ls-files --stage -- /home/michail/work/Quanti/drmax-qa-tests/bash_scripts/run_azdo_pipelines.sh [2ms]
[2022-10-18T11:35:17.805Z] > git cat-file -s 335dc5630fbf75ed066da68f107c94e5568188b4 [2ms]
[2022-10-18T11:35:17.831Z] > git show --textconv :bash_scripts/run_azdo_pipelines.sh [2ms]
[2022-10-18T11:35:18.797Z] > git status -z -uall [2ms]
[2022-10-18T11:35:18.806Z] > git symbolic-ref --short HEAD [1ms]
[2022-10-18T11:35:18.816Z] > git for-each-ref --format=%(refname)%00%(upstream:short)%00%(objectname)%00%(upstream:track)%00%(upstream:remotename)%00%(upstream:remoteref) refs/heads/master refs/remotes/master [2ms]
[2022-10-18T11:35:18.831Z] > git for-each-ref --sort -committerdate --format %(refname) %(objectname) %(*objectname) [8ms]
[2022-10-18T11:35:18.831Z] > git remote --verbose [1ms]
[2022-10-18T11:35:18.841Z] > git config --get commit.template [1ms]
[2022-10-18T11:35:19.556Z] > git show --textconv :configs/sk_prod.config.ts [8ms]
[2022-10-18T11:35:19.557Z] > git ls-files --stage -- /home/michail/work/Quanti/drmax-qa-tests/configs/sk_prod.config.ts [2ms]
[2022-10-18T11:35:19.575Z] > git cat-file -s 4702227558e676c2b3da0e139d2b1e213ba55060 [10ms]
[2022-10-18T11:35:20.639Z] > git show --textconv :configs/sk_stage.config.ts [9ms]
[2022-10-18T11:35:20.640Z] > git ls-files --stage -- /home/michail/work/Quanti/drmax-qa-tests/configs/sk_stage.config.ts [3ms]
[2022-10-18T11:35:20.649Z] > git cat-file -s 841c42f199eb47069a47a791053565fd1f3f6089 [1ms]
[2022-10-18T11:39:29.484Z] > git ls-files --stage -- /home/michail/work/Quanti/drmax-qa-tests/configs/sk_stage.config.ts [2ms]
[2022-10-18T11:39:29.494Z] > git cat-file -s 841c42f199eb47069a47a791053565fd1f3f6089 [2ms]
[2022-10-18T11:39:29.508Z] > git show --textconv :configs/sk_stage.config.ts [1ms]
[2022-10-18T11:39:29.951Z] > git fetch [1646ms]
[2022-10-18T11:39:29.961Z] > git status -z -uall [2ms]
[2022-10-18T11:39:29.971Z] > git symbolic-ref --short HEAD [1ms]
[2022-10-18T11:39:29.981Z] > git for-each-ref --format=%(refname)%00%(upstream:short)%00%(objectname)%00%(upstream:track)%00%(upstream:remotename)%00%(upstream:remoteref) refs/heads/master refs/remotes/master [2ms]
[2022-10-18T11:39:29.996Z] > git for-each-ref --sort -committerdate --format %(refname) %(objectname) %(*objectname) [7ms]
[2022-10-18T11:39:29.997Z] > git remote --verbose [2ms]
[2022-10-18T11:39:30.010Z] > git config --get commit.template [1ms]
[2022-10-18T11:42:47.660Z] > git ls-files --stage -- /home/michail/work/Quanti/drmax-qa-tests/configs/sk_stage.config.ts [1ms]
[2022-10-18T11:42:47.669Z] > git cat-file -s 841c42f199eb47069a47a791053565fd1f3f6089 [1ms]
[2022-10-18T11:42:47.686Z] > git show --textconv :configs/sk_stage.config.ts [2ms]
[2022-10-18T11:42:52.007Z] > git fetch [4366ms]
[2022-10-18T11:42:52.020Z] > git status -z -uall [2ms]
[2022-10-18T11:42:52.031Z] > git symbolic-ref --short HEAD [1ms]
[2022-10-18T11:42:52.040Z] > git for-each-ref --format=%(refname)%00%(upstream:short)%00%(objectname)%00%(upstream:track)%00%(upstream:remotename)%00%(upstream:remoteref) refs/heads/master refs/remotes/master [1ms]
[2022-10-18T11:42:52.058Z] > git for-each-ref --sort -committerdate --format %(refname) %(objectname) %(*objectname) [9ms]
[2022-10-18T11:42:52.060Z] > git remote --verbose [3ms]
[2022-10-18T11:42:52.073Z] > git config --get commit.template [1ms]
[2022-10-18T11:43:55.851Z] > git ls-files --stage -- /home/michail/work/Quanti/drmax-qa-tests/configs/sk_stage.config.ts [1ms]
[2022-10-18T11:43:55.860Z] > git cat-file -s 841c42f199eb47069a47a791053565fd1f3f6089 [2ms]
[2022-10-18T11:43:55.903Z] > git show --textconv :configs/sk_stage.config.ts [2ms]
[2022-10-18T11:43:56.852Z] > git status -z -uall [3ms]
[2022-10-18T11:43:56.861Z] > git symbolic-ref --short HEAD [1ms]
[2022-10-18T11:43:56.870Z] > git for-each-ref --format=%(refname)%00%(upstream:short)%00%(objectname)%00%(upstream:track)%00%(upstream:remotename)%00%(upstream:remoteref) refs/heads/master refs/remotes/master [2ms]
[2022-10-18T11:43:56.886Z] > git for-each-ref --sort -committerdate --format %(refname) %(objectname) %(*objectname) [7ms]
[2022-10-18T11:43:56.886Z] > git remote --verbose [1ms]
[2022-10-18T11:43:56.897Z] > git config --get commit.template [1ms]
[2022-10-18T11:43:58.668Z] > git show --textconv :configs/ap_stage.config.ts [20ms]
[2022-10-18T11:43:58.670Z] > git ls-files --stage -- /home/michail/work/Quanti/drmax-qa-tests/configs/ap_stage.config.ts [14ms]
[2022-10-18T11:43:58.684Z] > git cat-file -s 86cdd282c664f96712cd837cdd6fd00a55b3eb35 [6ms]
[2022-10-18T11:53:08.401Z] > git ls-files --stage -- /home/michail/work/Quanti/drmax-qa-tests/configs/ap_stage.config.ts [2ms]
[2022-10-18T11:53:08.409Z] > git cat-file -s 86cdd282c664f96712cd837cdd6fd00a55b3eb35 [1ms]
[2022-10-18T11:53:08.421Z] > git show --textconv :configs/ap_stage.config.ts [2ms]
[2022-10-18T11:53:09.396Z] > git show --textconv :bash_scripts/run_azdo_pipelines.sh [9ms]
[2022-10-18T11:53:09.397Z] > git ls-files --stage -- /home/michail/work/Quanti/drmax-qa-tests/bash_scripts/run_azdo_pipelines.sh [2ms]
[2022-10-18T11:53:09.408Z] > git cat-file -s 335dc5630fbf75ed066da68f107c94e5568188b4 [2ms]
[2022-10-18T11:53:12.365Z] > git fetch [5149ms]
[2022-10-18T11:53:12.365Z] From ssh.dev.azure.com:v3/drmaxglobal/qaa-team/drmax-qa-tests
   c0e9ff0..8593fdf  feature/12349 -> origin/feature/12349
[2022-10-18T11:53:12.377Z] > git status -z -uall [3ms]
[2022-10-18T11:53:12.386Z] > git symbolic-ref --short HEAD [1ms]
[2022-10-18T11:53:12.394Z] > git for-each-ref --format=%(refname)%00%(upstream:short)%00%(objectname)%00%(upstream:track)%00%(upstream:remotename)%00%(upstream:remoteref) refs/heads/master refs/remotes/master [1ms]
[2022-10-18T11:53:12.410Z] > git for-each-ref --sort -committerdate --format %(refname) %(objectname) %(*objectname) [7ms]
[2022-10-18T11:53:12.410Z] > git remote --verbose [1ms]
[2022-10-18T11:53:12.420Z] > git config --get commit.template [2ms]
[2022-10-18T11:53:12.940Z] > git show --textconv :configs/sk_stage.config.ts [11ms]
[2022-10-18T11:53:12.942Z] > git ls-files --stage -- /home/michail/work/Quanti/drmax-qa-tests/configs/sk_stage.config.ts [5ms]
[2022-10-18T11:53:12.951Z] > git cat-file -s 841c42f199eb47069a47a791053565fd1f3f6089 [1ms]
[2022-10-18T11:53:13.559Z] > git ls-files --stage -- /home/michail/work/Quanti/drmax-qa-tests/configs/sk_stage.config.ts [1ms]
[2022-10-18T11:53:13.568Z] > git cat-file -s 841c42f199eb47069a47a791053565fd1f3f6089 [1ms]
[2022-10-18T11:53:13.634Z] > git show --textconv :configs/sk_stage.config.ts [2ms]
[2022-10-18T11:53:14.561Z] > git status -z -uall [3ms]
[2022-10-18T11:53:14.568Z] > git symbolic-ref --short HEAD [1ms]
[2022-10-18T11:53:14.577Z] > git for-each-ref --format=%(refname)%00%(upstream:short)%00%(objectname)%00%(upstream:track)%00%(upstream:remotename)%00%(upstream:remoteref) refs/heads/master refs/remotes/master [1ms]
[2022-10-18T11:53:14.594Z] > git for-each-ref --sort -committerdate --format %(refname) %(objectname) %(*objectname) [10ms]
[2022-10-18T11:53:14.594Z] > git remote --verbose [1ms]
[2022-10-18T11:53:14.602Z] > git config --get commit.template [1ms]
[2022-10-18T11:57:31.305Z] > git fetch [1274ms]
[2022-10-18T11:57:31.305Z] From ssh.dev.azure.com:v3/drmaxglobal/qaa-team/drmax-qa-tests
 * [new branch]      feature/12000 -> origin/feature/12000
[2022-10-18T11:57:31.316Z] > git status -z -uall [4ms]
[2022-10-18T11:57:31.326Z] > git symbolic-ref --short HEAD [1ms]
[2022-10-18T11:57:31.336Z] > git for-each-ref --format=%(refname)%00%(upstream:short)%00%(objectname)%00%(upstream:track)%00%(upstream:remotename)%00%(upstream:remoteref) refs/heads/master refs/remotes/master [1ms]
[2022-10-18T11:57:31.355Z] > git for-each-ref --sort -committerdate --format %(refname) %(objectname) %(*objectname) [11ms]
[2022-10-18T11:57:31.356Z] > git remote --verbose [2ms]
[2022-10-18T11:57:31.368Z] > git config --get commit.template [1ms]
[2022-10-18T11:59:33.787Z] > git ls-files --stage -- /home/michail/work/Quanti/drmax-qa-tests/configs/sk_stage.config.ts [1ms]
[2022-10-18T11:59:33.795Z] > git cat-file -s 841c42f199eb47069a47a791053565fd1f3f6089 [1ms]
[2022-10-18T11:59:33.839Z] > git show --textconv :configs/sk_stage.config.ts [1ms]
[2022-10-18T12:09:19.431Z] > git status -z -uall [2ms]
[2022-10-18T12:09:19.442Z] > git symbolic-ref --short HEAD [1ms]
[2022-10-18T12:09:19.452Z] > git for-each-ref --format=%(refname)%00%(upstream:short)%00%(objectname)%00%(upstream:track)%00%(upstream:remotename)%00%(upstream:remoteref) refs/heads/master refs/remotes/master [1ms]
[2022-10-18T12:09:19.472Z] > git for-each-ref --sort -committerdate --format %(refname) %(objectname) %(*objectname) [9ms]
[2022-10-18T12:09:19.474Z] > git remote --verbose [4ms]
[2022-10-18T12:09:19.485Z] > git config --get commit.template [1ms]
[2022-10-18T12:09:20.832Z] > git fetch [1414ms]
[2022-10-18T12:09:20.843Z] > git status -z -uall [3ms]
[2022-10-18T12:09:20.852Z] > git symbolic-ref --short HEAD [1ms]
[2022-10-18T12:09:20.862Z] > git for-each-ref --format=%(refname)%00%(upstream:short)%00%(objectname)%00%(upstream:track)%00%(upstream:remotename)%00%(upstream:remoteref) refs/heads/master refs/remotes/master [2ms]
[2022-10-18T12:09:20.876Z] > git for-each-ref --sort -committerdate --format %(refname) %(objectname) %(*objectname) [8ms]
[2022-10-18T12:09:20.876Z] > git remote --verbose [1ms]
[2022-10-18T12:09:20.885Z] > git config --get commit.template [0ms]
[2022-10-18T12:09:21.732Z] > git ls-files --stage -- /home/michail/work/Quanti/drmax-qa-tests/configs/sk_stage.config.ts [1ms]
[2022-10-18T12:09:21.742Z] > git cat-file -s 841c42f199eb47069a47a791053565fd1f3f6089 [2ms]
[2022-10-18T12:09:21.771Z] > git show --textconv :configs/sk_stage.config.ts [2ms]
[2022-10-18T12:14:09.489Z] > git status -z -uall [4ms]
[2022-10-18T12:14:09.497Z] > git symbolic-ref --short HEAD [1ms]
[2022-10-18T12:14:09.506Z] > git for-each-ref --format=%(refname)%00%(upstream:short)%00%(objectname)%00%(upstream:track)%00%(upstream:remotename)%00%(upstream:remoteref) refs/heads/master refs/remotes/master [1ms]
[2022-10-18T12:14:09.522Z] > git for-each-ref --sort -committerdate --format %(refname) %(objectname) %(*objectname) [9ms]
[2022-10-18T12:14:09.523Z] > git remote --verbose [1ms]
[2022-10-18T12:14:09.533Z] > git config --get commit.template [1ms]
[2022-10-18T12:14:10.646Z] > git ls-files --stage -- /home/michail/work/Quanti/drmax-qa-tests/configs/sk_stage.config.ts [1ms]
[2022-10-18T12:14:10.653Z] > git cat-file -s 841c42f199eb47069a47a791053565fd1f3f6089 [1ms]
[2022-10-18T12:14:10.665Z] > git show --textconv :configs/sk_stage.config.ts [2ms]
[2022-10-18T12:14:13.322Z] > git fetch [3848ms]
[2022-10-18T12:14:13.333Z] > git status -z -uall [3ms]
[2022-10-18T12:14:13.342Z] > git symbolic-ref --short HEAD [1ms]
[2022-10-18T12:14:13.351Z] > git for-each-ref --format=%(refname)%00%(upstream:short)%00%(objectname)%00%(upstream:track)%00%(upstream:remotename)%00%(upstream:remoteref) refs/heads/master refs/remotes/master [1ms]
[2022-10-18T12:14:13.366Z] > git for-each-ref --sort -committerdate --format %(refname) %(objectname) %(*objectname) [8ms]
[2022-10-18T12:14:13.367Z] > git remote --verbose [2ms]
[2022-10-18T12:14:13.378Z] > git config --get commit.template [1ms]
[2022-10-18T12:14:14.309Z] > git ls-files --stage -- /home/michail/work/Quanti/drmax-qa-tests/configs/sk_stage.config.ts [2ms]
[2022-10-18T12:14:14.317Z] > git cat-file -s 841c42f199eb47069a47a791053565fd1f3f6089 [1ms]
[2022-10-18T12:14:14.330Z] > git show --textconv :configs/sk_stage.config.ts [2ms]
[2022-10-18T12:14:15.314Z] > git status -z -uall [3ms]
[2022-10-18T12:14:15.322Z] > git symbolic-ref --short HEAD [1ms]
[2022-10-18T12:14:15.331Z] > git for-each-ref --format=%(refname)%00%(upstream:short)%00%(objectname)%00%(upstream:track)%00%(upstream:remotename)%00%(upstream:remoteref) refs/heads/master refs/remotes/master [2ms]
[2022-10-18T12:14:15.345Z] > git for-each-ref --sort -committerdate --format %(refname) %(objectname) %(*objectname) [7ms]
[2022-10-18T12:14:15.346Z] > git remote --verbose [1ms]
[2022-10-18T12:14:15.356Z] > git config --get commit.template [1ms]
[2022-10-18T12:21:15.948Z] > git fetch [1050ms]
[2022-10-18T12:21:15.948Z] From ssh.dev.azure.com:v3/drmaxglobal/qaa-team/drmax-qa-tests
   ec6c6c1..196297d  feature/14940 -> origin/feature/14940
[2022-10-18T12:21:15.958Z] > git status -z -uall [3ms]
[2022-10-18T12:21:15.967Z] > git symbolic-ref --short HEAD [1ms]
[2022-10-18T12:21:15.976Z] > git for-each-ref --format=%(refname)%00%(upstream:short)%00%(objectname)%00%(upstream:track)%00%(upstream:remotename)%00%(upstream:remoteref) refs/heads/master refs/remotes/master [2ms]
[2022-10-18T12:21:15.991Z] > git for-each-ref --sort -committerdate --format %(refname) %(objectname) %(*objectname) [9ms]
[2022-10-18T12:21:15.991Z] > git remote --verbose [1ms]
[2022-10-18T12:21:16.002Z] > git config --get commit.template [2ms]
[2022-10-18T12:21:17.113Z] > git ls-files --stage -- /home/michail/work/Quanti/drmax-qa-tests/configs/sk_stage.config.ts [1ms]
[2022-10-18T12:21:17.121Z] > git cat-file -s 841c42f199eb47069a47a791053565fd1f3f6089 [1ms]
[2022-10-18T12:21:17.133Z] > git show --textconv :configs/sk_stage.config.ts [1ms]
[2022-10-18T12:22:05.088Z] > git status -z -uall [3ms]
[2022-10-18T12:22:05.100Z] > git symbolic-ref --short HEAD [2ms]
[2022-10-18T12:22:05.109Z] > git for-each-ref --format=%(refname)%00%(upstream:short)%00%(objectname)%00%(upstream:track)%00%(upstream:remotename)%00%(upstream:remoteref) refs/heads/master refs/remotes/master [1ms]
[2022-10-18T12:22:05.128Z] > git for-each-ref --sort -committerdate --format %(refname) %(objectname) %(*objectname) [9ms]
[2022-10-18T12:22:05.128Z] > git remote --verbose [1ms]
[2022-10-18T12:22:05.139Z] > git config --get commit.template [1ms]
[2022-10-18T12:46:43.582Z] > git ls-files --stage -- /home/michail/work/Quanti/drmax-qa-tests/configs/sk_stage.config.ts [2ms]
[2022-10-18T12:46:43.591Z] > git cat-file -s 841c42f199eb47069a47a791053565fd1f3f6089 [2ms]
[2022-10-18T12:46:43.604Z] > git show --textconv :configs/sk_stage.config.ts [1ms]
[2022-10-18T12:46:43.766Z] > git fetch [1351ms]
[2022-10-18T12:46:43.777Z] > git status -z -uall [2ms]
[2022-10-18T12:46:43.788Z] > git symbolic-ref --short HEAD [1ms]
[2022-10-18T12:46:43.798Z] > git for-each-ref --format=%(refname)%00%(upstream:short)%00%(objectname)%00%(upstream:track)%00%(upstream:remotename)%00%(upstream:remoteref) refs/heads/master refs/remotes/master [2ms]
[2022-10-18T12:46:43.818Z] > git for-each-ref --sort -committerdate --format %(refname) %(objectname) %(*objectname) [10ms]
[2022-10-18T12:46:43.819Z] > git remote --verbose [2ms]
[2022-10-18T12:46:43.828Z] > git config --get commit.template [1ms]
[2022-10-18T12:46:44.992Z] > git show --textconv :configs/ro_stage.config.ts [13ms]
[2022-10-18T12:46:44.993Z] > git ls-files --stage -- /home/michail/work/Quanti/drmax-qa-tests/configs/ro_stage.config.ts [4ms]
[2022-10-18T12:46:45.007Z] > git cat-file -s 9ce6165c6f6155aaf8580c659d732b9f0aede4e5 [4ms]
[2022-10-18T12:46:45.816Z] > git status -z -uall [3ms]
[2022-10-18T12:46:45.828Z] > git symbolic-ref --short HEAD [1ms]
[2022-10-18T12:46:45.842Z] > git for-each-ref --format=%(refname)%00%(upstream:short)%00%(objectname)%00%(upstream:track)%00%(upstream:remotename)%00%(upstream:remoteref) refs/heads/master refs/remotes/master [5ms]
[2022-10-18T12:46:45.862Z] > git for-each-ref --sort -committerdate --format %(refname) %(objectname) %(*objectname) [10ms]
[2022-10-18T12:46:45.864Z] > git remote --verbose [4ms]
[2022-10-18T12:46:45.875Z] > git config --get commit.template [1ms]
[2022-10-18T12:56:53.686Z] > git ls-files --stage -- /home/michail/work/Quanti/drmax-qa-tests/configs/ro_stage.config.ts [1ms]
[2022-10-18T12:56:53.697Z] > git cat-file -s 9ce6165c6f6155aaf8580c659d732b9f0aede4e5 [1ms]
[2022-10-18T12:56:53.712Z] > git show --textconv :configs/ro_stage.config.ts [2ms]
[2022-10-18T12:56:54.065Z] > git fetch [1549ms]
[2022-10-18T12:56:54.076Z] > git status -z -uall [2ms]
[2022-10-18T12:56:54.087Z] > git symbolic-ref --short HEAD [1ms]
[2022-10-18T12:56:54.099Z] > git for-each-ref --format=%(refname)%00%(upstream:short)%00%(objectname)%00%(upstream:track)%00%(upstream:remotename)%00%(upstream:remoteref) refs/heads/master refs/remotes/master [2ms]
[2022-10-18T12:56:54.117Z] > git for-each-ref --sort -committerdate --format %(refname) %(objectname) %(*objectname) [9ms]
[2022-10-18T12:56:54.118Z] > git remote --verbose [2ms]
[2022-10-18T12:56:54.128Z] > git config --get commit.template [1ms]
[2022-10-18T12:56:55.114Z] > git ls-files --stage -- /home/michail/work/Quanti/drmax-qa-tests/configs/ro_stage.config.ts [1ms]
[2022-10-18T12:56:55.123Z] > git cat-file -s 9ce6165c6f6155aaf8580c659d732b9f0aede4e5 [2ms]
[2022-10-18T12:56:55.135Z] > git show --textconv :configs/ro_stage.config.ts [2ms]
[2022-10-18T12:56:56.117Z] > git status -z -uall [2ms]
[2022-10-18T12:56:56.126Z] > git symbolic-ref --short HEAD [1ms]
[2022-10-18T12:56:56.136Z] > git for-each-ref --format=%(refname)%00%(upstream:short)%00%(objectname)%00%(upstream:track)%00%(upstream:remotename)%00%(upstream:remoteref) refs/heads/master refs/remotes/master [1ms]
[2022-10-18T12:56:56.153Z] > git for-each-ref --sort -committerdate --format %(refname) %(objectname) %(*objectname) [9ms]
[2022-10-18T12:56:56.154Z] > git remote --verbose [2ms]
[2022-10-18T12:56:56.164Z] > git config --get commit.template [1ms]
[2022-10-18T12:56:58.530Z] > git show --textconv :specs/content/homepage.ts [22ms]
[2022-10-18T12:56:58.530Z] > git ls-files --stage -- /home/michail/work/Quanti/drmax-qa-tests/specs/content/homepage.ts [14ms]
[2022-10-18T12:56:58.543Z] > git cat-file -s 6df862d6d5beb4d3f2eb4692a2a43c70fee916e7 [5ms]
[2022-10-18T13:04:21.448Z] > git fetch [1185ms]
[2022-10-18T13:04:21.457Z] > git status -z -uall [2ms]
[2022-10-18T13:04:21.465Z] > git symbolic-ref --short HEAD [1ms]
[2022-10-18T13:04:21.473Z] > git for-each-ref --format=%(refname)%00%(upstream:short)%00%(objectname)%00%(upstream:track)%00%(upstream:remotename)%00%(upstream:remoteref) refs/heads/master refs/remotes/master [1ms]
[2022-10-18T13:04:21.489Z] > git for-each-ref --sort -committerdate --format %(refname) %(objectname) %(*objectname) [9ms]
[2022-10-18T13:04:21.489Z] > git remote --verbose [1ms]
[2022-10-18T13:04:21.498Z] > git config --get commit.template [1ms]
[2022-10-18T13:04:22.496Z] > git ls-files --stage -- /home/michail/work/Quanti/drmax-qa-tests/specs/content/homepage.ts [1ms]
[2022-10-18T13:04:22.505Z] > git cat-file -s 6df862d6d5beb4d3f2eb4692a2a43c70fee916e7 [2ms]
[2022-10-18T13:04:22.516Z] > git show --textconv :specs/content/homepage.ts [2ms]
[2022-10-18T13:04:23.501Z] > git status -z -uall [6ms]
[2022-10-18T13:04:23.510Z] > git symbolic-ref --short HEAD [1ms]
[2022-10-18T13:04:23.518Z] > git for-each-ref --format=%(refname)%00%(upstream:short)%00%(objectname)%00%(upstream:track)%00%(upstream:remotename)%00%(upstream:remoteref) refs/heads/master refs/remotes/master [1ms]
[2022-10-18T13:04:23.532Z] > git for-each-ref --sort -committerdate --format %(refname) %(objectname) %(*objectname) [7ms]
[2022-10-18T13:04:23.534Z] > git remote --verbose [2ms]
[2022-10-18T13:04:23.542Z] > git config --get commit.template [1ms]
[2022-10-19T08:25:34.358Z] > git fetch [3345ms]
[2022-10-19T08:25:34.358Z] From ssh.dev.azure.com:v3/drmaxglobal/qaa-team/drmax-qa-tests
   8593fdf..aa4049a  feature/12349 -> origin/feature/12349
 + 196297d...45cd743 feature/14940 -> origin/feature/14940  (forced update)
 * [new branch]      fix/15444     -> origin/fix/15444
[2022-10-19T08:25:34.366Z] > git status -z -uall [2ms]
[2022-10-19T08:25:34.374Z] > git symbolic-ref --short HEAD [1ms]
[2022-10-19T08:25:34.383Z] > git for-each-ref --format=%(refname)%00%(upstream:short)%00%(objectname)%00%(upstream:track)%00%(upstream:remotename)%00%(upstream:remoteref) refs/heads/master refs/remotes/master [2ms]
[2022-10-19T08:25:34.397Z] > git for-each-ref --sort -committerdate --format %(refname) %(objectname) %(*objectname) [8ms]
[2022-10-19T08:25:34.398Z] > git remote --verbose [2ms]
[2022-10-19T08:25:34.407Z] > git config --get commit.template [1ms]
[2022-10-19T08:25:34.467Z] > git ls-files --stage -- /home/michail/work/Quanti/drmax-qa-tests/specs/content/homepage.ts [2ms]
[2022-10-19T08:25:34.478Z] > git cat-file -s 6df862d6d5beb4d3f2eb4692a2a43c70fee916e7 [1ms]
[2022-10-19T08:25:34.505Z] > git show --textconv :specs/content/homepage.ts [1ms]
[2022-10-19T08:25:35.470Z] > git status -z -uall [3ms]
[2022-10-19T08:25:35.477Z] > git symbolic-ref --short HEAD [1ms]
[2022-10-19T08:25:35.484Z] > git for-each-ref --format=%(refname)%00%(upstream:short)%00%(objectname)%00%(upstream:track)%00%(upstream:remotename)%00%(upstream:remoteref) refs/heads/master refs/remotes/master [2ms]
[2022-10-19T08:25:35.496Z] > git for-each-ref --sort -committerdate --format %(refname) %(objectname) %(*objectname) [6ms]
[2022-10-19T08:25:35.496Z] > git remote --verbose [1ms]
[2022-10-19T08:25:35.504Z] > git config --get commit.template [1ms]
[2022-10-19T08:49:10.091Z] > git fetch [2287ms]
[2022-10-19T08:49:10.101Z] > git status -z -uall [3ms]
[2022-10-19T08:49:10.109Z] > git symbolic-ref --short HEAD [1ms]
[2022-10-19T08:49:10.118Z] > git for-each-ref --format=%(refname)%00%(upstream:short)%00%(objectname)%00%(upstream:track)%00%(upstream:remotename)%00%(upstream:remoteref) refs/heads/master refs/remotes/master [1ms]
[2022-10-19T08:49:10.133Z] > git for-each-ref --sort -committerdate --format %(refname) %(objectname) %(*objectname) [8ms]
[2022-10-19T08:49:10.134Z] > git remote --verbose [2ms]
[2022-10-19T08:49:10.143Z] > git config --get commit.template [1ms]
[2022-10-19T10:02:17.611Z] > git ls-files --stage -- /home/michail/work/Quanti/drmax-qa-tests/specs/content/homepage.ts [1ms]
[2022-10-19T10:02:17.622Z] > git cat-file -s 6df862d6d5beb4d3f2eb4692a2a43c70fee916e7 [2ms]
[2022-10-19T10:02:17.642Z] > git show --textconv :specs/content/homepage.ts [2ms]
[2022-10-19T10:02:18.769Z] > git fetch [1178ms]
[2022-10-19T10:02:18.780Z] > git status -z -uall [3ms]
[2022-10-19T10:02:18.789Z] > git symbolic-ref --short HEAD [1ms]
[2022-10-19T10:02:18.797Z] > git for-each-ref --format=%(refname)%00%(upstream:short)%00%(objectname)%00%(upstream:track)%00%(upstream:remotename)%00%(upstream:remoteref) refs/heads/master refs/remotes/master [1ms]
[2022-10-19T10:02:18.814Z] > git for-each-ref --sort -committerdate --format %(refname) %(objectname) %(*objectname) [9ms]
[2022-10-19T10:02:18.814Z] > git remote --verbose [1ms]
[2022-10-19T10:02:18.825Z] > git config --get commit.template [1ms]
[2022-10-19T10:51:49.701Z] > git ls-files --stage -- /home/michail/work/Quanti/drmax-qa-tests/specs/content/homepage.ts [2ms]
[2022-10-19T10:51:49.716Z] > git cat-file -s 6df862d6d5beb4d3f2eb4692a2a43c70fee916e7 [3ms]
[2022-10-19T10:51:49.803Z] > git show --textconv :specs/content/homepage.ts [1ms]
[2022-10-19T10:51:50.908Z] > git ls-files --stage -- /home/michail/work/Quanti/drmax-qa-tests/specs/content/homepage.ts [2ms]
[2022-10-19T10:51:50.920Z] > git cat-file -s 6df862d6d5beb4d3f2eb4692a2a43c70fee916e7 [2ms]
[2022-10-19T10:51:50.937Z] > git show --textconv :specs/content/homepage.ts [2ms]
[2022-10-19T10:51:51.165Z] > git fetch [1486ms]
[2022-10-19T10:51:51.179Z] > git status -z -uall [3ms]
[2022-10-19T10:51:51.192Z] > git symbolic-ref --short HEAD [2ms]
[2022-10-19T10:51:51.204Z] > git for-each-ref --format=%(refname)%00%(upstream:short)%00%(objectname)%00%(upstream:track)%00%(upstream:remotename)%00%(upstream:remoteref) refs/heads/master refs/remotes/master [1ms]
[2022-10-19T10:51:51.228Z] > git for-each-ref --sort -committerdate --format %(refname) %(objectname) %(*objectname) [11ms]
[2022-10-19T10:51:51.229Z] > git remote --verbose [2ms]
[2022-10-19T10:51:51.244Z] > git config --get commit.template [2ms]
[2022-10-19T10:51:52.224Z] > git ls-files --stage -- /home/michail/work/Quanti/drmax-qa-tests/specs/content/homepage.ts [2ms]
[2022-10-19T10:51:52.238Z] > git cat-file -s 6df862d6d5beb4d3f2eb4692a2a43c70fee916e7 [1ms]
[2022-10-19T10:51:52.254Z] > git show --textconv :specs/content/homepage.ts [2ms]
[2022-10-19T10:51:53.068Z] > git show --textconv :configs/cz_upgrade_stage.config.ts [34ms]
[2022-10-19T10:51:53.071Z] > git ls-files --stage -- /home/michail/work/Quanti/drmax-qa-tests/configs/cz_upgrade_stage.config.ts [24ms]
[2022-10-19T10:51:53.100Z] > git cat-file -s 1cddc1c14c405eb86f95ca696ded763c5b107086 [15ms]
[2022-10-19T10:51:53.228Z] > git status -z -uall [5ms]
[2022-10-19T10:51:53.241Z] > git symbolic-ref --short HEAD [1ms]
[2022-10-19T10:51:53.257Z] > git for-each-ref --format=%(refname)%00%(upstream:short)%00%(objectname)%00%(upstream:track)%00%(upstream:remotename)%00%(upstream:remoteref) refs/heads/master refs/remotes/master [0ms]
[2022-10-19T10:51:53.283Z] > git for-each-ref --sort -committerdate --format %(refname) %(objectname) %(*objectname) [13ms]
[2022-10-19T10:51:53.283Z] > git remote --verbose [1ms]
[2022-10-19T10:51:53.296Z] > git config --get commit.template [1ms]
[2022-10-19T11:08:11.602Z] > git ls-files --stage -- /home/michail/work/Quanti/drmax-qa-tests/configs/cz_upgrade_stage.config.ts [1ms]
[2022-10-19T11:08:11.613Z] > git cat-file -s 1cddc1c14c405eb86f95ca696ded763c5b107086 [1ms]
[2022-10-19T11:08:11.628Z] > git show --textconv :configs/cz_upgrade_stage.config.ts [2ms]
[2022-10-19T11:08:12.199Z] > git fetch [1807ms]
[2022-10-19T11:08:12.212Z] > git status -z -uall [3ms]
[2022-10-19T11:08:12.222Z] > git symbolic-ref --short HEAD [1ms]
[2022-10-19T11:08:12.234Z] > git for-each-ref --format=%(refname)%00%(upstream:short)%00%(objectname)%00%(upstream:track)%00%(upstream:remotename)%00%(upstream:remoteref) refs/heads/master refs/remotes/master [2ms]
[2022-10-19T11:08:12.254Z] > git for-each-ref --sort -committerdate --format %(refname) %(objectname) %(*objectname) [10ms]
[2022-10-19T11:08:12.255Z] > git remote --verbose [2ms]
[2022-10-19T11:08:12.267Z] > git config --get commit.template [1ms]
[2022-10-19T11:57:32.180Z] > git ls-files --stage -- /home/michail/work/Quanti/drmax-qa-tests/configs/cz_upgrade_stage.config.ts [3ms]
[2022-10-19T11:57:32.192Z] > git cat-file -s 1cddc1c14c405eb86f95ca696ded763c5b107086 [2ms]
[2022-10-19T11:57:32.211Z] > git show --textconv :configs/cz_upgrade_stage.config.ts [2ms]
[2022-10-19T11:57:33.447Z] > git fetch [1338ms]
[2022-10-19T11:57:33.462Z] > git status -z -uall [2ms]
[2022-10-19T11:57:33.474Z] > git symbolic-ref --short HEAD [1ms]
[2022-10-19T11:57:33.486Z] > git for-each-ref --format=%(refname)%00%(upstream:short)%00%(objectname)%00%(upstream:track)%00%(upstream:remotename)%00%(upstream:remoteref) refs/heads/master refs/remotes/master [2ms]
[2022-10-19T11:57:33.505Z] > git for-each-ref --sort -committerdate --format %(refname) %(objectname) %(*objectname) [10ms]
[2022-10-19T11:57:33.505Z] > git remote --verbose [1ms]
[2022-10-19T11:57:33.519Z] > git config --get commit.template [1ms]
[2022-10-19T11:59:17.001Z] > git ls-files --stage -- /home/michail/work/Quanti/drmax-qa-tests/configs/cz_upgrade_stage.config.ts [1ms]
[2022-10-19T11:59:17.014Z] > git cat-file -s 1cddc1c14c405eb86f95ca696ded763c5b107086 [2ms]
[2022-10-19T11:59:17.068Z] > git show --textconv :configs/cz_upgrade_stage.config.ts [2ms]
[2022-10-19T12:07:54.278Z] > git status -z -uall [4ms]
[2022-10-19T12:07:54.296Z] > git symbolic-ref --short HEAD [2ms]
[2022-10-19T12:07:54.315Z] > git for-each-ref --format=%(refname)%00%(upstream:short)%00%(objectname)%00%(upstream:track)%00%(upstream:remotename)%00%(upstream:remoteref) refs/heads/master refs/remotes/master [3ms]
[2022-10-19T12:07:54.343Z] > git for-each-ref --sort -committerdate --format %(refname) %(objectname) %(*objectname) [13ms]
[2022-10-19T12:07:54.344Z] > git remote --verbose [2ms]
[2022-10-19T12:07:54.358Z] > git config --get commit.template [1ms]
[2022-10-19T12:07:55.502Z] > git ls-files --stage -- /home/michail/work/Quanti/drmax-qa-tests/configs/cz_upgrade_stage.config.ts [1ms]
[2022-10-19T12:07:55.513Z] > git cat-file -s 1cddc1c14c405eb86f95ca696ded763c5b107086 [2ms]
[2022-10-19T12:07:55.527Z] > git show --textconv :configs/cz_upgrade_stage.config.ts [2ms]
[2022-10-19T12:07:55.684Z] > git fetch [1427ms]
[2022-10-19T12:07:55.697Z] > git status -z -uall [3ms]
[2022-10-19T12:07:55.708Z] > git symbolic-ref --short HEAD [1ms]
[2022-10-19T12:07:55.721Z] > git for-each-ref --format=%(refname)%00%(upstream:short)%00%(objectname)%00%(upstream:track)%00%(upstream:remotename)%00%(upstream:remoteref) refs/heads/master refs/remotes/master [2ms]
[2022-10-19T12:07:55.743Z] > git for-each-ref --sort -committerdate --format %(refname) %(objectname) %(*objectname) [11ms]
[2022-10-19T12:07:55.744Z] > git remote --verbose [2ms]
[2022-10-19T12:07:55.757Z] > git config --get commit.template [1ms]
[2022-10-19T12:07:56.678Z] > git ls-files --stage -- /home/michail/work/Quanti/drmax-qa-tests/configs/cz_upgrade_stage.config.ts [2ms]
[2022-10-19T12:07:56.693Z] > git cat-file -s 1cddc1c14c405eb86f95ca696ded763c5b107086 [2ms]
[2022-10-19T12:07:56.712Z] > git show --textconv :configs/cz_upgrade_stage.config.ts [2ms]
[2022-10-19T12:07:59.374Z] > git status -z -uall [3ms]
[2022-10-19T12:07:59.385Z] > git symbolic-ref --short HEAD [1ms]
[2022-10-19T12:07:59.397Z] > git for-each-ref --format=%(refname)%00%(upstream:short)%00%(objectname)%00%(upstream:track)%00%(upstream:remotename)%00%(upstream:remoteref) refs/heads/master refs/remotes/master [2ms]
[2022-10-19T12:07:59.416Z] > git for-each-ref --sort -committerdate --format %(refname) %(objectname) %(*objectname) [10ms]
[2022-10-19T12:07:59.416Z] > git remote --verbose [1ms]
[2022-10-19T12:07:59.428Z] > git config --get commit.template [1ms]
[2022-10-19T12:08:15.791Z] > git check-ignore -v -z --stdin [2ms]
[2022-10-19T12:08:19.259Z] > git show --textconv :lambdatest_config.json [15ms]
[2022-10-19T12:08:19.260Z] > git ls-files --stage -- /home/michail/work/Quanti/drmax-qa-tests/lambdatest_config.json [2ms]
[2022-10-19T12:08:19.274Z] > git cat-file -s 11057b9ec4a119ed6c8979963054f40136342e09 [2ms]
[2022-10-19T12:08:24.116Z] > git check-ignore -v -z --stdin [1ms]
[2022-10-19T12:08:28.925Z] > git check-ignore -v -z --stdin [1ms]
[2022-10-19T12:08:30.180Z] > git check-ignore -v -z --stdin [1ms]
[2022-10-19T12:08:30.772Z] > git check-ignore -v -z --stdin [1ms]
[2022-10-19T12:08:31.472Z] > git check-ignore -v -z --stdin [2ms]
[2022-10-19T12:08:32.962Z] > git check-ignore -v -z --stdin [1ms]
[2022-10-19T12:08:34.626Z] > git check-ignore -v -z --stdin [2ms]
[2022-10-19T12:08:38.119Z] > git check-ignore -v -z --stdin [3ms]
[2022-10-19T12:08:41.825Z] > git check-ignore -v -z --stdin [1ms]
[2022-10-19T12:08:42.411Z] > git check-ignore -v -z --stdin [1ms]
[2022-10-19T12:12:09.147Z] > git fetch [1212ms]
[2022-10-19T12:12:09.161Z] > git status -z -uall [4ms]
[2022-10-19T12:12:09.173Z] > git symbolic-ref --short HEAD [2ms]
[2022-10-19T12:12:09.184Z] > git for-each-ref --format=%(refname)%00%(upstream:short)%00%(objectname)%00%(upstream:track)%00%(upstream:remotename)%00%(upstream:remoteref) refs/heads/master refs/remotes/master [2ms]
[2022-10-19T12:12:09.203Z] > git for-each-ref --sort -committerdate --format %(refname) %(objectname) %(*objectname) [10ms]
[2022-10-19T12:12:09.204Z] > git remote --verbose [1ms]
[2022-10-19T12:12:09.216Z] > git config --get commit.template [1ms]
