[Info  - 10:47:07.856] Reading sessions from keychain...
[Info  - 10:47:08.245] Getting sessions for user:email...
[Trace  - 10:47:08.347] Token acquired from secret storage.
[Info  - 10:47:08.367] Got stored sessions!
[Trace  - 10:47:08.367] Read the following session from the keychain with the following scopes: read:user
[Trace  - 10:47:08.367] Read the following session from the keychain with the following scopes: user:email
[Info  - 10:47:08.380] Got 2 verified sessions.
[Info  - 10:47:08.380] Got 1 sessions for user:email...
[Info  - 10:47:08.405] Getting sessions for read:user...
[Info  - 10:47:08.405] Got 1 sessions for read:user...
[Info  - 10:47:08.453] Getting sessions for all scopes...
[Info  - 10:47:08.457] Got 2 sessions for ...
[Info  - 11:12:08.875] Getting sessions for read:user...
[Info  - 11:12:08.876] Got 1 sessions for read:user...
[Info  - 11:37:09.317] Getting sessions for read:user...
[Info  - 11:37:09.317] Got 1 sessions for read:user...
[Info  - 12:02:09.716] Getting sessions for read:user...
[Info  - 12:02:09.716] Got 1 sessions for read:user...
[Info  - 12:27:10.325] Getting sessions for read:user...
[Info  - 12:27:10.326] Got 1 sessions for read:user...
[Info  - 13:01:20.671] Getting sessions for read:user...
[Info  - 13:01:20.671] Got 1 sessions for read:user...
[Info  - 13:26:24.20] Getting sessions for read:user...
[Info  - 13:26:24.20] Got 1 sessions for read:user...
[Info  - 13:51:25.179] Getting sessions for read:user...
[Info  - 13:51:25.180] Got 1 sessions for read:user...
[Info  - 07:42:29.576] Getting sessions for read:user...
[Info  - 07:42:29.576] Got 1 sessions for read:user...
[Info  - 08:07:30.55] Getting sessions for read:user...
[Info  - 08:07:30.55] Got 1 sessions for read:user...
[Info  - 08:33:39.375] Getting sessions for read:user...
[Info  - 08:33:39.375] Got 1 sessions for read:user...
[Info  - 08:59:39.840] Getting sessions for read:user...
[Info  - 08:59:39.840] Got 1 sessions for read:user...
[Info  - 09:24:40.472] Getting sessions for read:user...
[Info  - 09:24:40.472] Got 1 sessions for read:user...
[Info  - 09:49:41.49] Getting sessions for read:user...
[Info  - 09:49:41.50] Got 1 sessions for read:user...
[Info  - 10:54:14.106] Getting sessions for read:user...
[Info  - 10:54:14.106] Got 1 sessions for read:user...
[Info  - 11:19:14.503] Getting sessions for read:user...
[Info  - 11:19:14.504] Got 1 sessions for read:user...
[Info  - 11:44:14.976] Getting sessions for read:user...
[Info  - 11:44:14.976] Got 1 sessions for read:user...
[Info  - 12:09:15.489] Getting sessions for read:user...
[Info  - 12:09:15.490] Got 1 sessions for read:user...
[Info  - 13:16:32.135] Getting sessions for read:user...
[Info  - 13:16:32.135] Got 1 sessions for read:user...
