[2022-10-20T11:49:53.780Z] Log level: Info
[2022-10-20T11:49:53.787Z] [info] Validating found git in: git
[2022-10-20T11:49:53.824Z] [info] Using git 2.38.1 from git
[2022-10-20T11:49:53.845Z] > git rev-parse --show-toplevel [8ms]
[2022-10-20T11:49:53.858Z] > git rev-parse --git-dir --git-common-dir [3ms]
[2022-10-20T11:49:53.864Z] [info] Open repository: /home/michail/work/Quanti/drmax-qa-tests
[2022-10-20T11:49:54.755Z] > git status -z -uall [870ms]
[2022-10-20T11:49:54.772Z] > git fetch [897ms]
[2022-10-20T11:49:54.772Z] error: cannot run ssh: No such file or directory
fatal: unable to fork
[2022-10-20T11:49:55.103Z] > git check-ignore -v -z --stdin [313ms]
[2022-10-20T11:49:55.110Z] > git symbolic-ref --short HEAD [339ms]
[2022-10-20T11:49:55.123Z] > git rev-parse --show-toplevel [1230ms]
[2022-10-20T11:49:55.156Z] > git rev-parse --show-toplevel [19ms]
[2022-10-20T11:49:55.171Z] > git for-each-ref --format=%(refname)%00%(upstream:short)%00%(objectname)%00%(upstream:track)%00%(upstream:remotename)%00%(upstream:remoteref) refs/heads/master refs/remotes/master [48ms]
[2022-10-20T11:49:55.241Z] > git remote --verbose [38ms]
[2022-10-20T11:49:55.243Z] > git for-each-ref --sort -committerdate --format %(refname) %(objectname) %(*objectname) [57ms]
[2022-10-20T11:49:55.252Z] > git rev-parse --show-toplevel [81ms]
[2022-10-20T11:49:55.283Z] > git rev-parse --show-toplevel [14ms]
[2022-10-20T11:49:55.293Z] > git config --get commit.template [11ms]
[2022-10-20T11:49:55.323Z] > git status -z -uall [17ms]
[2022-10-20T11:49:55.337Z] > git check-ignore -v -z --stdin [16ms]
[2022-10-20T11:49:55.338Z] > git rev-parse --show-toplevel [46ms]
[2022-10-20T11:49:55.362Z] > git symbolic-ref --short HEAD [25ms]
[2022-10-20T11:49:55.377Z] > git rev-parse --show-toplevel [23ms]
[2022-10-20T11:49:55.394Z] > git for-each-ref --format=%(refname)%00%(upstream:short)%00%(objectname)%00%(upstream:track)%00%(upstream:remotename)%00%(upstream:remoteref) refs/heads/master refs/remotes/master [18ms]
[2022-10-20T11:49:55.517Z] > git remote --verbose [91ms]
[2022-10-20T11:49:55.518Z] > git for-each-ref --sort -committerdate --format %(refname) %(objectname) %(*objectname) [111ms]
[2022-10-20T11:49:55.521Z] > git rev-parse --show-toplevel [128ms]
[2022-10-20T11:49:55.657Z] > git rev-parse --show-toplevel [118ms]
[2022-10-20T11:49:55.683Z] > git rev-parse --show-toplevel [11ms]
[2022-10-20T11:49:55.698Z] > git config --get commit.template [140ms]
[2022-10-20T11:49:55.717Z] > git rev-parse --show-toplevel [20ms]
[2022-10-20T11:49:55.799Z] > git show --textconv :cypress/handlers/nsf/general-handler.ts [59ms]
[2022-10-20T11:49:55.822Z] > git ls-files --stage -- /home/michail/work/Quanti/drmax-qa-tests/cypress/handlers/nsf/general-handler.ts [51ms]
[2022-10-20T11:49:55.905Z] > git cat-file -s c2be43fd47603ccec4abf509de0bcb82e2f9ce2b [68ms]
[2022-10-20T11:49:56.066Z] > git ls-files --stage -- /home/michail/work/Quanti/drmax-qa-tests/cypress/handlers/nsf/general-handler.ts [74ms]
[2022-10-20T11:49:56.154Z] > git cat-file -s c2be43fd47603ccec4abf509de0bcb82e2f9ce2b [67ms]
[2022-10-20T11:49:56.253Z] > git show --textconv :cypress/handlers/nsf/general-handler.ts [32ms]
[2022-10-20T11:50:05.296Z] > git show --textconv HEAD:bash_scripts/run_azdo_pipelines.sh [15ms]
[2022-10-20T11:50:05.296Z] > git ls-tree -l HEAD -- /home/michail/work/Quanti/drmax-qa-tests/bash_scripts/run_azdo_pipelines.sh [4ms]
[2022-10-20T11:50:09.697Z] > git ls-tree -l HEAD -- /home/michail/work/Quanti/drmax-qa-tests/bash_scripts/run_azdo_pipelines.sh [14ms]
[2022-10-20T11:50:09.699Z] > git checkout -q -- /home/michail/work/Quanti/drmax-qa-tests/bash_scripts/run_azdo_pipelines.sh [3ms]
[2022-10-20T11:50:09.715Z] > git status -z -uall [3ms]
[2022-10-20T11:50:09.729Z] > git symbolic-ref --short HEAD [3ms]
[2022-10-20T11:50:09.739Z] > git for-each-ref --format=%(refname)%00%(upstream:short)%00%(objectname)%00%(upstream:track)%00%(upstream:remotename)%00%(upstream:remoteref) refs/heads/master refs/remotes/master [3ms]
[2022-10-20T11:50:09.766Z] > git for-each-ref --sort -committerdate --format %(refname) %(objectname) %(*objectname) [16ms]
[2022-10-20T11:50:09.767Z] > git remote --verbose [5ms]
[2022-10-20T11:50:09.783Z] > git config --get commit.template [0ms]
[2022-10-20T11:50:10.887Z] > git ls-tree -l HEAD -- /home/michail/work/Quanti/drmax-qa-tests/bash_scripts/run_azdo_pipelines.sh [3ms]
[2022-10-20T11:50:10.908Z] > git show --textconv HEAD:bash_scripts/run_azdo_pipelines.sh [4ms]
[2022-10-20T11:50:11.882Z] > git status -z -uall [3ms]
[2022-10-20T11:50:11.892Z] > git symbolic-ref --short HEAD [2ms]
[2022-10-20T11:50:11.902Z] > git for-each-ref --format=%(refname)%00%(upstream:short)%00%(objectname)%00%(upstream:track)%00%(upstream:remotename)%00%(upstream:remoteref) refs/heads/master refs/remotes/master [2ms]
[2022-10-20T11:50:11.918Z] > git for-each-ref --sort -committerdate --format %(refname) %(objectname) %(*objectname) [9ms]
[2022-10-20T11:50:11.919Z] > git remote --verbose [1ms]
[2022-10-20T11:50:11.930Z] > git config --get commit.template [1ms]
[2022-10-20T11:50:20.952Z] > git status -z -uall [5ms]
[2022-10-20T11:50:20.962Z] > git symbolic-ref --short HEAD [1ms]
[2022-10-20T11:50:20.972Z] > git for-each-ref --format=%(refname)%00%(upstream:short)%00%(objectname)%00%(upstream:track)%00%(upstream:remotename)%00%(upstream:remoteref) refs/heads/master refs/remotes/master [1ms]
[2022-10-20T11:50:20.990Z] > git for-each-ref --sort -committerdate --format %(refname) %(objectname) %(*objectname) [11ms]
[2022-10-20T11:50:20.992Z] > git remote --verbose [3ms]
[2022-10-20T11:50:21.007Z] > git config --get commit.template [1ms]
[2022-10-20T11:50:21.045Z] > git ls-tree -l HEAD -- /home/michail/work/Quanti/drmax-qa-tests/bash_scripts/run_azdo_pipelines.sh [2ms]
[2022-10-20T11:50:21.057Z] > git show --textconv HEAD:bash_scripts/run_azdo_pipelines.sh [1ms]
[2022-10-20T11:50:26.025Z] > git status -z -uall [5ms]
[2022-10-20T11:50:26.040Z] > git symbolic-ref --short HEAD [2ms]
[2022-10-20T11:50:26.057Z] > git for-each-ref --format=%(refname)%00%(upstream:short)%00%(objectname)%00%(upstream:track)%00%(upstream:remotename)%00%(upstream:remoteref) refs/heads/master refs/remotes/master [2ms]
[2022-10-20T11:50:26.084Z] > git for-each-ref --sort -committerdate --format %(refname) %(objectname) %(*objectname) [14ms]
[2022-10-20T11:50:26.086Z] > git remote --verbose [3ms]
[2022-10-20T11:50:26.101Z] > git config --get commit.template [3ms]
[2022-10-20T11:50:53.072Z] > git ls-tree -l HEAD -- /home/michail/work/Quanti/drmax-qa-tests/bash_scripts/run_azdo_pipelines.sh [2ms]
[2022-10-20T11:51:19.322Z] > git status -z -uall [2ms]
[2022-10-20T11:51:19.335Z] > git symbolic-ref --short HEAD [8ms]
[2022-10-20T11:51:19.341Z] > git check-ignore -v -z --stdin [7ms]
[2022-10-20T11:51:19.342Z] > git for-each-ref --format=%(refname)%00%(upstream:short)%00%(objectname)%00%(upstream:track)%00%(upstream:remotename)%00%(upstream:remoteref) refs/heads/master refs/remotes/master [2ms]
[2022-10-20T11:51:19.354Z] > git for-each-ref --sort -committerdate --format %(refname) %(objectname) %(*objectname) [6ms]
[2022-10-20T11:51:19.354Z] > git remote --verbose [1ms]
[2022-10-20T11:51:19.363Z] > git config --get commit.template [0ms]
[2022-10-20T11:51:49.887Z] > git status -z -uall [2ms]
[2022-10-20T11:51:49.894Z] > git symbolic-ref --short HEAD [1ms]
[2022-10-20T11:51:49.901Z] > git for-each-ref --format=%(refname)%00%(upstream:short)%00%(objectname)%00%(upstream:track)%00%(upstream:remotename)%00%(upstream:remoteref) refs/heads/master refs/remotes/master [1ms]
[2022-10-20T11:51:49.913Z] > git for-each-ref --sort -committerdate --format %(refname) %(objectname) %(*objectname) [6ms]
[2022-10-20T11:51:49.914Z] > git remote --verbose [2ms]
[2022-10-20T11:51:49.923Z] > git config --get commit.template [1ms]
[2022-10-20T11:52:53.882Z] > git status -z -uall [2ms]
[2022-10-20T11:52:53.889Z] > git symbolic-ref --short HEAD [1ms]
[2022-10-20T11:52:53.896Z] > git for-each-ref --format=%(refname)%00%(upstream:short)%00%(objectname)%00%(upstream:track)%00%(upstream:remotename)%00%(upstream:remoteref) refs/heads/master refs/remotes/master [2ms]
[2022-10-20T11:52:53.907Z] > git for-each-ref --sort -committerdate --format %(refname) %(objectname) %(*objectname) [6ms]
[2022-10-20T11:52:53.907Z] > git remote --verbose [1ms]
[2022-10-20T11:52:53.917Z] > git config --get commit.template [1ms]
[2022-10-20T11:52:54.788Z] > git fetch [3ms]
[2022-10-20T11:52:54.788Z] error: cannot run ssh: No such file or directory
fatal: unable to fork
[2022-10-20T11:52:55.959Z] > git ls-tree -l HEAD -- /home/michail/work/Quanti/drmax-qa-tests/bash_scripts/run_azdo_pipelines.sh [2ms]
[2022-10-20T11:52:55.976Z] > git show --textconv HEAD:bash_scripts/run_azdo_pipelines.sh [2ms]
[2022-10-20T11:52:58.928Z] > git status -z -uall [2ms]
[2022-10-20T11:52:58.935Z] > git symbolic-ref --short HEAD [1ms]
[2022-10-20T11:52:58.943Z] > git for-each-ref --format=%(refname)%00%(upstream:short)%00%(objectname)%00%(upstream:track)%00%(upstream:remotename)%00%(upstream:remoteref) refs/heads/master refs/remotes/master [2ms]
[2022-10-20T11:52:58.957Z] > git for-each-ref --sort -committerdate --format %(refname) %(objectname) %(*objectname) [8ms]
[2022-10-20T11:52:58.957Z] > git remote --verbose [1ms]
[2022-10-20T11:52:58.967Z] > git config --get commit.template [1ms]
[2022-10-20T11:56:20.913Z] > git ls-tree -l HEAD -- /home/michail/work/Quanti/drmax-qa-tests/bash_scripts/run_azdo_pipelines.sh [13ms]
[2022-10-20T11:56:20.915Z] > git fetch [3ms]
[2022-10-20T11:56:20.915Z] error: cannot run ssh: No such file or directory
fatal: unable to fork
[2022-10-20T11:56:21.987Z] > git status -z -uall [5ms]
[2022-10-20T11:56:22.001Z] > git symbolic-ref --short HEAD [3ms]
[2022-10-20T11:56:22.013Z] > git for-each-ref --format=%(refname)%00%(upstream:short)%00%(objectname)%00%(upstream:track)%00%(upstream:remotename)%00%(upstream:remoteref) refs/heads/master refs/remotes/master [2ms]
[2022-10-20T11:56:22.034Z] > git for-each-ref --sort -committerdate --format %(refname) %(objectname) %(*objectname) [10ms]
[2022-10-20T11:56:22.035Z] > git remote --verbose [1ms]
[2022-10-20T11:56:22.044Z] > git config --get commit.template [2ms]
[2022-10-20T11:56:22.079Z] > git ls-tree -l HEAD -- /home/michail/work/Quanti/drmax-qa-tests/bash_scripts/run_azdo_pipelines.sh [2ms]
[2022-10-20T11:56:22.093Z] > git show --textconv HEAD:bash_scripts/run_azdo_pipelines.sh [3ms]
[2022-10-20T11:56:27.054Z] > git status -z -uall [1ms]
[2022-10-20T11:56:27.061Z] > git symbolic-ref --short HEAD [1ms]
[2022-10-20T11:56:27.069Z] > git for-each-ref --format=%(refname)%00%(upstream:short)%00%(objectname)%00%(upstream:track)%00%(upstream:remotename)%00%(upstream:remoteref) refs/heads/master refs/remotes/master [1ms]
[2022-10-20T11:56:27.082Z] > git for-each-ref --sort -committerdate --format %(refname) %(objectname) %(*objectname) [7ms]
[2022-10-20T11:56:27.082Z] > git remote --verbose [1ms]
[2022-10-20T11:56:27.091Z] > git config --get commit.template [1ms]
[2022-10-20T11:56:57.508Z] > git status -z -uall [2ms]
[2022-10-20T11:56:57.514Z] > git symbolic-ref --short HEAD [1ms]
[2022-10-20T11:56:57.521Z] > git for-each-ref --format=%(refname)%00%(upstream:short)%00%(objectname)%00%(upstream:track)%00%(upstream:remotename)%00%(upstream:remoteref) refs/heads/master refs/remotes/master [1ms]
[2022-10-20T11:56:57.535Z] > git for-each-ref --sort -committerdate --format %(refname) %(objectname) %(*objectname) [7ms]
[2022-10-20T11:56:57.535Z] > git remote --verbose [1ms]
[2022-10-20T11:56:57.544Z] > git config --get commit.template [1ms]
[2022-10-20T11:57:14.010Z] > git check-ignore -v -z --stdin [1ms]
[2022-10-20T11:57:16.675Z] > git check-ignore -v -z --stdin [1ms]
[2022-10-20T11:59:26.196Z] > git ls-tree -l HEAD -- /home/michail/work/Quanti/drmax-qa-tests/bash_scripts/run_azdo_pipelines.sh [12ms]
[2022-10-20T11:59:26.197Z] > git fetch [3ms]
[2022-10-20T11:59:26.198Z] error: cannot run ssh: No such file or directory
fatal: unable to fork
[2022-10-20T11:59:27.262Z] > git status -z -uall [2ms]
[2022-10-20T11:59:27.269Z] > git symbolic-ref --short HEAD [1ms]
[2022-10-20T11:59:27.277Z] > git for-each-ref --format=%(refname)%00%(upstream:short)%00%(objectname)%00%(upstream:track)%00%(upstream:remotename)%00%(upstream:remoteref) refs/heads/master refs/remotes/master [1ms]
[2022-10-20T11:59:27.292Z] > git for-each-ref --sort -committerdate --format %(refname) %(objectname) %(*objectname) [8ms]
[2022-10-20T11:59:27.293Z] > git remote --verbose [2ms]
[2022-10-20T11:59:27.302Z] > git config --get commit.template [1ms]
[2022-10-20T11:59:27.365Z] > git ls-tree -l HEAD -- /home/michail/work/Quanti/drmax-qa-tests/bash_scripts/run_azdo_pipelines.sh [1ms]
[2022-10-20T11:59:27.376Z] > git show --textconv HEAD:bash_scripts/run_azdo_pipelines.sh [2ms]
[2022-10-20T11:59:32.317Z] > git status -z -uall [2ms]
[2022-10-20T11:59:32.323Z] > git symbolic-ref --short HEAD [1ms]
[2022-10-20T11:59:32.330Z] > git for-each-ref --format=%(refname)%00%(upstream:short)%00%(objectname)%00%(upstream:track)%00%(upstream:remotename)%00%(upstream:remoteref) refs/heads/master refs/remotes/master [1ms]
[2022-10-20T11:59:32.343Z] > git for-each-ref --sort -committerdate --format %(refname) %(objectname) %(*objectname) [7ms]
[2022-10-20T11:59:32.343Z] > git remote --verbose [1ms]
[2022-10-20T11:59:32.352Z] > git config --get commit.template [1ms]
[2022-10-20T11:59:45.497Z] > git status -z -uall [3ms]
[2022-10-20T11:59:45.506Z] > git symbolic-ref --short HEAD [1ms]
[2022-10-20T11:59:45.515Z] > git for-each-ref --format=%(refname)%00%(upstream:short)%00%(objectname)%00%(upstream:track)%00%(upstream:remotename)%00%(upstream:remoteref) refs/heads/master refs/remotes/master [1ms]
[2022-10-20T11:59:45.530Z] > git for-each-ref --sort -committerdate --format %(refname) %(objectname) %(*objectname) [9ms]
[2022-10-20T11:59:45.531Z] > git remote --verbose [2ms]
[2022-10-20T11:59:45.538Z] > git config --get commit.template [1ms]
[2022-10-20T11:59:50.547Z] > git status -z -uall [2ms]
[2022-10-20T11:59:50.555Z] > git symbolic-ref --short HEAD [1ms]
[2022-10-20T11:59:50.564Z] > git for-each-ref --format=%(refname)%00%(upstream:short)%00%(objectname)%00%(upstream:track)%00%(upstream:remotename)%00%(upstream:remoteref) refs/heads/master refs/remotes/master [2ms]
[2022-10-20T11:59:50.580Z] > git for-each-ref --sort -committerdate --format %(refname) %(objectname) %(*objectname) [8ms]
[2022-10-20T11:59:50.580Z] > git remote --verbose [1ms]
[2022-10-20T11:59:50.591Z] > git config --get commit.template [1ms]
[2022-10-20T11:59:55.847Z] > git status -z -uall [2ms]
[2022-10-20T11:59:55.855Z] > git symbolic-ref --short HEAD [2ms]
[2022-10-20T11:59:55.862Z] > git for-each-ref --format=%(refname)%00%(upstream:short)%00%(objectname)%00%(upstream:track)%00%(upstream:remotename)%00%(upstream:remoteref) refs/heads/master refs/remotes/master [2ms]
[2022-10-20T11:59:55.877Z] > git for-each-ref --sort -committerdate --format %(refname) %(objectname) %(*objectname) [8ms]
[2022-10-20T11:59:55.878Z] > git remote --verbose [1ms]
[2022-10-20T11:59:55.886Z] > git config --get commit.template [1ms]
[2022-10-20T12:00:00.896Z] > git status -z -uall [2ms]
[2022-10-20T12:00:00.903Z] > git symbolic-ref --short HEAD [1ms]
[2022-10-20T12:00:00.913Z] > git for-each-ref --format=%(refname)%00%(upstream:short)%00%(objectname)%00%(upstream:track)%00%(upstream:remotename)%00%(upstream:remoteref) refs/heads/master refs/remotes/master [2ms]
[2022-10-20T12:00:00.927Z] > git for-each-ref --sort -committerdate --format %(refname) %(objectname) %(*objectname) [8ms]
[2022-10-20T12:00:00.927Z] > git remote --verbose [1ms]
[2022-10-20T12:00:00.935Z] > git config --get commit.template [1ms]
[2022-10-20T12:00:05.944Z] > git status -z -uall [2ms]
[2022-10-20T12:00:05.951Z] > git symbolic-ref --short HEAD [1ms]
[2022-10-20T12:00:05.958Z] > git for-each-ref --format=%(refname)%00%(upstream:short)%00%(objectname)%00%(upstream:track)%00%(upstream:remotename)%00%(upstream:remoteref) refs/heads/master refs/remotes/master [1ms]
[2022-10-20T12:00:05.975Z] > git for-each-ref --sort -committerdate --format %(refname) %(objectname) %(*objectname) [9ms]
[2022-10-20T12:00:05.976Z] > git remote --verbose [2ms]
[2022-10-20T12:00:05.986Z] > git config --get commit.template [1ms]
[2022-10-20T12:00:10.996Z] > git status -z -uall [2ms]
[2022-10-20T12:00:11.003Z] > git symbolic-ref --short HEAD [1ms]
[2022-10-20T12:00:11.012Z] > git for-each-ref --format=%(refname)%00%(upstream:short)%00%(objectname)%00%(upstream:track)%00%(upstream:remotename)%00%(upstream:remoteref) refs/heads/master refs/remotes/master [2ms]
[2022-10-20T12:00:11.027Z] > git for-each-ref --sort -committerdate --format %(refname) %(objectname) %(*objectname) [8ms]
[2022-10-20T12:00:11.027Z] > git remote --verbose [1ms]
[2022-10-20T12:00:11.035Z] > git config --get commit.template [1ms]
[2022-10-20T12:00:16.045Z] > git status -z -uall [3ms]
[2022-10-20T12:00:16.052Z] > git symbolic-ref --short HEAD [1ms]
[2022-10-20T12:00:16.059Z] > git for-each-ref --format=%(refname)%00%(upstream:short)%00%(objectname)%00%(upstream:track)%00%(upstream:remotename)%00%(upstream:remoteref) refs/heads/master refs/remotes/master [1ms]
[2022-10-20T12:00:16.073Z] > git for-each-ref --sort -committerdate --format %(refname) %(objectname) %(*objectname) [8ms]
[2022-10-20T12:00:16.074Z] > git remote --verbose [2ms]
[2022-10-20T12:00:16.085Z] > git config --get commit.template [1ms]
[2022-10-20T12:00:21.215Z] > git status -z -uall [3ms]
[2022-10-20T12:00:21.223Z] > git symbolic-ref --short HEAD [2ms]
[2022-10-20T12:00:21.233Z] > git for-each-ref --format=%(refname)%00%(upstream:short)%00%(objectname)%00%(upstream:track)%00%(upstream:remotename)%00%(upstream:remoteref) refs/heads/master refs/remotes/master [1ms]
[2022-10-20T12:00:21.245Z] > git for-each-ref --sort -committerdate --format %(refname) %(objectname) %(*objectname) [6ms]
[2022-10-20T12:00:21.246Z] > git remote --verbose [2ms]
[2022-10-20T12:00:21.254Z] > git config --get commit.template [0ms]
[2022-10-20T12:00:26.266Z] > git status -z -uall [2ms]
[2022-10-20T12:00:26.276Z] > git symbolic-ref --short HEAD [2ms]
[2022-10-20T12:00:26.285Z] > git for-each-ref --format=%(refname)%00%(upstream:short)%00%(objectname)%00%(upstream:track)%00%(upstream:remotename)%00%(upstream:remoteref) refs/heads/master refs/remotes/master [2ms]
[2022-10-20T12:00:26.300Z] > git for-each-ref --sort -committerdate --format %(refname) %(objectname) %(*objectname) [7ms]
[2022-10-20T12:00:26.300Z] > git remote --verbose [1ms]
[2022-10-20T12:00:26.309Z] > git config --get commit.template [1ms]
[2022-10-20T12:00:31.320Z] > git status -z -uall [3ms]
[2022-10-20T12:00:31.328Z] > git symbolic-ref --short HEAD [1ms]
[2022-10-20T12:00:31.336Z] > git for-each-ref --format=%(refname)%00%(upstream:short)%00%(objectname)%00%(upstream:track)%00%(upstream:remotename)%00%(upstream:remoteref) refs/heads/master refs/remotes/master [1ms]
[2022-10-20T12:00:31.351Z] > git for-each-ref --sort -committerdate --format %(refname) %(objectname) %(*objectname) [6ms]
[2022-10-20T12:00:31.352Z] > git remote --verbose [1ms]
[2022-10-20T12:00:31.362Z] > git config --get commit.template [1ms]
[2022-10-20T12:00:36.372Z] > git status -z -uall [2ms]
[2022-10-20T12:00:36.381Z] > git symbolic-ref --short HEAD [1ms]
[2022-10-20T12:00:36.391Z] > git for-each-ref --format=%(refname)%00%(upstream:short)%00%(objectname)%00%(upstream:track)%00%(upstream:remotename)%00%(upstream:remoteref) refs/heads/master refs/remotes/master [2ms]
[2022-10-20T12:00:36.405Z] > git for-each-ref --sort -committerdate --format %(refname) %(objectname) %(*objectname) [7ms]
[2022-10-20T12:00:36.405Z] > git remote --verbose [1ms]
[2022-10-20T12:00:36.416Z] > git config --get commit.template [2ms]
[2022-10-20T12:00:41.425Z] > git status -z -uall [2ms]
[2022-10-20T12:00:41.432Z] > git symbolic-ref --short HEAD [1ms]
[2022-10-20T12:00:41.441Z] > git for-each-ref --format=%(refname)%00%(upstream:short)%00%(objectname)%00%(upstream:track)%00%(upstream:remotename)%00%(upstream:remoteref) refs/heads/master refs/remotes/master [1ms]
[2022-10-20T12:00:41.454Z] > git for-each-ref --sort -committerdate --format %(refname) %(objectname) %(*objectname) [7ms]
[2022-10-20T12:00:41.454Z] > git remote --verbose [1ms]
[2022-10-20T12:00:41.462Z] > git config --get commit.template [1ms]
[2022-10-20T12:00:46.471Z] > git status -z -uall [2ms]
[2022-10-20T12:00:46.480Z] > git symbolic-ref --short HEAD [1ms]
[2022-10-20T12:00:46.487Z] > git for-each-ref --format=%(refname)%00%(upstream:short)%00%(objectname)%00%(upstream:track)%00%(upstream:remotename)%00%(upstream:remoteref) refs/heads/master refs/remotes/master [2ms]
[2022-10-20T12:00:46.501Z] > git for-each-ref --sort -committerdate --format %(refname) %(objectname) %(*objectname) [7ms]
[2022-10-20T12:00:46.501Z] > git remote --verbose [1ms]
[2022-10-20T12:00:46.511Z] > git config --get commit.template [1ms]
[2022-10-20T12:00:51.522Z] > git status -z -uall [2ms]
[2022-10-20T12:00:51.531Z] > git symbolic-ref --short HEAD [1ms]
[2022-10-20T12:00:51.540Z] > git for-each-ref --format=%(refname)%00%(upstream:short)%00%(objectname)%00%(upstream:track)%00%(upstream:remotename)%00%(upstream:remoteref) refs/heads/master refs/remotes/master [1ms]
[2022-10-20T12:00:51.557Z] > git for-each-ref --sort -committerdate --format %(refname) %(objectname) %(*objectname) [9ms]
[2022-10-20T12:00:51.558Z] > git remote --verbose [2ms]
[2022-10-20T12:00:51.568Z] > git config --get commit.template [1ms]
[2022-10-20T12:00:56.580Z] > git status -z -uall [2ms]
[2022-10-20T12:00:56.589Z] > git symbolic-ref --short HEAD [2ms]
[2022-10-20T12:00:56.596Z] > git for-each-ref --format=%(refname)%00%(upstream:short)%00%(objectname)%00%(upstream:track)%00%(upstream:remotename)%00%(upstream:remoteref) refs/heads/master refs/remotes/master [1ms]
[2022-10-20T12:00:56.610Z] > git for-each-ref --sort -committerdate --format %(refname) %(objectname) %(*objectname) [7ms]
[2022-10-20T12:00:56.611Z] > git remote --verbose [2ms]
[2022-10-20T12:00:56.623Z] > git config --get commit.template [3ms]
[2022-10-20T12:01:01.634Z] > git status -z -uall [2ms]
[2022-10-20T12:01:01.642Z] > git symbolic-ref --short HEAD [2ms]
[2022-10-20T12:01:01.650Z] > git for-each-ref --format=%(refname)%00%(upstream:short)%00%(objectname)%00%(upstream:track)%00%(upstream:remotename)%00%(upstream:remoteref) refs/heads/master refs/remotes/master [1ms]
[2022-10-20T12:01:01.663Z] > git for-each-ref --sort -committerdate --format %(refname) %(objectname) %(*objectname) [7ms]
[2022-10-20T12:01:01.663Z] > git remote --verbose [1ms]
[2022-10-20T12:01:01.671Z] > git config --get commit.template [1ms]
[2022-10-20T12:01:06.681Z] > git status -z -uall [3ms]
[2022-10-20T12:01:06.689Z] > git symbolic-ref --short HEAD [1ms]
[2022-10-20T12:01:06.696Z] > git for-each-ref --format=%(refname)%00%(upstream:short)%00%(objectname)%00%(upstream:track)%00%(upstream:remotename)%00%(upstream:remoteref) refs/heads/master refs/remotes/master [1ms]
[2022-10-20T12:01:06.712Z] > git for-each-ref --sort -committerdate --format %(refname) %(objectname) %(*objectname) [7ms]
[2022-10-20T12:01:06.712Z] > git remote --verbose [1ms]
[2022-10-20T12:01:06.722Z] > git config --get commit.template [1ms]
[2022-10-20T12:01:11.733Z] > git status -z -uall [2ms]
[2022-10-20T12:01:11.741Z] > git symbolic-ref --short HEAD [1ms]
[2022-10-20T12:01:11.749Z] > git for-each-ref --format=%(refname)%00%(upstream:short)%00%(objectname)%00%(upstream:track)%00%(upstream:remotename)%00%(upstream:remoteref) refs/heads/master refs/remotes/master [2ms]
[2022-10-20T12:01:11.767Z] > git for-each-ref --sort -committerdate --format %(refname) %(objectname) %(*objectname) [8ms]
[2022-10-20T12:01:11.768Z] > git remote --verbose [2ms]
[2022-10-20T12:01:11.781Z] > git config --get commit.template [1ms]
[2022-10-20T12:01:20.321Z] > git status -z -uall [2ms]
[2022-10-20T12:01:20.328Z] > git symbolic-ref --short HEAD [1ms]
[2022-10-20T12:01:20.337Z] > git for-each-ref --format=%(refname)%00%(upstream:short)%00%(objectname)%00%(upstream:track)%00%(upstream:remotename)%00%(upstream:remoteref) refs/heads/master refs/remotes/master [2ms]
[2022-10-20T12:01:20.352Z] > git for-each-ref --sort -committerdate --format %(refname) %(objectname) %(*objectname) [10ms]
[2022-10-20T12:01:20.352Z] > git remote --verbose [1ms]
[2022-10-20T12:01:20.360Z] > git config --get commit.template [1ms]
[2022-10-20T12:01:25.373Z] > git status -z -uall [3ms]
[2022-10-20T12:01:25.381Z] > git symbolic-ref --short HEAD [1ms]
[2022-10-20T12:01:25.390Z] > git for-each-ref --format=%(refname)%00%(upstream:short)%00%(objectname)%00%(upstream:track)%00%(upstream:remotename)%00%(upstream:remoteref) refs/heads/master refs/remotes/master [2ms]
[2022-10-20T12:01:25.406Z] > git for-each-ref --sort -committerdate --format %(refname) %(objectname) %(*objectname) [8ms]
[2022-10-20T12:01:25.407Z] > git remote --verbose [2ms]
[2022-10-20T12:01:25.419Z] > git config --get commit.template [3ms]
[2022-10-20T12:01:30.431Z] > git status -z -uall [3ms]
[2022-10-20T12:01:30.438Z] > git symbolic-ref --short HEAD [1ms]
[2022-10-20T12:01:30.445Z] > git for-each-ref --format=%(refname)%00%(upstream:short)%00%(objectname)%00%(upstream:track)%00%(upstream:remotename)%00%(upstream:remoteref) refs/heads/master refs/remotes/master [1ms]
[2022-10-20T12:01:30.460Z] > git for-each-ref --sort -committerdate --format %(refname) %(objectname) %(*objectname) [8ms]
[2022-10-20T12:01:30.461Z] > git remote --verbose [2ms]
[2022-10-20T12:01:30.469Z] > git config --get commit.template [1ms]
[2022-10-20T12:01:35.478Z] > git status -z -uall [2ms]
[2022-10-20T12:01:35.486Z] > git symbolic-ref --short HEAD [1ms]
[2022-10-20T12:01:35.494Z] > git for-each-ref --format=%(refname)%00%(upstream:short)%00%(objectname)%00%(upstream:track)%00%(upstream:remotename)%00%(upstream:remoteref) refs/heads/master refs/remotes/master [1ms]
[2022-10-20T12:01:35.510Z] > git for-each-ref --sort -committerdate --format %(refname) %(objectname) %(*objectname) [9ms]
[2022-10-20T12:01:35.510Z] > git remote --verbose [2ms]
[2022-10-20T12:01:35.518Z] > git config --get commit.template [1ms]
[2022-10-20T12:01:40.529Z] > git status -z -uall [2ms]
[2022-10-20T12:01:40.537Z] > git symbolic-ref --short HEAD [1ms]
[2022-10-20T12:01:40.547Z] > git for-each-ref --format=%(refname)%00%(upstream:short)%00%(objectname)%00%(upstream:track)%00%(upstream:remotename)%00%(upstream:remoteref) refs/heads/master refs/remotes/master [2ms]
[2022-10-20T12:01:40.563Z] > git for-each-ref --sort -committerdate --format %(refname) %(objectname) %(*objectname) [9ms]
[2022-10-20T12:01:40.563Z] > git remote --verbose [1ms]
[2022-10-20T12:01:40.575Z] > git config --get commit.template [1ms]
[2022-10-20T12:01:45.583Z] > git status -z -uall [2ms]
[2022-10-20T12:01:45.592Z] > git symbolic-ref --short HEAD [1ms]
[2022-10-20T12:01:45.600Z] > git for-each-ref --format=%(refname)%00%(upstream:short)%00%(objectname)%00%(upstream:track)%00%(upstream:remotename)%00%(upstream:remoteref) refs/heads/master refs/remotes/master [1ms]
[2022-10-20T12:01:45.614Z] > git for-each-ref --sort -committerdate --format %(refname) %(objectname) %(*objectname) [7ms]
[2022-10-20T12:01:45.615Z] > git remote --verbose [2ms]
[2022-10-20T12:01:45.624Z] > git config --get commit.template [1ms]
[2022-10-20T12:01:50.636Z] > git status -z -uall [2ms]
[2022-10-20T12:01:50.645Z] > git symbolic-ref --short HEAD [2ms]
[2022-10-20T12:01:50.655Z] > git for-each-ref --format=%(refname)%00%(upstream:short)%00%(objectname)%00%(upstream:track)%00%(upstream:remotename)%00%(upstream:remoteref) refs/heads/master refs/remotes/master [2ms]
[2022-10-20T12:01:50.670Z] > git for-each-ref --sort -committerdate --format %(refname) %(objectname) %(*objectname) [8ms]
[2022-10-20T12:01:50.670Z] > git remote --verbose [1ms]
[2022-10-20T12:01:50.678Z] > git config --get commit.template [1ms]
[2022-10-20T12:01:55.691Z] > git status -z -uall [4ms]
[2022-10-20T12:01:55.703Z] > git symbolic-ref --short HEAD [1ms]
[2022-10-20T12:01:55.719Z] > git for-each-ref --format=%(refname)%00%(upstream:short)%00%(objectname)%00%(upstream:track)%00%(upstream:remotename)%00%(upstream:remoteref) refs/heads/master refs/remotes/master [4ms]
[2022-10-20T12:01:55.739Z] > git for-each-ref --sort -committerdate --format %(refname) %(objectname) %(*objectname) [10ms]
[2022-10-20T12:01:55.741Z] > git remote --verbose [3ms]
[2022-10-20T12:01:55.754Z] > git config --get commit.template [1ms]
[2022-10-20T12:02:00.765Z] > git status -z -uall [2ms]
[2022-10-20T12:02:00.775Z] > git symbolic-ref --short HEAD [1ms]
[2022-10-20T12:02:00.783Z] > git for-each-ref --format=%(refname)%00%(upstream:short)%00%(objectname)%00%(upstream:track)%00%(upstream:remotename)%00%(upstream:remoteref) refs/heads/master refs/remotes/master [1ms]
[2022-10-20T12:02:00.801Z] > git for-each-ref --sort -committerdate --format %(refname) %(objectname) %(*objectname) [10ms]
[2022-10-20T12:02:00.801Z] > git remote --verbose [1ms]
[2022-10-20T12:02:00.814Z] > git config --get commit.template [1ms]
[2022-10-20T12:02:05.829Z] > git status -z -uall [5ms]
[2022-10-20T12:02:05.840Z] > git symbolic-ref --short HEAD [2ms]
[2022-10-20T12:02:05.856Z] > git for-each-ref --format=%(refname)%00%(upstream:short)%00%(objectname)%00%(upstream:track)%00%(upstream:remotename)%00%(upstream:remoteref) refs/heads/master refs/remotes/master [2ms]
[2022-10-20T12:02:05.878Z] > git for-each-ref --sort -committerdate --format %(refname) %(objectname) %(*objectname) [12ms]
[2022-10-20T12:02:05.879Z] > git remote --verbose [2ms]
[2022-10-20T12:02:05.893Z] > git config --get commit.template [2ms]
[2022-10-20T12:02:10.908Z] > git status -z -uall [4ms]
[2022-10-20T12:02:10.918Z] > git symbolic-ref --short HEAD [2ms]
[2022-10-20T12:02:10.930Z] > git for-each-ref --format=%(refname)%00%(upstream:short)%00%(objectname)%00%(upstream:track)%00%(upstream:remotename)%00%(upstream:remoteref) refs/heads/master refs/remotes/master [2ms]
[2022-10-20T12:02:10.946Z] > git for-each-ref --sort -committerdate --format %(refname) %(objectname) %(*objectname) [9ms]
[2022-10-20T12:02:10.947Z] > git remote --verbose [2ms]
[2022-10-20T12:02:10.959Z] > git config --get commit.template [2ms]
[2022-10-20T12:02:15.969Z] > git status -z -uall [2ms]
[2022-10-20T12:02:15.980Z] > git symbolic-ref --short HEAD [2ms]
[2022-10-20T12:02:15.989Z] > git for-each-ref --format=%(refname)%00%(upstream:short)%00%(objectname)%00%(upstream:track)%00%(upstream:remotename)%00%(upstream:remoteref) refs/heads/master refs/remotes/master [2ms]
[2022-10-20T12:02:16.003Z] > git for-each-ref --sort -committerdate --format %(refname) %(objectname) %(*objectname) [7ms]
[2022-10-20T12:02:16.005Z] > git remote --verbose [3ms]
[2022-10-20T12:02:16.015Z] > git config --get commit.template [1ms]
[2022-10-20T12:02:21.025Z] > git status -z -uall [3ms]
[2022-10-20T12:02:21.035Z] > git symbolic-ref --short HEAD [1ms]
[2022-10-20T12:02:21.043Z] > git for-each-ref --format=%(refname)%00%(upstream:short)%00%(objectname)%00%(upstream:track)%00%(upstream:remotename)%00%(upstream:remoteref) refs/heads/master refs/remotes/master [2ms]
[2022-10-20T12:02:21.058Z] > git for-each-ref --sort -committerdate --format %(refname) %(objectname) %(*objectname) [8ms]
[2022-10-20T12:02:21.059Z] > git remote --verbose [2ms]
[2022-10-20T12:02:21.072Z] > git config --get commit.template [2ms]
[2022-10-20T12:02:26.081Z] > git status -z -uall [3ms]
[2022-10-20T12:02:26.090Z] > git symbolic-ref --short HEAD [1ms]
[2022-10-20T12:02:26.097Z] > git for-each-ref --format=%(refname)%00%(upstream:short)%00%(objectname)%00%(upstream:track)%00%(upstream:remotename)%00%(upstream:remoteref) refs/heads/master refs/remotes/master [1ms]
[2022-10-20T12:02:26.112Z] > git for-each-ref --sort -committerdate --format %(refname) %(objectname) %(*objectname) [8ms]
[2022-10-20T12:02:26.113Z] > git remote --verbose [2ms]
[2022-10-20T12:02:26.121Z] > git config --get commit.template [1ms]
[2022-10-20T12:02:26.207Z] > git fetch [2ms]
[2022-10-20T12:02:26.207Z] error: cannot run ssh: No such file or directory
fatal: unable to fork
[2022-10-20T12:02:27.374Z] > git ls-tree -l HEAD -- /home/michail/work/Quanti/drmax-qa-tests/bash_scripts/run_azdo_pipelines.sh [1ms]
[2022-10-20T12:02:27.388Z] > git show --textconv HEAD:bash_scripts/run_azdo_pipelines.sh [2ms]
[2022-10-20T12:02:31.133Z] > git status -z -uall [2ms]
[2022-10-20T12:02:31.145Z] > git symbolic-ref --short HEAD [1ms]
[2022-10-20T12:02:31.154Z] > git for-each-ref --format=%(refname)%00%(upstream:short)%00%(objectname)%00%(upstream:track)%00%(upstream:remotename)%00%(upstream:remoteref) refs/heads/master refs/remotes/master [2ms]
[2022-10-20T12:02:31.173Z] > git for-each-ref --sort -committerdate --format %(refname) %(objectname) %(*objectname) [11ms]
[2022-10-20T12:02:31.174Z] > git remote --verbose [3ms]
[2022-10-20T12:02:31.187Z] > git config --get commit.template [1ms]
[2022-10-20T12:02:36.201Z] > git status -z -uall [3ms]
[2022-10-20T12:02:36.209Z] > git symbolic-ref --short HEAD [1ms]
[2022-10-20T12:02:36.218Z] > git for-each-ref --format=%(refname)%00%(upstream:short)%00%(objectname)%00%(upstream:track)%00%(upstream:remotename)%00%(upstream:remoteref) refs/heads/master refs/remotes/master [1ms]
[2022-10-20T12:02:36.235Z] > git for-each-ref --sort -committerdate --format %(refname) %(objectname) %(*objectname) [10ms]
[2022-10-20T12:02:36.235Z] > git remote --verbose [2ms]
[2022-10-20T12:02:36.244Z] > git config --get commit.template [1ms]
[2022-10-20T12:02:41.256Z] > git status -z -uall [3ms]
[2022-10-20T12:02:41.263Z] > git symbolic-ref --short HEAD [1ms]
[2022-10-20T12:02:41.272Z] > git for-each-ref --format=%(refname)%00%(upstream:short)%00%(objectname)%00%(upstream:track)%00%(upstream:remotename)%00%(upstream:remoteref) refs/heads/master refs/remotes/master [2ms]
[2022-10-20T12:02:41.288Z] > git for-each-ref --sort -committerdate --format %(refname) %(objectname) %(*objectname) [9ms]
[2022-10-20T12:02:41.288Z] > git remote --verbose [1ms]
[2022-10-20T12:02:41.297Z] > git config --get commit.template [0ms]
[2022-10-20T12:02:46.311Z] > git status -z -uall [3ms]
[2022-10-20T12:02:46.321Z] > git symbolic-ref --short HEAD [1ms]
[2022-10-20T12:02:46.331Z] > git for-each-ref --format=%(refname)%00%(upstream:short)%00%(objectname)%00%(upstream:track)%00%(upstream:remotename)%00%(upstream:remoteref) refs/heads/master refs/remotes/master [2ms]
[2022-10-20T12:02:46.349Z] > git for-each-ref --sort -committerdate --format %(refname) %(objectname) %(*objectname) [10ms]
[2022-10-20T12:02:46.350Z] > git remote --verbose [2ms]
[2022-10-20T12:02:46.363Z] > git config --get commit.template [1ms]
[2022-10-20T12:02:51.372Z] > git status -z -uall [2ms]
[2022-10-20T12:02:51.381Z] > git symbolic-ref --short HEAD [2ms]
[2022-10-20T12:02:51.390Z] > git for-each-ref --format=%(refname)%00%(upstream:short)%00%(objectname)%00%(upstream:track)%00%(upstream:remotename)%00%(upstream:remoteref) refs/heads/master refs/remotes/master [2ms]
[2022-10-20T12:02:51.407Z] > git for-each-ref --sort -committerdate --format %(refname) %(objectname) %(*objectname) [9ms]
[2022-10-20T12:02:51.408Z] > git remote --verbose [2ms]
[2022-10-20T12:02:51.418Z] > git config --get commit.template [1ms]
[2022-10-20T12:02:56.428Z] > git status -z -uall [2ms]
[2022-10-20T12:02:56.436Z] > git symbolic-ref --short HEAD [1ms]
[2022-10-20T12:02:56.444Z] > git for-each-ref --format=%(refname)%00%(upstream:short)%00%(objectname)%00%(upstream:track)%00%(upstream:remotename)%00%(upstream:remoteref) refs/heads/master refs/remotes/master [1ms]
[2022-10-20T12:02:56.461Z] > git for-each-ref --sort -committerdate --format %(refname) %(objectname) %(*objectname) [9ms]
[2022-10-20T12:02:56.462Z] > git remote --verbose [2ms]
[2022-10-20T12:02:56.472Z] > git config --get commit.template [1ms]
[2022-10-20T12:03:01.482Z] > git status -z -uall [2ms]
[2022-10-20T12:03:01.489Z] > git symbolic-ref --short HEAD [2ms]
[2022-10-20T12:03:01.498Z] > git for-each-ref --format=%(refname)%00%(upstream:short)%00%(objectname)%00%(upstream:track)%00%(upstream:remotename)%00%(upstream:remoteref) refs/heads/master refs/remotes/master [2ms]
[2022-10-20T12:03:01.512Z] > git for-each-ref --sort -committerdate --format %(refname) %(objectname) %(*objectname) [8ms]
[2022-10-20T12:03:01.513Z] > git remote --verbose [2ms]
[2022-10-20T12:03:01.523Z] > git config --get commit.template [1ms]
[2022-10-20T12:03:06.533Z] > git status -z -uall [3ms]
[2022-10-20T12:03:06.541Z] > git symbolic-ref --short HEAD [1ms]
[2022-10-20T12:03:06.550Z] > git for-each-ref --format=%(refname)%00%(upstream:short)%00%(objectname)%00%(upstream:track)%00%(upstream:remotename)%00%(upstream:remoteref) refs/heads/master refs/remotes/master [2ms]
[2022-10-20T12:03:06.564Z] > git for-each-ref --sort -committerdate --format %(refname) %(objectname) %(*objectname) [8ms]
[2022-10-20T12:03:06.566Z] > git remote --verbose [3ms]
[2022-10-20T12:03:06.574Z] > git config --get commit.template [1ms]
[2022-10-20T12:03:11.584Z] > git status -z -uall [3ms]
[2022-10-20T12:03:11.591Z] > git symbolic-ref --short HEAD [1ms]
[2022-10-20T12:03:11.599Z] > git for-each-ref --format=%(refname)%00%(upstream:short)%00%(objectname)%00%(upstream:track)%00%(upstream:remotename)%00%(upstream:remoteref) refs/heads/master refs/remotes/master [1ms]
[2022-10-20T12:03:11.617Z] > git for-each-ref --sort -committerdate --format %(refname) %(objectname) %(*objectname) [10ms]
[2022-10-20T12:03:11.617Z] > git remote --verbose [1ms]
[2022-10-20T12:03:11.630Z] > git config --get commit.template [3ms]
[2022-10-20T12:03:16.642Z] > git status -z -uall [3ms]
[2022-10-20T12:03:16.651Z] > git symbolic-ref --short HEAD [1ms]
[2022-10-20T12:03:16.664Z] > git for-each-ref --format=%(refname)%00%(upstream:short)%00%(objectname)%00%(upstream:track)%00%(upstream:remotename)%00%(upstream:remoteref) refs/heads/master refs/remotes/master [3ms]
[2022-10-20T12:03:16.680Z] > git for-each-ref --sort -committerdate --format %(refname) %(objectname) %(*objectname) [8ms]
[2022-10-20T12:03:16.680Z] > git remote --verbose [1ms]
[2022-10-20T12:03:16.691Z] > git config --get commit.template [2ms]
[2022-10-20T12:03:21.702Z] > git status -z -uall [3ms]
[2022-10-20T12:03:21.709Z] > git symbolic-ref --short HEAD [1ms]
[2022-10-20T12:03:21.717Z] > git for-each-ref --format=%(refname)%00%(upstream:short)%00%(objectname)%00%(upstream:track)%00%(upstream:remotename)%00%(upstream:remoteref) refs/heads/master refs/remotes/master [1ms]
[2022-10-20T12:03:21.731Z] > git for-each-ref --sort -committerdate --format %(refname) %(objectname) %(*objectname) [8ms]
[2022-10-20T12:03:21.732Z] > git remote --verbose [2ms]
[2022-10-20T12:03:21.741Z] > git config --get commit.template [1ms]
[2022-10-20T12:03:26.751Z] > git status -z -uall [3ms]
[2022-10-20T12:03:26.759Z] > git symbolic-ref --short HEAD [1ms]
[2022-10-20T12:03:26.768Z] > git for-each-ref --format=%(refname)%00%(upstream:short)%00%(objectname)%00%(upstream:track)%00%(upstream:remotename)%00%(upstream:remoteref) refs/heads/master refs/remotes/master [2ms]
[2022-10-20T12:03:26.785Z] > git for-each-ref --sort -committerdate --format %(refname) %(objectname) %(*objectname) [9ms]
[2022-10-20T12:03:26.785Z] > git remote --verbose [2ms]
[2022-10-20T12:03:26.795Z] > git config --get commit.template [1ms]
[2022-10-20T12:03:31.807Z] > git status -z -uall [2ms]
[2022-10-20T12:03:31.816Z] > git symbolic-ref --short HEAD [1ms]
[2022-10-20T12:03:31.826Z] > git for-each-ref --format=%(refname)%00%(upstream:short)%00%(objectname)%00%(upstream:track)%00%(upstream:remotename)%00%(upstream:remoteref) refs/heads/master refs/remotes/master [2ms]
[2022-10-20T12:03:31.842Z] > git for-each-ref --sort -committerdate --format %(refname) %(objectname) %(*objectname) [8ms]
[2022-10-20T12:03:31.842Z] > git remote --verbose [2ms]
[2022-10-20T12:03:31.851Z] > git config --get commit.template [1ms]
[2022-10-20T12:03:36.860Z] > git status -z -uall [2ms]
[2022-10-20T12:03:36.869Z] > git symbolic-ref --short HEAD [1ms]
[2022-10-20T12:03:36.877Z] > git for-each-ref --format=%(refname)%00%(upstream:short)%00%(objectname)%00%(upstream:track)%00%(upstream:remotename)%00%(upstream:remoteref) refs/heads/master refs/remotes/master [2ms]
[2022-10-20T12:03:36.892Z] > git for-each-ref --sort -committerdate --format %(refname) %(objectname) %(*objectname) [7ms]
[2022-10-20T12:03:36.893Z] > git remote --verbose [2ms]
[2022-10-20T12:03:36.904Z] > git config --get commit.template [1ms]
[2022-10-20T12:03:41.914Z] > git status -z -uall [2ms]
[2022-10-20T12:03:41.922Z] > git symbolic-ref --short HEAD [1ms]
[2022-10-20T12:03:41.929Z] > git for-each-ref --format=%(refname)%00%(upstream:short)%00%(objectname)%00%(upstream:track)%00%(upstream:remotename)%00%(upstream:remoteref) refs/heads/master refs/remotes/master [1ms]
[2022-10-20T12:03:41.943Z] > git for-each-ref --sort -committerdate --format %(refname) %(objectname) %(*objectname) [8ms]
[2022-10-20T12:03:41.943Z] > git remote --verbose [1ms]
[2022-10-20T12:03:41.952Z] > git config --get commit.template [1ms]
[2022-10-20T12:03:46.963Z] > git status -z -uall [3ms]
[2022-10-20T12:03:46.972Z] > git symbolic-ref --short HEAD [2ms]
[2022-10-20T12:03:46.982Z] > git for-each-ref --format=%(refname)%00%(upstream:short)%00%(objectname)%00%(upstream:track)%00%(upstream:remotename)%00%(upstream:remoteref) refs/heads/master refs/remotes/master [2ms]
[2022-10-20T12:03:46.996Z] > git for-each-ref --sort -committerdate --format %(refname) %(objectname) %(*objectname) [8ms]
[2022-10-20T12:03:46.996Z] > git remote --verbose [1ms]
[2022-10-20T12:03:47.005Z] > git config --get commit.template [1ms]
[2022-10-20T12:03:52.016Z] > git status -z -uall [3ms]
[2022-10-20T12:03:52.023Z] > git symbolic-ref --short HEAD [1ms]
[2022-10-20T12:03:52.033Z] > git for-each-ref --format=%(refname)%00%(upstream:short)%00%(objectname)%00%(upstream:track)%00%(upstream:remotename)%00%(upstream:remoteref) refs/heads/master refs/remotes/master [2ms]
[2022-10-20T12:03:52.047Z] > git for-each-ref --sort -committerdate --format %(refname) %(objectname) %(*objectname) [8ms]
[2022-10-20T12:03:52.048Z] > git remote --verbose [2ms]
[2022-10-20T12:03:52.056Z] > git config --get commit.template [1ms]
[2022-10-20T12:03:57.066Z] > git status -z -uall [2ms]
[2022-10-20T12:03:57.074Z] > git symbolic-ref --short HEAD [1ms]
[2022-10-20T12:03:57.082Z] > git for-each-ref --format=%(refname)%00%(upstream:short)%00%(objectname)%00%(upstream:track)%00%(upstream:remotename)%00%(upstream:remoteref) refs/heads/master refs/remotes/master [1ms]
[2022-10-20T12:03:57.096Z] > git for-each-ref --sort -committerdate --format %(refname) %(objectname) %(*objectname) [7ms]
[2022-10-20T12:03:57.097Z] > git remote --verbose [2ms]
[2022-10-20T12:03:57.108Z] > git config --get commit.template [1ms]
[2022-10-20T12:04:02.117Z] > git status -z -uall [2ms]
[2022-10-20T12:04:02.124Z] > git symbolic-ref --short HEAD [1ms]
[2022-10-20T12:04:02.133Z] > git for-each-ref --format=%(refname)%00%(upstream:short)%00%(objectname)%00%(upstream:track)%00%(upstream:remotename)%00%(upstream:remoteref) refs/heads/master refs/remotes/master [1ms]
[2022-10-20T12:04:02.149Z] > git for-each-ref --sort -committerdate --format %(refname) %(objectname) %(*objectname) [9ms]
[2022-10-20T12:04:02.149Z] > git remote --verbose [1ms]
[2022-10-20T12:04:02.163Z] > git config --get commit.template [2ms]
[2022-10-20T12:04:07.173Z] > git status -z -uall [2ms]
[2022-10-20T12:04:07.181Z] > git symbolic-ref --short HEAD [1ms]
[2022-10-20T12:04:07.189Z] > git for-each-ref --format=%(refname)%00%(upstream:short)%00%(objectname)%00%(upstream:track)%00%(upstream:remotename)%00%(upstream:remoteref) refs/heads/master refs/remotes/master [2ms]
[2022-10-20T12:04:07.206Z] > git for-each-ref --sort -committerdate --format %(refname) %(objectname) %(*objectname) [9ms]
[2022-10-20T12:04:07.207Z] > git remote --verbose [2ms]
[2022-10-20T12:04:07.217Z] > git config --get commit.template [1ms]
[2022-10-20T12:04:12.228Z] > git status -z -uall [2ms]
[2022-10-20T12:04:12.236Z] > git symbolic-ref --short HEAD [1ms]
[2022-10-20T12:04:12.246Z] > git for-each-ref --format=%(refname)%00%(upstream:short)%00%(objectname)%00%(upstream:track)%00%(upstream:remotename)%00%(upstream:remoteref) refs/heads/master refs/remotes/master [2ms]
[2022-10-20T12:04:12.263Z] > git for-each-ref --sort -committerdate --format %(refname) %(objectname) %(*objectname) [9ms]
[2022-10-20T12:04:12.264Z] > git remote --verbose [2ms]
[2022-10-20T12:04:12.275Z] > git config --get commit.template [1ms]
[2022-10-20T12:06:15.721Z] > git fetch [25ms]
[2022-10-20T12:06:15.721Z] error: cannot run ssh: No such file or directory
fatal: unable to fork
[2022-10-20T12:06:15.724Z] > git ls-tree -l HEAD -- /home/michail/work/Quanti/drmax-qa-tests/bash_scripts/run_azdo_pipelines.sh [50ms]
[2022-10-20T12:06:15.731Z] > git status -z -uall [12ms]
[2022-10-20T12:06:15.754Z] > git symbolic-ref --short HEAD [4ms]
[2022-10-20T12:06:15.777Z] > git for-each-ref --format=%(refname)%00%(upstream:short)%00%(objectname)%00%(upstream:track)%00%(upstream:remotename)%00%(upstream:remoteref) refs/heads/master refs/remotes/master [6ms]
[2022-10-20T12:06:15.803Z] > git for-each-ref --sort -committerdate --format %(refname) %(objectname) %(*objectname) [14ms]
[2022-10-20T12:06:15.807Z] > git remote --verbose [6ms]
[2022-10-20T12:06:15.828Z] > git config --get commit.template [2ms]
[2022-10-20T12:06:16.944Z] > git ls-tree -l HEAD -- /home/michail/work/Quanti/drmax-qa-tests/bash_scripts/run_azdo_pipelines.sh [4ms]
[2022-10-20T12:06:16.961Z] > git show --textconv HEAD:bash_scripts/run_azdo_pipelines.sh [4ms]
[2022-10-20T12:06:20.849Z] > git status -z -uall [4ms]
[2022-10-20T12:06:20.867Z] > git symbolic-ref --short HEAD [1ms]
[2022-10-20T12:06:20.882Z] > git for-each-ref --format=%(refname)%00%(upstream:short)%00%(objectname)%00%(upstream:track)%00%(upstream:remotename)%00%(upstream:remoteref) refs/heads/master refs/remotes/master [1ms]
[2022-10-20T12:06:20.916Z] > git for-each-ref --sort -committerdate --format %(refname) %(objectname) %(*objectname) [15ms]
[2022-10-20T12:06:20.919Z] > git remote --verbose [6ms]
[2022-10-20T12:06:20.934Z] > git config --get commit.template [1ms]
[2022-10-20T12:06:25.948Z] > git status -z -uall [3ms]
[2022-10-20T12:06:25.958Z] > git symbolic-ref --short HEAD [1ms]
[2022-10-20T12:06:25.968Z] > git for-each-ref --format=%(refname)%00%(upstream:short)%00%(objectname)%00%(upstream:track)%00%(upstream:remotename)%00%(upstream:remoteref) refs/heads/master refs/remotes/master [2ms]
[2022-10-20T12:06:25.986Z] > git for-each-ref --sort -committerdate --format %(refname) %(objectname) %(*objectname) [10ms]
[2022-10-20T12:06:25.987Z] > git remote --verbose [2ms]
[2022-10-20T12:06:25.997Z] > git config --get commit.template [1ms]
[2022-10-20T12:06:31.006Z] > git status -z -uall [2ms]
[2022-10-20T12:06:31.015Z] > git symbolic-ref --short HEAD [1ms]
[2022-10-20T12:06:31.026Z] > git for-each-ref --format=%(refname)%00%(upstream:short)%00%(objectname)%00%(upstream:track)%00%(upstream:remotename)%00%(upstream:remoteref) refs/heads/master refs/remotes/master [2ms]
[2022-10-20T12:06:31.044Z] > git for-each-ref --sort -committerdate --format %(refname) %(objectname) %(*objectname) [10ms]
[2022-10-20T12:06:31.048Z] > git remote --verbose [5ms]
[2022-10-20T12:06:31.059Z] > git config --get commit.template [1ms]
[2022-10-20T12:06:36.071Z] > git status -z -uall [2ms]
[2022-10-20T12:06:36.081Z] > git symbolic-ref --short HEAD [2ms]
[2022-10-20T12:06:36.090Z] > git for-each-ref --format=%(refname)%00%(upstream:short)%00%(objectname)%00%(upstream:track)%00%(upstream:remotename)%00%(upstream:remoteref) refs/heads/master refs/remotes/master [1ms]
[2022-10-20T12:06:36.107Z] > git for-each-ref --sort -committerdate --format %(refname) %(objectname) %(*objectname) [8ms]
[2022-10-20T12:06:36.108Z] > git remote --verbose [2ms]
[2022-10-20T12:06:36.118Z] > git config --get commit.template [1ms]
[2022-10-20T12:06:41.130Z] > git status -z -uall [3ms]
[2022-10-20T12:06:41.138Z] > git symbolic-ref --short HEAD [2ms]
[2022-10-20T12:06:41.148Z] > git for-each-ref --format=%(refname)%00%(upstream:short)%00%(objectname)%00%(upstream:track)%00%(upstream:remotename)%00%(upstream:remoteref) refs/heads/master refs/remotes/master [2ms]
[2022-10-20T12:06:41.167Z] > git for-each-ref --sort -committerdate --format %(refname) %(objectname) %(*objectname) [10ms]
[2022-10-20T12:06:41.167Z] > git remote --verbose [1ms]
[2022-10-20T12:06:41.178Z] > git config --get commit.template [1ms]
[2022-10-20T12:06:46.187Z] > git status -z -uall [2ms]
[2022-10-20T12:06:46.196Z] > git symbolic-ref --short HEAD [1ms]
[2022-10-20T12:06:46.204Z] > git for-each-ref --format=%(refname)%00%(upstream:short)%00%(objectname)%00%(upstream:track)%00%(upstream:remotename)%00%(upstream:remoteref) refs/heads/master refs/remotes/master [1ms]
[2022-10-20T12:06:46.219Z] > git for-each-ref --sort -committerdate --format %(refname) %(objectname) %(*objectname) [9ms]
[2022-10-20T12:06:46.220Z] > git remote --verbose [2ms]
[2022-10-20T12:06:46.232Z] > git config --get commit.template [2ms]
[2022-10-20T12:06:51.241Z] > git status -z -uall [2ms]
[2022-10-20T12:06:51.251Z] > git symbolic-ref --short HEAD [1ms]
[2022-10-20T12:06:51.262Z] > git for-each-ref --format=%(refname)%00%(upstream:short)%00%(objectname)%00%(upstream:track)%00%(upstream:remotename)%00%(upstream:remoteref) refs/heads/master refs/remotes/master [3ms]
[2022-10-20T12:06:51.276Z] > git for-each-ref --sort -committerdate --format %(refname) %(objectname) %(*objectname) [7ms]
[2022-10-20T12:06:51.277Z] > git remote --verbose [2ms]
[2022-10-20T12:06:51.289Z] > git config --get commit.template [1ms]
[2022-10-20T12:06:56.301Z] > git status -z -uall [3ms]
[2022-10-20T12:06:56.309Z] > git symbolic-ref --short HEAD [1ms]
[2022-10-20T12:06:56.319Z] > git for-each-ref --format=%(refname)%00%(upstream:short)%00%(objectname)%00%(upstream:track)%00%(upstream:remotename)%00%(upstream:remoteref) refs/heads/master refs/remotes/master [1ms]
[2022-10-20T12:06:56.335Z] > git for-each-ref --sort -committerdate --format %(refname) %(objectname) %(*objectname) [9ms]
[2022-10-20T12:06:56.336Z] > git remote --verbose [2ms]
[2022-10-20T12:06:56.345Z] > git config --get commit.template [1ms]
[2022-10-20T12:07:05.477Z] > git status -z -uall [3ms]
[2022-10-20T12:07:05.484Z] > git symbolic-ref --short HEAD [1ms]
[2022-10-20T12:07:05.492Z] > git for-each-ref --format=%(refname)%00%(upstream:short)%00%(objectname)%00%(upstream:track)%00%(upstream:remotename)%00%(upstream:remoteref) refs/heads/master refs/remotes/master [2ms]
[2022-10-20T12:07:05.509Z] > git remote --verbose [2ms]
[2022-10-20T12:07:05.509Z] > git for-each-ref --sort -committerdate --format %(refname) %(objectname) %(*objectname) [10ms]
[2022-10-20T12:07:05.520Z] > git config --get commit.template [1ms]
[2022-10-20T12:07:11.880Z] > git status -z -uall [3ms]
[2022-10-20T12:07:11.888Z] > git symbolic-ref --short HEAD [1ms]
[2022-10-20T12:07:11.896Z] > git for-each-ref --format=%(refname)%00%(upstream:short)%00%(objectname)%00%(upstream:track)%00%(upstream:remotename)%00%(upstream:remoteref) refs/heads/master refs/remotes/master [2ms]
[2022-10-20T12:07:11.912Z] > git for-each-ref --sort -committerdate --format %(refname) %(objectname) %(*objectname) [8ms]
[2022-10-20T12:07:11.912Z] > git remote --verbose [1ms]
[2022-10-20T12:07:11.923Z] > git config --get commit.template [2ms]
[2022-10-20T12:07:17.847Z] > git status -z -uall [2ms]
[2022-10-20T12:07:17.856Z] > git symbolic-ref --short HEAD [1ms]
[2022-10-20T12:07:17.864Z] > git for-each-ref --format=%(refname)%00%(upstream:short)%00%(objectname)%00%(upstream:track)%00%(upstream:remotename)%00%(upstream:remoteref) refs/heads/master refs/remotes/master [1ms]
[2022-10-20T12:07:17.880Z] > git for-each-ref --sort -committerdate --format %(refname) %(objectname) %(*objectname) [9ms]
[2022-10-20T12:07:17.880Z] > git remote --verbose [1ms]
[2022-10-20T12:07:17.888Z] > git config --get commit.template [1ms]
[2022-10-20T12:07:22.901Z] > git status -z -uall [3ms]
[2022-10-20T12:07:22.912Z] > git symbolic-ref --short HEAD [1ms]
[2022-10-20T12:07:22.922Z] > git for-each-ref --format=%(refname)%00%(upstream:short)%00%(objectname)%00%(upstream:track)%00%(upstream:remotename)%00%(upstream:remoteref) refs/heads/master refs/remotes/master [2ms]
[2022-10-20T12:07:22.940Z] > git for-each-ref --sort -committerdate --format %(refname) %(objectname) %(*objectname) [10ms]
[2022-10-20T12:07:22.940Z] > git remote --verbose [1ms]
[2022-10-20T12:07:22.951Z] > git config --get commit.template [1ms]
[2022-10-20T12:07:27.964Z] > git status -z -uall [3ms]
[2022-10-20T12:07:27.974Z] > git symbolic-ref --short HEAD [2ms]
[2022-10-20T12:07:27.984Z] > git for-each-ref --format=%(refname)%00%(upstream:short)%00%(objectname)%00%(upstream:track)%00%(upstream:remotename)%00%(upstream:remoteref) refs/heads/master refs/remotes/master [2ms]
[2022-10-20T12:07:28.002Z] > git for-each-ref --sort -committerdate --format %(refname) %(objectname) %(*objectname) [11ms]
[2022-10-20T12:07:28.003Z] > git remote --verbose [3ms]
[2022-10-20T12:07:28.011Z] > git config --get commit.template [1ms]
[2022-10-20T12:07:33.022Z] > git status -z -uall [2ms]
[2022-10-20T12:07:33.032Z] > git symbolic-ref --short HEAD [1ms]
[2022-10-20T12:07:33.042Z] > git for-each-ref --format=%(refname)%00%(upstream:short)%00%(objectname)%00%(upstream:track)%00%(upstream:remotename)%00%(upstream:remoteref) refs/heads/master refs/remotes/master [1ms]
[2022-10-20T12:07:33.060Z] > git for-each-ref --sort -committerdate --format %(refname) %(objectname) %(*objectname) [9ms]
[2022-10-20T12:07:33.061Z] > git remote --verbose [2ms]
[2022-10-20T12:07:33.073Z] > git config --get commit.template [2ms]
[2022-10-20T12:07:38.084Z] > git status -z -uall [2ms]
[2022-10-20T12:07:38.091Z] > git symbolic-ref --short HEAD [1ms]
[2022-10-20T12:07:38.099Z] > git for-each-ref --format=%(refname)%00%(upstream:short)%00%(objectname)%00%(upstream:track)%00%(upstream:remotename)%00%(upstream:remoteref) refs/heads/master refs/remotes/master [2ms]
[2022-10-20T12:07:38.112Z] > git for-each-ref --sort -committerdate --format %(refname) %(objectname) %(*objectname) [8ms]
[2022-10-20T12:07:38.112Z] > git remote --verbose [1ms]
[2022-10-20T12:07:38.120Z] > git config --get commit.template [1ms]
[2022-10-20T12:07:43.131Z] > git status -z -uall [2ms]
[2022-10-20T12:07:43.140Z] > git symbolic-ref --short HEAD [1ms]
[2022-10-20T12:07:43.148Z] > git for-each-ref --format=%(refname)%00%(upstream:short)%00%(objectname)%00%(upstream:track)%00%(upstream:remotename)%00%(upstream:remoteref) refs/heads/master refs/remotes/master [1ms]
[2022-10-20T12:07:43.164Z] > git for-each-ref --sort -committerdate --format %(refname) %(objectname) %(*objectname) [8ms]
[2022-10-20T12:07:43.165Z] > git remote --verbose [2ms]
[2022-10-20T12:07:43.174Z] > git config --get commit.template [1ms]
[2022-10-20T12:07:48.184Z] > git status -z -uall [2ms]
[2022-10-20T12:07:48.194Z] > git symbolic-ref --short HEAD [1ms]
[2022-10-20T12:07:48.203Z] > git for-each-ref --format=%(refname)%00%(upstream:short)%00%(objectname)%00%(upstream:track)%00%(upstream:remotename)%00%(upstream:remoteref) refs/heads/master refs/remotes/master [1ms]
[2022-10-20T12:07:48.225Z] > git for-each-ref --sort -committerdate --format %(refname) %(objectname) %(*objectname) [13ms]
[2022-10-20T12:07:48.226Z] > git remote --verbose [3ms]
[2022-10-20T12:07:48.238Z] > git config --get commit.template [2ms]
[2022-10-20T12:07:53.251Z] > git status -z -uall [3ms]
[2022-10-20T12:07:53.263Z] > git symbolic-ref --short HEAD [3ms]
[2022-10-20T12:07:53.274Z] > git for-each-ref --format=%(refname)%00%(upstream:short)%00%(objectname)%00%(upstream:track)%00%(upstream:remotename)%00%(upstream:remoteref) refs/heads/master refs/remotes/master [3ms]
[2022-10-20T12:07:53.292Z] > git for-each-ref --sort -committerdate --format %(refname) %(objectname) %(*objectname) [9ms]
[2022-10-20T12:07:53.297Z] > git remote --verbose [6ms]
[2022-10-20T12:07:53.310Z] > git config --get commit.template [3ms]
[2022-10-20T12:07:58.326Z] > git status -z -uall [5ms]
[2022-10-20T12:07:58.341Z] > git symbolic-ref --short HEAD [4ms]
[2022-10-20T12:07:58.355Z] > git for-each-ref --format=%(refname)%00%(upstream:short)%00%(objectname)%00%(upstream:track)%00%(upstream:remotename)%00%(upstream:remoteref) refs/heads/master refs/remotes/master [3ms]
[2022-10-20T12:07:58.378Z] > git for-each-ref --sort -committerdate --format %(refname) %(objectname) %(*objectname) [13ms]
[2022-10-20T12:07:58.379Z] > git remote --verbose [2ms]
[2022-10-20T12:07:58.394Z] > git config --get commit.template [2ms]
[2022-10-20T12:08:03.404Z] > git status -z -uall [2ms]
[2022-10-20T12:08:03.414Z] > git symbolic-ref --short HEAD [1ms]
[2022-10-20T12:08:03.423Z] > git for-each-ref --format=%(refname)%00%(upstream:short)%00%(objectname)%00%(upstream:track)%00%(upstream:remotename)%00%(upstream:remoteref) refs/heads/master refs/remotes/master [2ms]
[2022-10-20T12:08:03.443Z] > git remote --verbose [3ms]
[2022-10-20T12:08:03.443Z] > git for-each-ref --sort -committerdate --format %(refname) %(objectname) %(*objectname) [11ms]
[2022-10-20T12:08:03.455Z] > git config --get commit.template [2ms]
[2022-10-20T12:08:08.467Z] > git status -z -uall [3ms]
[2022-10-20T12:08:08.476Z] > git symbolic-ref --short HEAD [1ms]
[2022-10-20T12:08:08.485Z] > git for-each-ref --format=%(refname)%00%(upstream:short)%00%(objectname)%00%(upstream:track)%00%(upstream:remotename)%00%(upstream:remoteref) refs/heads/master refs/remotes/master [2ms]
[2022-10-20T12:08:08.501Z] > git for-each-ref --sort -committerdate --format %(refname) %(objectname) %(*objectname) [9ms]
[2022-10-20T12:08:08.502Z] > git remote --verbose [2ms]
[2022-10-20T12:08:08.512Z] > git config --get commit.template [1ms]
[2022-10-20T12:08:13.530Z] > git status -z -uall [3ms]
[2022-10-20T12:08:13.544Z] > git symbolic-ref --short HEAD [2ms]
[2022-10-20T12:08:13.556Z] > git for-each-ref --format=%(refname)%00%(upstream:short)%00%(objectname)%00%(upstream:track)%00%(upstream:remotename)%00%(upstream:remoteref) refs/heads/master refs/remotes/master [3ms]
[2022-10-20T12:08:13.581Z] > git for-each-ref --sort -committerdate --format %(refname) %(objectname) %(*objectname) [15ms]
[2022-10-20T12:08:13.582Z] > git remote --verbose [2ms]
[2022-10-20T12:08:13.600Z] > git config --get commit.template [1ms]
[2022-10-20T12:08:18.614Z] > git status -z -uall [3ms]
[2022-10-20T12:08:18.627Z] > git symbolic-ref --short HEAD [3ms]
[2022-10-20T12:08:18.643Z] > git for-each-ref --format=%(refname)%00%(upstream:short)%00%(objectname)%00%(upstream:track)%00%(upstream:remotename)%00%(upstream:remoteref) refs/heads/master refs/remotes/master [6ms]
[2022-10-20T12:08:18.663Z] > git for-each-ref --sort -committerdate --format %(refname) %(objectname) %(*objectname) [10ms]
[2022-10-20T12:08:18.665Z] > git remote --verbose [3ms]
[2022-10-20T12:08:18.681Z] > git config --get commit.template [2ms]
[2022-10-20T12:08:23.708Z] > git status -z -uall [6ms]
[2022-10-20T12:08:23.731Z] > git symbolic-ref --short HEAD [2ms]
[2022-10-20T12:08:23.745Z] > git for-each-ref --format=%(refname)%00%(upstream:short)%00%(objectname)%00%(upstream:track)%00%(upstream:remotename)%00%(upstream:remoteref) refs/heads/master refs/remotes/master [4ms]
[2022-10-20T12:08:23.785Z] > git for-each-ref --sort -committerdate --format %(refname) %(objectname) %(*objectname) [26ms]
[2022-10-20T12:08:23.787Z] > git remote --verbose [3ms]
[2022-10-20T12:08:23.807Z] > git config --get commit.template [1ms]
[2022-10-20T12:08:28.827Z] > git status -z -uall [4ms]
[2022-10-20T12:08:28.852Z] > git symbolic-ref --short HEAD [6ms]
[2022-10-20T12:08:28.874Z] > git for-each-ref --format=%(refname)%00%(upstream:short)%00%(objectname)%00%(upstream:track)%00%(upstream:remotename)%00%(upstream:remoteref) refs/heads/master refs/remotes/master [0ms]
[2022-10-20T12:08:28.899Z] > git for-each-ref --sort -committerdate --format %(refname) %(objectname) %(*objectname) [10ms]
[2022-10-20T12:08:28.901Z] > git remote --verbose [3ms]
[2022-10-20T12:08:28.913Z] > git config --get commit.template [1ms]
[2022-10-20T12:08:33.925Z] > git status -z -uall [3ms]
[2022-10-20T12:08:33.932Z] > git symbolic-ref --short HEAD [1ms]
[2022-10-20T12:08:33.941Z] > git for-each-ref --format=%(refname)%00%(upstream:short)%00%(objectname)%00%(upstream:track)%00%(upstream:remotename)%00%(upstream:remoteref) refs/heads/master refs/remotes/master [2ms]
[2022-10-20T12:08:33.955Z] > git for-each-ref --sort -committerdate --format %(refname) %(objectname) %(*objectname) [7ms]
[2022-10-20T12:08:33.956Z] > git remote --verbose [2ms]
[2022-10-20T12:08:33.968Z] > git config --get commit.template [2ms]
[2022-10-20T12:08:38.984Z] > git status -z -uall [5ms]
[2022-10-20T12:08:38.995Z] > git symbolic-ref --short HEAD [2ms]
[2022-10-20T12:08:39.007Z] > git for-each-ref --format=%(refname)%00%(upstream:short)%00%(objectname)%00%(upstream:track)%00%(upstream:remotename)%00%(upstream:remoteref) refs/heads/master refs/remotes/master [2ms]
[2022-10-20T12:08:39.032Z] > git for-each-ref --sort -committerdate --format %(refname) %(objectname) %(*objectname) [14ms]
[2022-10-20T12:08:39.032Z] > git remote --verbose [1ms]
[2022-10-20T12:08:39.049Z] > git config --get commit.template [3ms]
[2022-10-20T12:08:44.059Z] > git status -z -uall [2ms]
[2022-10-20T12:08:44.071Z] > git symbolic-ref --short HEAD [2ms]
[2022-10-20T12:08:44.082Z] > git for-each-ref --format=%(refname)%00%(upstream:short)%00%(objectname)%00%(upstream:track)%00%(upstream:remotename)%00%(upstream:remoteref) refs/heads/master refs/remotes/master [3ms]
[2022-10-20T12:08:44.107Z] > git for-each-ref --sort -committerdate --format %(refname) %(objectname) %(*objectname) [13ms]
[2022-10-20T12:08:44.107Z] > git remote --verbose [1ms]
[2022-10-20T12:08:44.119Z] > git config --get commit.template [1ms]
[2022-10-20T12:08:49.132Z] > git status -z -uall [3ms]
[2022-10-20T12:08:49.141Z] > git symbolic-ref --short HEAD [2ms]
[2022-10-20T12:08:49.150Z] > git for-each-ref --format=%(refname)%00%(upstream:short)%00%(objectname)%00%(upstream:track)%00%(upstream:remotename)%00%(upstream:remoteref) refs/heads/master refs/remotes/master [2ms]
[2022-10-20T12:08:49.168Z] > git for-each-ref --sort -committerdate --format %(refname) %(objectname) %(*objectname) [9ms]
[2022-10-20T12:08:49.170Z] > git remote --verbose [3ms]
[2022-10-20T12:08:49.181Z] > git config --get commit.template [2ms]
[2022-10-20T12:08:54.194Z] > git status -z -uall [3ms]
[2022-10-20T12:08:54.203Z] > git symbolic-ref --short HEAD [1ms]
[2022-10-20T12:08:54.212Z] > git for-each-ref --format=%(refname)%00%(upstream:short)%00%(objectname)%00%(upstream:track)%00%(upstream:remotename)%00%(upstream:remoteref) refs/heads/master refs/remotes/master [2ms]
[2022-10-20T12:08:54.229Z] > git remote --verbose [1ms]
[2022-10-20T12:08:54.230Z] > git for-each-ref --sort -committerdate --format %(refname) %(objectname) %(*objectname) [10ms]
[2022-10-20T12:08:54.242Z] > git config --get commit.template [2ms]
[2022-10-20T12:08:59.256Z] > git status -z -uall [3ms]
[2022-10-20T12:08:59.267Z] > git symbolic-ref --short HEAD [2ms]
[2022-10-20T12:08:59.279Z] > git for-each-ref --format=%(refname)%00%(upstream:short)%00%(objectname)%00%(upstream:track)%00%(upstream:remotename)%00%(upstream:remoteref) refs/heads/master refs/remotes/master [3ms]
[2022-10-20T12:08:59.299Z] > git for-each-ref --sort -committerdate --format %(refname) %(objectname) %(*objectname) [10ms]
[2022-10-20T12:08:59.302Z] > git remote --verbose [4ms]
[2022-10-20T12:08:59.318Z] > git config --get commit.template [2ms]
[2022-10-20T12:09:04.332Z] > git status -z -uall [4ms]
[2022-10-20T12:09:04.342Z] > git symbolic-ref --short HEAD [2ms]
[2022-10-20T12:09:04.355Z] > git for-each-ref --format=%(refname)%00%(upstream:short)%00%(objectname)%00%(upstream:track)%00%(upstream:remotename)%00%(upstream:remoteref) refs/heads/master refs/remotes/master [2ms]
[2022-10-20T12:09:04.376Z] > git for-each-ref --sort -committerdate --format %(refname) %(objectname) %(*objectname) [10ms]
[2022-10-20T12:09:04.377Z] > git remote --verbose [2ms]
[2022-10-20T12:09:04.391Z] > git config --get commit.template [1ms]
[2022-10-20T12:09:09.408Z] > git status -z -uall [3ms]
[2022-10-20T12:09:09.420Z] > git symbolic-ref --short HEAD [2ms]
[2022-10-20T12:09:09.436Z] > git for-each-ref --format=%(refname)%00%(upstream:short)%00%(objectname)%00%(upstream:track)%00%(upstream:remotename)%00%(upstream:remoteref) refs/heads/master refs/remotes/master [4ms]
[2022-10-20T12:09:09.464Z] > git remote --verbose [3ms]
[2022-10-20T12:09:09.464Z] > git for-each-ref --sort -committerdate --format %(refname) %(objectname) %(*objectname) [15ms]
[2022-10-20T12:09:09.487Z] > git config --get commit.template [4ms]
[2022-10-20T12:09:14.502Z] > git status -z -uall [4ms]
[2022-10-20T12:09:14.512Z] > git symbolic-ref --short HEAD [2ms]
[2022-10-20T12:09:14.525Z] > git for-each-ref --format=%(refname)%00%(upstream:short)%00%(objectname)%00%(upstream:track)%00%(upstream:remotename)%00%(upstream:remoteref) refs/heads/master refs/remotes/master [1ms]
[2022-10-20T12:09:14.556Z] > git for-each-ref --sort -committerdate --format %(refname) %(objectname) %(*objectname) [18ms]
[2022-10-20T12:09:14.557Z] > git remote --verbose [10ms]
[2022-10-20T12:09:14.568Z] > git config --get commit.template [2ms]
[2022-10-20T12:09:15.734Z] > git fetch [2ms]
[2022-10-20T12:09:15.734Z] error: cannot run ssh: No such file or directory
fatal: unable to fork
[2022-10-20T12:09:16.900Z] > git ls-tree -l HEAD -- /home/michail/work/Quanti/drmax-qa-tests/bash_scripts/run_azdo_pipelines.sh [2ms]
[2022-10-20T12:09:16.911Z] > git show --textconv HEAD:bash_scripts/run_azdo_pipelines.sh [1ms]
[2022-10-20T12:09:19.580Z] > git status -z -uall [2ms]
[2022-10-20T12:09:19.589Z] > git symbolic-ref --short HEAD [1ms]
[2022-10-20T12:09:19.599Z] > git for-each-ref --format=%(refname)%00%(upstream:short)%00%(objectname)%00%(upstream:track)%00%(upstream:remotename)%00%(upstream:remoteref) refs/heads/master refs/remotes/master [1ms]
[2022-10-20T12:09:19.616Z] > git for-each-ref --sort -committerdate --format %(refname) %(objectname) %(*objectname) [8ms]
[2022-10-20T12:09:19.618Z] > git remote --verbose [2ms]
[2022-10-20T12:09:19.630Z] > git config --get commit.template [2ms]
[2022-10-20T12:09:24.644Z] > git status -z -uall [3ms]
[2022-10-20T12:09:24.652Z] > git symbolic-ref --short HEAD [1ms]
[2022-10-20T12:09:24.661Z] > git for-each-ref --format=%(refname)%00%(upstream:short)%00%(objectname)%00%(upstream:track)%00%(upstream:remotename)%00%(upstream:remoteref) refs/heads/master refs/remotes/master [2ms]
[2022-10-20T12:09:24.676Z] > git for-each-ref --sort -committerdate --format %(refname) %(objectname) %(*objectname) [8ms]
[2022-10-20T12:09:24.677Z] > git remote --verbose [2ms]
[2022-10-20T12:09:24.688Z] > git config --get commit.template [1ms]
[2022-10-20T12:09:29.702Z] > git status -z -uall [3ms]
[2022-10-20T12:09:29.712Z] > git symbolic-ref --short HEAD [2ms]
[2022-10-20T12:09:29.728Z] > git for-each-ref --format=%(refname)%00%(upstream:short)%00%(objectname)%00%(upstream:track)%00%(upstream:remotename)%00%(upstream:remoteref) refs/heads/master refs/remotes/master [3ms]
[2022-10-20T12:09:29.748Z] > git for-each-ref --sort -committerdate --format %(refname) %(objectname) %(*objectname) [11ms]
[2022-10-20T12:09:29.749Z] > git remote --verbose [3ms]
[2022-10-20T12:09:29.762Z] > git config --get commit.template [1ms]
[2022-10-20T12:09:34.774Z] > git status -z -uall [3ms]
[2022-10-20T12:09:34.782Z] > git symbolic-ref --short HEAD [1ms]
[2022-10-20T12:09:34.792Z] > git for-each-ref --format=%(refname)%00%(upstream:short)%00%(objectname)%00%(upstream:track)%00%(upstream:remotename)%00%(upstream:remoteref) refs/heads/master refs/remotes/master [2ms]
[2022-10-20T12:09:34.808Z] > git for-each-ref --sort -committerdate --format %(refname) %(objectname) %(*objectname) [8ms]
[2022-10-20T12:09:34.809Z] > git remote --verbose [2ms]
[2022-10-20T12:09:34.818Z] > git config --get commit.template [1ms]
[2022-10-20T12:12:15.744Z] > git fetch [2ms]
[2022-10-20T12:12:15.744Z] error: cannot run ssh: No such file or directory
fatal: unable to fork
[2022-10-20T12:12:16.809Z] > git status -z -uall [2ms]
[2022-10-20T12:12:16.816Z] > git symbolic-ref --short HEAD [1ms]
[2022-10-20T12:12:16.824Z] > git for-each-ref --format=%(refname)%00%(upstream:short)%00%(objectname)%00%(upstream:track)%00%(upstream:remotename)%00%(upstream:remoteref) refs/heads/master refs/remotes/master [2ms]
[2022-10-20T12:12:16.835Z] > git for-each-ref --sort -committerdate --format %(refname) %(objectname) %(*objectname) [6ms]
[2022-10-20T12:12:16.836Z] > git remote --verbose [2ms]
[2022-10-20T12:12:16.842Z] > git config --get commit.template [1ms]
[2022-10-20T12:12:16.914Z] > git ls-tree -l HEAD -- /home/michail/work/Quanti/drmax-qa-tests/bash_scripts/run_azdo_pipelines.sh [2ms]
[2022-10-20T12:12:16.932Z] > git show --textconv HEAD:bash_scripts/run_azdo_pipelines.sh [3ms]
[2022-10-20T12:12:21.861Z] > git status -z -uall [4ms]
[2022-10-20T12:12:21.875Z] > git symbolic-ref --short HEAD [2ms]
[2022-10-20T12:12:21.888Z] > git for-each-ref --format=%(refname)%00%(upstream:short)%00%(objectname)%00%(upstream:track)%00%(upstream:remotename)%00%(upstream:remoteref) refs/heads/master refs/remotes/master [2ms]
[2022-10-20T12:12:21.914Z] > git for-each-ref --sort -committerdate --format %(refname) %(objectname) %(*objectname) [15ms]
[2022-10-20T12:12:21.914Z] > git remote --verbose [1ms]
[2022-10-20T12:12:21.929Z] > git config --get commit.template [3ms]
[2022-10-20T12:18:03.455Z] > git ls-tree -l HEAD -- /home/michail/work/Quanti/drmax-qa-tests/bash_scripts/run_azdo_pipelines.sh [13ms]
[2022-10-20T12:18:03.457Z] > git fetch [2ms]
[2022-10-20T12:18:03.457Z] error: cannot run ssh: No such file or directory
fatal: unable to fork
[2022-10-20T12:18:04.528Z] > git status -z -uall [4ms]
[2022-10-20T12:18:04.542Z] > git symbolic-ref --short HEAD [2ms]
[2022-10-20T12:18:04.557Z] > git for-each-ref --format=%(refname)%00%(upstream:short)%00%(objectname)%00%(upstream:track)%00%(upstream:remotename)%00%(upstream:remoteref) refs/heads/master refs/remotes/master [2ms]
[2022-10-20T12:18:04.578Z] > git for-each-ref --sort -committerdate --format %(refname) %(objectname) %(*objectname) [10ms]
[2022-10-20T12:18:04.579Z] > git remote --verbose [2ms]
[2022-10-20T12:18:04.591Z] > git config --get commit.template [1ms]
[2022-10-20T12:18:04.622Z] > git ls-tree -l HEAD -- /home/michail/work/Quanti/drmax-qa-tests/bash_scripts/run_azdo_pipelines.sh [2ms]
[2022-10-20T12:18:04.634Z] > git show --textconv HEAD:bash_scripts/run_azdo_pipelines.sh [2ms]
[2022-10-21T07:37:27.613Z] > git fetch [13ms]
[2022-10-21T07:37:27.613Z] error: cannot run ssh: No such file or directory
fatal: unable to fork
[2022-10-21T07:37:27.614Z] > git ls-tree -l HEAD -- /home/michail/work/Quanti/drmax-qa-tests/bash_scripts/run_azdo_pipelines.sh [25ms]
[2022-10-21T07:37:27.615Z] > git status -z -uall [3ms]
[2022-10-21T07:37:27.629Z] > git symbolic-ref --short HEAD [1ms]
[2022-10-21T07:37:27.642Z] > git for-each-ref --format=%(refname)%00%(upstream:short)%00%(objectname)%00%(upstream:track)%00%(upstream:remotename)%00%(upstream:remoteref) refs/heads/master refs/remotes/master [2ms]
[2022-10-21T07:37:27.663Z] > git remote --verbose [2ms]
[2022-10-21T07:37:27.670Z] > git for-each-ref --sort -committerdate --format %(refname) %(objectname) %(*objectname) [20ms]
[2022-10-21T07:37:27.682Z] > git config --get commit.template [1ms]
[2022-10-21T07:37:28.785Z] > git ls-tree -l HEAD -- /home/michail/work/Quanti/drmax-qa-tests/bash_scripts/run_azdo_pipelines.sh [4ms]
[2022-10-21T07:37:28.811Z] > git show --textconv HEAD:bash_scripts/run_azdo_pipelines.sh [5ms]
[2022-10-21T07:37:30.646Z] > git show --textconv :specs/content/faq.ts [9ms]
[2022-10-21T07:37:30.647Z] > git ls-files --stage -- /home/michail/work/Quanti/drmax-qa-tests/specs/content/faq.ts [2ms]
[2022-10-21T07:37:30.657Z] > git cat-file -s e288f72830784e87834f8d9f50884d961da4ecd8 [2ms]
[2022-10-21T07:37:31.997Z] > git show --textconv :specs/content/visuals/megamenu.ts [13ms]
[2022-10-21T07:37:31.998Z] > git ls-files --stage -- /home/michail/work/Quanti/drmax-qa-tests/specs/content/visuals/megamenu.ts [2ms]
[2022-10-21T07:37:32.012Z] > git cat-file -s a167b09165f76c17f18fb19325321788b6d8778c [2ms]
[2022-10-21T07:37:32.701Z] > git status -z -uall [6ms]
[2022-10-21T07:37:32.714Z] > git symbolic-ref --short HEAD [2ms]
[2022-10-21T07:37:32.727Z] > git for-each-ref --format=%(refname)%00%(upstream:short)%00%(objectname)%00%(upstream:track)%00%(upstream:remotename)%00%(upstream:remoteref) refs/heads/master refs/remotes/master [3ms]
[2022-10-21T07:37:32.748Z] > git for-each-ref --sort -committerdate --format %(refname) %(objectname) %(*objectname) [11ms]
[2022-10-21T07:37:32.749Z] > git remote --verbose [2ms]
[2022-10-21T07:37:32.762Z] > git config --get commit.template [1ms]
[2022-10-21T07:37:57.306Z] > git show --textconv :specs/content/pharmacies.ts [23ms]
[2022-10-21T07:37:57.308Z] > git ls-files --stage -- /home/michail/work/Quanti/drmax-qa-tests/specs/content/pharmacies.ts [14ms]
[2022-10-21T07:37:57.323Z] > git cat-file -s 8605a5dd3dc14c2a890abd9282c99ba008069e01 [2ms]
[2022-10-21T07:44:51.706Z] > git fetch [6ms]
[2022-10-21T07:44:51.706Z] error: cannot run ssh: No such file or directory
fatal: unable to fork
[2022-10-21T07:44:52.815Z] > git status -z -uall [4ms]
[2022-10-21T07:44:52.841Z] > git symbolic-ref --short HEAD [4ms]
[2022-10-21T07:44:52.864Z] > git for-each-ref --format=%(refname)%00%(upstream:short)%00%(objectname)%00%(upstream:track)%00%(upstream:remotename)%00%(upstream:remoteref) refs/heads/master refs/remotes/master [4ms]
[2022-10-21T07:44:52.904Z] > git for-each-ref --sort -committerdate --format %(refname) %(objectname) %(*objectname) [27ms]
[2022-10-21T07:44:52.904Z] > git remote --verbose [1ms]
[2022-10-21T07:44:52.923Z] > git config --get commit.template [3ms]
[2022-10-21T07:44:52.956Z] > git ls-files --stage -- /home/michail/work/Quanti/drmax-qa-tests/specs/content/pharmacies.ts [2ms]
[2022-10-21T07:44:52.970Z] > git cat-file -s 8605a5dd3dc14c2a890abd9282c99ba008069e01 [1ms]
[2022-10-21T07:44:52.985Z] > git show --textconv :specs/content/pharmacies.ts [1ms]
[2022-10-21T07:44:57.938Z] > git status -z -uall [3ms]
[2022-10-21T07:44:57.946Z] > git symbolic-ref --short HEAD [1ms]
[2022-10-21T07:44:57.958Z] > git for-each-ref --format=%(refname)%00%(upstream:short)%00%(objectname)%00%(upstream:track)%00%(upstream:remotename)%00%(upstream:remoteref) refs/heads/master refs/remotes/master [3ms]
[2022-10-21T07:44:57.979Z] > git for-each-ref --sort -committerdate --format %(refname) %(objectname) %(*objectname) [10ms]
[2022-10-21T07:44:57.980Z] > git remote --verbose [4ms]
[2022-10-21T07:44:57.993Z] > git config --get commit.template [1ms]
[2022-10-21T07:47:53.363Z] > git fetch [2ms]
[2022-10-21T07:47:53.363Z] error: cannot run ssh: No such file or directory
fatal: unable to fork
[2022-10-21T07:47:54.480Z] > git status -z -uall [3ms]
[2022-10-21T07:47:54.489Z] > git symbolic-ref --short HEAD [1ms]
[2022-10-21T07:47:54.504Z] > git for-each-ref --format=%(refname)%00%(upstream:short)%00%(objectname)%00%(upstream:track)%00%(upstream:remotename)%00%(upstream:remoteref) refs/heads/master refs/remotes/master [2ms]
[2022-10-21T07:47:54.524Z] > git for-each-ref --sort -committerdate --format %(refname) %(objectname) %(*objectname) [9ms]
[2022-10-21T07:47:54.525Z] > git remote --verbose [3ms]
[2022-10-21T07:47:54.538Z] > git config --get commit.template [1ms]
[2022-10-21T07:47:54.585Z] > git ls-files --stage -- /home/michail/work/Quanti/drmax-qa-tests/specs/content/pharmacies.ts [1ms]
[2022-10-21T07:47:54.597Z] > git cat-file -s 8605a5dd3dc14c2a890abd9282c99ba008069e01 [1ms]
[2022-10-21T07:47:54.609Z] > git show --textconv :specs/content/pharmacies.ts [2ms]
[2022-10-21T07:47:59.550Z] > git status -z -uall [3ms]
[2022-10-21T07:47:59.557Z] > git symbolic-ref --short HEAD [1ms]
[2022-10-21T07:47:59.574Z] > git for-each-ref --format=%(refname)%00%(upstream:short)%00%(objectname)%00%(upstream:track)%00%(upstream:remotename)%00%(upstream:remoteref) refs/heads/master refs/remotes/master [2ms]
[2022-10-21T07:47:59.593Z] > git for-each-ref --sort -committerdate --format %(refname) %(objectname) %(*objectname) [8ms]
[2022-10-21T07:47:59.594Z] > git remote --verbose [2ms]
[2022-10-21T07:47:59.611Z] > git config --get commit.template [1ms]
[2022-10-21T07:53:00.744Z] > git fetch [3ms]
[2022-10-21T07:53:00.744Z] error: cannot run ssh: No such file or directory
fatal: unable to fork
[2022-10-21T07:53:01.813Z] > git status -z -uall [4ms]
[2022-10-21T07:53:01.824Z] > git symbolic-ref --short HEAD [1ms]
[2022-10-21T07:53:01.834Z] > git for-each-ref --format=%(refname)%00%(upstream:short)%00%(objectname)%00%(upstream:track)%00%(upstream:remotename)%00%(upstream:remoteref) refs/heads/master refs/remotes/master [1ms]
[2022-10-21T07:53:01.847Z] > git for-each-ref --sort -committerdate --format %(refname) %(objectname) %(*objectname) [6ms]
[2022-10-21T07:53:01.848Z] > git remote --verbose [1ms]
[2022-10-21T07:53:01.857Z] > git config --get commit.template [1ms]
[2022-10-21T07:53:01.909Z] > git ls-files --stage -- /home/michail/work/Quanti/drmax-qa-tests/specs/content/pharmacies.ts [2ms]
[2022-10-21T07:53:01.917Z] > git cat-file -s 8605a5dd3dc14c2a890abd9282c99ba008069e01 [1ms]
[2022-10-21T07:53:01.931Z] > git show --textconv :specs/content/pharmacies.ts [2ms]
[2022-10-21T07:54:57.223Z] > git status -z -uall [3ms]
[2022-10-21T07:54:57.242Z] > git symbolic-ref --short HEAD [2ms]
[2022-10-21T07:54:57.257Z] > git for-each-ref --format=%(refname)%00%(upstream:short)%00%(objectname)%00%(upstream:track)%00%(upstream:remotename)%00%(upstream:remoteref) refs/heads/master refs/remotes/master [4ms]
[2022-10-21T07:54:57.283Z] > git for-each-ref --sort -committerdate --format %(refname) %(objectname) %(*objectname) [12ms]
[2022-10-21T07:54:57.284Z] > git remote --verbose [2ms]
[2022-10-21T07:54:57.301Z] > git config --get commit.template [3ms]
[2022-10-21T08:12:57.396Z] > git fetch [3ms]
[2022-10-21T08:12:57.396Z] error: cannot run ssh: No such file or directory
fatal: unable to fork
[2022-10-21T08:12:58.465Z] > git status -z -uall [4ms]
[2022-10-21T08:12:58.478Z] > git symbolic-ref --short HEAD [1ms]
[2022-10-21T08:12:58.488Z] > git for-each-ref --format=%(refname)%00%(upstream:short)%00%(objectname)%00%(upstream:track)%00%(upstream:remotename)%00%(upstream:remoteref) refs/heads/master refs/remotes/master [2ms]
[2022-10-21T08:12:58.503Z] > git for-each-ref --sort -committerdate --format %(refname) %(objectname) %(*objectname) [6ms]
[2022-10-21T08:12:58.504Z] > git remote --verbose [2ms]
[2022-10-21T08:12:58.511Z] > git config --get commit.template [1ms]
[2022-10-21T08:12:58.562Z] > git ls-files --stage -- /home/michail/work/Quanti/drmax-qa-tests/specs/content/pharmacies.ts [2ms]
[2022-10-21T08:12:58.570Z] > git cat-file -s 8605a5dd3dc14c2a890abd9282c99ba008069e01 [1ms]
[2022-10-21T08:12:58.582Z] > git show --textconv :specs/content/pharmacies.ts [2ms]
[2022-10-21T08:13:03.521Z] > git status -z -uall [3ms]
[2022-10-21T08:13:03.530Z] > git symbolic-ref --short HEAD [2ms]
[2022-10-21T08:13:03.542Z] > git for-each-ref --format=%(refname)%00%(upstream:short)%00%(objectname)%00%(upstream:track)%00%(upstream:remotename)%00%(upstream:remoteref) refs/heads/master refs/remotes/master [1ms]
[2022-10-21T08:13:03.561Z] > git for-each-ref --sort -committerdate --format %(refname) %(objectname) %(*objectname) [12ms]
[2022-10-21T08:13:03.562Z] > git remote --verbose [2ms]
[2022-10-21T08:13:03.570Z] > git config --get commit.template [1ms]
[2022-10-21T08:13:21.715Z] > git show --textconv :specs/content/search_results.ts [24ms]
[2022-10-21T08:13:21.718Z] > git ls-files --stage -- /home/michail/work/Quanti/drmax-qa-tests/specs/content/search_results.ts [17ms]
[2022-10-21T08:13:21.732Z] > git cat-file -s de03a233472f0186cd6612aa4c817c714703a995 [2ms]
[2022-10-21T08:13:23.466Z] > git show --textconv :specs/content/search_suggestion.ts [25ms]
[2022-10-21T08:13:23.467Z] > git ls-files --stage -- /home/michail/work/Quanti/drmax-qa-tests/specs/content/search_suggestion.ts [16ms]
[2022-10-21T08:13:23.487Z] > git cat-file -s f378e12a36d48b99963e88365799c535869e0301 [9ms]
[2022-10-21T08:13:33.632Z] > git check-ignore -v -z --stdin [5ms]
[2022-10-21T08:13:33.785Z] > git show --textconv :cypress/handlers/api/elasticsearch-api-handler.ts [28ms]
[2022-10-21T08:13:33.785Z] > git ls-files --stage -- /home/michail/work/Quanti/drmax-qa-tests/cypress/handlers/api/elasticsearch-api-handler.ts [11ms]
[2022-10-21T08:13:33.816Z] > git cat-file -s 39f91a93943b5d444357e8447ca810ed2a7f8a91 [9ms]
[2022-10-21T08:13:34.183Z] > git check-ignore -v -z --stdin [9ms]
[2022-10-21T08:13:36.048Z] > git show --textconv :cypress/helpers/elastic_search/product_es_request_builder.ts [21ms]
[2022-10-21T08:13:36.049Z] > git ls-files --stage -- /home/michail/work/Quanti/drmax-qa-tests/cypress/helpers/elastic_search/product_es_request_builder.ts [7ms]
[2022-10-21T08:13:36.069Z] > git cat-file -s c57b0c713e76ebafc9ba14feebfd50d937c602c0 [11ms]
[2022-10-21T08:13:36.520Z] > git check-ignore -v -z --stdin [4ms]
[2022-10-21T08:13:47.638Z] > git show --textconv :cypress/helpers/elastic_search/elastic_search_request_builder.ts [17ms]
[2022-10-21T08:13:47.649Z] > git ls-files --stage -- /home/michail/work/Quanti/drmax-qa-tests/cypress/helpers/elastic_search/elastic_search_request_builder.ts [12ms]
[2022-10-21T08:13:47.668Z] > git cat-file -s 7196c8c82f988f8659fbd2cc29c66edc9bdad494 [3ms]
[2022-10-21T08:14:39.993Z] > git show --textconv :cypress/helpers/elastic_search/megamenu_es_request_bulder.ts [27ms]
[2022-10-21T08:14:39.993Z] > git ls-files --stage -- /home/michail/work/Quanti/drmax-qa-tests/cypress/helpers/elastic_search/megamenu_es_request_bulder.ts [14ms]
[2022-10-21T08:14:40.003Z] > git cat-file -s f90481b72d9157d511d44fade098f4d237fcbbc9 [4ms]
[2022-10-21T08:15:57.410Z] > git fetch [3ms]
[2022-10-21T08:15:57.410Z] error: cannot run ssh: No such file or directory
fatal: unable to fork
[2022-10-21T08:15:58.478Z] > git status -z -uall [4ms]
[2022-10-21T08:15:58.492Z] > git symbolic-ref --short HEAD [2ms]
[2022-10-21T08:15:58.503Z] > git for-each-ref --format=%(refname)%00%(upstream:short)%00%(objectname)%00%(upstream:track)%00%(upstream:remotename)%00%(upstream:remoteref) refs/heads/master refs/remotes/master [1ms]
[2022-10-21T08:15:58.521Z] > git for-each-ref --sort -committerdate --format %(refname) %(objectname) %(*objectname) [9ms]
[2022-10-21T08:15:58.521Z] > git remote --verbose [1ms]
[2022-10-21T08:15:58.532Z] > git config --get commit.template [1ms]
[2022-10-21T08:15:58.597Z] > git ls-files --stage -- /home/michail/work/Quanti/drmax-qa-tests/cypress/helpers/elastic_search/megamenu_es_request_bulder.ts [1ms]
[2022-10-21T08:15:58.606Z] > git cat-file -s f90481b72d9157d511d44fade098f4d237fcbbc9 [2ms]
[2022-10-21T08:15:58.618Z] > git show --textconv :cypress/helpers/elastic_search/megamenu_es_request_bulder.ts [1ms]
[2022-10-21T08:16:03.548Z] > git status -z -uall [3ms]
[2022-10-21T08:16:03.560Z] > git symbolic-ref --short HEAD [0ms]
[2022-10-21T08:16:03.569Z] > git for-each-ref --format=%(refname)%00%(upstream:short)%00%(objectname)%00%(upstream:track)%00%(upstream:remotename)%00%(upstream:remoteref) refs/heads/master refs/remotes/master [2ms]
[2022-10-21T08:16:03.584Z] > git for-each-ref --sort -committerdate --format %(refname) %(objectname) %(*objectname) [8ms]
[2022-10-21T08:16:03.585Z] > git remote --verbose [2ms]
[2022-10-21T08:16:03.598Z] > git config --get commit.template [2ms]
[2022-10-21T08:18:11.046Z] > git status -z -uall [2ms]
[2022-10-21T08:18:11.064Z] > git symbolic-ref --short HEAD [3ms]
[2022-10-21T08:18:11.086Z] > git for-each-ref --format=%(refname)%00%(upstream:short)%00%(objectname)%00%(upstream:track)%00%(upstream:remotename)%00%(upstream:remoteref) refs/heads/master refs/remotes/master [1ms]
[2022-10-21T08:18:11.112Z] > git for-each-ref --sort -committerdate --format %(refname) %(objectname) %(*objectname) [16ms]
[2022-10-21T08:18:11.114Z] > git remote --verbose [3ms]
[2022-10-21T08:18:11.136Z] > git config --get commit.template [0ms]
[2022-10-21T08:18:16.153Z] > git status -z -uall [4ms]
[2022-10-21T08:18:16.163Z] > git symbolic-ref --short HEAD [2ms]
[2022-10-21T08:18:16.172Z] > git for-each-ref --format=%(refname)%00%(upstream:short)%00%(objectname)%00%(upstream:track)%00%(upstream:remotename)%00%(upstream:remoteref) refs/heads/master refs/remotes/master [2ms]
[2022-10-21T08:18:16.206Z] > git for-each-ref --sort -committerdate --format %(refname) %(objectname) %(*objectname) [18ms]
[2022-10-21T08:18:16.207Z] > git remote --verbose [2ms]
[2022-10-21T08:18:16.228Z] > git config --get commit.template [2ms]
[2022-10-21T08:18:41.620Z] > git status -z -uall [4ms]
[2022-10-21T08:18:41.642Z] > git symbolic-ref --short HEAD [2ms]
[2022-10-21T08:18:41.657Z] > git for-each-ref --format=%(refname)%00%(upstream:short)%00%(objectname)%00%(upstream:track)%00%(upstream:remotename)%00%(upstream:remoteref) refs/heads/master refs/remotes/master [2ms]
[2022-10-21T08:18:41.676Z] > git for-each-ref --sort -committerdate --format %(refname) %(objectname) %(*objectname) [8ms]
[2022-10-21T08:18:41.677Z] > git remote --verbose [2ms]
[2022-10-21T08:18:41.687Z] > git config --get commit.template [2ms]
[2022-10-21T08:19:38.329Z] > git fetch [2ms]
[2022-10-21T08:19:38.329Z] error: cannot run ssh: No such file or directory
fatal: unable to fork
[2022-10-21T08:31:47.764Z] > git fetch [28ms]
[2022-10-21T08:31:47.764Z] error: cannot run ssh: No such file or directory
fatal: unable to fork
[2022-10-21T08:31:47.768Z] > git status -z -uall [7ms]
[2022-10-21T08:31:47.789Z] > git symbolic-ref --short HEAD [3ms]
[2022-10-21T08:31:47.812Z] > git for-each-ref --format=%(refname)%00%(upstream:short)%00%(objectname)%00%(upstream:track)%00%(upstream:remotename)%00%(upstream:remoteref) refs/heads/master refs/remotes/master [5ms]
[2022-10-21T08:31:47.850Z] > git for-each-ref --sort -committerdate --format %(refname) %(objectname) %(*objectname) [17ms]
[2022-10-21T08:31:47.852Z] > git remote --verbose [3ms]
[2022-10-21T08:31:47.911Z] > git config --get commit.template [32ms]
[2022-10-21T08:31:47.969Z] > git ls-files --stage -- /home/michail/work/Quanti/drmax-qa-tests/cypress/helpers/elastic_search/megamenu_es_request_bulder.ts [59ms]
[2022-10-21T08:31:47.993Z] > git cat-file -s f90481b72d9157d511d44fade098f4d237fcbbc9 [4ms]
[2022-10-21T08:31:48.043Z] > git show --textconv :cypress/helpers/elastic_search/megamenu_es_request_bulder.ts [4ms]
[2022-10-21T08:31:49.008Z] > git ls-files --stage -- /home/michail/work/Quanti/drmax-qa-tests/cypress/helpers/elastic_search/megamenu_es_request_bulder.ts [2ms]
[2022-10-21T08:31:49.026Z] > git cat-file -s f90481b72d9157d511d44fade098f4d237fcbbc9 [3ms]
[2022-10-21T08:31:49.046Z] > git show --textconv :cypress/helpers/elastic_search/megamenu_es_request_bulder.ts [2ms]
[2022-10-21T08:31:52.927Z] > git status -z -uall [4ms]
[2022-10-21T08:31:52.949Z] > git symbolic-ref --short HEAD [3ms]
[2022-10-21T08:31:52.961Z] > git for-each-ref --format=%(refname)%00%(upstream:short)%00%(objectname)%00%(upstream:track)%00%(upstream:remotename)%00%(upstream:remoteref) refs/heads/master refs/remotes/master [2ms]
[2022-10-21T08:31:52.984Z] > git for-each-ref --sort -committerdate --format %(refname) %(objectname) %(*objectname) [10ms]
[2022-10-21T08:31:52.984Z] > git remote --verbose [1ms]
[2022-10-21T08:31:52.999Z] > git config --get commit.template [3ms]
[2022-10-21T08:41:59.716Z] > git fetch [6ms]
[2022-10-21T08:41:59.716Z] error: cannot run ssh: No such file or directory
fatal: unable to fork
[2022-10-21T08:42:00.431Z] > git show --textconv :specs/content/visuals/megamenu.ts [18ms]
[2022-10-21T08:42:00.431Z] > git ls-files --stage -- /home/michail/work/Quanti/drmax-qa-tests/specs/content/visuals/megamenu.ts [5ms]
[2022-10-21T08:42:00.445Z] > git cat-file -s a167b09165f76c17f18fb19325321788b6d8778c [3ms]
[2022-10-21T08:42:00.997Z] > git status -z -uall [5ms]
[2022-10-21T08:42:01.026Z] > git symbolic-ref --short HEAD [9ms]
[2022-10-21T08:42:01.062Z] > git for-each-ref --format=%(refname)%00%(upstream:short)%00%(objectname)%00%(upstream:track)%00%(upstream:remotename)%00%(upstream:remoteref) refs/heads/master refs/remotes/master [5ms]
[2022-10-21T08:42:01.118Z] > git for-each-ref --sort -committerdate --format %(refname) %(objectname) %(*objectname) [28ms]
[2022-10-21T08:42:01.121Z] > git remote --verbose [7ms]
[2022-10-21T08:42:01.172Z] > git ls-files --stage -- /home/michail/work/Quanti/drmax-qa-tests/specs/content/visuals/megamenu.ts [21ms]
[2022-10-21T08:42:01.191Z] > git config --get commit.template [21ms]
[2022-10-21T08:42:01.193Z] > git cat-file -s a167b09165f76c17f18fb19325321788b6d8778c [4ms]
[2022-10-21T08:42:01.233Z] > git show --textconv :specs/content/visuals/megamenu.ts [3ms]
[2022-10-21T08:42:07.938Z] > git status -z -uall [7ms]
[2022-10-21T08:42:07.955Z] > git symbolic-ref --short HEAD [4ms]
[2022-10-21T08:42:07.970Z] > git for-each-ref --format=%(refname)%00%(upstream:short)%00%(objectname)%00%(upstream:track)%00%(upstream:remotename)%00%(upstream:remoteref) refs/heads/master refs/remotes/master [3ms]
[2022-10-21T08:42:07.992Z] > git for-each-ref --sort -committerdate --format %(refname) %(objectname) %(*objectname) [15ms]
[2022-10-21T08:42:07.993Z] > git remote --verbose [2ms]
[2022-10-21T08:42:08.010Z] > git config --get commit.template [1ms]
[2022-10-21T08:42:52.055Z] > git show --textconv :cypress/helpers/elastic_search/megamenu_es_request_bulder.ts [40ms]
[2022-10-21T08:42:52.056Z] > git ls-files --stage -- /home/michail/work/Quanti/drmax-qa-tests/cypress/helpers/elastic_search/megamenu_es_request_bulder.ts [11ms]
[2022-10-21T08:42:52.091Z] > git cat-file -s f90481b72d9157d511d44fade098f4d237fcbbc9 [6ms]
[2022-10-21T08:43:13.910Z] > git status -z -uall [5ms]
[2022-10-21T08:43:13.959Z] > git symbolic-ref --short HEAD [28ms]
[2022-10-21T08:43:14.006Z] > git for-each-ref --format=%(refname)%00%(upstream:short)%00%(objectname)%00%(upstream:track)%00%(upstream:remotename)%00%(upstream:remoteref) refs/heads/master refs/remotes/master [25ms]
[2022-10-21T08:43:14.050Z] > git for-each-ref --sort -committerdate --format %(refname) %(objectname) %(*objectname) [27ms]
[2022-10-21T08:43:14.056Z] > git remote --verbose [7ms]
[2022-10-21T08:43:14.084Z] > git config --get commit.template [2ms]
[2022-10-21T09:05:31.245Z] > git fetch [11ms]
[2022-10-21T09:05:31.245Z] error: cannot run ssh: No such file or directory
fatal: unable to fork
