[2022-10-21T10:15:15.146Z] Log level: Info
[2022-10-21T10:15:15.156Z] [info] Validating found git in: git
[2022-10-21T10:15:15.281Z] [info] Using git 2.38.1 from git
[2022-10-21T10:15:15.324Z] > git rev-parse --show-toplevel [8ms]
[2022-10-21T10:15:15.348Z] > git rev-parse --git-dir --git-common-dir [4ms]
[2022-10-21T10:15:15.362Z] [info] Open repository: /home/michail/work/Quanti/drmax-qa-tests
[2022-10-21T10:15:15.448Z] > git status -z -uall [41ms]
[2022-10-21T10:15:15.497Z] > git symbolic-ref --short HEAD [16ms]
[2022-10-21T10:15:15.514Z] > git rev-parse --show-toplevel [83ms]
[2022-10-21T10:15:15.593Z] > git rev-parse --show-toplevel [64ms]
[2022-10-21T10:15:15.611Z] > git for-each-ref --format=%(refname)%00%(upstream:short)%00%(objectname)%00%(upstream:track)%00%(upstream:remotename)%00%(upstream:remoteref) refs/heads/master refs/remotes/master [98ms]
[2022-10-21T10:15:15.692Z] > git rev-parse --show-toplevel [81ms]
[2022-10-21T10:15:15.729Z] > git for-each-ref --sort -committerdate --format %(refname) %(objectname) %(*objectname) [100ms]
[2022-10-21T10:15:15.743Z] > git remote --verbose [89ms]
[2022-10-21T10:15:15.760Z] > git rev-parse --show-toplevel [33ms]
[2022-10-21T10:15:15.777Z] > git config --get commit.template [18ms]
[2022-10-21T10:15:15.798Z] > git rev-parse --show-toplevel [23ms]
[2022-10-21T10:15:15.826Z] > git status -z -uall [29ms]
[2022-10-21T10:15:16.424Z] > git rev-parse --show-toplevel [598ms]
[2022-10-21T10:15:16.703Z] > git check-ignore -v -z --stdin [246ms]
[2022-10-21T10:15:16.708Z] > git rev-parse --show-toplevel [272ms]
[2022-10-21T10:15:16.719Z] > git symbolic-ref --short HEAD [873ms]
[2022-10-21T10:15:16.759Z] > git for-each-ref --format=%(refname)%00%(upstream:short)%00%(objectname)%00%(upstream:track)%00%(upstream:remotename)%00%(upstream:remoteref) refs/heads/master refs/remotes/master [29ms]
[2022-10-21T10:15:16.780Z] > git rev-parse --show-toplevel [61ms]
[2022-10-21T10:15:16.809Z] > git fetch [1425ms]
[2022-10-21T10:15:16.809Z] From ssh.dev.azure.com:v3/drmaxglobal/qaa-team/drmax-qa-tests
   aa4049a..8164944  feature/12349 -> origin/feature/12349
   9d3a67b..846f02a  feature/12480 -> origin/feature/12480
   45cd743..33c5b69  feature/14940 -> origin/feature/14940
   1c1a7c0..001407e  fix/15444     -> origin/fix/15444
[2022-10-21T10:15:16.813Z] > git rev-parse --show-toplevel [21ms]
[2022-10-21T10:15:16.826Z] > git remote --verbose [47ms]
[2022-10-21T10:15:16.827Z] > git for-each-ref --sort -committerdate --format %(refname) %(objectname) %(*objectname) [58ms]
[2022-10-21T10:15:16.847Z] > git rev-parse --show-toplevel [21ms]
[2022-10-21T10:15:16.981Z] > git show --textconv :cypress/helpers/elastic_search/megamenu_es_request_bulder.ts [98ms]
[2022-10-21T10:15:16.982Z] > git config --get commit.template [136ms]
[2022-10-21T10:15:16.999Z] > git ls-files --stage -- /home/michail/work/Quanti/drmax-qa-tests/cypress/helpers/elastic_search/megamenu_es_request_bulder.ts [99ms]
[2022-10-21T10:15:17.017Z] > git status -z -uall [24ms]
[2022-10-21T10:15:17.046Z] > git symbolic-ref --short HEAD [16ms]
[2022-10-21T10:15:17.057Z] > git cat-file -s f90481b72d9157d511d44fade098f4d237fcbbc9 [44ms]
[2022-10-21T10:15:17.069Z] > git for-each-ref --format=%(refname)%00%(upstream:short)%00%(objectname)%00%(upstream:track)%00%(upstream:remotename)%00%(upstream:remoteref) refs/heads/master refs/remotes/master [13ms]
[2022-10-21T10:15:17.130Z] > git remote --verbose [35ms]
[2022-10-21T10:15:17.130Z] > git for-each-ref --sort -committerdate --format %(refname) %(objectname) %(*objectname) [50ms]
[2022-10-21T10:15:17.233Z] > git config --get commit.template [79ms]
[2022-10-21T10:15:17.949Z] > git ls-files --stage -- /home/michail/work/Quanti/drmax-qa-tests/cypress/helpers/elastic_search/megamenu_es_request_bulder.ts [31ms]
[2022-10-21T10:15:17.983Z] > git cat-file -s f90481b72d9157d511d44fade098f4d237fcbbc9 [18ms]
[2022-10-21T10:15:18.012Z] > git show --textconv :cypress/helpers/elastic_search/megamenu_es_request_bulder.ts [3ms]
[2022-10-21T10:17:31.981Z] > git status -z -uall [3ms]
[2022-10-21T10:17:31.989Z] > git symbolic-ref --short HEAD [1ms]
[2022-10-21T10:17:31.996Z] > git for-each-ref --format=%(refname)%00%(upstream:short)%00%(objectname)%00%(upstream:track)%00%(upstream:remotename)%00%(upstream:remoteref) refs/heads/master refs/remotes/master [2ms]
[2022-10-21T10:17:32.010Z] > git for-each-ref --sort -committerdate --format %(refname) %(objectname) %(*objectname) [6ms]
[2022-10-21T10:17:32.011Z] > git remote --verbose [2ms]
[2022-10-21T10:17:32.023Z] > git config --get commit.template [1ms]
[2022-10-21T10:28:00.024Z] > git status -z -uall [20ms]
[2022-10-21T10:28:00.044Z] > git symbolic-ref --short HEAD [3ms]
[2022-10-21T10:28:00.059Z] > git for-each-ref --format=%(refname)%00%(upstream:short)%00%(objectname)%00%(upstream:track)%00%(upstream:remotename)%00%(upstream:remoteref) refs/heads/master refs/remotes/master [4ms]
[2022-10-21T10:28:00.088Z] > git remote --verbose [7ms]
[2022-10-21T10:28:00.115Z] > git for-each-ref --sort -committerdate --format %(refname) %(objectname) %(*objectname) [45ms]
[2022-10-21T10:28:00.136Z] > git config --get commit.template [3ms]
[2022-10-21T10:28:01.126Z] > git fetch [1140ms]
[2022-10-21T10:28:01.138Z] > git status -z -uall [3ms]
[2022-10-21T10:28:01.149Z] > git symbolic-ref --short HEAD [2ms]
[2022-10-21T10:28:01.159Z] > git for-each-ref --format=%(refname)%00%(upstream:short)%00%(objectname)%00%(upstream:track)%00%(upstream:remotename)%00%(upstream:remoteref) refs/heads/master refs/remotes/master [2ms]
[2022-10-21T10:28:01.181Z] > git for-each-ref --sort -committerdate --format %(refname) %(objectname) %(*objectname) [12ms]
[2022-10-21T10:28:01.182Z] > git remote --verbose [4ms]
[2022-10-21T10:28:01.198Z] > git config --get commit.template [2ms]
[2022-10-21T10:28:02.199Z] > git ls-files --stage -- /home/michail/work/Quanti/drmax-qa-tests/cypress/helpers/elastic_search/megamenu_es_request_bulder.ts [2ms]
[2022-10-21T10:28:02.221Z] > git cat-file -s f90481b72d9157d511d44fade098f4d237fcbbc9 [10ms]
[2022-10-21T10:28:02.253Z] > git show --textconv :cypress/helpers/elastic_search/megamenu_es_request_bulder.ts [2ms]
[2022-10-21T10:28:05.168Z] > git status -z -uall [8ms]
[2022-10-21T10:28:05.201Z] > git symbolic-ref --short HEAD [13ms]
[2022-10-21T10:28:05.240Z] > git for-each-ref --format=%(refname)%00%(upstream:short)%00%(objectname)%00%(upstream:track)%00%(upstream:remotename)%00%(upstream:remoteref) refs/heads/master refs/remotes/master [1ms]
[2022-10-21T10:28:05.289Z] > git remote --verbose [3ms]
[2022-10-21T10:28:05.290Z] > git for-each-ref --sort -committerdate --format %(refname) %(objectname) %(*objectname) [31ms]
[2022-10-21T10:28:05.326Z] > git config --get commit.template [7ms]
[2022-10-21T10:28:10.369Z] > git status -z -uall [9ms]
[2022-10-21T10:28:10.409Z] > git symbolic-ref --short HEAD [13ms]
[2022-10-21T10:28:10.446Z] > git for-each-ref --format=%(refname)%00%(upstream:short)%00%(objectname)%00%(upstream:track)%00%(upstream:remotename)%00%(upstream:remoteref) refs/heads/master refs/remotes/master [8ms]
[2022-10-21T10:28:10.523Z] > git for-each-ref --sort -committerdate --format %(refname) %(objectname) %(*objectname) [31ms]
[2022-10-21T10:28:10.524Z] > git remote --verbose [3ms]
[2022-10-21T10:28:10.546Z] > git config --get commit.template [1ms]
[2022-10-21T10:28:15.584Z] > git status -z -uall [4ms]
[2022-10-21T10:28:15.666Z] > git symbolic-ref --short HEAD [14ms]
[2022-10-21T10:28:15.712Z] > git for-each-ref --format=%(refname)%00%(upstream:short)%00%(objectname)%00%(upstream:track)%00%(upstream:remotename)%00%(upstream:remoteref) refs/heads/master refs/remotes/master [7ms]
[2022-10-21T10:28:15.894Z] > git remote --verbose [7ms]
[2022-10-21T10:28:15.907Z] > git for-each-ref --sort -committerdate --format %(refname) %(objectname) %(*objectname) [104ms]
[2022-10-21T10:28:15.938Z] > git config --get commit.template [3ms]
[2022-10-21T10:28:20.965Z] > git status -z -uall [14ms]
[2022-10-21T10:28:20.978Z] > git symbolic-ref --short HEAD [3ms]
[2022-10-21T10:28:20.991Z] > git for-each-ref --format=%(refname)%00%(upstream:short)%00%(objectname)%00%(upstream:track)%00%(upstream:remotename)%00%(upstream:remoteref) refs/heads/master refs/remotes/master [2ms]
[2022-10-21T10:28:21.019Z] > git remote --verbose [1ms]
[2022-10-21T10:28:21.020Z] > git for-each-ref --sort -committerdate --format %(refname) %(objectname) %(*objectname) [19ms]
[2022-10-21T10:28:21.047Z] > git config --get commit.template [3ms]
[2022-10-21T10:28:26.057Z] > git status -z -uall [3ms]
[2022-10-21T10:28:26.067Z] > git symbolic-ref --short HEAD [1ms]
[2022-10-21T10:28:26.077Z] > git for-each-ref --format=%(refname)%00%(upstream:short)%00%(objectname)%00%(upstream:track)%00%(upstream:remotename)%00%(upstream:remoteref) refs/heads/master refs/remotes/master [2ms]
[2022-10-21T10:28:26.096Z] > git remote --verbose [2ms]
[2022-10-21T10:28:26.101Z] > git for-each-ref --sort -committerdate --format %(refname) %(objectname) %(*objectname) [15ms]
[2022-10-21T10:28:26.113Z] > git config --get commit.template [1ms]
[2022-10-21T10:28:31.126Z] > git status -z -uall [3ms]
[2022-10-21T10:28:31.134Z] > git symbolic-ref --short HEAD [1ms]
[2022-10-21T10:28:31.144Z] > git for-each-ref --format=%(refname)%00%(upstream:short)%00%(objectname)%00%(upstream:track)%00%(upstream:remotename)%00%(upstream:remoteref) refs/heads/master refs/remotes/master [1ms]
[2022-10-21T10:28:31.161Z] > git for-each-ref --sort -committerdate --format %(refname) %(objectname) %(*objectname) [10ms]
[2022-10-21T10:28:31.162Z] > git remote --verbose [2ms]
[2022-10-21T10:28:31.178Z] > git config --get commit.template [5ms]
