[2022-10-14 11:23:32.712] [sharedprocess] [error] [/home/michail/.vscode/extensions/ms-vscode.cmake-tools-1.12.27]: Failed to parse /home/michail/.vscode/extensions/ms-vscode.cmake-tools-1.12.27/package.nls.json: Value expected.
[2022-10-14 11:23:32.782] [sharedprocess] [error] [/home/michail/.vscode/extensions/ms-vscode.cmake-tools-1.12.27]: Failed to parse /home/michail/.vscode/extensions/ms-vscode.cmake-tools-1.12.27/package.nls.json: Value expected.
[2022-10-14 11:23:32.786] [sharedprocess] [error] [/home/michail/.vscode/extensions/ms-vscode.cmake-tools-1.12.27]: Failed to parse /home/michail/.vscode/extensions/ms-vscode.cmake-tools-1.12.27/package.nls.json: Value expected.
[2022-10-14 11:23:32.788] [sharedprocess] [error] [/home/michail/.vscode/extensions/ms-vscode.cmake-tools-1.12.27]: Failed to parse /home/michail/.vscode/extensions/ms-vscode.cmake-tools-1.12.27/package.nls.json: Value expected.
[2022-10-14 11:23:32.794] [sharedprocess] [error] [/home/michail/.vscode/extensions/ms-vscode.cmake-tools-1.12.27]: Failed to parse /home/michail/.vscode/extensions/ms-vscode.cmake-tools-1.12.27/package.nls.json: Value expected.
[2022-10-14 11:23:32.901] [sharedprocess] [info] Deleted from disk ms-vscode.vscode-typescript-next /home/michail/.vscode/extensions/ms-vscode.vscode-typescript-next-4.9.20221011
[2022-10-14 11:23:32.970] [sharedprocess] [error] [/home/michail/.vscode/extensions/ms-vscode.cmake-tools-1.12.27]: Failed to parse /home/michail/.vscode/extensions/ms-vscode.cmake-tools-1.12.27/package.nls.json: Value expected.
[2022-10-14 11:23:33.110] [sharedprocess] [error] [/home/michail/.vscode/extensions/ms-vscode.cmake-tools-1.12.27]: Failed to parse /home/michail/.vscode/extensions/ms-vscode.cmake-tools-1.12.27/package.nls.json: Value expected.
[2022-10-14 11:23:33.461] [sharedprocess] [info] Starting worker process with pid 28331 (type: fileWatcher, window: 1).
[2022-10-14 11:23:33.678] [sharedprocess] [error] [/home/michail/.vscode/extensions/ms-vscode.cmake-tools-1.12.27]: Failed to parse /home/michail/.vscode/extensions/ms-vscode.cmake-tools-1.12.27/package.nls.json: Value expected.
[2022-10-14 11:23:33.723] [sharedprocess] [error] [/home/michail/.vscode/extensions/ms-vscode.cmake-tools-1.12.27]: Failed to parse /home/michail/.vscode/extensions/ms-vscode.cmake-tools-1.12.27/package.nls.json: Value expected.
[2022-10-14 11:23:33.739] [sharedprocess] [error] [/home/michail/.vscode/extensions/ms-vscode.cmake-tools-1.12.27]: Failed to parse /home/michail/.vscode/extensions/ms-vscode.cmake-tools-1.12.27/package.nls.json: Value expected.
[2022-10-14 11:23:33.753] [sharedprocess] [error] [/home/michail/.vscode/extensions/ms-vscode.cmake-tools-1.12.27]: Failed to parse /home/michail/.vscode/extensions/ms-vscode.cmake-tools-1.12.27/package.nls.json: Value expected.
[2022-10-14 11:23:33.767] [sharedprocess] [error] [/home/michail/.vscode/extensions/ms-vscode.cmake-tools-1.12.27]: Failed to parse /home/michail/.vscode/extensions/ms-vscode.cmake-tools-1.12.27/package.nls.json: Value expected.
[2022-10-14 11:23:35.524] [sharedprocess] [error] [/home/michail/.vscode/extensions/ms-vscode.cmake-tools-1.12.27]: Failed to parse /home/michail/.vscode/extensions/ms-vscode.cmake-tools-1.12.27/package.nls.json: Value expected.
[2022-10-14 11:23:35.860] [sharedprocess] [error] [/home/michail/.vscode/extensions/ms-vscode.cmake-tools-1.12.27]: Failed to parse /home/michail/.vscode/extensions/ms-vscode.cmake-tools-1.12.27/package.nls.json: Value expected.
[2022-10-14 11:23:35.946] [sharedprocess] [error] [/home/michail/.vscode/extensions/ms-vscode.cmake-tools-1.12.27]: Failed to parse /home/michail/.vscode/extensions/ms-vscode.cmake-tools-1.12.27/package.nls.json: Value expected.
[2022-10-14 11:23:37.166] [sharedprocess] [error] [/home/michail/.vscode/extensions/ms-vscode.cmake-tools-1.12.27]: Failed to parse /home/michail/.vscode/extensions/ms-vscode.cmake-tools-1.12.27/package.nls.json: Value expected.
[2022-10-14 11:23:38.064] [sharedprocess] [error] [/home/michail/.vscode/extensions/ms-vscode.cmake-tools-1.12.27]: Failed to parse /home/michail/.vscode/extensions/ms-vscode.cmake-tools-1.12.27/package.nls.json: Value expected.
[2022-10-14 11:23:39.272] [sharedprocess] [info] Worker process with pid 28331 terminated normally (type: fileWatcher, window: 1).
[2022-10-14 11:23:41.805] [sharedprocess] [info] Starting worker process with pid 28612 (type: fileWatcher, window: 1).
[2022-10-14 11:23:41.929] [sharedprocess] [error] [/home/michail/.vscode/extensions/ms-vscode.cmake-tools-1.12.27]: Failed to parse /home/michail/.vscode/extensions/ms-vscode.cmake-tools-1.12.27/package.nls.json: Value expected.
[2022-10-14 11:23:42.094] [sharedprocess] [error] [/home/michail/.vscode/extensions/ms-vscode.cmake-tools-1.12.27]: Failed to parse /home/michail/.vscode/extensions/ms-vscode.cmake-tools-1.12.27/package.nls.json: Value expected.
[2022-10-14 11:23:42.694] [sharedprocess] [error] [/home/michail/.vscode/extensions/ms-vscode.cmake-tools-1.12.27]: Failed to parse /home/michail/.vscode/extensions/ms-vscode.cmake-tools-1.12.27/package.nls.json: Value expected.
[2022-10-14 11:23:42.726] [sharedprocess] [error] [/home/michail/.vscode/extensions/ms-vscode.cmake-tools-1.12.27]: Failed to parse /home/michail/.vscode/extensions/ms-vscode.cmake-tools-1.12.27/package.nls.json: Value expected.
[2022-10-14 11:23:42.860] [sharedprocess] [error] [/home/michail/.vscode/extensions/ms-vscode.cmake-tools-1.12.27]: Failed to parse /home/michail/.vscode/extensions/ms-vscode.cmake-tools-1.12.27/package.nls.json: Value expected.
[2022-10-14 11:23:44.063] [sharedprocess] [error] [/home/michail/.vscode/extensions/ms-vscode.cmake-tools-1.12.27]: Failed to parse /home/michail/.vscode/extensions/ms-vscode.cmake-tools-1.12.27/package.nls.json: Value expected.
[2022-10-14 11:23:44.500] [sharedprocess] [error] [/home/michail/.vscode/extensions/ms-vscode.cmake-tools-1.12.27]: Failed to parse /home/michail/.vscode/extensions/ms-vscode.cmake-tools-1.12.27/package.nls.json: Value expected.
[2022-10-14 11:23:44.923] [sharedprocess] [error] [/home/michail/.vscode/extensions/ms-vscode.cmake-tools-1.12.27]: Failed to parse /home/michail/.vscode/extensions/ms-vscode.cmake-tools-1.12.27/package.nls.json: Value expected.
[2022-10-14 11:23:45.022] [sharedprocess] [error] [/home/michail/.vscode/extensions/ms-vscode.cmake-tools-1.12.27]: Failed to parse /home/michail/.vscode/extensions/ms-vscode.cmake-tools-1.12.27/package.nls.json: Value expected.
[2022-10-14 11:28:44.379] [sharedprocess] [error] [/home/michail/.vscode/extensions/ms-vscode.cmake-tools-1.12.27]: Failed to parse /home/michail/.vscode/extensions/ms-vscode.cmake-tools-1.12.27/package.nls.json: Value expected.
[2022-10-14 11:28:45.140] [sharedprocess] [error] [/home/michail/.vscode/extensions/ms-vscode.cmake-tools-1.12.27]: Failed to parse /home/michail/.vscode/extensions/ms-vscode.cmake-tools-1.12.27/package.nls.json: Value expected.
[2022-10-14 11:33:44.702] [sharedprocess] [error] [/home/michail/.vscode/extensions/ms-vscode.cmake-tools-1.12.27]: Failed to parse /home/michail/.vscode/extensions/ms-vscode.cmake-tools-1.12.27/package.nls.json: Value expected.
[2022-10-14 11:33:45.201] [sharedprocess] [error] [/home/michail/.vscode/extensions/ms-vscode.cmake-tools-1.12.27]: Failed to parse /home/michail/.vscode/extensions/ms-vscode.cmake-tools-1.12.27/package.nls.json: Value expected.
[2022-10-14 11:38:05.815] [sharedprocess] [error] [/home/michail/.vscode/extensions/ms-vscode.cmake-tools-1.12.27]: Failed to parse /home/michail/.vscode/extensions/ms-vscode.cmake-tools-1.12.27/package.nls.json: Value expected.
[2022-10-14 11:38:45.289] [sharedprocess] [error] [/home/michail/.vscode/extensions/ms-vscode.cmake-tools-1.12.27]: Failed to parse /home/michail/.vscode/extensions/ms-vscode.cmake-tools-1.12.27/package.nls.json: Value expected.
[2022-10-14 11:43:06.210] [sharedprocess] [error] [/home/michail/.vscode/extensions/ms-vscode.cmake-tools-1.12.27]: Failed to parse /home/michail/.vscode/extensions/ms-vscode.cmake-tools-1.12.27/package.nls.json: Value expected.
[2022-10-14 11:43:45.349] [sharedprocess] [error] [/home/michail/.vscode/extensions/ms-vscode.cmake-tools-1.12.27]: Failed to parse /home/michail/.vscode/extensions/ms-vscode.cmake-tools-1.12.27/package.nls.json: Value expected.
[2022-10-14 11:48:06.475] [sharedprocess] [error] [/home/michail/.vscode/extensions/ms-vscode.cmake-tools-1.12.27]: Failed to parse /home/michail/.vscode/extensions/ms-vscode.cmake-tools-1.12.27/package.nls.json: Value expected.
[2022-10-14 11:48:45.417] [sharedprocess] [error] [/home/michail/.vscode/extensions/ms-vscode.cmake-tools-1.12.27]: Failed to parse /home/michail/.vscode/extensions/ms-vscode.cmake-tools-1.12.27/package.nls.json: Value expected.
[2022-10-14 11:53:06.812] [sharedprocess] [error] [/home/michail/.vscode/extensions/ms-vscode.cmake-tools-1.12.27]: Failed to parse /home/michail/.vscode/extensions/ms-vscode.cmake-tools-1.12.27/package.nls.json: Value expected.
[2022-10-14 11:53:45.486] [sharedprocess] [error] [/home/michail/.vscode/extensions/ms-vscode.cmake-tools-1.12.27]: Failed to parse /home/michail/.vscode/extensions/ms-vscode.cmake-tools-1.12.27/package.nls.json: Value expected.
[2022-10-14 11:58:07.179] [sharedprocess] [error] [/home/michail/.vscode/extensions/ms-vscode.cmake-tools-1.12.27]: Failed to parse /home/michail/.vscode/extensions/ms-vscode.cmake-tools-1.12.27/package.nls.json: Value expected.
[2022-10-14 11:58:45.556] [sharedprocess] [error] [/home/michail/.vscode/extensions/ms-vscode.cmake-tools-1.12.27]: Failed to parse /home/michail/.vscode/extensions/ms-vscode.cmake-tools-1.12.27/package.nls.json: Value expected.
[2022-10-14 12:03:07.507] [sharedprocess] [error] [/home/michail/.vscode/extensions/ms-vscode.cmake-tools-1.12.27]: Failed to parse /home/michail/.vscode/extensions/ms-vscode.cmake-tools-1.12.27/package.nls.json: Value expected.
[2022-10-14 12:03:45.613] [sharedprocess] [error] [/home/michail/.vscode/extensions/ms-vscode.cmake-tools-1.12.27]: Failed to parse /home/michail/.vscode/extensions/ms-vscode.cmake-tools-1.12.27/package.nls.json: Value expected.
[2022-10-14 12:08:40.074] [sharedprocess] [error] RequestService#request (browser) - error https://vscode-sync.trafficmanager.net/v1/manifest {}
[2022-10-14 12:08:45.671] [sharedprocess] [error] [/home/michail/.vscode/extensions/ms-vscode.cmake-tools-1.12.27]: Failed to parse /home/michail/.vscode/extensions/ms-vscode.cmake-tools-1.12.27/package.nls.json: Value expected.
[2022-10-14 12:13:40.353] [sharedprocess] [error] [/home/michail/.vscode/extensions/ms-vscode.cmake-tools-1.12.27]: Failed to parse /home/michail/.vscode/extensions/ms-vscode.cmake-tools-1.12.27/package.nls.json: Value expected.
[2022-10-14 12:13:45.787] [sharedprocess] [error] [/home/michail/.vscode/extensions/ms-vscode.cmake-tools-1.12.27]: Failed to parse /home/michail/.vscode/extensions/ms-vscode.cmake-tools-1.12.27/package.nls.json: Value expected.
[2022-10-14 12:18:40.683] [sharedprocess] [error] [/home/michail/.vscode/extensions/ms-vscode.cmake-tools-1.12.27]: Failed to parse /home/michail/.vscode/extensions/ms-vscode.cmake-tools-1.12.27/package.nls.json: Value expected.
[2022-10-14 12:18:45.858] [sharedprocess] [error] [/home/michail/.vscode/extensions/ms-vscode.cmake-tools-1.12.27]: Failed to parse /home/michail/.vscode/extensions/ms-vscode.cmake-tools-1.12.27/package.nls.json: Value expected.
[2022-10-14 12:23:41.078] [sharedprocess] [error] [/home/michail/.vscode/extensions/ms-vscode.cmake-tools-1.12.27]: Failed to parse /home/michail/.vscode/extensions/ms-vscode.cmake-tools-1.12.27/package.nls.json: Value expected.
[2022-10-14 12:23:45.909] [sharedprocess] [error] [/home/michail/.vscode/extensions/ms-vscode.cmake-tools-1.12.27]: Failed to parse /home/michail/.vscode/extensions/ms-vscode.cmake-tools-1.12.27/package.nls.json: Value expected.
[2022-10-14 12:28:41.445] [sharedprocess] [error] [/home/michail/.vscode/extensions/ms-vscode.cmake-tools-1.12.27]: Failed to parse /home/michail/.vscode/extensions/ms-vscode.cmake-tools-1.12.27/package.nls.json: Value expected.
[2022-10-14 12:28:45.958] [sharedprocess] [error] [/home/michail/.vscode/extensions/ms-vscode.cmake-tools-1.12.27]: Failed to parse /home/michail/.vscode/extensions/ms-vscode.cmake-tools-1.12.27/package.nls.json: Value expected.
[2022-10-14 12:33:46.029] [sharedprocess] [error] [/home/michail/.vscode/extensions/ms-vscode.cmake-tools-1.12.27]: Failed to parse /home/michail/.vscode/extensions/ms-vscode.cmake-tools-1.12.27/package.nls.json: Value expected.
[2022-10-14 12:35:20.169] [sharedprocess] [error] RequestService#request (browser) - error https://vscode-sync.trafficmanager.net/v1/manifest {}
[2022-10-14 12:38:46.086] [sharedprocess] [error] [/home/michail/.vscode/extensions/ms-vscode.cmake-tools-1.12.27]: Failed to parse /home/michail/.vscode/extensions/ms-vscode.cmake-tools-1.12.27/package.nls.json: Value expected.
[2022-10-14 12:40:20.412] [sharedprocess] [error] [/home/michail/.vscode/extensions/ms-vscode.cmake-tools-1.12.27]: Failed to parse /home/michail/.vscode/extensions/ms-vscode.cmake-tools-1.12.27/package.nls.json: Value expected.
[2022-10-14 12:43:46.143] [sharedprocess] [error] [/home/michail/.vscode/extensions/ms-vscode.cmake-tools-1.12.27]: Failed to parse /home/michail/.vscode/extensions/ms-vscode.cmake-tools-1.12.27/package.nls.json: Value expected.
[2022-10-14 12:45:20.962] [sharedprocess] [error] [/home/michail/.vscode/extensions/ms-vscode.cmake-tools-1.12.27]: Failed to parse /home/michail/.vscode/extensions/ms-vscode.cmake-tools-1.12.27/package.nls.json: Value expected.
[2022-10-14 12:48:46.209] [sharedprocess] [error] [/home/michail/.vscode/extensions/ms-vscode.cmake-tools-1.12.27]: Failed to parse /home/michail/.vscode/extensions/ms-vscode.cmake-tools-1.12.27/package.nls.json: Value expected.
[2022-10-14 12:50:21.265] [sharedprocess] [error] [/home/michail/.vscode/extensions/ms-vscode.cmake-tools-1.12.27]: Failed to parse /home/michail/.vscode/extensions/ms-vscode.cmake-tools-1.12.27/package.nls.json: Value expected.
[2022-10-14 12:53:46.262] [sharedprocess] [error] [/home/michail/.vscode/extensions/ms-vscode.cmake-tools-1.12.27]: Failed to parse /home/michail/.vscode/extensions/ms-vscode.cmake-tools-1.12.27/package.nls.json: Value expected.
[2022-10-14 12:57:17.740] [sharedprocess] [error] RequestService#request (browser) - error https://vscode-sync.trafficmanager.net/v1/manifest {}
[2022-10-14 12:58:46.319] [sharedprocess] [error] [/home/michail/.vscode/extensions/ms-vscode.cmake-tools-1.12.27]: Failed to parse /home/michail/.vscode/extensions/ms-vscode.cmake-tools-1.12.27/package.nls.json: Value expected.
[2022-10-14 13:02:18.041] [sharedprocess] [error] [/home/michail/.vscode/extensions/ms-vscode.cmake-tools-1.12.27]: Failed to parse /home/michail/.vscode/extensions/ms-vscode.cmake-tools-1.12.27/package.nls.json: Value expected.
[2022-10-14 13:03:46.411] [sharedprocess] [error] [/home/michail/.vscode/extensions/ms-vscode.cmake-tools-1.12.27]: Failed to parse /home/michail/.vscode/extensions/ms-vscode.cmake-tools-1.12.27/package.nls.json: Value expected.
[2022-10-14 13:07:18.396] [sharedprocess] [error] [/home/michail/.vscode/extensions/ms-vscode.cmake-tools-1.12.27]: Failed to parse /home/michail/.vscode/extensions/ms-vscode.cmake-tools-1.12.27/package.nls.json: Value expected.
[2022-10-14 13:08:46.467] [sharedprocess] [error] [/home/michail/.vscode/extensions/ms-vscode.cmake-tools-1.12.27]: Failed to parse /home/michail/.vscode/extensions/ms-vscode.cmake-tools-1.12.27/package.nls.json: Value expected.
[2022-10-14 13:12:18.686] [sharedprocess] [error] [/home/michail/.vscode/extensions/ms-vscode.cmake-tools-1.12.27]: Failed to parse /home/michail/.vscode/extensions/ms-vscode.cmake-tools-1.12.27/package.nls.json: Value expected.
[2022-10-14 13:13:46.619] [sharedprocess] [error] [/home/michail/.vscode/extensions/ms-vscode.cmake-tools-1.12.27]: Failed to parse /home/michail/.vscode/extensions/ms-vscode.cmake-tools-1.12.27/package.nls.json: Value expected.
[2022-10-14 13:17:19.040] [sharedprocess] [error] [/home/michail/.vscode/extensions/ms-vscode.cmake-tools-1.12.27]: Failed to parse /home/michail/.vscode/extensions/ms-vscode.cmake-tools-1.12.27/package.nls.json: Value expected.
[2022-10-14 13:18:46.711] [sharedprocess] [error] [/home/michail/.vscode/extensions/ms-vscode.cmake-tools-1.12.27]: Failed to parse /home/michail/.vscode/extensions/ms-vscode.cmake-tools-1.12.27/package.nls.json: Value expected.
[2022-10-14 13:22:19.348] [sharedprocess] [error] [/home/michail/.vscode/extensions/ms-vscode.cmake-tools-1.12.27]: Failed to parse /home/michail/.vscode/extensions/ms-vscode.cmake-tools-1.12.27/package.nls.json: Value expected.
[2022-10-14 13:23:46.805] [sharedprocess] [error] [/home/michail/.vscode/extensions/ms-vscode.cmake-tools-1.12.27]: Failed to parse /home/michail/.vscode/extensions/ms-vscode.cmake-tools-1.12.27/package.nls.json: Value expected.
[2022-10-14 13:27:19.646] [sharedprocess] [error] [/home/michail/.vscode/extensions/ms-vscode.cmake-tools-1.12.27]: Failed to parse /home/michail/.vscode/extensions/ms-vscode.cmake-tools-1.12.27/package.nls.json: Value expected.
[2022-10-14 13:28:46.886] [sharedprocess] [error] [/home/michail/.vscode/extensions/ms-vscode.cmake-tools-1.12.27]: Failed to parse /home/michail/.vscode/extensions/ms-vscode.cmake-tools-1.12.27/package.nls.json: Value expected.
[2022-10-14 13:32:20.041] [sharedprocess] [error] [/home/michail/.vscode/extensions/ms-vscode.cmake-tools-1.12.27]: Failed to parse /home/michail/.vscode/extensions/ms-vscode.cmake-tools-1.12.27/package.nls.json: Value expected.
[2022-10-14 13:33:46.942] [sharedprocess] [error] [/home/michail/.vscode/extensions/ms-vscode.cmake-tools-1.12.27]: Failed to parse /home/michail/.vscode/extensions/ms-vscode.cmake-tools-1.12.27/package.nls.json: Value expected.
[2022-10-14 13:35:08.638] [sharedprocess] [error] [/home/michail/.vscode/extensions/ms-vscode.cmake-tools-1.12.27]: Failed to parse /home/michail/.vscode/extensions/ms-vscode.cmake-tools-1.12.27/package.nls.json: Value expected.
[2022-10-14 13:35:12.141] [sharedprocess] [error] [/home/michail/.vscode/extensions/ms-vscode.cmake-tools-1.12.27]: Failed to parse /home/michail/.vscode/extensions/ms-vscode.cmake-tools-1.12.27/package.nls.json: Value expected.
[2022-10-14 13:38:47.018] [sharedprocess] [error] [/home/michail/.vscode/extensions/ms-vscode.cmake-tools-1.12.27]: Failed to parse /home/michail/.vscode/extensions/ms-vscode.cmake-tools-1.12.27/package.nls.json: Value expected.
[2022-10-14 13:40:13.112] [sharedprocess] [error] [/home/michail/.vscode/extensions/ms-vscode.cmake-tools-1.12.27]: Failed to parse /home/michail/.vscode/extensions/ms-vscode.cmake-tools-1.12.27/package.nls.json: Value expected.
[2022-10-14 13:43:47.079] [sharedprocess] [error] [/home/michail/.vscode/extensions/ms-vscode.cmake-tools-1.12.27]: Failed to parse /home/michail/.vscode/extensions/ms-vscode.cmake-tools-1.12.27/package.nls.json: Value expected.
[2022-10-14 13:44:25.955] [sharedprocess] [error] [/home/michail/.vscode/extensions/ms-vscode.cmake-tools-1.12.27]: Failed to parse /home/michail/.vscode/extensions/ms-vscode.cmake-tools-1.12.27/package.nls.json: Value expected.
[2022-10-14 13:44:37.892] [sharedprocess] [error] [/home/michail/.vscode/extensions/ms-vscode.cmake-tools-1.12.27]: Failed to parse /home/michail/.vscode/extensions/ms-vscode.cmake-tools-1.12.27/package.nls.json: Value expected.
[2022-10-14 13:44:52.389] [sharedprocess] [error] [/home/michail/.vscode/extensions/ms-vscode.cmake-tools-1.12.27]: Failed to parse /home/michail/.vscode/extensions/ms-vscode.cmake-tools-1.12.27/package.nls.json: Value expected.
[2022-10-14 13:45:07.079] [sharedprocess] [error] [/home/michail/.vscode/extensions/ms-vscode.cmake-tools-1.12.27]: Failed to parse /home/michail/.vscode/extensions/ms-vscode.cmake-tools-1.12.27/package.nls.json: Value expected.
[2022-10-14 13:48:47.171] [sharedprocess] [error] [/home/michail/.vscode/extensions/ms-vscode.cmake-tools-1.12.27]: Failed to parse /home/michail/.vscode/extensions/ms-vscode.cmake-tools-1.12.27/package.nls.json: Value expected.
[2022-10-14 13:49:34.930] [sharedprocess] [error] [/home/michail/.vscode/extensions/ms-vscode.cmake-tools-1.12.27]: Failed to parse /home/michail/.vscode/extensions/ms-vscode.cmake-tools-1.12.27/package.nls.json: Value expected.
[2022-10-14 13:53:47.236] [sharedprocess] [error] [/home/michail/.vscode/extensions/ms-vscode.cmake-tools-1.12.27]: Failed to parse /home/michail/.vscode/extensions/ms-vscode.cmake-tools-1.12.27/package.nls.json: Value expected.
[2022-10-14 13:54:35.293] [sharedprocess] [error] [/home/michail/.vscode/extensions/ms-vscode.cmake-tools-1.12.27]: Failed to parse /home/michail/.vscode/extensions/ms-vscode.cmake-tools-1.12.27/package.nls.json: Value expected.
[2022-10-14 13:56:03.832] [sharedprocess] [error] [/home/michail/.vscode/extensions/ms-vscode.cmake-tools-1.12.27]: Failed to parse /home/michail/.vscode/extensions/ms-vscode.cmake-tools-1.12.27/package.nls.json: Value expected.
[2022-10-14 13:58:47.330] [sharedprocess] [error] [/home/michail/.vscode/extensions/ms-vscode.cmake-tools-1.12.27]: Failed to parse /home/michail/.vscode/extensions/ms-vscode.cmake-tools-1.12.27/package.nls.json: Value expected.
[2022-10-14 14:00:38.533] [sharedprocess] [error] [/home/michail/.vscode/extensions/ms-vscode.cmake-tools-1.12.27]: Failed to parse /home/michail/.vscode/extensions/ms-vscode.cmake-tools-1.12.27/package.nls.json: Value expected.
[2022-10-14 14:03:47.419] [sharedprocess] [error] [/home/michail/.vscode/extensions/ms-vscode.cmake-tools-1.12.27]: Failed to parse /home/michail/.vscode/extensions/ms-vscode.cmake-tools-1.12.27/package.nls.json: Value expected.
[2022-10-14 14:05:39.868] [sharedprocess] [error] [/home/michail/.vscode/extensions/ms-vscode.cmake-tools-1.12.27]: Failed to parse /home/michail/.vscode/extensions/ms-vscode.cmake-tools-1.12.27/package.nls.json: Value expected.
[2022-10-14 14:08:47.504] [sharedprocess] [error] [/home/michail/.vscode/extensions/ms-vscode.cmake-tools-1.12.27]: Failed to parse /home/michail/.vscode/extensions/ms-vscode.cmake-tools-1.12.27/package.nls.json: Value expected.
[2022-10-14 14:10:40.793] [sharedprocess] [error] [/home/michail/.vscode/extensions/ms-vscode.cmake-tools-1.12.27]: Failed to parse /home/michail/.vscode/extensions/ms-vscode.cmake-tools-1.12.27/package.nls.json: Value expected.
[2022-10-14 14:13:47.623] [sharedprocess] [error] [/home/michail/.vscode/extensions/ms-vscode.cmake-tools-1.12.27]: Failed to parse /home/michail/.vscode/extensions/ms-vscode.cmake-tools-1.12.27/package.nls.json: Value expected.
[2022-10-14 14:15:41.141] [sharedprocess] [error] [/home/michail/.vscode/extensions/ms-vscode.cmake-tools-1.12.27]: Failed to parse /home/michail/.vscode/extensions/ms-vscode.cmake-tools-1.12.27/package.nls.json: Value expected.
[2022-10-14 14:18:47.702] [sharedprocess] [error] [/home/michail/.vscode/extensions/ms-vscode.cmake-tools-1.12.27]: Failed to parse /home/michail/.vscode/extensions/ms-vscode.cmake-tools-1.12.27/package.nls.json: Value expected.
[2022-10-14 14:20:42.500] [sharedprocess] [error] [/home/michail/.vscode/extensions/ms-vscode.cmake-tools-1.12.27]: Failed to parse /home/michail/.vscode/extensions/ms-vscode.cmake-tools-1.12.27/package.nls.json: Value expected.
[2022-10-14 14:23:47.828] [sharedprocess] [error] [/home/michail/.vscode/extensions/ms-vscode.cmake-tools-1.12.27]: Failed to parse /home/michail/.vscode/extensions/ms-vscode.cmake-tools-1.12.27/package.nls.json: Value expected.
[2022-10-14 14:25:42.870] [sharedprocess] [error] [/home/michail/.vscode/extensions/ms-vscode.cmake-tools-1.12.27]: Failed to parse /home/michail/.vscode/extensions/ms-vscode.cmake-tools-1.12.27/package.nls.json: Value expected.
[2022-10-14 14:28:47.882] [sharedprocess] [error] [/home/michail/.vscode/extensions/ms-vscode.cmake-tools-1.12.27]: Failed to parse /home/michail/.vscode/extensions/ms-vscode.cmake-tools-1.12.27/package.nls.json: Value expected.
[2022-10-14 14:30:43.323] [sharedprocess] [error] [/home/michail/.vscode/extensions/ms-vscode.cmake-tools-1.12.27]: Failed to parse /home/michail/.vscode/extensions/ms-vscode.cmake-tools-1.12.27/package.nls.json: Value expected.
[2022-10-14 14:33:47.949] [sharedprocess] [error] [/home/michail/.vscode/extensions/ms-vscode.cmake-tools-1.12.27]: Failed to parse /home/michail/.vscode/extensions/ms-vscode.cmake-tools-1.12.27/package.nls.json: Value expected.
[2022-10-14 14:35:43.740] [sharedprocess] [error] [/home/michail/.vscode/extensions/ms-vscode.cmake-tools-1.12.27]: Failed to parse /home/michail/.vscode/extensions/ms-vscode.cmake-tools-1.12.27/package.nls.json: Value expected.
[2022-10-14 14:38:48.018] [sharedprocess] [error] [/home/michail/.vscode/extensions/ms-vscode.cmake-tools-1.12.27]: Failed to parse /home/michail/.vscode/extensions/ms-vscode.cmake-tools-1.12.27/package.nls.json: Value expected.
[2022-10-14 14:40:44.092] [sharedprocess] [error] [/home/michail/.vscode/extensions/ms-vscode.cmake-tools-1.12.27]: Failed to parse /home/michail/.vscode/extensions/ms-vscode.cmake-tools-1.12.27/package.nls.json: Value expected.
[2022-10-14 14:43:48.094] [sharedprocess] [error] [/home/michail/.vscode/extensions/ms-vscode.cmake-tools-1.12.27]: Failed to parse /home/michail/.vscode/extensions/ms-vscode.cmake-tools-1.12.27/package.nls.json: Value expected.
[2022-10-14 14:45:44.512] [sharedprocess] [error] [/home/michail/.vscode/extensions/ms-vscode.cmake-tools-1.12.27]: Failed to parse /home/michail/.vscode/extensions/ms-vscode.cmake-tools-1.12.27/package.nls.json: Value expected.
[2022-10-14 14:48:48.164] [sharedprocess] [error] [/home/michail/.vscode/extensions/ms-vscode.cmake-tools-1.12.27]: Failed to parse /home/michail/.vscode/extensions/ms-vscode.cmake-tools-1.12.27/package.nls.json: Value expected.
[2022-10-14 14:50:44.870] [sharedprocess] [error] [/home/michail/.vscode/extensions/ms-vscode.cmake-tools-1.12.27]: Failed to parse /home/michail/.vscode/extensions/ms-vscode.cmake-tools-1.12.27/package.nls.json: Value expected.
[2022-10-14 14:53:48.229] [sharedprocess] [error] [/home/michail/.vscode/extensions/ms-vscode.cmake-tools-1.12.27]: Failed to parse /home/michail/.vscode/extensions/ms-vscode.cmake-tools-1.12.27/package.nls.json: Value expected.
[2022-10-14 14:55:45.214] [sharedprocess] [error] [/home/michail/.vscode/extensions/ms-vscode.cmake-tools-1.12.27]: Failed to parse /home/michail/.vscode/extensions/ms-vscode.cmake-tools-1.12.27/package.nls.json: Value expected.
[2022-10-14 14:58:48.305] [sharedprocess] [error] [/home/michail/.vscode/extensions/ms-vscode.cmake-tools-1.12.27]: Failed to parse /home/michail/.vscode/extensions/ms-vscode.cmake-tools-1.12.27/package.nls.json: Value expected.
[2022-10-14 15:00:45.538] [sharedprocess] [error] [/home/michail/.vscode/extensions/ms-vscode.cmake-tools-1.12.27]: Failed to parse /home/michail/.vscode/extensions/ms-vscode.cmake-tools-1.12.27/package.nls.json: Value expected.
[2022-10-14 15:03:48.368] [sharedprocess] [error] [/home/michail/.vscode/extensions/ms-vscode.cmake-tools-1.12.27]: Failed to parse /home/michail/.vscode/extensions/ms-vscode.cmake-tools-1.12.27/package.nls.json: Value expected.
[2022-10-14 15:05:46.087] [sharedprocess] [error] [/home/michail/.vscode/extensions/ms-vscode.cmake-tools-1.12.27]: Failed to parse /home/michail/.vscode/extensions/ms-vscode.cmake-tools-1.12.27/package.nls.json: Value expected.
[2022-10-14 15:08:48.433] [sharedprocess] [error] [/home/michail/.vscode/extensions/ms-vscode.cmake-tools-1.12.27]: Failed to parse /home/michail/.vscode/extensions/ms-vscode.cmake-tools-1.12.27/package.nls.json: Value expected.
[2022-10-14 15:10:49.171] [sharedprocess] [error] [/home/michail/.vscode/extensions/ms-vscode.cmake-tools-1.12.27]: Failed to parse /home/michail/.vscode/extensions/ms-vscode.cmake-tools-1.12.27/package.nls.json: Value expected.
[2022-10-14 15:13:48.546] [sharedprocess] [error] [/home/michail/.vscode/extensions/ms-vscode.cmake-tools-1.12.27]: Failed to parse /home/michail/.vscode/extensions/ms-vscode.cmake-tools-1.12.27/package.nls.json: Value expected.
[2022-10-14 15:15:49.486] [sharedprocess] [error] [/home/michail/.vscode/extensions/ms-vscode.cmake-tools-1.12.27]: Failed to parse /home/michail/.vscode/extensions/ms-vscode.cmake-tools-1.12.27/package.nls.json: Value expected.
[2022-10-14 15:18:48.613] [sharedprocess] [error] [/home/michail/.vscode/extensions/ms-vscode.cmake-tools-1.12.27]: Failed to parse /home/michail/.vscode/extensions/ms-vscode.cmake-tools-1.12.27/package.nls.json: Value expected.
[2022-10-14 15:20:49.794] [sharedprocess] [error] [/home/michail/.vscode/extensions/ms-vscode.cmake-tools-1.12.27]: Failed to parse /home/michail/.vscode/extensions/ms-vscode.cmake-tools-1.12.27/package.nls.json: Value expected.
[2022-10-14 15:23:48.667] [sharedprocess] [error] [/home/michail/.vscode/extensions/ms-vscode.cmake-tools-1.12.27]: Failed to parse /home/michail/.vscode/extensions/ms-vscode.cmake-tools-1.12.27/package.nls.json: Value expected.
[2022-10-14 15:25:50.121] [sharedprocess] [error] [/home/michail/.vscode/extensions/ms-vscode.cmake-tools-1.12.27]: Failed to parse /home/michail/.vscode/extensions/ms-vscode.cmake-tools-1.12.27/package.nls.json: Value expected.
[2022-10-14 15:28:48.728] [sharedprocess] [error] [/home/michail/.vscode/extensions/ms-vscode.cmake-tools-1.12.27]: Failed to parse /home/michail/.vscode/extensions/ms-vscode.cmake-tools-1.12.27/package.nls.json: Value expected.
[2022-10-14 15:30:51.274] [sharedprocess] [error] [/home/michail/.vscode/extensions/ms-vscode.cmake-tools-1.12.27]: Failed to parse /home/michail/.vscode/extensions/ms-vscode.cmake-tools-1.12.27/package.nls.json: Value expected.
[2022-10-14 15:33:48.785] [sharedprocess] [error] [/home/michail/.vscode/extensions/ms-vscode.cmake-tools-1.12.27]: Failed to parse /home/michail/.vscode/extensions/ms-vscode.cmake-tools-1.12.27/package.nls.json: Value expected.
[2022-10-14 15:35:52.382] [sharedprocess] [error] [/home/michail/.vscode/extensions/ms-vscode.cmake-tools-1.12.27]: Failed to parse /home/michail/.vscode/extensions/ms-vscode.cmake-tools-1.12.27/package.nls.json: Value expected.
[2022-10-14 15:38:48.840] [sharedprocess] [error] [/home/michail/.vscode/extensions/ms-vscode.cmake-tools-1.12.27]: Failed to parse /home/michail/.vscode/extensions/ms-vscode.cmake-tools-1.12.27/package.nls.json: Value expected.
[2022-10-14 15:40:52.748] [sharedprocess] [error] [/home/michail/.vscode/extensions/ms-vscode.cmake-tools-1.12.27]: Failed to parse /home/michail/.vscode/extensions/ms-vscode.cmake-tools-1.12.27/package.nls.json: Value expected.
[2022-10-14 15:43:48.905] [sharedprocess] [error] [/home/michail/.vscode/extensions/ms-vscode.cmake-tools-1.12.27]: Failed to parse /home/michail/.vscode/extensions/ms-vscode.cmake-tools-1.12.27/package.nls.json: Value expected.
[2022-10-14 15:45:53.076] [sharedprocess] [error] [/home/michail/.vscode/extensions/ms-vscode.cmake-tools-1.12.27]: Failed to parse /home/michail/.vscode/extensions/ms-vscode.cmake-tools-1.12.27/package.nls.json: Value expected.
[2022-10-14 15:48:49.031] [sharedprocess] [error] [/home/michail/.vscode/extensions/ms-vscode.cmake-tools-1.12.27]: Failed to parse /home/michail/.vscode/extensions/ms-vscode.cmake-tools-1.12.27/package.nls.json: Value expected.
[2022-10-14 15:50:53.408] [sharedprocess] [error] [/home/michail/.vscode/extensions/ms-vscode.cmake-tools-1.12.27]: Failed to parse /home/michail/.vscode/extensions/ms-vscode.cmake-tools-1.12.27/package.nls.json: Value expected.
[2022-10-14 15:53:49.086] [sharedprocess] [error] [/home/michail/.vscode/extensions/ms-vscode.cmake-tools-1.12.27]: Failed to parse /home/michail/.vscode/extensions/ms-vscode.cmake-tools-1.12.27/package.nls.json: Value expected.
[2022-10-14 15:58:49.156] [sharedprocess] [error] [/home/michail/.vscode/extensions/ms-vscode.cmake-tools-1.12.27]: Failed to parse /home/michail/.vscode/extensions/ms-vscode.cmake-tools-1.12.27/package.nls.json: Value expected.
[2022-10-14 15:59:53.915] [sharedprocess] [error] RequestService#request (browser) - error https://vscode-sync.trafficmanager.net/v1/manifest {}
[2022-10-14 16:03:49.218] [sharedprocess] [error] [/home/michail/.vscode/extensions/ms-vscode.cmake-tools-1.12.27]: Failed to parse /home/michail/.vscode/extensions/ms-vscode.cmake-tools-1.12.27/package.nls.json: Value expected.
[2022-10-14 16:04:54.296] [sharedprocess] [error] [/home/michail/.vscode/extensions/ms-vscode.cmake-tools-1.12.27]: Failed to parse /home/michail/.vscode/extensions/ms-vscode.cmake-tools-1.12.27/package.nls.json: Value expected.
[2022-10-14 16:08:49.296] [sharedprocess] [error] [/home/michail/.vscode/extensions/ms-vscode.cmake-tools-1.12.27]: Failed to parse /home/michail/.vscode/extensions/ms-vscode.cmake-tools-1.12.27/package.nls.json: Value expected.
[2022-10-14 16:09:54.795] [sharedprocess] [error] [/home/michail/.vscode/extensions/ms-vscode.cmake-tools-1.12.27]: Failed to parse /home/michail/.vscode/extensions/ms-vscode.cmake-tools-1.12.27/package.nls.json: Value expected.
[2022-10-14 16:13:49.416] [sharedprocess] [error] [/home/michail/.vscode/extensions/ms-vscode.cmake-tools-1.12.27]: Failed to parse /home/michail/.vscode/extensions/ms-vscode.cmake-tools-1.12.27/package.nls.json: Value expected.
[2022-10-14 16:14:55.182] [sharedprocess] [error] [/home/michail/.vscode/extensions/ms-vscode.cmake-tools-1.12.27]: Failed to parse /home/michail/.vscode/extensions/ms-vscode.cmake-tools-1.12.27/package.nls.json: Value expected.
[2022-10-14 16:18:49.488] [sharedprocess] [error] [/home/michail/.vscode/extensions/ms-vscode.cmake-tools-1.12.27]: Failed to parse /home/michail/.vscode/extensions/ms-vscode.cmake-tools-1.12.27/package.nls.json: Value expected.
[2022-10-14 16:19:55.541] [sharedprocess] [error] [/home/michail/.vscode/extensions/ms-vscode.cmake-tools-1.12.27]: Failed to parse /home/michail/.vscode/extensions/ms-vscode.cmake-tools-1.12.27/package.nls.json: Value expected.
[2022-10-14 16:23:49.545] [sharedprocess] [error] [/home/michail/.vscode/extensions/ms-vscode.cmake-tools-1.12.27]: Failed to parse /home/michail/.vscode/extensions/ms-vscode.cmake-tools-1.12.27/package.nls.json: Value expected.
[2022-10-14 16:24:56.655] [sharedprocess] [error] [/home/michail/.vscode/extensions/ms-vscode.cmake-tools-1.12.27]: Failed to parse /home/michail/.vscode/extensions/ms-vscode.cmake-tools-1.12.27/package.nls.json: Value expected.
[2022-10-14 16:28:49.605] [sharedprocess] [error] [/home/michail/.vscode/extensions/ms-vscode.cmake-tools-1.12.27]: Failed to parse /home/michail/.vscode/extensions/ms-vscode.cmake-tools-1.12.27/package.nls.json: Value expected.
[2022-10-14 16:29:56.961] [sharedprocess] [error] [/home/michail/.vscode/extensions/ms-vscode.cmake-tools-1.12.27]: Failed to parse /home/michail/.vscode/extensions/ms-vscode.cmake-tools-1.12.27/package.nls.json: Value expected.
[2022-10-14 16:33:49.665] [sharedprocess] [error] [/home/michail/.vscode/extensions/ms-vscode.cmake-tools-1.12.27]: Failed to parse /home/michail/.vscode/extensions/ms-vscode.cmake-tools-1.12.27/package.nls.json: Value expected.
[2022-10-14 16:34:57.329] [sharedprocess] [error] [/home/michail/.vscode/extensions/ms-vscode.cmake-tools-1.12.27]: Failed to parse /home/michail/.vscode/extensions/ms-vscode.cmake-tools-1.12.27/package.nls.json: Value expected.
[2022-10-14 16:38:49.721] [sharedprocess] [error] [/home/michail/.vscode/extensions/ms-vscode.cmake-tools-1.12.27]: Failed to parse /home/michail/.vscode/extensions/ms-vscode.cmake-tools-1.12.27/package.nls.json: Value expected.
[2022-10-14 16:39:57.866] [sharedprocess] [error] [/home/michail/.vscode/extensions/ms-vscode.cmake-tools-1.12.27]: Failed to parse /home/michail/.vscode/extensions/ms-vscode.cmake-tools-1.12.27/package.nls.json: Value expected.
[2022-10-14 16:43:49.779] [sharedprocess] [error] [/home/michail/.vscode/extensions/ms-vscode.cmake-tools-1.12.27]: Failed to parse /home/michail/.vscode/extensions/ms-vscode.cmake-tools-1.12.27/package.nls.json: Value expected.
[2022-10-14 16:44:58.160] [sharedprocess] [error] [/home/michail/.vscode/extensions/ms-vscode.cmake-tools-1.12.27]: Failed to parse /home/michail/.vscode/extensions/ms-vscode.cmake-tools-1.12.27/package.nls.json: Value expected.
[2022-10-14 16:48:49.854] [sharedprocess] [error] [/home/michail/.vscode/extensions/ms-vscode.cmake-tools-1.12.27]: Failed to parse /home/michail/.vscode/extensions/ms-vscode.cmake-tools-1.12.27/package.nls.json: Value expected.
[2022-10-14 16:49:58.527] [sharedprocess] [error] [/home/michail/.vscode/extensions/ms-vscode.cmake-tools-1.12.27]: Failed to parse /home/michail/.vscode/extensions/ms-vscode.cmake-tools-1.12.27/package.nls.json: Value expected.
[2022-10-14 16:52:33.627] [sharedprocess] [error] [/home/michail/.vscode/extensions/ms-vscode.cmake-tools-1.12.27]: Failed to parse /home/michail/.vscode/extensions/ms-vscode.cmake-tools-1.12.27/package.nls.json: Value expected.
[2022-10-14 16:53:49.922] [sharedprocess] [error] [/home/michail/.vscode/extensions/ms-vscode.cmake-tools-1.12.27]: Failed to parse /home/michail/.vscode/extensions/ms-vscode.cmake-tools-1.12.27/package.nls.json: Value expected.
