[2022-10-17T08:09:45.559Z] Log level: Info
[2022-10-17T08:09:45.569Z] [info] Validating found git in: git
[2022-10-17T08:09:45.604Z] [info] Using git 2.38.0 from git
[2022-10-17T08:09:45.630Z] > git rev-parse --show-toplevel [10ms]
[2022-10-17T08:09:45.647Z] > git rev-parse --git-dir --git-common-dir [2ms]
[2022-10-17T08:09:45.653Z] [info] Open repository: /home/michail/work/Quanti/drmax-qa-tests
[2022-10-17T08:09:45.682Z] > git status -z -uall [7ms]
[2022-10-17T08:09:45.694Z] > git symbolic-ref --short HEAD [2ms]
[2022-10-17T08:09:45.709Z] > git for-each-ref --format=%(refname)%00%(upstream:short)%00%(objectname)%00%(upstream:track)%00%(upstream:remotename)%00%(upstream:remoteref) refs/heads/master refs/remotes/master [2ms]
[2022-10-17T08:09:45.738Z] > git remote --verbose [6ms]
[2022-10-17T08:09:45.761Z] > git for-each-ref --sort -committerdate --format %(refname) %(objectname) %(*objectname) [38ms]
[2022-10-17T08:09:45.793Z] > git config --get commit.template [2ms]
[2022-10-17T08:09:45.812Z] > git status -z -uall [5ms]
[2022-10-17T08:09:45.825Z] > git symbolic-ref --short HEAD [1ms]
[2022-10-17T08:09:45.853Z] > git for-each-ref --format=%(refname)%00%(upstream:short)%00%(objectname)%00%(upstream:track)%00%(upstream:remotename)%00%(upstream:remoteref) refs/heads/master refs/remotes/master [7ms]
[2022-10-17T08:09:46.315Z] > git remote --verbose [423ms]
[2022-10-17T08:09:46.316Z] > git for-each-ref --sort -committerdate --format %(refname) %(objectname) %(*objectname) [435ms]
[2022-10-17T08:09:46.560Z] > git config --get commit.template [211ms]
[2022-10-17T08:09:46.687Z] > git show --textconv :specs/catalog/brands/brand_listing.ts [69ms]
[2022-10-17T08:09:46.688Z] > git ls-files --stage -- /home/michail/work/Quanti/drmax-qa-tests/specs/catalog/brands/brand_listing.ts [55ms]
[2022-10-17T08:09:46.714Z] > git cat-file -s aa71bd5b05f384ce5f18bf478313103213d2d7e7 [15ms]
[2022-10-17T08:09:46.917Z] > git check-ignore -v -z --stdin [60ms]
[2022-10-17T08:09:47.223Z] > git fetch [1558ms]
[2022-10-17T08:09:47.223Z] From ssh.dev.azure.com:v3/drmaxglobal/qaa-team/drmax-qa-tests
 * [new branch]      fix/15294  -> origin/fix/15294
[2022-10-17T08:09:47.241Z] > git status -z -uall [5ms]
[2022-10-17T08:09:47.258Z] > git symbolic-ref --short HEAD [5ms]
[2022-10-17T08:09:47.277Z] > git for-each-ref --format=%(refname)%00%(upstream:short)%00%(objectname)%00%(upstream:track)%00%(upstream:remotename)%00%(upstream:remoteref) refs/heads/master refs/remotes/master [6ms]
[2022-10-17T08:09:47.310Z] > git for-each-ref --sort -committerdate --format %(refname) %(objectname) %(*objectname) [20ms]
[2022-10-17T08:09:47.311Z] > git remote --verbose [8ms]
[2022-10-17T08:09:47.373Z] > git config --get commit.template [28ms]
[2022-10-17T08:09:48.396Z] > git ls-files --stage -- /home/michail/work/Quanti/drmax-qa-tests/specs/catalog/brands/brand_listing.ts [3ms]
[2022-10-17T08:09:48.411Z] > git cat-file -s aa71bd5b05f384ce5f18bf478313103213d2d7e7 [2ms]
[2022-10-17T08:09:48.429Z] > git show --textconv :specs/catalog/brands/brand_listing.ts [3ms]
[2022-10-17T08:10:13.932Z] > git status -z -uall [3ms]
[2022-10-17T08:10:13.940Z] > git symbolic-ref --short HEAD [1ms]
[2022-10-17T08:10:13.949Z] > git for-each-ref --format=%(refname)%00%(upstream:short)%00%(objectname)%00%(upstream:track)%00%(upstream:remotename)%00%(upstream:remoteref) refs/heads/master refs/remotes/master [1ms]
[2022-10-17T08:10:13.965Z] > git for-each-ref --sort -committerdate --format %(refname) %(objectname) %(*objectname) [8ms]
[2022-10-17T08:10:13.971Z] > git remote --verbose [6ms]
[2022-10-17T08:10:13.982Z] > git config --get commit.template [2ms]
[2022-10-17T08:10:49.460Z] > git check-ignore -v -z --stdin [1ms]
[2022-10-17T08:10:56.782Z] > git show --textconv :specs/content/legal.ts [12ms]
[2022-10-17T08:10:56.783Z] > git ls-files --stage -- /home/michail/work/Quanti/drmax-qa-tests/specs/content/legal.ts [2ms]
[2022-10-17T08:10:56.798Z] > git cat-file -s 83332d6046eeedd7bb8af17e41801486bcbd4e0e [2ms]
[2022-10-17T08:23:16.146Z] > git status -z -uall [3ms]
[2022-10-17T08:23:16.169Z] > git symbolic-ref --short HEAD [17ms]
[2022-10-17T08:23:16.183Z] > git ls-files --stage -- /home/michail/work/Quanti/drmax-qa-tests/specs/content/legal.ts [15ms]
[2022-10-17T08:23:16.196Z] > git for-each-ref --format=%(refname)%00%(upstream:short)%00%(objectname)%00%(upstream:track)%00%(upstream:remotename)%00%(upstream:remoteref) refs/heads/master refs/remotes/master [14ms]
[2022-10-17T08:23:16.219Z] > git for-each-ref --sort -committerdate --format %(refname) %(objectname) %(*objectname) [15ms]
[2022-10-17T08:23:16.221Z] > git cat-file -s 83332d6046eeedd7bb8af17e41801486bcbd4e0e [28ms]
[2022-10-17T08:23:16.227Z] > git remote --verbose [10ms]
[2022-10-17T08:23:16.240Z] > git config --get commit.template [2ms]
[2022-10-17T08:23:16.267Z] > git show --textconv :specs/content/legal.ts [1ms]
[2022-10-17T08:23:16.927Z] > git fetch [804ms]
[2022-10-17T08:23:16.937Z] > git status -z -uall [3ms]
[2022-10-17T08:23:16.945Z] > git symbolic-ref --short HEAD [2ms]
[2022-10-17T08:23:16.952Z] > git for-each-ref --format=%(refname)%00%(upstream:short)%00%(objectname)%00%(upstream:track)%00%(upstream:remotename)%00%(upstream:remoteref) refs/heads/master refs/remotes/master [1ms]
[2022-10-17T08:23:16.965Z] > git for-each-ref --sort -committerdate --format %(refname) %(objectname) %(*objectname) [7ms]
[2022-10-17T08:23:16.965Z] > git remote --verbose [1ms]
[2022-10-17T08:23:16.974Z] > git config --get commit.template [1ms]
[2022-10-17T08:23:18.005Z] > git ls-files --stage -- /home/michail/work/Quanti/drmax-qa-tests/specs/content/legal.ts [1ms]
[2022-10-17T08:23:18.013Z] > git cat-file -s 83332d6046eeedd7bb8af17e41801486bcbd4e0e [2ms]
[2022-10-17T08:23:18.024Z] > git show --textconv :specs/content/legal.ts [2ms]
[2022-10-17T08:31:40.664Z] > git fetch [1019ms]
[2022-10-17T08:31:40.675Z] > git status -z -uall [3ms]
[2022-10-17T08:31:40.684Z] > git symbolic-ref --short HEAD [1ms]
[2022-10-17T08:31:40.694Z] > git for-each-ref --format=%(refname)%00%(upstream:short)%00%(objectname)%00%(upstream:track)%00%(upstream:remotename)%00%(upstream:remoteref) refs/heads/master refs/remotes/master [2ms]
[2022-10-17T08:31:40.718Z] > git for-each-ref --sort -committerdate --format %(refname) %(objectname) %(*objectname) [11ms]
[2022-10-17T08:31:40.724Z] > git remote --verbose [8ms]
[2022-10-17T08:31:40.745Z] > git config --get commit.template [3ms]
[2022-10-17T08:31:41.743Z] > git ls-files --stage -- /home/michail/work/Quanti/drmax-qa-tests/specs/content/legal.ts [1ms]
[2022-10-17T08:31:41.750Z] > git cat-file -s 83332d6046eeedd7bb8af17e41801486bcbd4e0e [1ms]
[2022-10-17T08:31:41.762Z] > git show --textconv :specs/content/legal.ts [2ms]
[2022-10-17T08:43:07.916Z] > git ls-files --stage -- /home/michail/work/Quanti/drmax-qa-tests/specs/content/legal.ts [1ms]
[2022-10-17T08:43:07.924Z] > git cat-file -s 83332d6046eeedd7bb8af17e41801486bcbd4e0e [1ms]
[2022-10-17T08:43:07.936Z] > git show --textconv :specs/content/legal.ts [2ms]
[2022-10-17T08:43:07.943Z] > git fetch [1244ms]
[2022-10-17T08:43:07.953Z] > git status -z -uall [3ms]
[2022-10-17T08:43:07.963Z] > git symbolic-ref --short HEAD [2ms]
[2022-10-17T08:43:07.972Z] > git for-each-ref --format=%(refname)%00%(upstream:short)%00%(objectname)%00%(upstream:track)%00%(upstream:remotename)%00%(upstream:remoteref) refs/heads/master refs/remotes/master [2ms]
[2022-10-17T08:43:07.986Z] > git for-each-ref --sort -committerdate --format %(refname) %(objectname) %(*objectname) [7ms]
[2022-10-17T08:43:07.986Z] > git remote --verbose [1ms]
[2022-10-17T08:43:07.994Z] > git config --get commit.template [1ms]
[2022-10-17T08:43:09.020Z] > git ls-files --stage -- /home/michail/work/Quanti/drmax-qa-tests/specs/content/legal.ts [1ms]
[2022-10-17T08:43:09.029Z] > git cat-file -s 83332d6046eeedd7bb8af17e41801486bcbd4e0e [2ms]
[2022-10-17T08:43:09.040Z] > git show --textconv :specs/content/legal.ts [2ms]
[2022-10-17T09:00:42.250Z] > git show --textconv :specs/content/visuals/megamenu.ts [11ms]
[2022-10-17T09:00:42.252Z] > git ls-files --stage -- /home/michail/work/Quanti/drmax-qa-tests/specs/content/visuals/megamenu.ts [3ms]
[2022-10-17T09:00:42.264Z] > git cat-file -s a167b09165f76c17f18fb19325321788b6d8778c [2ms]
[2022-10-17T09:00:42.666Z] > git fetch [1051ms]
[2022-10-17T09:00:42.666Z] From ssh.dev.azure.com:v3/drmaxglobal/qaa-team/drmax-qa-tests
 + 1cf8510...9d3a67b feature/12480 -> origin/feature/12480  (forced update)
[2022-10-17T09:00:42.677Z] > git status -z -uall [2ms]
[2022-10-17T09:00:42.686Z] > git symbolic-ref --short HEAD [1ms]
[2022-10-17T09:00:42.698Z] > git for-each-ref --format=%(refname)%00%(upstream:short)%00%(objectname)%00%(upstream:track)%00%(upstream:remotename)%00%(upstream:remoteref) refs/heads/master refs/remotes/master [2ms]
[2022-10-17T09:00:42.720Z] > git remote --verbose [3ms]
[2022-10-17T09:00:42.720Z] > git for-each-ref --sort -committerdate --format %(refname) %(objectname) %(*objectname) [12ms]
[2022-10-17T09:00:42.733Z] > git config --get commit.template [0ms]
[2022-10-17T09:00:43.830Z] > git ls-files --stage -- /home/michail/work/Quanti/drmax-qa-tests/specs/content/visuals/megamenu.ts [1ms]
[2022-10-17T09:00:43.839Z] > git cat-file -s a167b09165f76c17f18fb19325321788b6d8778c [1ms]
[2022-10-17T09:00:43.850Z] > git show --textconv :specs/content/visuals/megamenu.ts [1ms]
[2022-10-17T09:01:08.972Z] > git show --textconv :specs/content/faq.ts [31ms]
[2022-10-17T09:01:08.974Z] > git ls-files --stage -- /home/michail/work/Quanti/drmax-qa-tests/specs/content/faq.ts [17ms]
[2022-10-17T09:01:08.996Z] > git cat-file -s e288f72830784e87834f8d9f50884d961da4ecd8 [9ms]
[2022-10-17T09:01:18.985Z] > git status -z -uall [3ms]
[2022-10-17T09:01:19.007Z] > git symbolic-ref --short HEAD [14ms]
[2022-10-17T09:01:19.023Z] > git for-each-ref --format=%(refname)%00%(upstream:short)%00%(objectname)%00%(upstream:track)%00%(upstream:remotename)%00%(upstream:remoteref) refs/heads/master refs/remotes/master [9ms]
[2022-10-17T09:01:19.038Z] > git for-each-ref --sort -committerdate --format %(refname) %(objectname) %(*objectname) [8ms]
[2022-10-17T09:01:19.042Z] > git remote --verbose [5ms]
[2022-10-17T09:01:19.052Z] > git config --get commit.template [1ms]
[2022-10-17T09:02:38.587Z] > git status -z -uall [3ms]
[2022-10-17T09:02:38.609Z] > git symbolic-ref --short HEAD [14ms]
[2022-10-17T09:02:38.629Z] > git for-each-ref --format=%(refname)%00%(upstream:short)%00%(objectname)%00%(upstream:track)%00%(upstream:remotename)%00%(upstream:remoteref) refs/heads/master refs/remotes/master [10ms]
[2022-10-17T09:02:38.649Z] > git for-each-ref --sort -committerdate --format %(refname) %(objectname) %(*objectname) [9ms]
[2022-10-17T09:02:38.651Z] > git remote --verbose [3ms]
[2022-10-17T09:02:38.662Z] > git config --get commit.template [1ms]
[2022-10-17T09:02:47.745Z] > git status -z -uall [3ms]
[2022-10-17T09:02:47.754Z] > git symbolic-ref --short HEAD [1ms]
[2022-10-17T09:02:47.769Z] > git for-each-ref --format=%(refname)%00%(upstream:short)%00%(objectname)%00%(upstream:track)%00%(upstream:remotename)%00%(upstream:remoteref) refs/heads/master refs/remotes/master [2ms]
[2022-10-17T09:02:47.787Z] > git for-each-ref --sort -committerdate --format %(refname) %(objectname) %(*objectname) [8ms]
[2022-10-17T09:02:47.789Z] > git remote --verbose [3ms]
[2022-10-17T09:02:47.800Z] > git config --get commit.template [1ms]
[2022-10-17T09:03:15.961Z] > git status -z -uall [2ms]
[2022-10-17T09:03:15.987Z] > git symbolic-ref --short HEAD [15ms]
[2022-10-17T09:03:16.010Z] > git for-each-ref --format=%(refname)%00%(upstream:short)%00%(objectname)%00%(upstream:track)%00%(upstream:remotename)%00%(upstream:remoteref) refs/heads/master refs/remotes/master [13ms]
[2022-10-17T09:03:16.028Z] > git for-each-ref --sort -committerdate --format %(refname) %(objectname) %(*objectname) [9ms]
[2022-10-17T09:03:16.031Z] > git remote --verbose [4ms]
[2022-10-17T09:03:16.043Z] > git config --get commit.template [1ms]
[2022-10-17T09:03:30.725Z] > git show --textconv :specs/content/visuals/megamenu.ts [21ms]
[2022-10-17T09:03:30.725Z] > git ls-files --stage -- /home/michail/work/Quanti/drmax-qa-tests/specs/content/visuals/megamenu.ts [1ms]
[2022-10-17T09:03:30.741Z] > git cat-file -s a167b09165f76c17f18fb19325321788b6d8778c [4ms]
[2022-10-17T09:03:40.059Z] > git show --textconv :specs/content/faq.ts [24ms]
[2022-10-17T09:03:40.059Z] > git ls-files --stage -- /home/michail/work/Quanti/drmax-qa-tests/specs/content/faq.ts [15ms]
[2022-10-17T09:03:40.073Z] > git cat-file -s e288f72830784e87834f8d9f50884d961da4ecd8 [3ms]
[2022-10-17T09:03:43.911Z] > git ls-files --stage -- /home/michail/work/Quanti/drmax-qa-tests/specs/content/faq.ts [1ms]
[2022-10-17T09:03:43.920Z] > git cat-file -s e288f72830784e87834f8d9f50884d961da4ecd8 [2ms]
[2022-10-17T09:03:43.932Z] > git show --textconv :specs/content/faq.ts [1ms]
[2022-10-17T09:03:44.972Z] > git fetch [2229ms]
[2022-10-17T09:03:44.985Z] > git status -z -uall [3ms]
[2022-10-17T09:03:44.997Z] > git symbolic-ref --short HEAD [1ms]
[2022-10-17T09:03:45.008Z] > git for-each-ref --format=%(refname)%00%(upstream:short)%00%(objectname)%00%(upstream:track)%00%(upstream:remotename)%00%(upstream:remoteref) refs/heads/master refs/remotes/master [1ms]
[2022-10-17T09:03:45.029Z] > git for-each-ref --sort -committerdate --format %(refname) %(objectname) %(*objectname) [12ms]
[2022-10-17T09:03:45.031Z] > git remote --verbose [3ms]
[2022-10-17T09:03:45.051Z] > git config --get commit.template [4ms]
[2022-10-17T09:03:46.015Z] > git ls-files --stage -- /home/michail/work/Quanti/drmax-qa-tests/specs/content/faq.ts [1ms]
[2022-10-17T09:03:46.025Z] > git cat-file -s e288f72830784e87834f8d9f50884d961da4ecd8 [1ms]
[2022-10-17T09:03:46.051Z] > git show --textconv :specs/content/faq.ts [2ms]
[2022-10-17T09:03:48.273Z] > git status -z -uall [2ms]
[2022-10-17T09:03:48.293Z] > git symbolic-ref --short HEAD [10ms]
[2022-10-17T09:03:48.311Z] > git for-each-ref --format=%(refname)%00%(upstream:short)%00%(objectname)%00%(upstream:track)%00%(upstream:remotename)%00%(upstream:remoteref) refs/heads/master refs/remotes/master [10ms]
[2022-10-17T09:03:48.326Z] > git for-each-ref --sort -committerdate --format %(refname) %(objectname) %(*objectname) [9ms]
[2022-10-17T09:03:48.327Z] > git remote --verbose [2ms]
[2022-10-17T09:03:48.337Z] > git config --get commit.template [1ms]
[2022-10-17T09:05:17.808Z] > git show --textconv :specs/content/visuals/megamenu.ts [10ms]
[2022-10-17T09:05:17.809Z] > git ls-files --stage -- /home/michail/work/Quanti/drmax-qa-tests/specs/content/visuals/megamenu.ts [1ms]
[2022-10-17T09:05:17.819Z] > git cat-file -s a167b09165f76c17f18fb19325321788b6d8778c [1ms]
[2022-10-17T09:05:26.468Z] > git show --textconv :specs/content/faq.ts [16ms]
[2022-10-17T09:05:26.468Z] > git ls-files --stage -- /home/michail/work/Quanti/drmax-qa-tests/specs/content/faq.ts [4ms]
[2022-10-17T09:05:26.479Z] > git cat-file -s e288f72830784e87834f8d9f50884d961da4ecd8 [1ms]
[2022-10-17T09:06:46.232Z] > git ls-files --stage -- /home/michail/work/Quanti/drmax-qa-tests/specs/content/faq.ts [2ms]
[2022-10-17T09:06:46.241Z] > git cat-file -s e288f72830784e87834f8d9f50884d961da4ecd8 [1ms]
[2022-10-17T09:06:46.254Z] > git show --textconv :specs/content/faq.ts [2ms]
[2022-10-17T09:06:46.908Z] > git fetch [1844ms]
[2022-10-17T09:06:46.920Z] > git status -z -uall [2ms]
[2022-10-17T09:06:46.931Z] > git symbolic-ref --short HEAD [1ms]
[2022-10-17T09:06:46.940Z] > git for-each-ref --format=%(refname)%00%(upstream:short)%00%(objectname)%00%(upstream:track)%00%(upstream:remotename)%00%(upstream:remoteref) refs/heads/master refs/remotes/master [1ms]
[2022-10-17T09:06:46.960Z] > git for-each-ref --sort -committerdate --format %(refname) %(objectname) %(*objectname) [10ms]
[2022-10-17T09:06:46.960Z] > git remote --verbose [1ms]
[2022-10-17T09:06:46.970Z] > git config --get commit.template [1ms]
[2022-10-17T09:06:47.982Z] > git ls-files --stage -- /home/michail/work/Quanti/drmax-qa-tests/specs/content/faq.ts [1ms]
[2022-10-17T09:06:47.992Z] > git cat-file -s e288f72830784e87834f8d9f50884d961da4ecd8 [2ms]
[2022-10-17T09:06:48.005Z] > git show --textconv :specs/content/faq.ts [2ms]
[2022-10-17T09:07:10.123Z] > git status -z -uall [2ms]
[2022-10-17T09:07:10.141Z] > git symbolic-ref --short HEAD [10ms]
[2022-10-17T09:07:10.160Z] > git for-each-ref --format=%(refname)%00%(upstream:short)%00%(objectname)%00%(upstream:track)%00%(upstream:remotename)%00%(upstream:remoteref) refs/heads/master refs/remotes/master [11ms]
[2022-10-17T09:07:10.176Z] > git for-each-ref --sort -committerdate --format %(refname) %(objectname) %(*objectname) [8ms]
[2022-10-17T09:07:10.178Z] > git remote --verbose [2ms]
[2022-10-17T09:07:10.188Z] > git config --get commit.template [0ms]
[2022-10-17T09:09:36.851Z] > git show --textconv :specs/content/legal.ts [11ms]
[2022-10-17T09:09:36.851Z] > git ls-files --stage -- /home/michail/work/Quanti/drmax-qa-tests/specs/content/legal.ts [3ms]
[2022-10-17T09:09:36.864Z] > git cat-file -s 83332d6046eeedd7bb8af17e41801486bcbd4e0e [1ms]
[2022-10-17T09:09:39.551Z] > git show --textconv :cypress/locators/nsf/general-locators.ts [10ms]
[2022-10-17T09:09:39.553Z] > git ls-files --stage -- /home/michail/work/Quanti/drmax-qa-tests/cypress/locators/nsf/general-locators.ts [2ms]
[2022-10-17T09:09:39.574Z] > git cat-file -s 5e6228e22a10b731df4b51789047f5f4af73a1fc [12ms]
[2022-10-17T09:12:26.747Z] > git show --textconv :configs/cz_stage.config.ts [12ms]
[2022-10-17T09:12:26.748Z] > git ls-files --stage -- /home/michail/work/Quanti/drmax-qa-tests/configs/cz_stage.config.ts [3ms]
[2022-10-17T09:12:26.762Z] > git cat-file -s 04f0a18a943a1a6d6d48b7ec143fc2f8d24b825c [3ms]
[2022-10-17T09:12:27.381Z] > git fetch [1147ms]
[2022-10-17T09:12:27.394Z] > git status -z -uall [3ms]
[2022-10-17T09:12:27.407Z] > git symbolic-ref --short HEAD [1ms]
[2022-10-17T09:12:27.421Z] > git for-each-ref --format=%(refname)%00%(upstream:short)%00%(objectname)%00%(upstream:track)%00%(upstream:remotename)%00%(upstream:remoteref) refs/heads/master refs/remotes/master [2ms]
[2022-10-17T09:12:27.441Z] > git for-each-ref --sort -committerdate --format %(refname) %(objectname) %(*objectname) [10ms]
[2022-10-17T09:12:27.443Z] > git remote --verbose [3ms]
[2022-10-17T09:12:27.456Z] > git config --get commit.template [1ms]
[2022-10-17T09:12:28.465Z] > git ls-files --stage -- /home/michail/work/Quanti/drmax-qa-tests/configs/cz_stage.config.ts [2ms]
[2022-10-17T09:12:28.474Z] > git cat-file -s 04f0a18a943a1a6d6d48b7ec143fc2f8d24b825c [2ms]
[2022-10-17T09:12:28.488Z] > git show --textconv :configs/cz_stage.config.ts [2ms]
[2022-10-17T09:20:32.412Z] > git fetch [791ms]
[2022-10-17T09:20:32.426Z] > git status -z -uall [2ms]
[2022-10-17T09:20:32.442Z] > git symbolic-ref --short HEAD [1ms]
[2022-10-17T09:20:32.459Z] > git for-each-ref --format=%(refname)%00%(upstream:short)%00%(objectname)%00%(upstream:track)%00%(upstream:remotename)%00%(upstream:remoteref) refs/heads/master refs/remotes/master [2ms]
[2022-10-17T09:20:32.489Z] > git for-each-ref --sort -committerdate --format %(refname) %(objectname) %(*objectname) [16ms]
[2022-10-17T09:20:32.490Z] > git remote --verbose [2ms]
[2022-10-17T09:20:32.509Z] > git config --get commit.template [3ms]
[2022-10-17T09:20:49.635Z] > git ls-files --stage -- /home/michail/work/Quanti/drmax-qa-tests/configs/cz_stage.config.ts [3ms]
[2022-10-17T09:20:49.650Z] > git cat-file -s 04f0a18a943a1a6d6d48b7ec143fc2f8d24b825c [2ms]
[2022-10-17T09:20:49.737Z] > git show --textconv :configs/cz_stage.config.ts [3ms]
[2022-10-17T09:27:42.429Z] > git show --textconv :cypress/support/e2e.ts [13ms]
[2022-10-17T09:27:42.430Z] > git ls-files --stage -- /home/michail/work/Quanti/drmax-qa-tests/cypress/support/e2e.ts [4ms]
[2022-10-17T09:27:42.442Z] > git cat-file -s 405d46aa18c166cbc0a6475cb572ec11f44984f5 [3ms]
[2022-10-17T09:27:42.710Z] > git fetch [836ms]
[2022-10-17T09:27:42.723Z] > git status -z -uall [2ms]
[2022-10-17T09:27:42.735Z] > git symbolic-ref --short HEAD [2ms]
[2022-10-17T09:27:42.745Z] > git for-each-ref --format=%(refname)%00%(upstream:short)%00%(objectname)%00%(upstream:track)%00%(upstream:remotename)%00%(upstream:remoteref) refs/heads/master refs/remotes/master [2ms]
[2022-10-17T09:27:42.763Z] > git for-each-ref --sort -committerdate --format %(refname) %(objectname) %(*objectname) [10ms]
[2022-10-17T09:27:42.767Z] > git remote --verbose [5ms]
[2022-10-17T09:27:42.781Z] > git config --get commit.template [1ms]
[2022-10-17T09:27:43.786Z] > git ls-files --stage -- /home/michail/work/Quanti/drmax-qa-tests/cypress/support/e2e.ts [2ms]
[2022-10-17T09:27:43.795Z] > git cat-file -s 405d46aa18c166cbc0a6475cb572ec11f44984f5 [2ms]
[2022-10-17T09:27:43.807Z] > git show --textconv :cypress/support/e2e.ts [1ms]
[2022-10-17T09:34:05.381Z] > git fetch [901ms]
[2022-10-17T09:34:05.391Z] > git status -z -uall [3ms]
[2022-10-17T09:34:05.400Z] > git symbolic-ref --short HEAD [1ms]
[2022-10-17T09:34:05.409Z] > git for-each-ref --format=%(refname)%00%(upstream:short)%00%(objectname)%00%(upstream:track)%00%(upstream:remotename)%00%(upstream:remoteref) refs/heads/master refs/remotes/master [1ms]
[2022-10-17T09:34:05.425Z] > git for-each-ref --sort -committerdate --format %(refname) %(objectname) %(*objectname) [7ms]
[2022-10-17T09:34:05.425Z] > git remote --verbose [1ms]
[2022-10-17T09:34:05.434Z] > git config --get commit.template [1ms]
[2022-10-17T09:34:06.449Z] > git ls-files --stage -- /home/michail/work/Quanti/drmax-qa-tests/cypress/support/e2e.ts [1ms]
[2022-10-17T09:34:06.457Z] > git cat-file -s 405d46aa18c166cbc0a6475cb572ec11f44984f5 [1ms]
[2022-10-17T09:34:06.469Z] > git show --textconv :cypress/support/e2e.ts [1ms]
[2022-10-17T09:36:36.522Z] > git show --textconv :specs/content/legal.ts [11ms]
[2022-10-17T09:36:36.523Z] > git ls-files --stage -- /home/michail/work/Quanti/drmax-qa-tests/specs/content/legal.ts [5ms]
[2022-10-17T09:36:36.534Z] > git cat-file -s 83332d6046eeedd7bb8af17e41801486bcbd4e0e [1ms]
[2022-10-17T09:36:36.899Z] > git show --textconv :specs/content/homepage.ts [27ms]
[2022-10-17T09:36:36.901Z] > git ls-files --stage -- /home/michail/work/Quanti/drmax-qa-tests/specs/content/homepage.ts [17ms]
[2022-10-17T09:36:36.915Z] > git cat-file -s 6df862d6d5beb4d3f2eb4692a2a43c70fee916e7 [3ms]
[2022-10-17T09:37:33.368Z] > git fetch [591ms]
[2022-10-17T09:37:33.381Z] > git status -z -uall [3ms]
[2022-10-17T09:37:33.392Z] > git symbolic-ref --short HEAD [2ms]
[2022-10-17T09:37:33.400Z] > git for-each-ref --format=%(refname)%00%(upstream:short)%00%(objectname)%00%(upstream:track)%00%(upstream:remotename)%00%(upstream:remoteref) refs/heads/master refs/remotes/master [1ms]
[2022-10-17T09:37:33.419Z] > git remote --verbose [1ms]
[2022-10-17T09:37:33.420Z] > git for-each-ref --sort -committerdate --format %(refname) %(objectname) %(*objectname) [10ms]
[2022-10-17T09:37:33.431Z] > git config --get commit.template [1ms]
[2022-10-17T09:37:34.449Z] > git ls-files --stage -- /home/michail/work/Quanti/drmax-qa-tests/specs/content/homepage.ts [1ms]
[2022-10-17T09:37:34.458Z] > git cat-file -s 6df862d6d5beb4d3f2eb4692a2a43c70fee916e7 [1ms]
[2022-10-17T09:37:34.470Z] > git show --textconv :specs/content/homepage.ts [2ms]
[2022-10-17T09:41:23.054Z] > git show --textconv :specs/content/visuals/megamenu.ts [11ms]
[2022-10-17T09:41:23.055Z] > git ls-files --stage -- /home/michail/work/Quanti/drmax-qa-tests/specs/content/visuals/megamenu.ts [2ms]
[2022-10-17T09:41:23.066Z] > git cat-file -s a167b09165f76c17f18fb19325321788b6d8778c [1ms]
[2022-10-17T09:41:23.366Z] > git fetch [942ms]
[2022-10-17T09:41:23.378Z] > git status -z -uall [3ms]
[2022-10-17T09:41:23.389Z] > git symbolic-ref --short HEAD [1ms]
[2022-10-17T09:41:23.401Z] > git for-each-ref --format=%(refname)%00%(upstream:short)%00%(objectname)%00%(upstream:track)%00%(upstream:remotename)%00%(upstream:remoteref) refs/heads/master refs/remotes/master [2ms]
[2022-10-17T09:41:23.418Z] > git for-each-ref --sort -committerdate --format %(refname) %(objectname) %(*objectname) [9ms]
[2022-10-17T09:41:23.419Z] > git remote --verbose [2ms]
[2022-10-17T09:41:23.437Z] > git config --get commit.template [10ms]
[2022-10-17T09:41:24.446Z] > git ls-files --stage -- /home/michail/work/Quanti/drmax-qa-tests/specs/content/visuals/megamenu.ts [1ms]
[2022-10-17T09:41:24.454Z] > git cat-file -s a167b09165f76c17f18fb19325321788b6d8778c [1ms]
[2022-10-17T09:41:24.467Z] > git show --textconv :specs/content/visuals/megamenu.ts [2ms]
[2022-10-17T09:41:31.485Z] > git show --textconv :specs/content/faq.ts [10ms]
[2022-10-17T09:41:31.486Z] > git ls-files --stage -- /home/michail/work/Quanti/drmax-qa-tests/specs/content/faq.ts [4ms]
[2022-10-17T09:41:31.495Z] > git cat-file -s e288f72830784e87834f8d9f50884d961da4ecd8 [2ms]
[2022-10-17T09:43:37.370Z] > git show --textconv :configs/ap_prod.config.ts [12ms]
[2022-10-17T09:43:37.371Z] > git ls-files --stage -- /home/michail/work/Quanti/drmax-qa-tests/configs/ap_prod.config.ts [4ms]
[2022-10-17T09:43:37.383Z] > git cat-file -s 50a0238a4119a78471fc945895b6a82b22187498 [2ms]
[2022-10-17T09:46:26.833Z] > git fetch [1069ms]
[2022-10-17T09:46:26.833Z] From ssh.dev.azure.com:v3/drmaxglobal/qaa-team/drmax-qa-tests
   aa9c854..f057dd1  fix/15294  -> origin/fix/15294
[2022-10-17T09:46:26.851Z] > git status -z -uall [4ms]
[2022-10-17T09:46:26.873Z] > git symbolic-ref --short HEAD [4ms]
[2022-10-17T09:46:26.895Z] > git for-each-ref --format=%(refname)%00%(upstream:short)%00%(objectname)%00%(upstream:track)%00%(upstream:remotename)%00%(upstream:remoteref) refs/heads/master refs/remotes/master [3ms]
[2022-10-17T09:46:26.926Z] > git for-each-ref --sort -committerdate --format %(refname) %(objectname) %(*objectname) [16ms]
[2022-10-17T09:46:26.927Z] > git remote --verbose [4ms]
[2022-10-17T09:46:26.942Z] > git config --get commit.template [1ms]
[2022-10-17T09:46:28.042Z] > git ls-files --stage -- /home/michail/work/Quanti/drmax-qa-tests/configs/ap_prod.config.ts [1ms]
[2022-10-17T09:46:28.052Z] > git cat-file -s 50a0238a4119a78471fc945895b6a82b22187498 [2ms]
[2022-10-17T09:46:28.064Z] > git show --textconv :configs/ap_prod.config.ts [2ms]
[2022-10-17T09:50:10.975Z] > git fetch [912ms]
[2022-10-17T09:50:10.989Z] > git status -z -uall [5ms]
[2022-10-17T09:50:11.001Z] > git symbolic-ref --short HEAD [1ms]
[2022-10-17T09:50:11.016Z] > git for-each-ref --format=%(refname)%00%(upstream:short)%00%(objectname)%00%(upstream:track)%00%(upstream:remotename)%00%(upstream:remoteref) refs/heads/master refs/remotes/master [1ms]
[2022-10-17T09:50:11.044Z] > git for-each-ref --sort -committerdate --format %(refname) %(objectname) %(*objectname) [14ms]
[2022-10-17T09:50:11.045Z] > git remote --verbose [2ms]
[2022-10-17T09:50:11.060Z] > git config --get commit.template [1ms]
[2022-10-17T09:50:12.060Z] > git ls-files --stage -- /home/michail/work/Quanti/drmax-qa-tests/configs/ap_prod.config.ts [2ms]
[2022-10-17T09:50:12.068Z] > git cat-file -s 50a0238a4119a78471fc945895b6a82b22187498 [1ms]
[2022-10-17T09:50:12.082Z] > git show --textconv :configs/ap_prod.config.ts [1ms]
[2022-10-17T09:50:12.783Z] > git show --textconv :configs/ssb_stage.config.ts [23ms]
[2022-10-17T09:50:12.784Z] > git ls-files --stage -- /home/michail/work/Quanti/drmax-qa-tests/configs/ssb_stage.config.ts [14ms]
[2022-10-17T09:50:12.800Z] > git cat-file -s 7d08a6ab6b5a7256f8ad0bb4dae68cb4491df320 [5ms]
[2022-10-17T09:52:16.986Z] > git show --textconv :specs/content/visuals/megamenu.ts [14ms]
[2022-10-17T09:52:16.987Z] > git ls-files --stage -- /home/michail/work/Quanti/drmax-qa-tests/specs/content/visuals/megamenu.ts [1ms]
[2022-10-17T09:52:17.002Z] > git cat-file -s a167b09165f76c17f18fb19325321788b6d8778c [2ms]
[2022-10-17T09:54:13.495Z] > git fetch [825ms]
[2022-10-17T09:54:13.506Z] > git status -z -uall [3ms]
[2022-10-17T09:54:13.518Z] > git symbolic-ref --short HEAD [1ms]
[2022-10-17T09:54:13.530Z] > git for-each-ref --format=%(refname)%00%(upstream:short)%00%(objectname)%00%(upstream:track)%00%(upstream:remotename)%00%(upstream:remoteref) refs/heads/master refs/remotes/master [2ms]
[2022-10-17T09:54:13.547Z] > git for-each-ref --sort -committerdate --format %(refname) %(objectname) %(*objectname) [10ms]
[2022-10-17T09:54:13.548Z] > git remote --verbose [1ms]
[2022-10-17T09:54:13.559Z] > git config --get commit.template [1ms]
[2022-10-17T09:54:14.546Z] > git ls-files --stage -- /home/michail/work/Quanti/drmax-qa-tests/specs/content/visuals/megamenu.ts [1ms]
[2022-10-17T09:54:14.556Z] > git cat-file -s a167b09165f76c17f18fb19325321788b6d8778c [1ms]
[2022-10-17T09:54:14.570Z] > git show --textconv :specs/content/visuals/megamenu.ts [2ms]
[2022-10-17T12:41:41.437Z] > git ls-files --stage -- /home/michail/work/Quanti/drmax-qa-tests/specs/content/visuals/megamenu.ts [2ms]
[2022-10-17T12:41:41.447Z] > git cat-file -s a167b09165f76c17f18fb19325321788b6d8778c [2ms]
[2022-10-17T12:41:41.459Z] > git show --textconv :specs/content/visuals/megamenu.ts [1ms]
[2022-10-17T12:41:43.101Z] > git fetch [2833ms]
[2022-10-17T12:41:43.101Z] From ssh.dev.azure.com:v3/drmaxglobal/qaa-team/drmax-qa-tests
   f057dd1..ccf8ba1  fix/15294  -> origin/fix/15294
[2022-10-17T12:41:43.113Z] > git status -z -uall [3ms]
[2022-10-17T12:41:43.123Z] > git symbolic-ref --short HEAD [1ms]
[2022-10-17T12:41:43.132Z] > git for-each-ref --format=%(refname)%00%(upstream:short)%00%(objectname)%00%(upstream:track)%00%(upstream:remotename)%00%(upstream:remoteref) refs/heads/master refs/remotes/master [1ms]
[2022-10-17T12:41:43.146Z] > git for-each-ref --sort -committerdate --format %(refname) %(objectname) %(*objectname) [8ms]
[2022-10-17T12:41:43.147Z] > git remote --verbose [2ms]
[2022-10-17T12:41:43.156Z] > git config --get commit.template [1ms]
[2022-10-17T12:41:44.272Z] > git ls-files --stage -- /home/michail/work/Quanti/drmax-qa-tests/specs/content/visuals/megamenu.ts [2ms]
[2022-10-17T12:41:44.281Z] > git cat-file -s a167b09165f76c17f18fb19325321788b6d8778c [1ms]
[2022-10-17T12:41:44.294Z] > git show --textconv :specs/content/visuals/megamenu.ts [1ms]
[2022-10-17T12:41:53.889Z] > git show --textconv :configs/cz_stage.config.ts [10ms]
[2022-10-17T12:41:53.891Z] > git ls-files --stage -- /home/michail/work/Quanti/drmax-qa-tests/configs/cz_stage.config.ts [3ms]
[2022-10-17T12:41:53.910Z] > git cat-file -s 04f0a18a943a1a6d6d48b7ec143fc2f8d24b825c [13ms]
[2022-10-17T12:46:24.130Z] > git ls-files --stage -- /home/michail/work/Quanti/drmax-qa-tests/configs/cz_stage.config.ts [1ms]
[2022-10-17T12:46:24.140Z] > git cat-file -s 04f0a18a943a1a6d6d48b7ec143fc2f8d24b825c [1ms]
[2022-10-17T12:46:24.154Z] > git show --textconv :configs/cz_stage.config.ts [2ms]
[2022-10-17T12:46:25.075Z] > git fetch [2115ms]
[2022-10-17T12:46:25.089Z] > git status -z -uall [3ms]
[2022-10-17T12:46:25.101Z] > git symbolic-ref --short HEAD [1ms]
[2022-10-17T12:46:25.111Z] > git for-each-ref --format=%(refname)%00%(upstream:short)%00%(objectname)%00%(upstream:track)%00%(upstream:remotename)%00%(upstream:remoteref) refs/heads/master refs/remotes/master [2ms]
[2022-10-17T12:46:25.126Z] > git for-each-ref --sort -committerdate --format %(refname) %(objectname) %(*objectname) [9ms]
[2022-10-17T12:46:25.127Z] > git remote --verbose [1ms]
[2022-10-17T12:46:25.138Z] > git config --get commit.template [1ms]
[2022-10-17T12:46:26.012Z] > git ls-files --stage -- /home/michail/work/Quanti/drmax-qa-tests/configs/cz_stage.config.ts [1ms]
[2022-10-17T12:46:26.021Z] > git cat-file -s 04f0a18a943a1a6d6d48b7ec143fc2f8d24b825c [1ms]
[2022-10-17T12:46:26.036Z] > git show --textconv :configs/cz_stage.config.ts [2ms]
[2022-10-17T12:46:32.528Z] > git for-each-ref --format %(refname:short)%00%(upstream:short) refs/heads [2ms]
[2022-10-17T12:46:32.541Z] > git checkout -q --track origin/feature/12480 [4ms]
[2022-10-17T12:46:32.541Z] error: Your local changes to the following files would be overwritten by checkout:
	specs/content/faq.ts
Please commit your changes or stash them before you switch branches.
Aborting
[2022-10-17T12:47:51.438Z] > git status -z -uall [4ms]
[2022-10-17T12:47:51.459Z] > git symbolic-ref --short HEAD [10ms]
[2022-10-17T12:47:51.468Z] > git ls-files --stage -- /home/michail/work/Quanti/drmax-qa-tests/configs/cz_stage.config.ts [10ms]
[2022-10-17T12:47:51.478Z] > git for-each-ref --format=%(refname)%00%(upstream:short)%00%(objectname)%00%(upstream:track)%00%(upstream:remotename)%00%(upstream:remoteref) refs/heads/master refs/remotes/master [11ms]
[2022-10-17T12:47:51.495Z] > git for-each-ref --sort -committerdate --format %(refname) %(objectname) %(*objectname) [10ms]
[2022-10-17T12:47:51.495Z] > git cat-file -s 04f0a18a943a1a6d6d48b7ec143fc2f8d24b825c [17ms]
[2022-10-17T12:47:51.496Z] > git remote --verbose [2ms]
[2022-10-17T12:47:51.518Z] > git config --get commit.template [12ms]
[2022-10-17T12:47:51.519Z] > git show --textconv :configs/cz_stage.config.ts [2ms]
[2022-10-17T12:47:58.623Z] > git for-each-ref --format %(refname:short)%00%(upstream:short) refs/heads [2ms]
[2022-10-17T12:47:58.642Z] > git checkout -q --track origin/feature/12480 [9ms]
[2022-10-17T12:47:58.652Z] > git status -z -uall [2ms]
[2022-10-17T12:47:58.660Z] > git symbolic-ref --short HEAD [1ms]
[2022-10-17T12:47:58.669Z] > git for-each-ref --format=%(refname)%00%(upstream:short)%00%(objectname)%00%(upstream:track)%00%(upstream:remotename)%00%(upstream:remoteref) refs/heads/feature/12480 refs/remotes/feature/12480 [1ms]
[2022-10-17T12:47:58.685Z] > git for-each-ref --sort -committerdate --format %(refname) %(objectname) %(*objectname) [9ms]
[2022-10-17T12:47:58.685Z] > git remote --verbose [2ms]
[2022-10-17T12:47:58.698Z] > git config --get commit.template [2ms]
[2022-10-17T12:47:59.726Z] > git status -z -uall [3ms]
[2022-10-17T12:47:59.735Z] > git symbolic-ref --short HEAD [1ms]
[2022-10-17T12:47:59.745Z] > git for-each-ref --format=%(refname)%00%(upstream:short)%00%(objectname)%00%(upstream:track)%00%(upstream:remotename)%00%(upstream:remoteref) refs/heads/feature/12480 refs/remotes/feature/12480 [2ms]
[2022-10-17T12:47:59.762Z] > git for-each-ref --sort -committerdate --format %(refname) %(objectname) %(*objectname) [8ms]
[2022-10-17T12:47:59.763Z] > git remote --verbose [2ms]
[2022-10-17T12:47:59.773Z] > git config --get commit.template [1ms]
[2022-10-17T12:47:59.828Z] > git ls-files --stage -- /home/michail/work/Quanti/drmax-qa-tests/configs/cz_stage.config.ts [1ms]
[2022-10-17T12:47:59.838Z] > git cat-file -s 04f0a18a943a1a6d6d48b7ec143fc2f8d24b825c [2ms]
[2022-10-17T12:47:59.851Z] > git show --textconv :configs/cz_stage.config.ts [2ms]
[2022-10-17T12:48:03.366Z] > git ls-files --stage -- /home/michail/work/Quanti/drmax-qa-tests/configs/cz_stage.config.ts [1ms]
[2022-10-17T12:48:03.376Z] > git cat-file -s 04f0a18a943a1a6d6d48b7ec143fc2f8d24b825c [1ms]
[2022-10-17T12:48:03.390Z] > git show --textconv :configs/cz_stage.config.ts [1ms]
[2022-10-17T12:48:04.789Z] > git status -z -uall [2ms]
[2022-10-17T12:48:04.799Z] > git symbolic-ref --short HEAD [2ms]
[2022-10-17T12:48:04.809Z] > git for-each-ref --format=%(refname)%00%(upstream:short)%00%(objectname)%00%(upstream:track)%00%(upstream:remotename)%00%(upstream:remoteref) refs/heads/feature/12480 refs/remotes/feature/12480 [2ms]
[2022-10-17T12:48:04.825Z] > git for-each-ref --sort -committerdate --format %(refname) %(objectname) %(*objectname) [8ms]
[2022-10-17T12:48:04.825Z] > git remote --verbose [1ms]
[2022-10-17T12:48:04.834Z] > git config --get commit.template [1ms]
[2022-10-17T12:48:07.155Z] > git check-ignore -v -z --stdin [1ms]
[2022-10-17T12:48:08.063Z] > git check-ignore -v -z --stdin [2ms]
[2022-10-17T12:48:15.129Z] > git show --textconv :cypress/support/commands.ts [14ms]
[2022-10-17T12:48:15.130Z] > git ls-files --stage -- /home/michail/work/Quanti/drmax-qa-tests/cypress/support/commands.ts [4ms]
[2022-10-17T12:48:15.143Z] > git cat-file -s 9b7e0c8333ba4250a626f662a12ac2a7221dfc83 [4ms]
[2022-10-17T13:10:41.491Z] > git ls-files --stage -- /home/michail/work/Quanti/drmax-qa-tests/cypress/support/commands.ts [1ms]
[2022-10-17T13:10:41.501Z] > git cat-file -s 9b7e0c8333ba4250a626f662a12ac2a7221dfc83 [2ms]
[2022-10-17T13:10:41.514Z] > git show --textconv :cypress/support/commands.ts [2ms]
[2022-10-17T13:10:42.641Z] > git fetch [2322ms]
[2022-10-17T13:10:42.651Z] > git status -z -uall [2ms]
[2022-10-17T13:10:42.659Z] > git symbolic-ref --short HEAD [1ms]
[2022-10-17T13:10:42.669Z] > git for-each-ref --format=%(refname)%00%(upstream:short)%00%(objectname)%00%(upstream:track)%00%(upstream:remotename)%00%(upstream:remoteref) refs/heads/feature/12480 refs/remotes/feature/12480 [1ms]
[2022-10-17T13:10:42.685Z] > git for-each-ref --sort -committerdate --format %(refname) %(objectname) %(*objectname) [8ms]
[2022-10-17T13:10:42.687Z] > git remote --verbose [3ms]
[2022-10-17T13:10:42.698Z] > git config --get commit.template [1ms]
[2022-10-17T13:10:43.382Z] > git ls-files --stage -- /home/michail/work/Quanti/drmax-qa-tests/cypress/support/commands.ts [1ms]
[2022-10-17T13:10:43.391Z] > git cat-file -s 9b7e0c8333ba4250a626f662a12ac2a7221dfc83 [1ms]
[2022-10-17T13:10:43.403Z] > git show --textconv :cypress/support/commands.ts [2ms]
