[Info  - 08:09:46.746] Reading sessions from keychain...
[Info  - 08:09:46.796] Getting sessions for user:email...
[Info  - 08:09:46.858] Getting sessions for read:user...
[Trace  - 08:09:46.921] Token acquired from secret storage.
[Info  - 08:09:46.921] Got stored sessions!
[Trace  - 08:09:46.921] Read the following session from the keychain with the following scopes: read:user
[Trace  - 08:09:46.921] Read the following session from the keychain with the following scopes: user:email
[Info  - 08:09:46.922] Got 2 verified sessions.
[Info  - 08:09:46.922] Got 1 sessions for user:email...
[Info  - 08:09:46.922] Got 1 sessions for read:user...
[Info  - 08:09:49.441] Getting sessions for all scopes...
[Info  - 08:09:49.443] Got 2 sessions for ...
[Info  - 08:34:47.365] Getting sessions for read:user...
[Info  - 08:34:47.365] Got 1 sessions for read:user...
[Info  - 08:59:47.719] Getting sessions for read:user...
[Info  - 08:59:47.719] Got 1 sessions for read:user...
[Info  - 09:24:48.39] Getting sessions for read:user...
[Info  - 09:24:48.40] Got 1 sessions for read:user...
[Info  - 09:49:48.387] Getting sessions for read:user...
[Info  - 09:49:48.388] Got 1 sessions for read:user...
[Info  - 10:14:48.971] Getting sessions for read:user...
[Info  - 10:14:48.971] Got 1 sessions for read:user...
[Info  - 10:39:49.247] Getting sessions for read:user...
[Info  - 10:39:49.247] Got 1 sessions for read:user...
[Info  - 11:04:49.515] Getting sessions for read:user...
[Info  - 11:04:49.515] Got 1 sessions for read:user...
[Info  - 13:02:34.416] Getting sessions for read:user...
[Info  - 13:02:34.417] Got 1 sessions for read:user...
