[2022-10-20 13:49:55.790] [GitHub Authentication] [info] Reading sessions from keychain...
[2022-10-20 13:49:55.790] [GitHub Authentication] [info] Getting sessions for user:email...
[2022-10-20 13:49:55.790] [GitHub Authentication] [info] Getting sessions for all scopes...
[2022-10-20 13:49:55.790] [GitHub Authentication] [info] Got stored sessions!
[2022-10-20 13:49:55.790] [GitHub Authentication] [info] Got 1 verified sessions.
[2022-10-20 13:49:55.790] [GitHub Authentication] [info] Got 0 sessions for user:email...
[2022-10-20 13:49:55.790] [GitHub Authentication] [info] Got 1 sessions for ...
[2022-10-20 13:49:55.790] [GitHub Authentication] [info] Getting sessions for read:user...
[2022-10-20 13:49:55.790] [GitHub Authentication] [info] Got 1 sessions for read:user...
[2022-10-20 14:14:56.317] [GitHub Authentication] [info] Getting sessions for read:user...
[2022-10-20 14:14:56.317] [GitHub Authentication] [info] Got 1 sessions for read:user...
[2022-10-20 14:39:56.649] [GitHub Authentication] [info] Getting sessions for read:user...
[2022-10-20 14:39:56.649] [GitHub Authentication] [info] Got 1 sessions for read:user...
[2022-10-20 15:04:56.957] [GitHub Authentication] [info] Getting sessions for read:user...
[2022-10-20 15:04:56.957] [GitHub Authentication] [info] Got 1 sessions for read:user...
[2022-10-20 15:29:57.248] [GitHub Authentication] [info] Getting sessions for read:user...
[2022-10-20 15:29:57.249] [GitHub Authentication] [info] Got 1 sessions for read:user...
[2022-10-21 09:28:17.885] [GitHub Authentication] [info] Getting sessions for read:user...
[2022-10-21 09:28:17.885] [GitHub Authentication] [info] Got 1 sessions for read:user...
[2022-10-21 09:53:18.198] [GitHub Authentication] [info] Getting sessions for read:user...
[2022-10-21 09:53:18.198] [GitHub Authentication] [info] Got 1 sessions for read:user...
[2022-10-21 10:18:18.482] [GitHub Authentication] [info] Getting sessions for read:user...
[2022-10-21 10:18:18.482] [GitHub Authentication] [info] Got 1 sessions for read:user...
[2022-10-21 10:43:18.818] [GitHub Authentication] [info] Getting sessions for read:user...
[2022-10-21 10:43:18.819] [GitHub Authentication] [info] Got 1 sessions for read:user...
[2022-10-21 11:08:19.491] [GitHub Authentication] [info] Getting sessions for read:user...
[2022-10-21 11:08:19.578] [GitHub Authentication] [info] Got 1 sessions for read:user...
