[2022-10-20 09:59:45.448] [GitHub Authentication] [info] Reading sessions from keychain...
[2022-10-20 09:59:45.448] [GitHub Authentication] [info] Getting sessions for user:email...
[2022-10-20 09:59:45.448] [GitHub Authentication] [info] Got 0 sessions for user:email...
[2022-10-20 09:59:45.448] [GitHub Authentication] [info] Getting sessions for all scopes...
[2022-10-20 09:59:45.448] [GitHub Authentication] [info] Getting sessions for read:user...
[2022-10-20 09:59:45.448] [GitHub Authentication] [info] Got 0 sessions for ...
[2022-10-20 09:59:45.448] [GitHub Authentication] [info] Got 0 sessions for read:user...
[2022-10-20 10:00:00.763] [GitHub Authentication] [info] Getting sessions for read:user...
[2022-10-20 10:00:00.763] [GitHub Authentication] [info] Got 0 sessions for read:user...
[2022-10-20 10:00:02.301] [GitHub Authentication] [info] Logging in for the following scopes: read:user
[2022-10-20 10:00:02.314] [GitHub Authentication] [info] Trying without local server... (read:user)
[2022-10-20 10:00:04.337] [GitHub Authentication] [info] Exchanging code for token...
[2022-10-20 10:00:04.788] [GitHub Authentication] [info] Token exchange success!
[2022-10-20 10:00:04.790] [GitHub Authentication] [info] Getting user info...
[2022-10-20 10:00:05.247] [GitHub Authentication] [info] Got account info!
[2022-10-20 10:00:05.248] [GitHub Authentication] [info] Storing 1 sessions...
[2022-10-20 10:00:05.282] [GitHub Authentication] [info] Reading sessions from keychain...
[2022-10-20 10:00:05.282] [GitHub Authentication] [info] Stored 1 sessions!
[2022-10-20 10:00:05.282] [GitHub Authentication] [info] Login success!
[2022-10-20 10:00:05.303] [GitHub Authentication] [info] Got stored sessions!
[2022-10-20 10:00:05.303] [GitHub Authentication] [info] Got 1 verified sessions.
[2022-10-20 10:00:05.304] [GitHub Authentication] [info] Getting sessions for user:email...
[2022-10-20 10:00:05.304] [GitHub Authentication] [info] Got 0 sessions for user:email...
[2022-10-20 10:00:05.307] [GitHub Authentication] [info] Getting sessions for read:user,repo,user:email...
[2022-10-20 10:00:05.307] [GitHub Authentication] [info] Got 0 sessions for read:user,repo,user:email...
[2022-10-20 11:10:25.935] [GitHub Authentication] [info] Getting sessions for read:user...
[2022-10-20 11:10:25.935] [GitHub Authentication] [info] Got 1 sessions for read:user...
[2022-10-20 11:35:26.292] [GitHub Authentication] [info] Getting sessions for read:user...
[2022-10-20 11:35:26.293] [GitHub Authentication] [info] Got 1 sessions for read:user...
[2022-10-20 13:07:06.772] [GitHub Authentication] [info] Getting sessions for read:user...
[2022-10-20 13:07:06.772] [GitHub Authentication] [info] Got 1 sessions for read:user...
