[2022-10-14T09:23:42.244Z] Log level: Info
[2022-10-14T09:23:42.249Z] [info] Validating found git in: git
[2022-10-14T09:23:42.279Z] [info] Using git 2.38.0 from git
[2022-10-14T09:23:42.302Z] > git rev-parse --show-toplevel [6ms]
[2022-10-14T09:23:42.312Z] > git rev-parse --git-dir --git-common-dir [1ms]
[2022-10-14T09:23:42.315Z] [info] Open repository: /home/michail/work/Quanti/drmax-qa-tests
[2022-10-14T09:23:42.336Z] > git status -z -uall [4ms]
[2022-10-14T09:23:42.344Z] > git symbolic-ref --short HEAD [1ms]
[2022-10-14T09:23:42.355Z] > git for-each-ref --format=%(refname)%00%(upstream:short)%00%(objectname)%00%(upstream:track)%00%(upstream:remotename)%00%(upstream:remoteref) refs/heads/feature/14196 refs/remotes/feature/14196 [3ms]
[2022-10-14T09:23:42.370Z] > git remote --verbose [2ms]
[2022-10-14T09:23:42.380Z] > git for-each-ref --sort -committerdate --format %(refname) %(objectname) %(*objectname) [18ms]
[2022-10-14T09:23:42.399Z] > git config --get commit.template [0ms]
[2022-10-14T09:23:42.415Z] > git status -z -uall [3ms]
[2022-10-14T09:23:42.426Z] > git symbolic-ref --short HEAD [3ms]
[2022-10-14T09:23:42.434Z] > git for-each-ref --format=%(refname)%00%(upstream:short)%00%(objectname)%00%(upstream:track)%00%(upstream:remotename)%00%(upstream:remoteref) refs/heads/feature/14196 refs/remotes/feature/14196 [2ms]
[2022-10-14T09:23:42.448Z] > git for-each-ref --sort -committerdate --format %(refname) %(objectname) %(*objectname) [7ms]
[2022-10-14T09:23:42.449Z] > git remote --verbose [2ms]
[2022-10-14T09:23:42.461Z] > git config --get commit.template [2ms]
[2022-10-14T09:23:42.557Z] > git show --textconv HEAD:bash_scripts/run_azdo_pipelines.sh [34ms]
[2022-10-14T09:23:42.558Z] > git ls-tree -l HEAD -- /home/michail/work/Quanti/drmax-qa-tests/bash_scripts/run_azdo_pipelines.sh [26ms]
[2022-10-14T09:23:42.911Z] > git ls-tree -l HEAD -- /home/michail/work/Quanti/drmax-qa-tests/bash_scripts/run_azdo_pipelines.sh [267ms]
[2022-10-14T09:23:43.142Z] > git check-ignore -v -z --stdin [2ms]
[2022-10-14T09:23:43.727Z] > git fetch [1402ms]
[2022-10-14T09:23:43.727Z] From ssh.dev.azure.com:v3/drmaxglobal/qaa-team/drmax-qa-tests
 + 9caf728...1cf8510 feature/12480 -> origin/feature/12480  (forced update)
   2057b0f..cf0bea0  master        -> origin/master
[2022-10-14T09:23:43.742Z] > git status -z -uall [3ms]
[2022-10-14T09:23:43.751Z] > git symbolic-ref --short HEAD [1ms]
[2022-10-14T09:23:43.762Z] > git for-each-ref --format=%(refname)%00%(upstream:short)%00%(objectname)%00%(upstream:track)%00%(upstream:remotename)%00%(upstream:remoteref) refs/heads/feature/14196 refs/remotes/feature/14196 [1ms]
[2022-10-14T09:23:43.828Z] > git for-each-ref --sort -committerdate --format %(refname) %(objectname) %(*objectname) [56ms]
[2022-10-14T09:23:43.883Z] > git remote --verbose [102ms]
[2022-10-14T09:23:43.903Z] > git config --get commit.template [3ms]
[2022-10-14T09:23:45.114Z] > git ls-tree -l HEAD -- /home/michail/work/Quanti/drmax-qa-tests/bash_scripts/run_azdo_pipelines.sh [4ms]
[2022-10-14T09:23:45.154Z] > git show --textconv HEAD:bash_scripts/run_azdo_pipelines.sh [3ms]
[2022-10-14T09:23:46.110Z] > git status -z -uall [3ms]
[2022-10-14T09:23:46.119Z] > git symbolic-ref --short HEAD [1ms]
[2022-10-14T09:23:46.131Z] > git for-each-ref --format=%(refname)%00%(upstream:short)%00%(objectname)%00%(upstream:track)%00%(upstream:remotename)%00%(upstream:remoteref) refs/heads/feature/14196 refs/remotes/feature/14196 [2ms]
[2022-10-14T09:23:46.150Z] > git remote --verbose [1ms]
[2022-10-14T09:23:46.151Z] > git for-each-ref --sort -committerdate --format %(refname) %(objectname) %(*objectname) [12ms]
[2022-10-14T09:23:46.164Z] > git config --get commit.template [1ms]
[2022-10-14T09:23:49.603Z] > git checkout -q master [3ms]
[2022-10-14T09:23:49.617Z] > git status -z -uall [3ms]
[2022-10-14T09:23:49.626Z] > git symbolic-ref --short HEAD [2ms]
[2022-10-14T09:23:49.637Z] > git for-each-ref --format=%(refname)%00%(upstream:short)%00%(objectname)%00%(upstream:track)%00%(upstream:remotename)%00%(upstream:remoteref) refs/heads/master refs/remotes/master [2ms]
[2022-10-14T09:23:49.655Z] > git for-each-ref --sort -committerdate --format %(refname) %(objectname) %(*objectname) [9ms]
[2022-10-14T09:23:49.656Z] > git remote --verbose [2ms]
[2022-10-14T09:23:49.670Z] > git config --get commit.template [1ms]
[2022-10-14T09:23:50.772Z] > git ls-tree -l HEAD -- /home/michail/work/Quanti/drmax-qa-tests/bash_scripts/run_azdo_pipelines.sh [2ms]
[2022-10-14T09:23:50.787Z] > git show --textconv HEAD:bash_scripts/run_azdo_pipelines.sh [2ms]
[2022-10-14T09:23:51.774Z] > git status -z -uall [3ms]
[2022-10-14T09:23:51.785Z] > git symbolic-ref --short HEAD [1ms]
[2022-10-14T09:23:51.795Z] > git for-each-ref --format=%(refname)%00%(upstream:short)%00%(objectname)%00%(upstream:track)%00%(upstream:remotename)%00%(upstream:remoteref) refs/heads/master refs/remotes/master [3ms]
[2022-10-14T09:23:51.811Z] > git for-each-ref --sort -committerdate --format %(refname) %(objectname) %(*objectname) [8ms]
[2022-10-14T09:23:51.812Z] > git remote --verbose [2ms]
[2022-10-14T09:23:51.822Z] > git config --get commit.template [1ms]
[2022-10-14T09:23:53.503Z] > git show --textconv :bash_scripts/run_azdo_pipelines.sh [12ms]
[2022-10-14T09:23:53.504Z] > git ls-files --stage -- /home/michail/work/Quanti/drmax-qa-tests/bash_scripts/run_azdo_pipelines.sh [2ms]
[2022-10-14T09:23:53.516Z] > git cat-file -s 7c76d37ebaa9ea52f1b19d4b7f12204549a59127 [2ms]
[2022-10-14T09:24:02.851Z] > git status -z -uall [2ms]
[2022-10-14T09:24:02.861Z] > git symbolic-ref --short HEAD [1ms]
[2022-10-14T09:24:02.869Z] > git for-each-ref --format=%(refname)%00%(upstream:short)%00%(objectname)%00%(upstream:track)%00%(upstream:remotename)%00%(upstream:remoteref) refs/heads/master refs/remotes/master [1ms]
[2022-10-14T09:24:02.885Z] > git for-each-ref --sort -committerdate --format %(refname) %(objectname) %(*objectname) [7ms]
[2022-10-14T09:24:02.885Z] > git remote --verbose [1ms]
[2022-10-14T09:24:02.897Z] > git config --get commit.template [1ms]
[2022-10-14T09:24:02.963Z] > git ls-tree -l HEAD -- /home/michail/work/Quanti/drmax-qa-tests/bash_scripts/run_azdo_pipelines.sh [10ms]
[2022-10-14T09:24:02.964Z] > git ls-files --stage -- /home/michail/work/Quanti/drmax-qa-tests/bash_scripts/run_azdo_pipelines.sh [2ms]
[2022-10-14T09:24:02.972Z] > git cat-file -s 7c76d37ebaa9ea52f1b19d4b7f12204549a59127 [2ms]
[2022-10-14T09:24:02.995Z] > git show --textconv HEAD:bash_scripts/run_azdo_pipelines.sh [13ms]
[2022-10-14T09:24:02.998Z] > git show --textconv :bash_scripts/run_azdo_pipelines.sh [3ms]
[2022-10-14T09:24:07.909Z] > git status -z -uall [2ms]
[2022-10-14T09:24:07.920Z] > git symbolic-ref --short HEAD [1ms]
[2022-10-14T09:24:07.929Z] > git for-each-ref --format=%(refname)%00%(upstream:short)%00%(objectname)%00%(upstream:track)%00%(upstream:remotename)%00%(upstream:remoteref) refs/heads/master refs/remotes/master [2ms]
[2022-10-14T09:24:07.946Z] > git for-each-ref --sort -committerdate --format %(refname) %(objectname) %(*objectname) [9ms]
[2022-10-14T09:24:07.947Z] > git remote --verbose [3ms]
[2022-10-14T09:24:07.958Z] > git config --get commit.template [1ms]
[2022-10-14T09:24:11.048Z] > git ls-tree -l HEAD -- /home/michail/work/Quanti/drmax-qa-tests/bash_scripts/run_azdo_pipelines.sh [8ms]
[2022-10-14T09:24:11.049Z] > git ls-files --stage -- /home/michail/work/Quanti/drmax-qa-tests/bash_scripts/run_azdo_pipelines.sh [2ms]
[2022-10-14T09:24:11.057Z] > git cat-file -s 7c76d37ebaa9ea52f1b19d4b7f12204549a59127 [2ms]
[2022-10-14T09:24:11.073Z] > git show --textconv HEAD:bash_scripts/run_azdo_pipelines.sh [11ms]
[2022-10-14T09:24:11.074Z] > git show --textconv :bash_scripts/run_azdo_pipelines.sh [1ms]
[2022-10-14T09:24:12.969Z] > git status -z -uall [4ms]
[2022-10-14T09:24:12.978Z] > git symbolic-ref --short HEAD [1ms]
[2022-10-14T09:24:12.990Z] > git for-each-ref --format=%(refname)%00%(upstream:short)%00%(objectname)%00%(upstream:track)%00%(upstream:remotename)%00%(upstream:remoteref) refs/heads/master refs/remotes/master [2ms]
[2022-10-14T09:24:13.008Z] > git for-each-ref --sort -committerdate --format %(refname) %(objectname) %(*objectname) [10ms]
[2022-10-14T09:24:13.008Z] > git remote --verbose [1ms]
[2022-10-14T09:24:13.020Z] > git config --get commit.template [1ms]
[2022-10-14T09:24:15.819Z] > git ls-tree -l HEAD -- /home/michail/work/Quanti/drmax-qa-tests/bash_scripts/run_azdo_pipelines.sh [11ms]
[2022-10-14T09:24:15.821Z] > git ls-files --stage -- /home/michail/work/Quanti/drmax-qa-tests/bash_scripts/run_azdo_pipelines.sh [3ms]
[2022-10-14T09:24:15.831Z] > git cat-file -s 335dc5630fbf75ed066da68f107c94e5568188b4 [1ms]
[2022-10-14T09:24:15.843Z] > git show --textconv HEAD:bash_scripts/run_azdo_pipelines.sh [2ms]
[2022-10-14T09:24:15.851Z] > git show --textconv :bash_scripts/run_azdo_pipelines.sh [1ms]
[2022-10-14T09:24:18.036Z] > git status -z -uall [4ms]
[2022-10-14T09:24:18.046Z] > git symbolic-ref --short HEAD [1ms]
[2022-10-14T09:24:18.055Z] > git for-each-ref --format=%(refname)%00%(upstream:short)%00%(objectname)%00%(upstream:track)%00%(upstream:remotename)%00%(upstream:remoteref) refs/heads/master refs/remotes/master [2ms]
[2022-10-14T09:24:18.071Z] > git for-each-ref --sort -committerdate --format %(refname) %(objectname) %(*objectname) [8ms]
[2022-10-14T09:24:18.073Z] > git remote --verbose [3ms]
[2022-10-14T09:24:18.089Z] > git config --get commit.template [2ms]
[2022-10-14T09:24:22.918Z] > git check-ignore -v -z --stdin [2ms]
[2022-10-14T09:24:24.115Z] > git check-ignore -v -z --stdin [1ms]
[2022-10-14T09:24:25.118Z] > git show --textconv :bash_scripts/run_azdo_pipelines.sh [12ms]
[2022-10-14T09:24:25.118Z] > git ls-files --stage -- /home/michail/work/Quanti/drmax-qa-tests/bash_scripts/run_azdo_pipelines.sh [4ms]
[2022-10-14T09:24:25.126Z] > git cat-file -s 335dc5630fbf75ed066da68f107c94e5568188b4 [1ms]
[2022-10-14T09:25:35.142Z] > git status -z -uall [4ms]
[2022-10-14T09:25:35.151Z] > git symbolic-ref --short HEAD [1ms]
[2022-10-14T09:25:35.160Z] > git for-each-ref --format=%(refname)%00%(upstream:short)%00%(objectname)%00%(upstream:track)%00%(upstream:remotename)%00%(upstream:remoteref) refs/heads/master refs/remotes/master [3ms]
[2022-10-14T09:25:35.175Z] > git remote --verbose [2ms]
[2022-10-14T09:25:35.176Z] > git for-each-ref --sort -committerdate --format %(refname) %(objectname) %(*objectname) [9ms]
[2022-10-14T09:25:35.186Z] > git config --get commit.template [1ms]
[2022-10-14T09:25:42.939Z] > git status -z -uall [3ms]
[2022-10-14T09:25:42.949Z] > git symbolic-ref --short HEAD [1ms]
[2022-10-14T09:25:42.956Z] > git for-each-ref --format=%(refname)%00%(upstream:short)%00%(objectname)%00%(upstream:track)%00%(upstream:remotename)%00%(upstream:remoteref) refs/heads/master refs/remotes/master [1ms]
[2022-10-14T09:25:42.972Z] > git for-each-ref --sort -committerdate --format %(refname) %(objectname) %(*objectname) [8ms]
[2022-10-14T09:25:42.972Z] > git remote --verbose [1ms]
[2022-10-14T09:25:42.982Z] > git config --get commit.template [1ms]
[2022-10-14T09:25:43.039Z] > git ls-files --stage -- /home/michail/work/Quanti/drmax-qa-tests/bash_scripts/run_azdo_pipelines.sh [1ms]
[2022-10-14T09:25:43.047Z] > git cat-file -s 335dc5630fbf75ed066da68f107c94e5568188b4 [1ms]
[2022-10-14T09:25:43.059Z] > git show --textconv :bash_scripts/run_azdo_pipelines.sh [1ms]
[2022-10-14T09:25:47.992Z] > git status -z -uall [2ms]
[2022-10-14T09:25:48.001Z] > git symbolic-ref --short HEAD [1ms]
[2022-10-14T09:25:48.009Z] > git for-each-ref --format=%(refname)%00%(upstream:short)%00%(objectname)%00%(upstream:track)%00%(upstream:remotename)%00%(upstream:remoteref) refs/heads/master refs/remotes/master [1ms]
[2022-10-14T09:25:48.025Z] > git for-each-ref --sort -committerdate --format %(refname) %(objectname) %(*objectname) [9ms]
[2022-10-14T09:25:48.025Z] > git remote --verbose [1ms]
[2022-10-14T09:25:48.036Z] > git config --get commit.template [2ms]
[2022-10-14T09:26:11.070Z] > git status -z -uall [3ms]
[2022-10-14T09:26:11.083Z] > git symbolic-ref --short HEAD [5ms]
[2022-10-14T09:26:11.098Z] > git for-each-ref --format=%(refname)%00%(upstream:short)%00%(objectname)%00%(upstream:track)%00%(upstream:remotename)%00%(upstream:remoteref) refs/heads/master refs/remotes/master [4ms]
[2022-10-14T09:26:11.119Z] > git for-each-ref --sort -committerdate --format %(refname) %(objectname) %(*objectname) [11ms]
[2022-10-14T09:26:11.121Z] > git remote --verbose [3ms]
[2022-10-14T09:26:11.132Z] > git config --get commit.template [2ms]
[2022-10-14T09:26:17.627Z] > git status -z -uall [3ms]
[2022-10-14T09:26:17.638Z] > git symbolic-ref --short HEAD [2ms]
[2022-10-14T09:26:17.647Z] > git for-each-ref --format=%(refname)%00%(upstream:short)%00%(objectname)%00%(upstream:track)%00%(upstream:remotename)%00%(upstream:remoteref) refs/heads/master refs/remotes/master [1ms]
[2022-10-14T09:26:17.664Z] > git for-each-ref --sort -committerdate --format %(refname) %(objectname) %(*objectname) [8ms]
[2022-10-14T09:26:17.665Z] > git remote --verbose [2ms]
[2022-10-14T09:26:17.676Z] > git config --get commit.template [1ms]
[2022-10-14T09:38:03.062Z] > git fetch [879ms]
[2022-10-14T09:38:03.071Z] > git status -z -uall [3ms]
[2022-10-14T09:38:03.077Z] > git symbolic-ref --short HEAD [1ms]
[2022-10-14T09:38:03.085Z] > git for-each-ref --format=%(refname)%00%(upstream:short)%00%(objectname)%00%(upstream:track)%00%(upstream:remotename)%00%(upstream:remoteref) refs/heads/master refs/remotes/master [2ms]
[2022-10-14T09:38:03.097Z] > git for-each-ref --sort -committerdate --format %(refname) %(objectname) %(*objectname) [7ms]
[2022-10-14T09:38:03.098Z] > git remote --verbose [2ms]
[2022-10-14T09:38:03.106Z] > git config --get commit.template [1ms]
[2022-10-14T09:38:04.136Z] > git ls-files --stage -- /home/michail/work/Quanti/drmax-qa-tests/bash_scripts/run_azdo_pipelines.sh [1ms]
[2022-10-14T09:38:04.144Z] > git cat-file -s 335dc5630fbf75ed066da68f107c94e5568188b4 [2ms]
[2022-10-14T09:38:04.154Z] > git show --textconv :bash_scripts/run_azdo_pipelines.sh [1ms]
[2022-10-14T09:38:05.138Z] > git status -z -uall [2ms]
[2022-10-14T09:38:05.145Z] > git symbolic-ref --short HEAD [1ms]
[2022-10-14T09:38:05.152Z] > git for-each-ref --format=%(refname)%00%(upstream:short)%00%(objectname)%00%(upstream:track)%00%(upstream:remotename)%00%(upstream:remoteref) refs/heads/master refs/remotes/master [1ms]
[2022-10-14T09:38:05.165Z] > git for-each-ref --sort -committerdate --format %(refname) %(objectname) %(*objectname) [7ms]
[2022-10-14T09:38:05.166Z] > git remote --verbose [2ms]
[2022-10-14T09:38:05.174Z] > git config --get commit.template [1ms]
[2022-10-14T09:38:10.519Z] > git status -z -uall [2ms]
[2022-10-14T09:38:10.537Z] > git symbolic-ref --short HEAD [11ms]
[2022-10-14T09:38:10.558Z] > git for-each-ref --format=%(refname)%00%(upstream:short)%00%(objectname)%00%(upstream:track)%00%(upstream:remotename)%00%(upstream:remoteref) refs/heads/master refs/remotes/master [13ms]
[2022-10-14T09:38:10.579Z] > git for-each-ref --sort -committerdate --format %(refname) %(objectname) %(*objectname) [8ms]
[2022-10-14T09:38:10.582Z] > git remote --verbose [5ms]
[2022-10-14T09:38:10.592Z] > git config --get commit.template [1ms]
[2022-10-14T11:35:06.440Z] > git check-ignore -v -z --stdin [4ms]
[2022-10-14T11:35:07.794Z] > git check-ignore -v -z --stdin [1ms]
[2022-10-14T11:35:09.877Z] > git show --textconv :specs/content/faq.ts [83ms]
[2022-10-14T11:35:09.877Z] > git fetch [1530ms]
[2022-10-14T11:35:09.908Z] > git status -z -uall [16ms]
[2022-10-14T11:35:09.920Z] > git ls-files --stage -- /home/michail/work/Quanti/drmax-qa-tests/specs/content/faq.ts [116ms]
[2022-10-14T11:35:09.957Z] > git cat-file -s e288f72830784e87834f8d9f50884d961da4ecd8 [24ms]
[2022-10-14T11:35:09.958Z] > git symbolic-ref --short HEAD [38ms]
[2022-10-14T11:35:10.042Z] > git for-each-ref --format=%(refname)%00%(upstream:short)%00%(objectname)%00%(upstream:track)%00%(upstream:remotename)%00%(upstream:remoteref) refs/heads/master refs/remotes/master [62ms]
[2022-10-14T11:35:10.077Z] > git remote --verbose [7ms]
[2022-10-14T11:35:10.078Z] > git for-each-ref --sort -committerdate --format %(refname) %(objectname) %(*objectname) [22ms]
[2022-10-14T11:35:10.096Z] > git config --get commit.template [2ms]
[2022-10-14T11:35:10.898Z] > git ls-files --stage -- /home/michail/work/Quanti/drmax-qa-tests/specs/content/faq.ts [2ms]
[2022-10-14T11:35:10.911Z] > git cat-file -s e288f72830784e87834f8d9f50884d961da4ecd8 [2ms]
[2022-10-14T11:35:10.927Z] > git show --textconv :specs/content/faq.ts [3ms]
[2022-10-14T11:35:11.903Z] > git status -z -uall [5ms]
[2022-10-14T11:35:11.915Z] > git symbolic-ref --short HEAD [1ms]
[2022-10-14T11:35:11.930Z] > git for-each-ref --format=%(refname)%00%(upstream:short)%00%(objectname)%00%(upstream:track)%00%(upstream:remotename)%00%(upstream:remoteref) refs/heads/master refs/remotes/master [2ms]
[2022-10-14T11:35:11.953Z] > git for-each-ref --sort -committerdate --format %(refname) %(objectname) %(*objectname) [11ms]
[2022-10-14T11:35:11.954Z] > git remote --verbose [2ms]
[2022-10-14T11:35:11.969Z] > git config --get commit.template [2ms]
[2022-10-14T11:35:23.900Z] > git show --textconv :configs/cz_stage.config.ts [14ms]
[2022-10-14T11:35:23.900Z] > git ls-files --stage -- /home/michail/work/Quanti/drmax-qa-tests/configs/cz_stage.config.ts [3ms]
[2022-10-14T11:35:23.926Z] > git cat-file -s 04f0a18a943a1a6d6d48b7ec143fc2f8d24b825c [17ms]
[2022-10-14T11:44:23.374Z] > git show --textconv :configs/sk_stage.config.ts [19ms]
[2022-10-14T11:44:23.375Z] > git ls-files --stage -- /home/michail/work/Quanti/drmax-qa-tests/configs/sk_stage.config.ts [3ms]
[2022-10-14T11:44:23.390Z] > git cat-file -s 841c42f199eb47069a47a791053565fd1f3f6089 [2ms]
[2022-10-14T11:44:23.891Z] > git fetch [982ms]
[2022-10-14T11:44:23.903Z] > git status -z -uall [2ms]
[2022-10-14T11:44:23.914Z] > git symbolic-ref --short HEAD [1ms]
[2022-10-14T11:44:23.925Z] > git for-each-ref --format=%(refname)%00%(upstream:short)%00%(objectname)%00%(upstream:track)%00%(upstream:remotename)%00%(upstream:remoteref) refs/heads/master refs/remotes/master [2ms]
[2022-10-14T11:44:23.943Z] > git for-each-ref --sort -committerdate --format %(refname) %(objectname) %(*objectname) [8ms]
[2022-10-14T11:44:23.946Z] > git remote --verbose [4ms]
[2022-10-14T11:44:23.958Z] > git config --get commit.template [1ms]
[2022-10-14T11:44:24.967Z] > git ls-files --stage -- /home/michail/work/Quanti/drmax-qa-tests/configs/sk_stage.config.ts [1ms]
[2022-10-14T11:44:24.974Z] > git cat-file -s 841c42f199eb47069a47a791053565fd1f3f6089 [1ms]
[2022-10-14T11:44:24.985Z] > git show --textconv :configs/sk_stage.config.ts [1ms]
[2022-10-14T11:44:25.971Z] > git status -z -uall [4ms]
[2022-10-14T11:44:25.980Z] > git symbolic-ref --short HEAD [1ms]
[2022-10-14T11:44:25.991Z] > git for-each-ref --format=%(refname)%00%(upstream:short)%00%(objectname)%00%(upstream:track)%00%(upstream:remotename)%00%(upstream:remoteref) refs/heads/master refs/remotes/master [2ms]
[2022-10-14T11:44:26.006Z] > git for-each-ref --sort -committerdate --format %(refname) %(objectname) %(*objectname) [8ms]
[2022-10-14T11:44:26.008Z] > git remote --verbose [2ms]
[2022-10-14T11:44:26.017Z] > git config --get commit.template [1ms]
[2022-10-14T11:49:32.889Z] > git fetch [1195ms]
[2022-10-14T11:49:32.901Z] > git status -z -uall [3ms]
[2022-10-14T11:49:32.911Z] > git symbolic-ref --short HEAD [1ms]
[2022-10-14T11:49:32.921Z] > git for-each-ref --format=%(refname)%00%(upstream:short)%00%(objectname)%00%(upstream:track)%00%(upstream:remotename)%00%(upstream:remoteref) refs/heads/master refs/remotes/master [2ms]
[2022-10-14T11:49:32.940Z] > git for-each-ref --sort -committerdate --format %(refname) %(objectname) %(*objectname) [10ms]
[2022-10-14T11:49:32.940Z] > git remote --verbose [1ms]
[2022-10-14T11:49:32.952Z] > git config --get commit.template [2ms]
[2022-10-14T11:49:33.969Z] > git ls-files --stage -- /home/michail/work/Quanti/drmax-qa-tests/configs/sk_stage.config.ts [1ms]
[2022-10-14T11:49:33.983Z] > git cat-file -s 841c42f199eb47069a47a791053565fd1f3f6089 [2ms]
[2022-10-14T11:49:34.000Z] > git show --textconv :configs/sk_stage.config.ts [2ms]
[2022-10-14T11:56:00.769Z] > git status -z -uall [8ms]
[2022-10-14T11:56:00.790Z] > git symbolic-ref --short HEAD [1ms]
[2022-10-14T11:56:00.807Z] > git for-each-ref --format=%(refname)%00%(upstream:short)%00%(objectname)%00%(upstream:track)%00%(upstream:remotename)%00%(upstream:remoteref) refs/heads/master refs/remotes/master [2ms]
[2022-10-14T11:56:00.835Z] > git for-each-ref --sort -committerdate --format %(refname) %(objectname) %(*objectname) [14ms]
[2022-10-14T11:56:00.836Z] > git remote --verbose [3ms]
[2022-10-14T11:56:00.851Z] > git config --get commit.template [2ms]
[2022-10-14T11:56:01.986Z] > git fetch [1247ms]
[2022-10-14T11:56:01.996Z] > git status -z -uall [3ms]
[2022-10-14T11:56:02.005Z] > git symbolic-ref --short HEAD [2ms]
[2022-10-14T11:56:02.013Z] > git for-each-ref --format=%(refname)%00%(upstream:short)%00%(objectname)%00%(upstream:track)%00%(upstream:remotename)%00%(upstream:remoteref) refs/heads/master refs/remotes/master [2ms]
[2022-10-14T11:56:02.029Z] > git for-each-ref --sort -committerdate --format %(refname) %(objectname) %(*objectname) [8ms]
[2022-10-14T11:56:02.029Z] > git remote --verbose [1ms]
[2022-10-14T11:56:02.040Z] > git config --get commit.template [1ms]
[2022-10-14T11:56:03.058Z] > git ls-files --stage -- /home/michail/work/Quanti/drmax-qa-tests/configs/sk_stage.config.ts [1ms]
[2022-10-14T11:56:03.067Z] > git cat-file -s 841c42f199eb47069a47a791053565fd1f3f6089 [1ms]
[2022-10-14T11:56:03.081Z] > git show --textconv :configs/sk_stage.config.ts [2ms]
[2022-10-14T11:56:05.862Z] > git status -z -uall [2ms]
[2022-10-14T11:56:05.871Z] > git symbolic-ref --short HEAD [1ms]
[2022-10-14T11:56:05.879Z] > git for-each-ref --format=%(refname)%00%(upstream:short)%00%(objectname)%00%(upstream:track)%00%(upstream:remotename)%00%(upstream:remoteref) refs/heads/master refs/remotes/master [1ms]
[2022-10-14T11:56:05.898Z] > git for-each-ref --sort -committerdate --format %(refname) %(objectname) %(*objectname) [11ms]
[2022-10-14T11:56:05.898Z] > git remote --verbose [1ms]
[2022-10-14T11:56:05.911Z] > git config --get commit.template [1ms]
[2022-10-14T12:00:30.234Z] > git check-ignore -v -z --stdin [2ms]
[2022-10-14T12:00:35.997Z] > git check-ignore -v -z --stdin [1ms]
[2022-10-14T12:00:36.141Z] > git fetch [761ms]
[2022-10-14T12:00:36.153Z] > git status -z -uall [2ms]
[2022-10-14T12:00:36.163Z] > git symbolic-ref --short HEAD [1ms]
[2022-10-14T12:00:36.171Z] > git for-each-ref --format=%(refname)%00%(upstream:short)%00%(objectname)%00%(upstream:track)%00%(upstream:remotename)%00%(upstream:remoteref) refs/heads/master refs/remotes/master [1ms]
[2022-10-14T12:00:36.185Z] > git for-each-ref --sort -committerdate --format %(refname) %(objectname) %(*objectname) [7ms]
[2022-10-14T12:00:36.186Z] > git remote --verbose [1ms]
[2022-10-14T12:00:36.195Z] > git config --get commit.template [1ms]
[2022-10-14T12:00:36.761Z] > git check-ignore -v -z --stdin [2ms]
[2022-10-14T12:00:37.120Z] > git show --textconv :specs/catalog/brands/brand_listing.ts [26ms]
[2022-10-14T12:00:37.121Z] > git ls-files --stage -- /home/michail/work/Quanti/drmax-qa-tests/specs/catalog/brands/brand_listing.ts [17ms]
[2022-10-14T12:00:37.141Z] > git cat-file -s aa71bd5b05f384ce5f18bf478313103213d2d7e7 [8ms]
[2022-10-14T12:00:37.222Z] > git ls-files --stage -- /home/michail/work/Quanti/drmax-qa-tests/specs/catalog/brands/brand_listing.ts [2ms]
[2022-10-14T12:00:37.234Z] > git cat-file -s aa71bd5b05f384ce5f18bf478313103213d2d7e7 [1ms]
[2022-10-14T12:00:37.247Z] > git show --textconv :specs/catalog/brands/brand_listing.ts [1ms]
[2022-10-14T12:00:38.221Z] > git status -z -uall [2ms]
[2022-10-14T12:00:38.231Z] > git symbolic-ref --short HEAD [1ms]
[2022-10-14T12:00:38.240Z] > git for-each-ref --format=%(refname)%00%(upstream:short)%00%(objectname)%00%(upstream:track)%00%(upstream:remotename)%00%(upstream:remoteref) refs/heads/master refs/remotes/master [1ms]
[2022-10-14T12:00:38.264Z] > git for-each-ref --sort -committerdate --format %(refname) %(objectname) %(*objectname) [13ms]
[2022-10-14T12:00:38.264Z] > git remote --verbose [2ms]
[2022-10-14T12:00:38.277Z] > git config --get commit.template [2ms]
[2022-10-14T12:00:38.352Z] > git check-ignore -v -z --stdin [1ms]
[2022-10-14T14:52:31.201Z] > git fetch [882ms]
[2022-10-14T14:52:31.211Z] > git status -z -uall [3ms]
[2022-10-14T14:52:31.221Z] > git symbolic-ref --short HEAD [2ms]
[2022-10-14T14:52:31.231Z] > git for-each-ref --format=%(refname)%00%(upstream:short)%00%(objectname)%00%(upstream:track)%00%(upstream:remotename)%00%(upstream:remoteref) refs/heads/master refs/remotes/master [2ms]
[2022-10-14T14:52:31.251Z] > git for-each-ref --sort -committerdate --format %(refname) %(objectname) %(*objectname) [10ms]
[2022-10-14T14:52:31.251Z] > git remote --verbose [2ms]
[2022-10-14T14:52:31.262Z] > git config --get commit.template [1ms]
