[Info  - 09:23:43.805] Reading sessions from keychain...
[Info  - 09:23:43.891] Getting sessions for user:email...
[Info  - 09:23:43.995] Getting sessions for read:user...
[Trace  - 09:23:44.290] Token acquired from secret storage.
[Info  - 09:23:44.291] Got stored sessions!
[Trace  - 09:23:44.291] Read the following session from the keychain with the following scopes: read:user
[Trace  - 09:23:44.291] Read the following session from the keychain with the following scopes: user:email
[Info  - 09:23:44.306] Got 2 verified sessions.
[Info  - 09:23:44.306] Got 1 sessions for user:email...
[Info  - 09:23:44.306] Got 1 sessions for read:user...
[Info  - 09:23:44.751] Getting sessions for all scopes...
[Info  - 09:23:44.751] Got 2 sessions for ...
[Info  - 09:48:44.973] Getting sessions for read:user...
[Info  - 09:48:44.974] Got 1 sessions for read:user...
[Info  - 10:13:45.257] Getting sessions for read:user...
[Info  - 10:13:45.258] Got 1 sessions for read:user...
[Info  - 10:38:45.535] Getting sessions for read:user...
[Info  - 10:38:45.536] Got 1 sessions for read:user...
[Info  - 11:03:45.796] Getting sessions for read:user...
[Info  - 11:03:45.796] Got 1 sessions for read:user...
[Info  - 11:28:46.61] Getting sessions for read:user...
[Info  - 11:28:46.62] Got 1 sessions for read:user...
[Info  - 11:53:46.363] Getting sessions for read:user...
[Info  - 11:53:46.364] Got 1 sessions for read:user...
[Info  - 12:18:46.718] Getting sessions for read:user...
[Info  - 12:18:46.718] Got 1 sessions for read:user...
[Info  - 12:43:47.40] Getting sessions for read:user...
[Info  - 12:43:47.42] Got 1 sessions for read:user...
[Info  - 13:08:47.353] Getting sessions for read:user...
[Info  - 13:08:47.354] Got 1 sessions for read:user...
[Info  - 13:33:47.663] Getting sessions for read:user...
[Info  - 13:33:47.664] Got 1 sessions for read:user...
[Info  - 13:58:47.921] Getting sessions for read:user...
[Info  - 13:58:47.923] Got 1 sessions for read:user...
[Info  - 14:23:48.226] Getting sessions for read:user...
[Info  - 14:23:48.227] Got 1 sessions for read:user...
[Info  - 14:48:48.538] Getting sessions for read:user...
[Info  - 14:48:48.538] Got 1 sessions for read:user...
