[2022-10-17 10:09:42.018] [renderer1] [warning] [twxs.cmake]: Cannot register 'cmake.cmakePath'. This property is already registered.
[2022-10-17 10:09:46.140] [renderer1] [error] [/home/michail/.vscode/extensions/ms-vscode.cmake-tools-1.12.27]: Failed to parse /home/michail/.vscode/extensions/ms-vscode.cmake-tools-1.12.27/package.nls.json: Value expected.
[2022-10-17 11:01:33.374] [renderer1] [error] Cannot destructure property 'insideCyCommand' of 'shouldHaveAutocomplete(...)' as it is undefined.: TypeError: Cannot destructure property 'insideCyCommand' of 'shouldHaveAutocomplete(...)' as it is undefined.
    at jQueryLocatorCompletionProvider.provideCompletionItems (/home/michail/.vscode/extensions/shelex.vscode-cy-helper-1.2.2/src/providers/JqueryLocatorCompletionProvider.js:86:13)
    at J.provideCompletionItems (/opt/visual-studio-code/resources/app/out/vs/workbench/api/node/extensionHostProcess.js:87:51893)
    at /opt/visual-studio-code/resources/app/out/vs/workbench/api/node/extensionHostProcess.js:87:77030
    at ee._withAdapter (/opt/visual-studio-code/resources/app/out/vs/workbench/api/node/extensionHostProcess.js:87:67201)
    at ee.$provideCompletionItems (/opt/visual-studio-code/resources/app/out/vs/workbench/api/node/extensionHostProcess.js:87:77006)
    at i._doInvokeHandler (/opt/visual-studio-code/resources/app/out/vs/workbench/api/node/extensionHostProcess.js:95:13689)
    at i._invokeHandler (/opt/visual-studio-code/resources/app/out/vs/workbench/api/node/extensionHostProcess.js:95:13371)
    at i._receiveRequest (/opt/visual-studio-code/resources/app/out/vs/workbench/api/node/extensionHostProcess.js:95:12090)
    at i._receiveOneMessage (/opt/visual-studio-code/resources/app/out/vs/workbench/api/node/extensionHostProcess.js:95:10843)
    at /opt/visual-studio-code/resources/app/out/vs/workbench/api/node/extensionHostProcess.js:95:8950
    at b.invoke (/opt/visual-studio-code/resources/app/out/vs/workbench/api/node/extensionHostProcess.js:61:145)
    at p.deliver (/opt/visual-studio-code/resources/app/out/vs/workbench/api/node/extensionHostProcess.js:61:2266)
    at v.fire (/opt/visual-studio-code/resources/app/out/vs/workbench/api/node/extensionHostProcess.js:61:1844)
    at a.fire (/opt/visual-studio-code/resources/app/out/vs/workbench/api/node/extensionHostProcess.js:69:19042)
    at /opt/visual-studio-code/resources/app/out/vs/workbench/api/node/extensionHostProcess.js:111:17079
    at b.invoke (/opt/visual-studio-code/resources/app/out/vs/workbench/api/node/extensionHostProcess.js:61:145)
    at p.deliver (/opt/visual-studio-code/resources/app/out/vs/workbench/api/node/extensionHostProcess.js:61:2266)
    at v.fire (/opt/visual-studio-code/resources/app/out/vs/workbench/api/node/extensionHostProcess.js:61:1844)
    at a.fire (/opt/visual-studio-code/resources/app/out/vs/workbench/api/node/extensionHostProcess.js:69:19042)
    at r._receiveMessage (/opt/visual-studio-code/resources/app/out/vs/workbench/api/node/extensionHostProcess.js:69:23854)
    at /opt/visual-studio-code/resources/app/out/vs/workbench/api/node/extensionHostProcess.js:69:21224
    at b.invoke (/opt/visual-studio-code/resources/app/out/vs/workbench/api/node/extensionHostProcess.js:61:145)
    at p.deliver (/opt/visual-studio-code/resources/app/out/vs/workbench/api/node/extensionHostProcess.js:61:2266)
    at v.fire (/opt/visual-studio-code/resources/app/out/vs/workbench/api/node/extensionHostProcess.js:61:1844)
    at v.acceptChunk (/opt/visual-studio-code/resources/app/out/vs/workbench/api/node/extensionHostProcess.js:69:15873)
    at /opt/visual-studio-code/resources/app/out/vs/workbench/api/node/extensionHostProcess.js:69:15003
    at Socket.d (/opt/visual-studio-code/resources/app/out/vs/workbench/api/node/extensionHostProcess.js:69:26763)
    at Socket.emit (node:events:526:28)
    at addChunk (node:internal/streams/readable:315:12)
    at readableAddChunk (node:internal/streams/readable:289:9)
    at Socket.Readable.push (node:internal/streams/readable:228:10)
    at Pipe.onStreamRead (node:internal/stream_base_commons:190:23)
[2022-10-17 11:04:00.118] [renderer1] [error] Cannot destructure property 'insideCyCommand' of 'shouldHaveAutocomplete(...)' as it is undefined.: TypeError: Cannot destructure property 'insideCyCommand' of 'shouldHaveAutocomplete(...)' as it is undefined.
    at jQueryLocatorCompletionProvider.provideCompletionItems (/home/michail/.vscode/extensions/shelex.vscode-cy-helper-1.2.2/src/providers/JqueryLocatorCompletionProvider.js:86:13)
    at J.provideCompletionItems (/opt/visual-studio-code/resources/app/out/vs/workbench/api/node/extensionHostProcess.js:87:51893)
    at /opt/visual-studio-code/resources/app/out/vs/workbench/api/node/extensionHostProcess.js:87:77030
    at ee._withAdapter (/opt/visual-studio-code/resources/app/out/vs/workbench/api/node/extensionHostProcess.js:87:67201)
    at ee.$provideCompletionItems (/opt/visual-studio-code/resources/app/out/vs/workbench/api/node/extensionHostProcess.js:87:77006)
    at i._doInvokeHandler (/opt/visual-studio-code/resources/app/out/vs/workbench/api/node/extensionHostProcess.js:95:13689)
    at i._invokeHandler (/opt/visual-studio-code/resources/app/out/vs/workbench/api/node/extensionHostProcess.js:95:13371)
    at i._receiveRequest (/opt/visual-studio-code/resources/app/out/vs/workbench/api/node/extensionHostProcess.js:95:12090)
    at i._receiveOneMessage (/opt/visual-studio-code/resources/app/out/vs/workbench/api/node/extensionHostProcess.js:95:10843)
    at /opt/visual-studio-code/resources/app/out/vs/workbench/api/node/extensionHostProcess.js:95:8950
    at b.invoke (/opt/visual-studio-code/resources/app/out/vs/workbench/api/node/extensionHostProcess.js:61:145)
    at p.deliver (/opt/visual-studio-code/resources/app/out/vs/workbench/api/node/extensionHostProcess.js:61:2266)
    at v.fire (/opt/visual-studio-code/resources/app/out/vs/workbench/api/node/extensionHostProcess.js:61:1844)
    at a.fire (/opt/visual-studio-code/resources/app/out/vs/workbench/api/node/extensionHostProcess.js:69:19042)
    at /opt/visual-studio-code/resources/app/out/vs/workbench/api/node/extensionHostProcess.js:111:17079
    at b.invoke (/opt/visual-studio-code/resources/app/out/vs/workbench/api/node/extensionHostProcess.js:61:145)
    at p.deliver (/opt/visual-studio-code/resources/app/out/vs/workbench/api/node/extensionHostProcess.js:61:2266)
    at v.fire (/opt/visual-studio-code/resources/app/out/vs/workbench/api/node/extensionHostProcess.js:61:1844)
    at a.fire (/opt/visual-studio-code/resources/app/out/vs/workbench/api/node/extensionHostProcess.js:69:19042)
    at r._receiveMessage (/opt/visual-studio-code/resources/app/out/vs/workbench/api/node/extensionHostProcess.js:69:23854)
    at /opt/visual-studio-code/resources/app/out/vs/workbench/api/node/extensionHostProcess.js:69:21224
    at b.invoke (/opt/visual-studio-code/resources/app/out/vs/workbench/api/node/extensionHostProcess.js:61:145)
    at p.deliver (/opt/visual-studio-code/resources/app/out/vs/workbench/api/node/extensionHostProcess.js:61:2266)
    at v.fire (/opt/visual-studio-code/resources/app/out/vs/workbench/api/node/extensionHostProcess.js:61:1844)
    at v.acceptChunk (/opt/visual-studio-code/resources/app/out/vs/workbench/api/node/extensionHostProcess.js:69:15873)
    at /opt/visual-studio-code/resources/app/out/vs/workbench/api/node/extensionHostProcess.js:69:15003
    at Socket.d (/opt/visual-studio-code/resources/app/out/vs/workbench/api/node/extensionHostProcess.js:69:26763)
    at Socket.emit (node:events:526:28)
    at addChunk (node:internal/streams/readable:315:12)
    at readableAddChunk (node:internal/streams/readable:289:9)
    at Socket.Readable.push (node:internal/streams/readable:228:10)
    at Pipe.onStreamRead (node:internal/stream_base_commons:190:23)
[2022-10-17 11:06:30.973] [renderer1] [error] Cannot destructure property 'insideCyCommand' of 'shouldHaveAutocomplete(...)' as it is undefined.: TypeError: Cannot destructure property 'insideCyCommand' of 'shouldHaveAutocomplete(...)' as it is undefined.
    at jQueryLocatorCompletionProvider.provideCompletionItems (/home/michail/.vscode/extensions/shelex.vscode-cy-helper-1.2.2/src/providers/JqueryLocatorCompletionProvider.js:86:13)
    at J.provideCompletionItems (/opt/visual-studio-code/resources/app/out/vs/workbench/api/node/extensionHostProcess.js:87:51893)
    at /opt/visual-studio-code/resources/app/out/vs/workbench/api/node/extensionHostProcess.js:87:77030
    at ee._withAdapter (/opt/visual-studio-code/resources/app/out/vs/workbench/api/node/extensionHostProcess.js:87:67201)
    at ee.$provideCompletionItems (/opt/visual-studio-code/resources/app/out/vs/workbench/api/node/extensionHostProcess.js:87:77006)
    at i._doInvokeHandler (/opt/visual-studio-code/resources/app/out/vs/workbench/api/node/extensionHostProcess.js:95:13689)
    at i._invokeHandler (/opt/visual-studio-code/resources/app/out/vs/workbench/api/node/extensionHostProcess.js:95:13371)
    at i._receiveRequest (/opt/visual-studio-code/resources/app/out/vs/workbench/api/node/extensionHostProcess.js:95:12090)
    at i._receiveOneMessage (/opt/visual-studio-code/resources/app/out/vs/workbench/api/node/extensionHostProcess.js:95:10843)
    at /opt/visual-studio-code/resources/app/out/vs/workbench/api/node/extensionHostProcess.js:95:8950
    at b.invoke (/opt/visual-studio-code/resources/app/out/vs/workbench/api/node/extensionHostProcess.js:61:145)
    at p.deliver (/opt/visual-studio-code/resources/app/out/vs/workbench/api/node/extensionHostProcess.js:61:2266)
    at v.fire (/opt/visual-studio-code/resources/app/out/vs/workbench/api/node/extensionHostProcess.js:61:1844)
    at a.fire (/opt/visual-studio-code/resources/app/out/vs/workbench/api/node/extensionHostProcess.js:69:19042)
    at /opt/visual-studio-code/resources/app/out/vs/workbench/api/node/extensionHostProcess.js:111:17079
    at b.invoke (/opt/visual-studio-code/resources/app/out/vs/workbench/api/node/extensionHostProcess.js:61:145)
    at p.deliver (/opt/visual-studio-code/resources/app/out/vs/workbench/api/node/extensionHostProcess.js:61:2266)
    at v.fire (/opt/visual-studio-code/resources/app/out/vs/workbench/api/node/extensionHostProcess.js:61:1844)
    at a.fire (/opt/visual-studio-code/resources/app/out/vs/workbench/api/node/extensionHostProcess.js:69:19042)
    at r._receiveMessage (/opt/visual-studio-code/resources/app/out/vs/workbench/api/node/extensionHostProcess.js:69:23854)
    at /opt/visual-studio-code/resources/app/out/vs/workbench/api/node/extensionHostProcess.js:69:21224
    at b.invoke (/opt/visual-studio-code/resources/app/out/vs/workbench/api/node/extensionHostProcess.js:61:145)
    at p.deliver (/opt/visual-studio-code/resources/app/out/vs/workbench/api/node/extensionHostProcess.js:61:2266)
    at v.fire (/opt/visual-studio-code/resources/app/out/vs/workbench/api/node/extensionHostProcess.js:61:1844)
    at v.acceptChunk (/opt/visual-studio-code/resources/app/out/vs/workbench/api/node/extensionHostProcess.js:69:15873)
    at /opt/visual-studio-code/resources/app/out/vs/workbench/api/node/extensionHostProcess.js:69:15003
    at Socket.d (/opt/visual-studio-code/resources/app/out/vs/workbench/api/node/extensionHostProcess.js:69:26763)
    at Socket.emit (node:events:526:28)
    at addChunk (node:internal/streams/readable:315:12)
    at readableAddChunk (node:internal/streams/readable:289:9)
    at Socket.Readable.push (node:internal/streams/readable:228:10)
    at Pipe.onStreamRead (node:internal/stream_base_commons:190:23)
[2022-10-17 11:06:32.086] [renderer1] [error] Cannot destructure property 'insideCyCommand' of 'shouldHaveAutocomplete(...)' as it is undefined.: TypeError: Cannot destructure property 'insideCyCommand' of 'shouldHaveAutocomplete(...)' as it is undefined.
    at jQueryLocatorCompletionProvider.provideCompletionItems (/home/michail/.vscode/extensions/shelex.vscode-cy-helper-1.2.2/src/providers/JqueryLocatorCompletionProvider.js:86:13)
    at J.provideCompletionItems (/opt/visual-studio-code/resources/app/out/vs/workbench/api/node/extensionHostProcess.js:87:51893)
    at /opt/visual-studio-code/resources/app/out/vs/workbench/api/node/extensionHostProcess.js:87:77030
    at ee._withAdapter (/opt/visual-studio-code/resources/app/out/vs/workbench/api/node/extensionHostProcess.js:87:67201)
    at ee.$provideCompletionItems (/opt/visual-studio-code/resources/app/out/vs/workbench/api/node/extensionHostProcess.js:87:77006)
    at i._doInvokeHandler (/opt/visual-studio-code/resources/app/out/vs/workbench/api/node/extensionHostProcess.js:95:13689)
    at i._invokeHandler (/opt/visual-studio-code/resources/app/out/vs/workbench/api/node/extensionHostProcess.js:95:13371)
    at i._receiveRequest (/opt/visual-studio-code/resources/app/out/vs/workbench/api/node/extensionHostProcess.js:95:12090)
    at i._receiveOneMessage (/opt/visual-studio-code/resources/app/out/vs/workbench/api/node/extensionHostProcess.js:95:10843)
    at /opt/visual-studio-code/resources/app/out/vs/workbench/api/node/extensionHostProcess.js:95:8950
    at b.invoke (/opt/visual-studio-code/resources/app/out/vs/workbench/api/node/extensionHostProcess.js:61:145)
    at p.deliver (/opt/visual-studio-code/resources/app/out/vs/workbench/api/node/extensionHostProcess.js:61:2266)
    at v.fire (/opt/visual-studio-code/resources/app/out/vs/workbench/api/node/extensionHostProcess.js:61:1844)
    at a.fire (/opt/visual-studio-code/resources/app/out/vs/workbench/api/node/extensionHostProcess.js:69:19042)
    at /opt/visual-studio-code/resources/app/out/vs/workbench/api/node/extensionHostProcess.js:111:17079
    at b.invoke (/opt/visual-studio-code/resources/app/out/vs/workbench/api/node/extensionHostProcess.js:61:145)
    at p.deliver (/opt/visual-studio-code/resources/app/out/vs/workbench/api/node/extensionHostProcess.js:61:2266)
    at v.fire (/opt/visual-studio-code/resources/app/out/vs/workbench/api/node/extensionHostProcess.js:61:1844)
    at a.fire (/opt/visual-studio-code/resources/app/out/vs/workbench/api/node/extensionHostProcess.js:69:19042)
    at r._receiveMessage (/opt/visual-studio-code/resources/app/out/vs/workbench/api/node/extensionHostProcess.js:69:23854)
    at /opt/visual-studio-code/resources/app/out/vs/workbench/api/node/extensionHostProcess.js:69:21224
    at b.invoke (/opt/visual-studio-code/resources/app/out/vs/workbench/api/node/extensionHostProcess.js:61:145)
    at p.deliver (/opt/visual-studio-code/resources/app/out/vs/workbench/api/node/extensionHostProcess.js:61:2266)
    at v.fire (/opt/visual-studio-code/resources/app/out/vs/workbench/api/node/extensionHostProcess.js:61:1844)
    at v.acceptChunk (/opt/visual-studio-code/resources/app/out/vs/workbench/api/node/extensionHostProcess.js:69:15873)
    at /opt/visual-studio-code/resources/app/out/vs/workbench/api/node/extensionHostProcess.js:69:15003
    at Socket.d (/opt/visual-studio-code/resources/app/out/vs/workbench/api/node/extensionHostProcess.js:69:26763)
    at Socket.emit (node:events:526:28)
    at addChunk (node:internal/streams/readable:315:12)
    at readableAddChunk (node:internal/streams/readable:289:9)
    at Socket.Readable.push (node:internal/streams/readable:228:10)
    at Pipe.onStreamRead (node:internal/stream_base_commons:190:23)
