[2022-10-17 10:09:42.606] [sharedprocess] [error] [/home/michail/.vscode/extensions/ms-vscode.cmake-tools-1.12.27]: Failed to parse /home/michail/.vscode/extensions/ms-vscode.cmake-tools-1.12.27/package.nls.json: Value expected.
[2022-10-17 10:09:42.639] [sharedprocess] [error] [/home/michail/.vscode/extensions/ms-vscode.cmake-tools-1.12.27]: Failed to parse /home/michail/.vscode/extensions/ms-vscode.cmake-tools-1.12.27/package.nls.json: Value expected.
[2022-10-17 10:09:42.643] [sharedprocess] [error] [/home/michail/.vscode/extensions/ms-vscode.cmake-tools-1.12.27]: Failed to parse /home/michail/.vscode/extensions/ms-vscode.cmake-tools-1.12.27/package.nls.json: Value expected.
[2022-10-17 10:09:42.644] [sharedprocess] [error] [/home/michail/.vscode/extensions/ms-vscode.cmake-tools-1.12.27]: Failed to parse /home/michail/.vscode/extensions/ms-vscode.cmake-tools-1.12.27/package.nls.json: Value expected.
[2022-10-17 10:09:42.770] [sharedprocess] [error] [/home/michail/.vscode/extensions/ms-vscode.cmake-tools-1.12.27]: Failed to parse /home/michail/.vscode/extensions/ms-vscode.cmake-tools-1.12.27/package.nls.json: Value expected.
[2022-10-17 10:09:42.848] [sharedprocess] [error] [/home/michail/.vscode/extensions/ms-vscode.cmake-tools-1.12.27]: Failed to parse /home/michail/.vscode/extensions/ms-vscode.cmake-tools-1.12.27/package.nls.json: Value expected.
[2022-10-17 10:09:43.088] [sharedprocess] [error] [/home/michail/.vscode/extensions/ms-vscode.cmake-tools-1.12.27]: Failed to parse /home/michail/.vscode/extensions/ms-vscode.cmake-tools-1.12.27/package.nls.json: Value expected.
[2022-10-17 10:09:43.163] [sharedprocess] [info] Starting worker process with pid 53234 (type: fileWatcher, window: 1).
[2022-10-17 10:09:43.664] [sharedprocess] [error] [/home/michail/.vscode/extensions/ms-vscode.cmake-tools-1.12.27]: Failed to parse /home/michail/.vscode/extensions/ms-vscode.cmake-tools-1.12.27/package.nls.json: Value expected.
[2022-10-17 10:09:43.693] [sharedprocess] [error] [/home/michail/.vscode/extensions/ms-vscode.cmake-tools-1.12.27]: Failed to parse /home/michail/.vscode/extensions/ms-vscode.cmake-tools-1.12.27/package.nls.json: Value expected.
[2022-10-17 10:09:43.709] [sharedprocess] [error] [/home/michail/.vscode/extensions/ms-vscode.cmake-tools-1.12.27]: Failed to parse /home/michail/.vscode/extensions/ms-vscode.cmake-tools-1.12.27/package.nls.json: Value expected.
[2022-10-17 10:09:43.721] [sharedprocess] [error] [/home/michail/.vscode/extensions/ms-vscode.cmake-tools-1.12.27]: Failed to parse /home/michail/.vscode/extensions/ms-vscode.cmake-tools-1.12.27/package.nls.json: Value expected.
[2022-10-17 10:09:45.408] [sharedprocess] [error] [/home/michail/.vscode/extensions/ms-vscode.cmake-tools-1.12.27]: Failed to parse /home/michail/.vscode/extensions/ms-vscode.cmake-tools-1.12.27/package.nls.json: Value expected.
[2022-10-17 10:09:46.159] [sharedprocess] [info] Getting Manifest... ms-vscode.vscode-typescript-next
[2022-10-17 10:09:46.375] [sharedprocess] [info] Installing extension: ms-vscode.vscode-typescript-next
[2022-10-17 10:09:46.501] [sharedprocess] [error] [/home/michail/.vscode/extensions/ms-vscode.cmake-tools-1.12.27]: Failed to parse /home/michail/.vscode/extensions/ms-vscode.cmake-tools-1.12.27/package.nls.json: Value expected.
[2022-10-17 10:09:46.681] [sharedprocess] [error] [/home/michail/.vscode/extensions/ms-vscode.cmake-tools-1.12.27]: Failed to parse /home/michail/.vscode/extensions/ms-vscode.cmake-tools-1.12.27/package.nls.json: Value expected.
[2022-10-17 10:09:46.839] [sharedprocess] [error] [/home/michail/.vscode/extensions/ms-vscode.cmake-tools-1.12.27]: Failed to parse /home/michail/.vscode/extensions/ms-vscode.cmake-tools-1.12.27/package.nls.json: Value expected.
[2022-10-17 10:09:47.293] [sharedprocess] [error] [/home/michail/.vscode/extensions/ms-vscode.cmake-tools-1.12.27]: Failed to parse /home/michail/.vscode/extensions/ms-vscode.cmake-tools-1.12.27/package.nls.json: Value expected.
[2022-10-17 10:09:48.168] [sharedprocess] [info] Downloaded extension: ms-vscode.vscode-typescript-next /home/michail/.config/Code/CachedExtensionVSIXs/ms-vscode.vscode-typescript-next-4.9.20221016
[2022-10-17 10:09:48.945] [sharedprocess] [info] Extracted extension to /home/michail/.vscode/extensions/.ef6f8361-cfd1-4862-a0e9-a3c03ea30f35: ms-vscode.vscode-typescript-next
[2022-10-17 10:09:48.968] [sharedprocess] [info] Renamed to /home/michail/.vscode/extensions/ms-vscode.vscode-typescript-next-4.9.20221016
[2022-10-17 10:09:48.974] [sharedprocess] [info] Extracting completed. ms-vscode.vscode-typescript-next
[2022-10-17 10:09:48.978] [sharedprocess] [info] Extension installed successfully: ms-vscode.vscode-typescript-next
[2022-10-17 10:09:49.149] [sharedprocess] [error] [/home/michail/.vscode/extensions/ms-vscode.cmake-tools-1.12.27]: Failed to parse /home/michail/.vscode/extensions/ms-vscode.cmake-tools-1.12.27/package.nls.json: Value expected.
[2022-10-17 10:09:49.251] [sharedprocess] [error] [/home/michail/.vscode/extensions/ms-vscode.cmake-tools-1.12.27]: Failed to parse /home/michail/.vscode/extensions/ms-vscode.cmake-tools-1.12.27/package.nls.json: Value expected.
[2022-10-17 10:09:49.371] [sharedprocess] [error] [/home/michail/.vscode/extensions/ms-vscode.cmake-tools-1.12.27]: Failed to parse /home/michail/.vscode/extensions/ms-vscode.cmake-tools-1.12.27/package.nls.json: Value expected.
[2022-10-17 10:09:49.585] [sharedprocess] [error] [/home/michail/.vscode/extensions/ms-vscode.cmake-tools-1.12.27]: Failed to parse /home/michail/.vscode/extensions/ms-vscode.cmake-tools-1.12.27/package.nls.json: Value expected.
[2022-10-17 10:11:29.963] [sharedprocess] [error] RequestService#request (browser) - error https://vscode-sync.trafficmanager.net/v1/resource/globalState {}
[2022-10-17 10:11:30.057] [sharedprocess] [error] [/home/michail/.vscode/extensions/ms-vscode.cmake-tools-1.12.27]: Failed to parse /home/michail/.vscode/extensions/ms-vscode.cmake-tools-1.12.27/package.nls.json: Value expected.
[2022-10-17 10:13:11.718] [sharedprocess] [error] RequestService#request (browser) - error https://vscode-sync.trafficmanager.net/v1/manifest {}
[2022-10-17 10:14:49.714] [sharedprocess] [error] [/home/michail/.vscode/extensions/ms-vscode.cmake-tools-1.12.27]: Failed to parse /home/michail/.vscode/extensions/ms-vscode.cmake-tools-1.12.27/package.nls.json: Value expected.
[2022-10-17 10:17:11.876] [sharedprocess] [error] RequestService#request (browser) - error https://vscode-sync.trafficmanager.net/v1/manifest {}
[2022-10-17 10:19:42.413] [sharedprocess] [error] [/home/michail/.vscode/extensions/ms-vscode.cmake-tools-1.12.27]: Failed to parse /home/michail/.vscode/extensions/ms-vscode.cmake-tools-1.12.27/package.nls.json: Value expected.
[2022-10-17 10:19:49.819] [sharedprocess] [error] [/home/michail/.vscode/extensions/ms-vscode.cmake-tools-1.12.27]: Failed to parse /home/michail/.vscode/extensions/ms-vscode.cmake-tools-1.12.27/package.nls.json: Value expected.
[2022-10-17 10:23:19.389] [sharedprocess] [error] [/home/michail/.vscode/extensions/ms-vscode.cmake-tools-1.12.27]: Failed to parse /home/michail/.vscode/extensions/ms-vscode.cmake-tools-1.12.27/package.nls.json: Value expected.
[2022-10-17 10:24:44.437] [sharedprocess] [error] [/home/michail/.vscode/extensions/ms-vscode.cmake-tools-1.12.27]: Failed to parse /home/michail/.vscode/extensions/ms-vscode.cmake-tools-1.12.27/package.nls.json: Value expected.
[2022-10-17 10:24:49.935] [sharedprocess] [error] [/home/michail/.vscode/extensions/ms-vscode.cmake-tools-1.12.27]: Failed to parse /home/michail/.vscode/extensions/ms-vscode.cmake-tools-1.12.27/package.nls.json: Value expected.
[2022-10-17 10:29:44.755] [sharedprocess] [error] [/home/michail/.vscode/extensions/ms-vscode.cmake-tools-1.12.27]: Failed to parse /home/michail/.vscode/extensions/ms-vscode.cmake-tools-1.12.27/package.nls.json: Value expected.
[2022-10-17 10:29:50.024] [sharedprocess] [error] [/home/michail/.vscode/extensions/ms-vscode.cmake-tools-1.12.27]: Failed to parse /home/michail/.vscode/extensions/ms-vscode.cmake-tools-1.12.27/package.nls.json: Value expected.
[2022-10-17 10:31:42.813] [sharedprocess] [error] [/home/michail/.vscode/extensions/ms-vscode.cmake-tools-1.12.27]: Failed to parse /home/michail/.vscode/extensions/ms-vscode.cmake-tools-1.12.27/package.nls.json: Value expected.
[2022-10-17 10:34:50.080] [sharedprocess] [error] [/home/michail/.vscode/extensions/ms-vscode.cmake-tools-1.12.27]: Failed to parse /home/michail/.vscode/extensions/ms-vscode.cmake-tools-1.12.27/package.nls.json: Value expected.
[2022-10-17 10:36:43.199] [sharedprocess] [error] [/home/michail/.vscode/extensions/ms-vscode.cmake-tools-1.12.27]: Failed to parse /home/michail/.vscode/extensions/ms-vscode.cmake-tools-1.12.27/package.nls.json: Value expected.
[2022-10-17 10:39:50.140] [sharedprocess] [error] [/home/michail/.vscode/extensions/ms-vscode.cmake-tools-1.12.27]: Failed to parse /home/michail/.vscode/extensions/ms-vscode.cmake-tools-1.12.27/package.nls.json: Value expected.
[2022-10-17 10:41:43.624] [sharedprocess] [error] [/home/michail/.vscode/extensions/ms-vscode.cmake-tools-1.12.27]: Failed to parse /home/michail/.vscode/extensions/ms-vscode.cmake-tools-1.12.27/package.nls.json: Value expected.
[2022-10-17 10:43:10.021] [sharedprocess] [error] [/home/michail/.vscode/extensions/ms-vscode.cmake-tools-1.12.27]: Failed to parse /home/michail/.vscode/extensions/ms-vscode.cmake-tools-1.12.27/package.nls.json: Value expected.
[2022-10-17 10:44:50.231] [sharedprocess] [error] [/home/michail/.vscode/extensions/ms-vscode.cmake-tools-1.12.27]: Failed to parse /home/michail/.vscode/extensions/ms-vscode.cmake-tools-1.12.27/package.nls.json: Value expected.
[2022-10-17 10:48:10.335] [sharedprocess] [error] [/home/michail/.vscode/extensions/ms-vscode.cmake-tools-1.12.27]: Failed to parse /home/michail/.vscode/extensions/ms-vscode.cmake-tools-1.12.27/package.nls.json: Value expected.
[2022-10-17 10:49:50.342] [sharedprocess] [error] [/home/michail/.vscode/extensions/ms-vscode.cmake-tools-1.12.27]: Failed to parse /home/michail/.vscode/extensions/ms-vscode.cmake-tools-1.12.27/package.nls.json: Value expected.
[2022-10-17 10:53:10.734] [sharedprocess] [error] [/home/michail/.vscode/extensions/ms-vscode.cmake-tools-1.12.27]: Failed to parse /home/michail/.vscode/extensions/ms-vscode.cmake-tools-1.12.27/package.nls.json: Value expected.
[2022-10-17 10:54:50.431] [sharedprocess] [error] [/home/michail/.vscode/extensions/ms-vscode.cmake-tools-1.12.27]: Failed to parse /home/michail/.vscode/extensions/ms-vscode.cmake-tools-1.12.27/package.nls.json: Value expected.
[2022-10-17 10:58:11.029] [sharedprocess] [error] [/home/michail/.vscode/extensions/ms-vscode.cmake-tools-1.12.27]: Failed to parse /home/michail/.vscode/extensions/ms-vscode.cmake-tools-1.12.27/package.nls.json: Value expected.
[2022-10-17 10:59:50.483] [sharedprocess] [error] [/home/michail/.vscode/extensions/ms-vscode.cmake-tools-1.12.27]: Failed to parse /home/michail/.vscode/extensions/ms-vscode.cmake-tools-1.12.27/package.nls.json: Value expected.
[2022-10-17 11:00:44.869] [sharedprocess] [error] [/home/michail/.vscode/extensions/ms-vscode.cmake-tools-1.12.27]: Failed to parse /home/michail/.vscode/extensions/ms-vscode.cmake-tools-1.12.27/package.nls.json: Value expected.
[2022-10-17 11:01:31.596] [sharedprocess] [error] [/home/michail/.vscode/extensions/ms-vscode.cmake-tools-1.12.27]: Failed to parse /home/michail/.vscode/extensions/ms-vscode.cmake-tools-1.12.27/package.nls.json: Value expected.
[2022-10-17 11:04:50.553] [sharedprocess] [error] [/home/michail/.vscode/extensions/ms-vscode.cmake-tools-1.12.27]: Failed to parse /home/michail/.vscode/extensions/ms-vscode.cmake-tools-1.12.27/package.nls.json: Value expected.
[2022-10-17 11:06:44.330] [sharedprocess] [error] [/home/michail/.vscode/extensions/ms-vscode.cmake-tools-1.12.27]: Failed to parse /home/michail/.vscode/extensions/ms-vscode.cmake-tools-1.12.27/package.nls.json: Value expected.
[2022-10-17 11:09:50.623] [sharedprocess] [error] [/home/michail/.vscode/extensions/ms-vscode.cmake-tools-1.12.27]: Failed to parse /home/michail/.vscode/extensions/ms-vscode.cmake-tools-1.12.27/package.nls.json: Value expected.
[2022-10-17 11:11:34.856] [sharedprocess] [error] RequestService#request (browser) - error https://vscode-sync.trafficmanager.net/v1/manifest {}
[2022-10-17 11:13:53.754] [sharedprocess] [error] RequestService#request (browser) - error https://vscode-sync.trafficmanager.net/v1/manifest {}
[2022-10-17 11:14:21.482] [sharedprocess] [error] RequestService#request (browser) - error https://vscode-sync.trafficmanager.net/v1/manifest {}
[2022-10-17 11:14:50.770] [sharedprocess] [error] [/home/michail/.vscode/extensions/ms-vscode.cmake-tools-1.12.27]: Failed to parse /home/michail/.vscode/extensions/ms-vscode.cmake-tools-1.12.27/package.nls.json: Value expected.
[2022-10-17 11:19:50.870] [sharedprocess] [error] [/home/michail/.vscode/extensions/ms-vscode.cmake-tools-1.12.27]: Failed to parse /home/michail/.vscode/extensions/ms-vscode.cmake-tools-1.12.27/package.nls.json: Value expected.
[2022-10-17 11:21:30.120] [sharedprocess] [error] RequestService#request (browser) - error https://vscode-sync.trafficmanager.net/v1/manifest {}
[2022-10-17 11:22:58.169] [sharedprocess] [error] [/home/michail/.vscode/extensions/ms-vscode.cmake-tools-1.12.27]: Failed to parse /home/michail/.vscode/extensions/ms-vscode.cmake-tools-1.12.27/package.nls.json: Value expected.
[2022-10-17 11:24:38.560] [sharedprocess] [error] RequestService#request (browser) - error https://vscode-sync.trafficmanager.net/v1/manifest {}
[2022-10-17 11:24:50.938] [sharedprocess] [error] [/home/michail/.vscode/extensions/ms-vscode.cmake-tools-1.12.27]: Failed to parse /home/michail/.vscode/extensions/ms-vscode.cmake-tools-1.12.27/package.nls.json: Value expected.
[2022-10-17 11:27:47.073] [sharedprocess] [error] [/home/michail/.vscode/extensions/ms-vscode.cmake-tools-1.12.27]: Failed to parse /home/michail/.vscode/extensions/ms-vscode.cmake-tools-1.12.27/package.nls.json: Value expected.
[2022-10-17 11:29:51.001] [sharedprocess] [error] [/home/michail/.vscode/extensions/ms-vscode.cmake-tools-1.12.27]: Failed to parse /home/michail/.vscode/extensions/ms-vscode.cmake-tools-1.12.27/package.nls.json: Value expected.
[2022-10-17 11:33:00.586] [sharedprocess] [error] [/home/michail/.vscode/extensions/ms-vscode.cmake-tools-1.12.27]: Failed to parse /home/michail/.vscode/extensions/ms-vscode.cmake-tools-1.12.27/package.nls.json: Value expected.
[2022-10-17 11:34:51.096] [sharedprocess] [error] [/home/michail/.vscode/extensions/ms-vscode.cmake-tools-1.12.27]: Failed to parse /home/michail/.vscode/extensions/ms-vscode.cmake-tools-1.12.27/package.nls.json: Value expected.
[2022-10-17 11:35:23.189] [sharedprocess] [error] RequestService#request (browser) - error https://vscode-sync.trafficmanager.net/v1/manifest {}
[2022-10-17 11:36:41.294] [sharedprocess] [error] [/home/michail/.vscode/extensions/ms-vscode.cmake-tools-1.12.27]: Failed to parse /home/michail/.vscode/extensions/ms-vscode.cmake-tools-1.12.27/package.nls.json: Value expected.
[2022-10-17 11:39:18.697] [sharedprocess] [error] RequestService#request (browser) - error https://vscode-sync.trafficmanager.net/v1/manifest {}
[2022-10-17 11:39:18.865] [sharedprocess] [error] [/home/michail/.vscode/extensions/ms-vscode.cmake-tools-1.12.27]: Failed to parse /home/michail/.vscode/extensions/ms-vscode.cmake-tools-1.12.27/package.nls.json: Value expected.
[2022-10-17 11:39:51.164] [sharedprocess] [error] [/home/michail/.vscode/extensions/ms-vscode.cmake-tools-1.12.27]: Failed to parse /home/michail/.vscode/extensions/ms-vscode.cmake-tools-1.12.27/package.nls.json: Value expected.
[2022-10-17 11:44:51.264] [sharedprocess] [error] [/home/michail/.vscode/extensions/ms-vscode.cmake-tools-1.12.27]: Failed to parse /home/michail/.vscode/extensions/ms-vscode.cmake-tools-1.12.27/package.nls.json: Value expected.
[2022-10-17 11:45:25.415] [sharedprocess] [error] RequestService#request (browser) - error https://vscode-sync.trafficmanager.net/v1/manifest {}
[2022-10-17 11:45:25.685] [sharedprocess] [error] [/home/michail/.vscode/extensions/ms-vscode.cmake-tools-1.12.27]: Failed to parse /home/michail/.vscode/extensions/ms-vscode.cmake-tools-1.12.27/package.nls.json: Value expected.
[2022-10-17 11:46:28.896] [sharedprocess] [error] [/home/michail/.vscode/extensions/ms-vscode.cmake-tools-1.12.27]: Failed to parse /home/michail/.vscode/extensions/ms-vscode.cmake-tools-1.12.27/package.nls.json: Value expected.
[2022-10-17 11:49:25.457] [sharedprocess] [error] RequestService#request (browser) - error https://vscode-sync.trafficmanager.net/v1/manifest {}
[2022-10-17 11:49:51.364] [sharedprocess] [error] [/home/michail/.vscode/extensions/ms-vscode.cmake-tools-1.12.27]: Failed to parse /home/michail/.vscode/extensions/ms-vscode.cmake-tools-1.12.27/package.nls.json: Value expected.
[2022-10-17 11:50:28.334] [sharedprocess] [error] [/home/michail/.vscode/extensions/ms-vscode.cmake-tools-1.12.27]: Failed to parse /home/michail/.vscode/extensions/ms-vscode.cmake-tools-1.12.27/package.nls.json: Value expected.
[2022-10-17 11:52:19.765] [sharedprocess] [error] [/home/michail/.vscode/extensions/ms-vscode.cmake-tools-1.12.27]: Failed to parse /home/michail/.vscode/extensions/ms-vscode.cmake-tools-1.12.27/package.nls.json: Value expected.
[2022-10-17 11:53:02.410] [sharedprocess] [error] [/home/michail/.vscode/extensions/ms-vscode.cmake-tools-1.12.27]: Failed to parse /home/michail/.vscode/extensions/ms-vscode.cmake-tools-1.12.27/package.nls.json: Value expected.
[2022-10-17 11:54:15.753] [sharedprocess] [error] [/home/michail/.vscode/extensions/ms-vscode.cmake-tools-1.12.27]: Failed to parse /home/michail/.vscode/extensions/ms-vscode.cmake-tools-1.12.27/package.nls.json: Value expected.
[2022-10-17 11:54:51.479] [sharedprocess] [error] [/home/michail/.vscode/extensions/ms-vscode.cmake-tools-1.12.27]: Failed to parse /home/michail/.vscode/extensions/ms-vscode.cmake-tools-1.12.27/package.nls.json: Value expected.
[2022-10-17 11:59:16.115] [sharedprocess] [error] [/home/michail/.vscode/extensions/ms-vscode.cmake-tools-1.12.27]: Failed to parse /home/michail/.vscode/extensions/ms-vscode.cmake-tools-1.12.27/package.nls.json: Value expected.
[2022-10-17 11:59:51.578] [sharedprocess] [error] [/home/michail/.vscode/extensions/ms-vscode.cmake-tools-1.12.27]: Failed to parse /home/michail/.vscode/extensions/ms-vscode.cmake-tools-1.12.27/package.nls.json: Value expected.
[2022-10-17 12:04:16.456] [sharedprocess] [error] [/home/michail/.vscode/extensions/ms-vscode.cmake-tools-1.12.27]: Failed to parse /home/michail/.vscode/extensions/ms-vscode.cmake-tools-1.12.27/package.nls.json: Value expected.
[2022-10-17 12:04:51.648] [sharedprocess] [error] [/home/michail/.vscode/extensions/ms-vscode.cmake-tools-1.12.27]: Failed to parse /home/michail/.vscode/extensions/ms-vscode.cmake-tools-1.12.27/package.nls.json: Value expected.
[2022-10-17 12:09:16.790] [sharedprocess] [error] [/home/michail/.vscode/extensions/ms-vscode.cmake-tools-1.12.27]: Failed to parse /home/michail/.vscode/extensions/ms-vscode.cmake-tools-1.12.27/package.nls.json: Value expected.
[2022-10-17 12:09:51.708] [sharedprocess] [error] [/home/michail/.vscode/extensions/ms-vscode.cmake-tools-1.12.27]: Failed to parse /home/michail/.vscode/extensions/ms-vscode.cmake-tools-1.12.27/package.nls.json: Value expected.
[2022-10-17 12:14:17.161] [sharedprocess] [error] [/home/michail/.vscode/extensions/ms-vscode.cmake-tools-1.12.27]: Failed to parse /home/michail/.vscode/extensions/ms-vscode.cmake-tools-1.12.27/package.nls.json: Value expected.
[2022-10-17 12:14:51.818] [sharedprocess] [error] [/home/michail/.vscode/extensions/ms-vscode.cmake-tools-1.12.27]: Failed to parse /home/michail/.vscode/extensions/ms-vscode.cmake-tools-1.12.27/package.nls.json: Value expected.
[2022-10-17 12:19:17.558] [sharedprocess] [error] [/home/michail/.vscode/extensions/ms-vscode.cmake-tools-1.12.27]: Failed to parse /home/michail/.vscode/extensions/ms-vscode.cmake-tools-1.12.27/package.nls.json: Value expected.
[2022-10-17 12:19:51.892] [sharedprocess] [error] [/home/michail/.vscode/extensions/ms-vscode.cmake-tools-1.12.27]: Failed to parse /home/michail/.vscode/extensions/ms-vscode.cmake-tools-1.12.27/package.nls.json: Value expected.
[2022-10-17 12:24:17.990] [sharedprocess] [error] [/home/michail/.vscode/extensions/ms-vscode.cmake-tools-1.12.27]: Failed to parse /home/michail/.vscode/extensions/ms-vscode.cmake-tools-1.12.27/package.nls.json: Value expected.
[2022-10-17 12:24:51.946] [sharedprocess] [error] [/home/michail/.vscode/extensions/ms-vscode.cmake-tools-1.12.27]: Failed to parse /home/michail/.vscode/extensions/ms-vscode.cmake-tools-1.12.27/package.nls.json: Value expected.
[2022-10-17 12:29:18.733] [sharedprocess] [error] [/home/michail/.vscode/extensions/ms-vscode.cmake-tools-1.12.27]: Failed to parse /home/michail/.vscode/extensions/ms-vscode.cmake-tools-1.12.27/package.nls.json: Value expected.
[2022-10-17 12:29:52.022] [sharedprocess] [error] [/home/michail/.vscode/extensions/ms-vscode.cmake-tools-1.12.27]: Failed to parse /home/michail/.vscode/extensions/ms-vscode.cmake-tools-1.12.27/package.nls.json: Value expected.
[2022-10-17 12:34:19.323] [sharedprocess] [error] [/home/michail/.vscode/extensions/ms-vscode.cmake-tools-1.12.27]: Failed to parse /home/michail/.vscode/extensions/ms-vscode.cmake-tools-1.12.27/package.nls.json: Value expected.
[2022-10-17 12:34:52.076] [sharedprocess] [error] [/home/michail/.vscode/extensions/ms-vscode.cmake-tools-1.12.27]: Failed to parse /home/michail/.vscode/extensions/ms-vscode.cmake-tools-1.12.27/package.nls.json: Value expected.
[2022-10-17 12:39:19.749] [sharedprocess] [error] [/home/michail/.vscode/extensions/ms-vscode.cmake-tools-1.12.27]: Failed to parse /home/michail/.vscode/extensions/ms-vscode.cmake-tools-1.12.27/package.nls.json: Value expected.
[2022-10-17 12:39:52.150] [sharedprocess] [error] [/home/michail/.vscode/extensions/ms-vscode.cmake-tools-1.12.27]: Failed to parse /home/michail/.vscode/extensions/ms-vscode.cmake-tools-1.12.27/package.nls.json: Value expected.
[2022-10-17 12:44:20.044] [sharedprocess] [error] [/home/michail/.vscode/extensions/ms-vscode.cmake-tools-1.12.27]: Failed to parse /home/michail/.vscode/extensions/ms-vscode.cmake-tools-1.12.27/package.nls.json: Value expected.
[2022-10-17 12:44:52.214] [sharedprocess] [error] [/home/michail/.vscode/extensions/ms-vscode.cmake-tools-1.12.27]: Failed to parse /home/michail/.vscode/extensions/ms-vscode.cmake-tools-1.12.27/package.nls.json: Value expected.
[2022-10-17 12:49:20.952] [sharedprocess] [error] [/home/michail/.vscode/extensions/ms-vscode.cmake-tools-1.12.27]: Failed to parse /home/michail/.vscode/extensions/ms-vscode.cmake-tools-1.12.27/package.nls.json: Value expected.
[2022-10-17 12:49:52.276] [sharedprocess] [error] [/home/michail/.vscode/extensions/ms-vscode.cmake-tools-1.12.27]: Failed to parse /home/michail/.vscode/extensions/ms-vscode.cmake-tools-1.12.27/package.nls.json: Value expected.
[2022-10-17 12:54:21.236] [sharedprocess] [error] [/home/michail/.vscode/extensions/ms-vscode.cmake-tools-1.12.27]: Failed to parse /home/michail/.vscode/extensions/ms-vscode.cmake-tools-1.12.27/package.nls.json: Value expected.
[2022-10-17 12:54:52.335] [sharedprocess] [error] [/home/michail/.vscode/extensions/ms-vscode.cmake-tools-1.12.27]: Failed to parse /home/michail/.vscode/extensions/ms-vscode.cmake-tools-1.12.27/package.nls.json: Value expected.
[2022-10-17 12:59:21.581] [sharedprocess] [error] [/home/michail/.vscode/extensions/ms-vscode.cmake-tools-1.12.27]: Failed to parse /home/michail/.vscode/extensions/ms-vscode.cmake-tools-1.12.27/package.nls.json: Value expected.
[2022-10-17 12:59:52.389] [sharedprocess] [error] [/home/michail/.vscode/extensions/ms-vscode.cmake-tools-1.12.27]: Failed to parse /home/michail/.vscode/extensions/ms-vscode.cmake-tools-1.12.27/package.nls.json: Value expected.
[2022-10-17 13:04:21.920] [sharedprocess] [error] [/home/michail/.vscode/extensions/ms-vscode.cmake-tools-1.12.27]: Failed to parse /home/michail/.vscode/extensions/ms-vscode.cmake-tools-1.12.27/package.nls.json: Value expected.
[2022-10-17 13:04:52.461] [sharedprocess] [error] [/home/michail/.vscode/extensions/ms-vscode.cmake-tools-1.12.27]: Failed to parse /home/michail/.vscode/extensions/ms-vscode.cmake-tools-1.12.27/package.nls.json: Value expected.
[2022-10-17 14:40:34.088] [sharedprocess] [warning] No ptyHost heartbeat after 6 seconds
[2022-10-17 14:41:57.693] [sharedprocess] [error] [/home/michail/.vscode/extensions/ms-vscode.cmake-tools-1.12.27]: Failed to parse /home/michail/.vscode/extensions/ms-vscode.cmake-tools-1.12.27/package.nls.json: Value expected.
[2022-10-17 14:42:37.695] [sharedprocess] [error] [/home/michail/.vscode/extensions/ms-vscode.cmake-tools-1.12.27]: Failed to parse /home/michail/.vscode/extensions/ms-vscode.cmake-tools-1.12.27/package.nls.json: Value expected.
[2022-10-17 14:46:26.494] [sharedprocess] [error] [/home/michail/.vscode/extensions/ms-vscode.cmake-tools-1.12.27]: Failed to parse /home/michail/.vscode/extensions/ms-vscode.cmake-tools-1.12.27/package.nls.json: Value expected.
[2022-10-17 14:46:41.443] [sharedprocess] [error] [/home/michail/.vscode/extensions/ms-vscode.cmake-tools-1.12.27]: Failed to parse /home/michail/.vscode/extensions/ms-vscode.cmake-tools-1.12.27/package.nls.json: Value expected.
[2022-10-17 14:47:37.764] [sharedprocess] [error] [/home/michail/.vscode/extensions/ms-vscode.cmake-tools-1.12.27]: Failed to parse /home/michail/.vscode/extensions/ms-vscode.cmake-tools-1.12.27/package.nls.json: Value expected.
[2022-10-17 14:49:29.409] [sharedprocess] [error] RequestService#request (browser) - error https://vscode-sync.trafficmanager.net/v1/manifest {}
[2022-10-17 14:49:29.859] [sharedprocess] [error] [/home/michail/.vscode/extensions/ms-vscode.cmake-tools-1.12.27]: Failed to parse /home/michail/.vscode/extensions/ms-vscode.cmake-tools-1.12.27/package.nls.json: Value expected.
[2022-10-17 14:52:37.869] [sharedprocess] [error] [/home/michail/.vscode/extensions/ms-vscode.cmake-tools-1.12.27]: Failed to parse /home/michail/.vscode/extensions/ms-vscode.cmake-tools-1.12.27/package.nls.json: Value expected.
[2022-10-17 14:54:30.494] [sharedprocess] [error] [/home/michail/.vscode/extensions/ms-vscode.cmake-tools-1.12.27]: Failed to parse /home/michail/.vscode/extensions/ms-vscode.cmake-tools-1.12.27/package.nls.json: Value expected.
[2022-10-17 14:57:37.935] [sharedprocess] [error] [/home/michail/.vscode/extensions/ms-vscode.cmake-tools-1.12.27]: Failed to parse /home/michail/.vscode/extensions/ms-vscode.cmake-tools-1.12.27/package.nls.json: Value expected.
[2022-10-17 14:59:31.215] [sharedprocess] [error] [/home/michail/.vscode/extensions/ms-vscode.cmake-tools-1.12.27]: Failed to parse /home/michail/.vscode/extensions/ms-vscode.cmake-tools-1.12.27/package.nls.json: Value expected.
[2022-10-17 15:02:37.992] [sharedprocess] [error] [/home/michail/.vscode/extensions/ms-vscode.cmake-tools-1.12.27]: Failed to parse /home/michail/.vscode/extensions/ms-vscode.cmake-tools-1.12.27/package.nls.json: Value expected.
[2022-10-17 15:04:31.873] [sharedprocess] [error] [/home/michail/.vscode/extensions/ms-vscode.cmake-tools-1.12.27]: Failed to parse /home/michail/.vscode/extensions/ms-vscode.cmake-tools-1.12.27/package.nls.json: Value expected.
[2022-10-17 15:07:38.063] [sharedprocess] [error] [/home/michail/.vscode/extensions/ms-vscode.cmake-tools-1.12.27]: Failed to parse /home/michail/.vscode/extensions/ms-vscode.cmake-tools-1.12.27/package.nls.json: Value expected.
[2022-10-17 15:09:32.645] [sharedprocess] [error] [/home/michail/.vscode/extensions/ms-vscode.cmake-tools-1.12.27]: Failed to parse /home/michail/.vscode/extensions/ms-vscode.cmake-tools-1.12.27/package.nls.json: Value expected.
[2022-10-17 15:10:43.701] [sharedprocess] [error] [/home/michail/.vscode/extensions/ms-vscode.cmake-tools-1.12.27]: Failed to parse /home/michail/.vscode/extensions/ms-vscode.cmake-tools-1.12.27/package.nls.json: Value expected.
