[2022-10-14T07:01:44.250Z] Log level: Info
[2022-10-14T07:01:44.256Z] [info] Validating found git in: git
[2022-10-14T07:01:44.294Z] [info] Using git 2.38.0 from git
[2022-10-14T07:01:44.313Z] > git rev-parse --show-toplevel [7ms]
[2022-10-14T07:01:44.313Z] fatal: not a git repository (or any parent up to mount point /)
Stopping at filesystem boundary (GIT_DISCOVERY_ACROSS_FILESYSTEM not set).
[2022-10-14T07:01:44.335Z] > git rev-parse --show-toplevel [14ms]
[2022-10-14T07:01:44.631Z] > git rev-parse --git-dir --git-common-dir [289ms]
[2022-10-14T07:01:44.635Z] [info] Open repository: /home/michail/School/AG1/P1
[2022-10-14T07:01:44.684Z] > git status -z -uall [18ms]
[2022-10-14T07:01:44.696Z] > git symbolic-ref --short HEAD [4ms]
[2022-10-14T07:01:44.708Z] > git rev-parse --show-toplevel [31ms]
[2022-10-14T07:01:44.708Z] fatal: not a git repository (or any parent up to mount point /)
Stopping at filesystem boundary (GIT_DISCOVERY_ACROSS_FILESYSTEM not set).
[2022-10-14T07:01:44.711Z] > git for-each-ref --format=%(refname)%00%(upstream:short)%00%(objectname)%00%(upstream:track)%00%(upstream:remotename)%00%(upstream:remoteref) refs/heads/main refs/remotes/main [3ms]
[2022-10-14T07:01:44.726Z] > git for-each-ref --sort -committerdate --format %(refname) %(objectname) %(*objectname) [9ms]
[2022-10-14T07:01:44.727Z] > git remote --verbose [4ms]
[2022-10-14T07:01:44.815Z] > git config --get commit.template [70ms]
[2022-10-14T07:01:44.862Z] > git status -z -uall [40ms]
[2022-10-14T07:01:44.887Z] > git symbolic-ref --short HEAD [19ms]
[2022-10-14T07:01:44.897Z] > git for-each-ref --format=%(refname)%00%(upstream:short)%00%(objectname)%00%(upstream:track)%00%(upstream:remotename)%00%(upstream:remoteref) refs/heads/main refs/remotes/main [4ms]
[2022-10-14T07:01:44.919Z] > git for-each-ref --sort -committerdate --format %(refname) %(objectname) %(*objectname) [13ms]
[2022-10-14T07:01:44.945Z] > git remote --verbose [30ms]
[2022-10-14T07:01:44.969Z] > git config --get commit.template [9ms]
[2022-10-14T07:01:45.381Z] > git show --textconv :sample.cpp [19ms]
[2022-10-14T07:01:45.382Z] > git ls-files --stage -- /home/michail/School/AG1/P1/sample.cpp [10ms]
[2022-10-14T07:01:45.396Z] > git cat-file -s 5834fa562ea1d81ac5b8e9ae7bfbb2722a1446b5 [6ms]
[2022-10-14T07:01:45.451Z] > git check-ignore -v -z --stdin [2ms]
[2022-10-14T07:01:46.056Z] > git fetch [1400ms]
[2022-10-14T07:01:46.066Z] > git status -z -uall [2ms]
[2022-10-14T07:01:46.078Z] > git symbolic-ref --short HEAD [2ms]
[2022-10-14T07:01:46.088Z] > git for-each-ref --format=%(refname)%00%(upstream:short)%00%(objectname)%00%(upstream:track)%00%(upstream:remotename)%00%(upstream:remoteref) refs/heads/main refs/remotes/main [1ms]
[2022-10-14T07:01:46.107Z] > git for-each-ref --sort -committerdate --format %(refname) %(objectname) %(*objectname) [11ms]
[2022-10-14T07:01:46.108Z] > git remote --verbose [2ms]
[2022-10-14T07:01:46.124Z] > git config --get commit.template [2ms]
[2022-10-14T07:01:47.111Z] > git ls-files --stage -- /home/michail/School/AG1/P1/sample.cpp [1ms]
[2022-10-14T07:01:47.119Z] > git cat-file -s 5834fa562ea1d81ac5b8e9ae7bfbb2722a1446b5 [1ms]
[2022-10-14T07:01:47.130Z] > git show --textconv :sample.cpp [1ms]
[2022-10-14T07:04:47.298Z] > git ls-files --stage -- /home/michail/School/AG1/P1/sample.cpp [1ms]
[2022-10-14T07:04:47.306Z] > git cat-file -s 5834fa562ea1d81ac5b8e9ae7bfbb2722a1446b5 [1ms]
[2022-10-14T07:04:47.318Z] > git show --textconv :sample.cpp [2ms]
[2022-10-14T07:04:47.689Z] > git fetch [1558ms]
[2022-10-14T07:04:47.697Z] > git status -z -uall [2ms]
[2022-10-14T07:04:47.705Z] > git symbolic-ref --short HEAD [1ms]
[2022-10-14T07:04:47.713Z] > git for-each-ref --format=%(refname)%00%(upstream:short)%00%(objectname)%00%(upstream:track)%00%(upstream:remotename)%00%(upstream:remoteref) refs/heads/main refs/remotes/main [2ms]
[2022-10-14T07:04:47.726Z] > git for-each-ref --sort -committerdate --format %(refname) %(objectname) %(*objectname) [7ms]
[2022-10-14T07:04:47.727Z] > git remote --verbose [1ms]
[2022-10-14T07:04:47.737Z] > git config --get commit.template [1ms]
[2022-10-14T07:04:48.744Z] > git ls-files --stage -- /home/michail/School/AG1/P1/sample.cpp [1ms]
[2022-10-14T07:04:48.752Z] > git cat-file -s 5834fa562ea1d81ac5b8e9ae7bfbb2722a1446b5 [1ms]
[2022-10-14T07:04:48.764Z] > git show --textconv :sample.cpp [2ms]
